[12.514s] DEBUG:colcon:Command line arguments: ['/usr/bin/colcon', 'build', '--symlink-install', '--cmake-args', '-DCMAKE_BUILD_TYPE=RelWithDebInfo']
[12.515s] DEBUG:colcon:Parsed command line arguments: Namespace(log_base=None, log_level=None, verb_name='build', build_base='build', install_base='install', merge_install=False, symlink_install=True, test_result_base=None, continue_on_error=False, executor='parallel', parallel_workers=2, event_handlers=None, ignore_user_meta=False, metas=['./colcon.meta'], base_paths=['.'], packages_ignore=None, packages_ignore_regex=None, paths=None, packages_up_to=None, packages_up_to_regex=None, packages_above=None, packages_above_and_dependencies=None, packages_above_depth=None, packages_select_by_dep=None, packages_skip_by_dep=None, packages_skip_up_to=None, packages_select_build_failed=False, packages_skip_build_finished=False, packages_select_test_failures=False, packages_skip_test_passed=False, packages_select=None, packages_skip=None, packages_select_regex=None, packages_skip_regex=None, packages_start=None, packages_end=None, cmake_args=['-DCMAKE_BUILD_TYPE=RelWithDebInfo'], cmake_target=None, cmake_target_skip_unavailable=False, cmake_clean_cache=False, cmake_clean_first=False, cmake_force_configure=False, ament_cmake_args=None, catkin_cmake_args=None, catkin_skip_building_tests=False, verb_parser=<colcon_defaults.argument_parser.defaults.DefaultArgumentsDecorator object at 0xb605b040>, verb_extension=<colcon_core.verb.build.BuildVerb object at 0xb6047c58>, main=<bound method BuildVerb.main of <colcon_core.verb.build.BuildVerb object at 0xb6047c58>>)
[12.785s] Level 1:colcon.colcon_core.package_discovery:discover_packages(colcon_meta) check parameters
[12.787s] Level 1:colcon.colcon_core.package_discovery:discover_packages(recursive) check parameters
[12.788s] Level 1:colcon.colcon_core.package_discovery:discover_packages(ignore) check parameters
[12.788s] Level 1:colcon.colcon_core.package_discovery:discover_packages(path) check parameters
[12.789s] Level 1:colcon.colcon_core.package_discovery:discover_packages(colcon_meta) discover
[12.790s] Level 1:colcon.colcon_core.package_discovery:discover_packages(recursive) discover
[12.791s] INFO:colcon.colcon_core.package_discovery:Crawling recursively for packages in '/home/olive/workspace/apriltag_detector'
[12.793s] Level 1:colcon.colcon_core.package_identification:_identify(.) by extensions ['ignore', 'ignore_ament_install']
[12.794s] Level 1:colcon.colcon_core.package_identification:_identify(.) by extension 'ignore'
[12.796s] Level 1:colcon.colcon_core.package_identification:_identify(.) by extension 'ignore_ament_install'
[12.797s] Level 1:colcon.colcon_core.package_identification:_identify(.) by extensions ['colcon_pkg']
[12.798s] Level 1:colcon.colcon_core.package_identification:_identify(.) by extension 'colcon_pkg'
[12.799s] Level 1:colcon.colcon_core.package_identification:_identify(.) by extensions ['colcon_meta']
[12.800s] Level 1:colcon.colcon_core.package_identification:_identify(.) by extension 'colcon_meta'
[12.801s] Level 1:colcon.colcon_core.package_identification:_identify(.) by extensions ['ros']
[12.802s] Level 1:colcon.colcon_core.package_identification:_identify(.) by extension 'ros'
[13.295s] DEBUG:colcon.colcon_core.package_identification:Package '.' with type 'ros.ament_cmake' and name 'apriltag_detector'
[13.296s] Level 1:colcon.colcon_core.package_discovery:discover_packages(recursive) using defaults
[13.297s] Level 1:colcon.colcon_core.package_discovery:discover_packages(ignore) discover
[13.298s] Level 1:colcon.colcon_core.package_discovery:discover_packages(ignore) using defaults
[13.299s] Level 1:colcon.colcon_core.package_discovery:discover_packages(path) discover
[13.299s] Level 1:colcon.colcon_core.package_discovery:discover_packages(path) using defaults
[14.261s] Level 5:colcon.colcon_core.verb:set package 'apriltag_detector' build argument 'cmake_args' from command line to '['-DCMAKE_BUILD_TYPE=RelWithDebInfo']'
[14.262s] Level 5:colcon.colcon_core.verb:set package 'apriltag_detector' build argument 'cmake_target' from command line to 'None'
[14.263s] Level 5:colcon.colcon_core.verb:set package 'apriltag_detector' build argument 'cmake_target_skip_unavailable' from command line to 'False'
[14.263s] Level 5:colcon.colcon_core.verb:set package 'apriltag_detector' build argument 'cmake_clean_cache' from command line to 'False'
[14.264s] Level 5:colcon.colcon_core.verb:set package 'apriltag_detector' build argument 'cmake_clean_first' from command line to 'False'
[14.265s] Level 5:colcon.colcon_core.verb:set package 'apriltag_detector' build argument 'cmake_force_configure' from command line to 'False'
[14.265s] Level 5:colcon.colcon_core.verb:set package 'apriltag_detector' build argument 'ament_cmake_args' from command line to 'None'
[14.266s] Level 5:colcon.colcon_core.verb:set package 'apriltag_detector' build argument 'catkin_cmake_args' from command line to 'None'
[14.267s] Level 5:colcon.colcon_core.verb:set package 'apriltag_detector' build argument 'catkin_skip_building_tests' from command line to 'False'
[14.268s] DEBUG:colcon.colcon_core.verb:Building package 'apriltag_detector' with the following arguments: {'ament_cmake_args': None, 'build_base': '/home/olive/workspace/apriltag_detector/build/apriltag_detector', 'catkin_cmake_args': None, 'catkin_skip_building_tests': False, 'cmake_args': ['-DCMAKE_BUILD_TYPE=RelWithDebInfo'], 'cmake_clean_cache': False, 'cmake_clean_first': False, 'cmake_force_configure': False, 'cmake_target': None, 'cmake_target_skip_unavailable': False, 'install_base': '/home/olive/workspace/apriltag_detector/install/apriltag_detector', 'merge_install': False, 'path': '/home/olive/workspace/apriltag_detector', 'symlink_install': True, 'test_result_base': None}
[14.278s] INFO:colcon.colcon_core.executor:Executing jobs using 'parallel' executor
[14.340s] DEBUG:colcon.colcon_parallel_executor.executor.parallel:run_until_complete
[14.344s] INFO:colcon.colcon_ros.task.ament_cmake.build:Building ROS package in '/home/olive/workspace/apriltag_detector' with build type 'ament_cmake'
[14.346s] INFO:colcon.colcon_cmake.task.cmake.build:Building CMake package in '/home/olive/workspace/apriltag_detector'
[14.502s] INFO:colcon.colcon_core.plugin_system:Skipping extension 'colcon_core.shell.bat': Not used on non-Windows systems
[14.505s] INFO:colcon.colcon_core.shell:Skip shell extension 'powershell' for command environment: Not usable outside of PowerShell
[14.506s] DEBUG:colcon.colcon_core.shell:Skip shell extension 'dsv' for command environment
[14.588s] WARNING:colcon.colcon_core.prefix_path.colcon:The path '/home/olive/examples/install' in the environment variable COLCON_PREFIX_PATH doesn't exist
[14.590s] WARNING:colcon.colcon_ros.prefix_path.ament:The path '/opt/olive/packages/install/position_control' in the environment variable AMENT_PREFIX_PATH doesn't exist
[14.592s] WARNING:colcon.colcon_ros.prefix_path.ament:The path '/home/olive/examples/install/shake_detector' in the environment variable AMENT_PREFIX_PATH doesn't exist
[14.596s] WARNING:colcon.colcon_ros.prefix_path.ament:The path '/opt/ros2/humble/install/rqt_bag_plugins' in the environment variable AMENT_PREFIX_PATH doesn't exist
[14.601s] WARNING:colcon.colcon_ros.prefix_path.ament:The path '/opt/ros2/humble/install/rviz_visual_testing_framework' in the environment variable AMENT_PREFIX_PATH doesn't exist
[14.602s] WARNING:colcon.colcon_ros.prefix_path.ament:The path '/opt/ros2/humble/install/rviz2' in the environment variable AMENT_PREFIX_PATH doesn't exist
[14.604s] WARNING:colcon.colcon_ros.prefix_path.ament:The path '/opt/ros2/humble/install/rviz_default_plugins' in the environment variable AMENT_PREFIX_PATH doesn't exist
[14.605s] WARNING:colcon.colcon_ros.prefix_path.ament:The path '/opt/ros2/humble/install/rviz_common' in the environment variable AMENT_PREFIX_PATH doesn't exist
[14.606s] WARNING:colcon.colcon_ros.prefix_path.ament:The path '/opt/ros2/humble/install/rqt_bag' in the environment variable AMENT_PREFIX_PATH doesn't exist
[14.629s] WARNING:colcon.colcon_ros.prefix_path.ament:The path '/opt/ros2/humble/install/test_tf2' in the environment variable AMENT_PREFIX_PATH doesn't exist
[14.632s] WARNING:colcon.colcon_ros.prefix_path.ament:The path '/opt/ros2/humble/install/examples_tf2_py' in the environment variable AMENT_PREFIX_PATH doesn't exist
[14.639s] WARNING:colcon.colcon_ros.prefix_path.ament:The path '/opt/ros2/humble/install/test_msgs' in the environment variable AMENT_PREFIX_PATH doesn't exist
[14.643s] WARNING:colcon.colcon_ros.prefix_path.ament:The path '/opt/ros2/humble/install/rqt_topic' in the environment variable AMENT_PREFIX_PATH doesn't exist
[14.644s] WARNING:colcon.colcon_ros.prefix_path.ament:The path '/opt/ros2/humble/install/rqt_srv' in the environment variable AMENT_PREFIX_PATH doesn't exist
[14.647s] WARNING:colcon.colcon_ros.prefix_path.ament:The path '/opt/ros2/humble/install/rqt_shell' in the environment variable AMENT_PREFIX_PATH doesn't exist
[14.649s] WARNING:colcon.colcon_ros.prefix_path.ament:The path '/opt/ros2/humble/install/rqt_service_caller' in the environment variable AMENT_PREFIX_PATH doesn't exist
[14.650s] WARNING:colcon.colcon_ros.prefix_path.ament:The path '/opt/ros2/humble/install/rqt_reconfigure' in the environment variable AMENT_PREFIX_PATH doesn't exist
[14.651s] WARNING:colcon.colcon_ros.prefix_path.ament:The path '/opt/ros2/humble/install/rqt_py_console' in the environment variable AMENT_PREFIX_PATH doesn't exist
[14.653s] WARNING:colcon.colcon_ros.prefix_path.ament:The path '/opt/ros2/humble/install/rqt_publisher' in the environment variable AMENT_PREFIX_PATH doesn't exist
[14.654s] WARNING:colcon.colcon_ros.prefix_path.ament:The path '/opt/ros2/humble/install/rqt_plot' in the environment variable AMENT_PREFIX_PATH doesn't exist
[14.655s] WARNING:colcon.colcon_ros.prefix_path.ament:The path '/opt/ros2/humble/install/rqt_action' in the environment variable AMENT_PREFIX_PATH doesn't exist
[14.657s] WARNING:colcon.colcon_ros.prefix_path.ament:The path '/opt/ros2/humble/install/rqt_msg' in the environment variable AMENT_PREFIX_PATH doesn't exist
[14.658s] WARNING:colcon.colcon_ros.prefix_path.ament:The path '/opt/ros2/humble/install/rqt_console' in the environment variable AMENT_PREFIX_PATH doesn't exist
[14.659s] WARNING:colcon.colcon_ros.prefix_path.ament:The path '/opt/ros2/humble/install/rqt' in the environment variable AMENT_PREFIX_PATH doesn't exist
[14.660s] WARNING:colcon.colcon_ros.prefix_path.ament:The path '/opt/ros2/humble/install/rqt_py_common' in the environment variable AMENT_PREFIX_PATH doesn't exist
[14.662s] WARNING:colcon.colcon_ros.prefix_path.ament:The path '/opt/ros2/humble/install/rqt_graph' in the environment variable AMENT_PREFIX_PATH doesn't exist
[14.663s] WARNING:colcon.colcon_ros.prefix_path.ament:The path '/opt/ros2/humble/install/rqt_gui_py' in the environment variable AMENT_PREFIX_PATH doesn't exist
[14.664s] WARNING:colcon.colcon_ros.prefix_path.ament:The path '/opt/ros2/humble/install/rqt_gui' in the environment variable AMENT_PREFIX_PATH doesn't exist
[14.684s] WARNING:colcon.colcon_ros.prefix_path.ament:The path '/opt/ros2/humble/install/demo_nodes_cpp' in the environment variable AMENT_PREFIX_PATH doesn't exist
[14.688s] WARNING:colcon.colcon_ros.prefix_path.ament:The path '/opt/ros2/humble/install/examples_rclpy_pointcloud_publisher' in the environment variable AMENT_PREFIX_PATH doesn't exist
[14.690s] WARNING:colcon.colcon_ros.prefix_path.ament:The path '/opt/ros2/humble/install/examples_rclpy_minimal_subscriber' in the environment variable AMENT_PREFIX_PATH doesn't exist
[14.691s] WARNING:colcon.colcon_ros.prefix_path.ament:The path '/opt/ros2/humble/install/examples_rclpy_minimal_service' in the environment variable AMENT_PREFIX_PATH doesn't exist
[14.692s] WARNING:colcon.colcon_ros.prefix_path.ament:The path '/opt/ros2/humble/install/examples_rclpy_minimal_publisher' in the environment variable AMENT_PREFIX_PATH doesn't exist
[14.693s] WARNING:colcon.colcon_ros.prefix_path.ament:The path '/opt/ros2/humble/install/examples_rclpy_minimal_client' in the environment variable AMENT_PREFIX_PATH doesn't exist
[14.695s] WARNING:colcon.colcon_ros.prefix_path.ament:The path '/opt/ros2/humble/install/examples_rclpy_minimal_action_server' in the environment variable AMENT_PREFIX_PATH doesn't exist
[14.696s] WARNING:colcon.colcon_ros.prefix_path.ament:The path '/opt/ros2/humble/install/examples_rclpy_minimal_action_client' in the environment variable AMENT_PREFIX_PATH doesn't exist
[14.697s] WARNING:colcon.colcon_ros.prefix_path.ament:The path '/opt/ros2/humble/install/examples_rclpy_guard_conditions' in the environment variable AMENT_PREFIX_PATH doesn't exist
[14.699s] WARNING:colcon.colcon_ros.prefix_path.ament:The path '/opt/ros2/humble/install/examples_rclpy_executors' in the environment variable AMENT_PREFIX_PATH doesn't exist
[14.700s] WARNING:colcon.colcon_ros.prefix_path.ament:The path '/opt/ros2/humble/install/demo_nodes_py' in the environment variable AMENT_PREFIX_PATH doesn't exist
[14.703s] WARNING:colcon.colcon_ros.prefix_path.ament:The path '/opt/ros2/humble/install/examples_rclcpp_minimal_action_server' in the environment variable AMENT_PREFIX_PATH doesn't exist
[14.705s] WARNING:colcon.colcon_ros.prefix_path.ament:The path '/opt/ros2/humble/install/examples_rclcpp_minimal_action_client' in the environment variable AMENT_PREFIX_PATH doesn't exist
[14.709s] WARNING:colcon.colcon_ros.prefix_path.ament:The path '/opt/ros2/humble/install/examples_rclcpp_wait_set' in the environment variable AMENT_PREFIX_PATH doesn't exist
[14.710s] WARNING:colcon.colcon_ros.prefix_path.ament:The path '/opt/ros2/humble/install/examples_rclcpp_minimal_service' in the environment variable AMENT_PREFIX_PATH doesn't exist
[14.711s] WARNING:colcon.colcon_ros.prefix_path.ament:The path '/opt/ros2/humble/install/examples_rclcpp_minimal_client' in the environment variable AMENT_PREFIX_PATH doesn't exist
[14.713s] WARNING:colcon.colcon_ros.prefix_path.ament:The path '/opt/ros2/humble/install/examples_rclcpp_async_client' in the environment variable AMENT_PREFIX_PATH doesn't exist
[14.714s] WARNING:colcon.colcon_ros.prefix_path.ament:The path '/opt/ros2/humble/install/example_interfaces' in the environment variable AMENT_PREFIX_PATH doesn't exist
[14.725s] WARNING:colcon.colcon_ros.prefix_path.ament:The path '/opt/ros2/humble/install/test_tracetools' in the environment variable AMENT_PREFIX_PATH doesn't exist
[14.727s] WARNING:colcon.colcon_ros.prefix_path.ament:The path '/opt/ros2/humble/install/rqt_gui_cpp' in the environment variable AMENT_PREFIX_PATH doesn't exist
[14.733s] WARNING:colcon.colcon_ros.prefix_path.ament:The path '/opt/ros2/humble/install/examples_rclcpp_minimal_subscriber' in the environment variable AMENT_PREFIX_PATH doesn't exist
[14.734s] WARNING:colcon.colcon_ros.prefix_path.ament:The path '/opt/ros2/humble/install/examples_rclcpp_minimal_composition' in the environment variable AMENT_PREFIX_PATH doesn't exist
[14.736s] WARNING:colcon.colcon_ros.prefix_path.ament:The path '/opt/ros2/humble/install/demo_nodes_cpp_native' in the environment variable AMENT_PREFIX_PATH doesn't exist
[14.739s] WARNING:colcon.colcon_ros.prefix_path.ament:The path '/opt/ros2/humble/install/examples_rclcpp_multithreaded_executor' in the environment variable AMENT_PREFIX_PATH doesn't exist
[14.741s] WARNING:colcon.colcon_ros.prefix_path.ament:The path '/opt/ros2/humble/install/examples_rclcpp_minimal_timer' in the environment variable AMENT_PREFIX_PATH doesn't exist
[14.742s] WARNING:colcon.colcon_ros.prefix_path.ament:The path '/opt/ros2/humble/install/examples_rclcpp_minimal_publisher' in the environment variable AMENT_PREFIX_PATH doesn't exist
[14.743s] WARNING:colcon.colcon_ros.prefix_path.ament:The path '/opt/ros2/humble/install/examples_rclcpp_cbg_executor' in the environment variable AMENT_PREFIX_PATH doesn't exist
[14.757s] WARNING:colcon.colcon_ros.prefix_path.ament:The path '/opt/ros2/humble/install/qt_gui_core' in the environment variable AMENT_PREFIX_PATH doesn't exist
[14.759s] WARNING:colcon.colcon_ros.prefix_path.ament:The path '/opt/ros2/humble/install/qt_gui_cpp' in the environment variable AMENT_PREFIX_PATH doesn't exist
[14.763s] WARNING:colcon.colcon_ros.prefix_path.ament:The path '/opt/ros2/humble/install/test_tracetools_launch' in the environment variable AMENT_PREFIX_PATH doesn't exist
[14.765s] WARNING:colcon.colcon_ros.prefix_path.ament:The path '/opt/ros2/humble/install/test_security' in the environment variable AMENT_PREFIX_PATH doesn't exist
[14.766s] WARNING:colcon.colcon_ros.prefix_path.ament:The path '/opt/ros2/humble/install/test_rmw_implementation' in the environment variable AMENT_PREFIX_PATH doesn't exist
[14.768s] WARNING:colcon.colcon_ros.prefix_path.ament:The path '/opt/ros2/humble/install/test_rclcpp' in the environment variable AMENT_PREFIX_PATH doesn't exist
[14.769s] WARNING:colcon.colcon_ros.prefix_path.ament:The path '/opt/ros2/humble/install/test_quality_of_service' in the environment variable AMENT_PREFIX_PATH doesn't exist
[14.770s] WARNING:colcon.colcon_ros.prefix_path.ament:The path '/opt/ros2/humble/install/test_launch_testing' in the environment variable AMENT_PREFIX_PATH doesn't exist
[14.772s] WARNING:colcon.colcon_ros.prefix_path.ament:The path '/opt/ros2/humble/install/test_launch_ros' in the environment variable AMENT_PREFIX_PATH doesn't exist
[14.773s] WARNING:colcon.colcon_ros.prefix_path.ament:The path '/opt/ros2/humble/install/test_interface_files' in the environment variable AMENT_PREFIX_PATH doesn't exist
[14.774s] WARNING:colcon.colcon_ros.prefix_path.ament:The path '/opt/ros2/humble/install/test_communication' in the environment variable AMENT_PREFIX_PATH doesn't exist
[14.776s] WARNING:colcon.colcon_ros.prefix_path.ament:The path '/opt/ros2/humble/install/test_cli_remapping' in the environment variable AMENT_PREFIX_PATH doesn't exist
[14.777s] WARNING:colcon.colcon_ros.prefix_path.ament:The path '/opt/ros2/humble/install/test_cli' in the environment variable AMENT_PREFIX_PATH doesn't exist
[14.779s] WARNING:colcon.colcon_ros.prefix_path.ament:The path '/opt/ros2/humble/install/qt_gui_app' in the environment variable AMENT_PREFIX_PATH doesn't exist
[14.780s] WARNING:colcon.colcon_ros.prefix_path.ament:The path '/opt/ros2/humble/install/qt_gui' in the environment variable AMENT_PREFIX_PATH doesn't exist
[14.794s] WARNING:colcon.colcon_ros.prefix_path.ament:The path '/opt/ros2/humble/install/rviz_rendering_tests' in the environment variable AMENT_PREFIX_PATH doesn't exist
[14.795s] WARNING:colcon.colcon_ros.prefix_path.ament:The path '/opt/ros2/humble/install/rviz_rendering' in the environment variable AMENT_PREFIX_PATH doesn't exist
[14.797s] WARNING:colcon.colcon_ros.prefix_path.ament:The path '/opt/ros2/humble/install/rviz_ogre_vendor' in the environment variable AMENT_PREFIX_PATH doesn't exist
[14.798s] WARNING:colcon.colcon_ros.prefix_path.ament:The path '/opt/ros2/humble/install/rviz_assimp_vendor' in the environment variable AMENT_PREFIX_PATH doesn't exist
[14.832s] WARNING:colcon.colcon_ros.prefix_path.ament:The path '/opt/ros2/humble/install/qt_gui_py_common' in the environment variable AMENT_PREFIX_PATH doesn't exist
[14.833s] WARNING:colcon.colcon_ros.prefix_path.ament:The path '/opt/ros2/humble/install/qt_dotgraph' in the environment variable AMENT_PREFIX_PATH doesn't exist
[14.890s] WARNING:colcon.colcon_ros.prefix_path.catkin:The path '/opt/olive/packages/install/position_control' in the environment variable CMAKE_PREFIX_PATH doesn't exist
[14.893s] WARNING:colcon.colcon_ros.prefix_path.catkin:The path '/opt/ros2/humble/install/rviz_visual_testing_framework' in the environment variable CMAKE_PREFIX_PATH doesn't exist
[14.894s] WARNING:colcon.colcon_ros.prefix_path.catkin:The path '/opt/ros2/humble/install/rviz2' in the environment variable CMAKE_PREFIX_PATH doesn't exist
[14.895s] WARNING:colcon.colcon_ros.prefix_path.catkin:The path '/opt/ros2/humble/install/rviz_default_plugins' in the environment variable CMAKE_PREFIX_PATH doesn't exist
[14.897s] WARNING:colcon.colcon_ros.prefix_path.catkin:The path '/opt/ros2/humble/install/rviz_common' in the environment variable CMAKE_PREFIX_PATH doesn't exist
[14.902s] WARNING:colcon.colcon_ros.prefix_path.catkin:The path '/opt/ros2/humble/install/test_tf2' in the environment variable CMAKE_PREFIX_PATH doesn't exist
[14.905s] WARNING:colcon.colcon_ros.prefix_path.catkin:The path '/opt/ros2/humble/install/test_msgs' in the environment variable CMAKE_PREFIX_PATH doesn't exist
[14.907s] WARNING:colcon.colcon_ros.prefix_path.catkin:The path '/opt/ros2/humble/install/rqt_py_common' in the environment variable CMAKE_PREFIX_PATH doesn't exist
[14.909s] WARNING:colcon.colcon_ros.prefix_path.catkin:The path '/opt/ros2/humble/install/demo_nodes_cpp' in the environment variable CMAKE_PREFIX_PATH doesn't exist
[14.911s] WARNING:colcon.colcon_ros.prefix_path.catkin:The path '/opt/ros2/humble/install/examples_rclcpp_minimal_action_server' in the environment variable CMAKE_PREFIX_PATH doesn't exist
[14.912s] WARNING:colcon.colcon_ros.prefix_path.catkin:The path '/opt/ros2/humble/install/examples_rclcpp_minimal_action_client' in the environment variable CMAKE_PREFIX_PATH doesn't exist
[14.914s] WARNING:colcon.colcon_ros.prefix_path.catkin:The path '/opt/ros2/humble/install/examples_rclcpp_wait_set' in the environment variable CMAKE_PREFIX_PATH doesn't exist
[14.915s] WARNING:colcon.colcon_ros.prefix_path.catkin:The path '/opt/ros2/humble/install/examples_rclcpp_minimal_service' in the environment variable CMAKE_PREFIX_PATH doesn't exist
[14.917s] WARNING:colcon.colcon_ros.prefix_path.catkin:The path '/opt/ros2/humble/install/examples_rclcpp_minimal_client' in the environment variable CMAKE_PREFIX_PATH doesn't exist
[14.918s] WARNING:colcon.colcon_ros.prefix_path.catkin:The path '/opt/ros2/humble/install/examples_rclcpp_async_client' in the environment variable CMAKE_PREFIX_PATH doesn't exist
[14.919s] WARNING:colcon.colcon_ros.prefix_path.catkin:The path '/opt/ros2/humble/install/example_interfaces' in the environment variable CMAKE_PREFIX_PATH doesn't exist
[14.922s] WARNING:colcon.colcon_ros.prefix_path.catkin:The path '/opt/ros2/humble/install/test_tracetools' in the environment variable CMAKE_PREFIX_PATH doesn't exist
[14.923s] WARNING:colcon.colcon_ros.prefix_path.catkin:The path '/opt/ros2/humble/install/rqt_gui_cpp' in the environment variable CMAKE_PREFIX_PATH doesn't exist
[14.926s] WARNING:colcon.colcon_ros.prefix_path.catkin:The path '/opt/ros2/humble/install/examples_rclcpp_minimal_subscriber' in the environment variable CMAKE_PREFIX_PATH doesn't exist
[14.927s] WARNING:colcon.colcon_ros.prefix_path.catkin:The path '/opt/ros2/humble/install/examples_rclcpp_minimal_composition' in the environment variable CMAKE_PREFIX_PATH doesn't exist
[14.929s] WARNING:colcon.colcon_ros.prefix_path.catkin:The path '/opt/ros2/humble/install/demo_nodes_cpp_native' in the environment variable CMAKE_PREFIX_PATH doesn't exist
[14.930s] WARNING:colcon.colcon_ros.prefix_path.catkin:The path '/opt/ros2/humble/install/examples_rclcpp_multithreaded_executor' in the environment variable CMAKE_PREFIX_PATH doesn't exist
[14.932s] WARNING:colcon.colcon_ros.prefix_path.catkin:The path '/opt/ros2/humble/install/examples_rclcpp_minimal_timer' in the environment variable CMAKE_PREFIX_PATH doesn't exist
[14.933s] WARNING:colcon.colcon_ros.prefix_path.catkin:The path '/opt/ros2/humble/install/examples_rclcpp_minimal_publisher' in the environment variable CMAKE_PREFIX_PATH doesn't exist
[14.934s] WARNING:colcon.colcon_ros.prefix_path.catkin:The path '/opt/ros2/humble/install/examples_rclcpp_cbg_executor' in the environment variable CMAKE_PREFIX_PATH doesn't exist
[14.938s] WARNING:colcon.colcon_ros.prefix_path.catkin:The path '/opt/ros2/humble/install/qt_gui_core' in the environment variable CMAKE_PREFIX_PATH doesn't exist
[14.940s] WARNING:colcon.colcon_ros.prefix_path.catkin:The path '/opt/ros2/humble/install/qt_gui_cpp' in the environment variable CMAKE_PREFIX_PATH doesn't exist
[14.942s] WARNING:colcon.colcon_ros.prefix_path.catkin:The path '/opt/ros2/humble/install/test_security' in the environment variable CMAKE_PREFIX_PATH doesn't exist
[14.943s] WARNING:colcon.colcon_ros.prefix_path.catkin:The path '/opt/ros2/humble/install/test_rmw_implementation' in the environment variable CMAKE_PREFIX_PATH doesn't exist
[14.944s] WARNING:colcon.colcon_ros.prefix_path.catkin:The path '/opt/ros2/humble/install/test_rclcpp' in the environment variable CMAKE_PREFIX_PATH doesn't exist
[14.946s] WARNING:colcon.colcon_ros.prefix_path.catkin:The path '/opt/ros2/humble/install/test_quality_of_service' in the environment variable CMAKE_PREFIX_PATH doesn't exist
[14.947s] WARNING:colcon.colcon_ros.prefix_path.catkin:The path '/opt/ros2/humble/install/test_launch_testing' in the environment variable CMAKE_PREFIX_PATH doesn't exist
[14.948s] WARNING:colcon.colcon_ros.prefix_path.catkin:The path '/opt/ros2/humble/install/test_interface_files' in the environment variable CMAKE_PREFIX_PATH doesn't exist
[14.950s] WARNING:colcon.colcon_ros.prefix_path.catkin:The path '/opt/ros2/humble/install/test_communication' in the environment variable CMAKE_PREFIX_PATH doesn't exist
[14.951s] WARNING:colcon.colcon_ros.prefix_path.catkin:The path '/opt/ros2/humble/install/test_cli_remapping' in the environment variable CMAKE_PREFIX_PATH doesn't exist
[14.952s] WARNING:colcon.colcon_ros.prefix_path.catkin:The path '/opt/ros2/humble/install/test_cli' in the environment variable CMAKE_PREFIX_PATH doesn't exist
[14.955s] WARNING:colcon.colcon_ros.prefix_path.catkin:The path '/opt/ros2/humble/install/qt_gui_app' in the environment variable CMAKE_PREFIX_PATH doesn't exist
[14.957s] WARNING:colcon.colcon_ros.prefix_path.catkin:The path '/opt/ros2/humble/install/qt_gui' in the environment variable CMAKE_PREFIX_PATH doesn't exist
[14.960s] WARNING:colcon.colcon_ros.prefix_path.catkin:The path '/opt/ros2/humble/install/rviz_rendering_tests' in the environment variable CMAKE_PREFIX_PATH doesn't exist
[14.962s] WARNING:colcon.colcon_ros.prefix_path.catkin:The path '/opt/ros2/humble/install/rviz_rendering' in the environment variable CMAKE_PREFIX_PATH doesn't exist
[14.963s] WARNING:colcon.colcon_ros.prefix_path.catkin:The path '/opt/ros2/humble/install/rviz_ogre_vendor' in the environment variable CMAKE_PREFIX_PATH doesn't exist
[14.964s] WARNING:colcon.colcon_ros.prefix_path.catkin:The path '/opt/ros2/humble/install/rviz_assimp_vendor' in the environment variable CMAKE_PREFIX_PATH doesn't exist
[14.972s] WARNING:colcon.colcon_ros.prefix_path.catkin:The path '/opt/ros2/humble/install/qt_gui_py_common' in the environment variable CMAKE_PREFIX_PATH doesn't exist
[14.973s] WARNING:colcon.colcon_ros.prefix_path.catkin:The path '/opt/ros2/humble/install/qt_dotgraph' in the environment variable CMAKE_PREFIX_PATH doesn't exist
[16.003s] DEBUG:colcon.colcon_core.event_handler.log_command:Invoking command in '/home/olive/workspace/apriltag_detector/build/apriltag_detector': CMAKE_PREFIX_PATH=${CMAKE_PREFIX_PATH}:/home/olive/examples/install/shake_detector:/opt/ros2/humble/install/rqt_bag_plugins:/opt/ros2/humble/install/rqt_bag:/opt/ros2/humble/install/ros2bag:/opt/ros2/humble/install/tracetools_test:/opt/ros2/humble/install/tracetools_launch:/opt/ros2/humble/install/topic_monitor:/opt/ros2/humble/install/tf2_tools:/opt/ros2/humble/install/examples_tf2_py:/opt/ros2/humble/install/tf2_ros_py:/opt/ros2/humble/install/sros2:/opt/ros2/humble/install/rqt_topic:/opt/ros2/humble/install/rqt_srv:/opt/ros2/humble/install/rqt_shell:/opt/ros2/humble/install/rqt_service_caller:/opt/ros2/humble/install/rqt_reconfigure:/opt/ros2/humble/install/rqt_py_console:/opt/ros2/humble/install/rqt_publisher:/opt/ros2/humble/install/rqt_plot:/opt/ros2/humble/install/rqt_action:/opt/ros2/humble/install/rqt_msg:/opt/ros2/humble/install/rqt_console:/opt/ros2/humble/install/rqt:/opt/ros2/humble/install/rqt_graph:/opt/ros2/humble/install/rqt_gui_py:/opt/ros2/humble/install/rqt_gui:/opt/ros2/humble/install/ros2trace:/opt/ros2/humble/install/ros2topic:/opt/ros2/humble/install/ros2test:/opt/ros2/humble/install/ros2component:/opt/ros2/humble/install/ros2param:/opt/ros2/humble/install/ros2lifecycle:/opt/ros2/humble/install/ros2service:/opt/ros2/humble/install/ros2run:/opt/ros2/humble/install/ros2launch:/opt/ros2/humble/install/ros2pkg:/opt/ros2/humble/install/ros2node:/opt/ros2/humble/install/ros2multicast:/opt/ros2/humble/install/ros2interface:/opt/ros2/humble/install/ros2doctor:/opt/ros2/humble/install/ros2action:/opt/ros2/humble/install/ros2cli:/opt/ros2/humble/install/quality_of_service_demo_py:/opt/ros2/humble/install/lifecycle_py:/opt/ros2/humble/install/launch_testing_ros:/opt/ros2/humble/install/launch_ros:/opt/ros2/humble/install/examples_rclpy_pointcloud_publisher:/opt/ros2/humble/install/examples_rclpy_minimal_subscriber:/opt/ros2/humble/install/examples_rclpy_minimal_service:/opt/ros2/humble/install/examples_rclpy_minimal_publisher:/opt/ros2/humble/install/examples_rclpy_minimal_client:/opt/ros2/humble/install/examples_rclpy_minimal_action_server:/opt/ros2/humble/install/examples_rclpy_minimal_action_client:/opt/ros2/humble/install/examples_rclpy_guard_conditions:/opt/ros2/humble/install/examples_rclpy_executors:/opt/ros2/humble/install/demo_nodes_py:/opt/ros2/humble/install/action_tutorials_py:/opt/ros2/humble/install/ament_uncrustify:/opt/ros2/humble/install/tracetools_trace:/opt/ros2/humble/install/tracetools_read:/opt/ros2/humble/install/test_tracetools_launch:/opt/ros2/humble/install/test_launch_ros:/opt/ros2/humble/install/sensor_msgs_py:/opt/ros2/humble/install/rpyutils:/opt/ros2/humble/install/rosidl_runtime_py:/opt/ros2/humble/install/rosidl_cli:/opt/ros2/humble/install/launch_pytest:/opt/ros2/humble/install/launch_testing:/opt/ros2/humble/install/launch_yaml:/opt/ros2/humble/install/launch_xml:/opt/ros2/humble/install/launch:/opt/ros2/humble/install/osrf_pycommon:/opt/ros2/humble/install/launch_testing_examples:/opt/ros2/humble/install/domain_coordinator:/opt/ros2/humble/install/ament_xmllint:/opt/ros2/humble/install/ament_pyflakes:/opt/ros2/humble/install/ament_pycodestyle:/opt/ros2/humble/install/ament_pep257:/opt/ros2/humble/install/ament_pclint:/opt/ros2/humble/install/ament_package:/opt/ros2/humble/install/ament_mypy:/opt/ros2/humble/install/ament_lint_cmake:/opt/ros2/humble/install/ament_flake8:/opt/ros2/humble/install/ament_copyright:/opt/ros2/humble/install/ament_lint:/opt/ros2/humble/install/ament_index_python:/opt/ros2/humble/install/ament_cpplint:/opt/ros2/humble/install/ament_cppcheck:/opt/ros2/humble/install/ament_clang_tidy:/opt/ros2/humble/install/ament_clang_format /usr/bin/cmake /home/olive/workspace/apriltag_detector -DCMAKE_BUILD_TYPE=RelWithDebInfo -DAMENT_CMAKE_SYMLINK_INSTALL=1 -DCMAKE_INSTALL_PREFIX=/home/olive/workspace/apriltag_detector/install/apriltag_detector
[58.117s] DEBUG:colcon.colcon_core.event_handler.log_command:Invoked command in '/home/olive/workspace/apriltag_detector/build/apriltag_detector' returned '1': CMAKE_PREFIX_PATH=${CMAKE_PREFIX_PATH}:/home/olive/examples/install/shake_detector:/opt/ros2/humble/install/rqt_bag_plugins:/opt/ros2/humble/install/rqt_bag:/opt/ros2/humble/install/ros2bag:/opt/ros2/humble/install/tracetools_test:/opt/ros2/humble/install/tracetools_launch:/opt/ros2/humble/install/topic_monitor:/opt/ros2/humble/install/tf2_tools:/opt/ros2/humble/install/examples_tf2_py:/opt/ros2/humble/install/tf2_ros_py:/opt/ros2/humble/install/sros2:/opt/ros2/humble/install/rqt_topic:/opt/ros2/humble/install/rqt_srv:/opt/ros2/humble/install/rqt_shell:/opt/ros2/humble/install/rqt_service_caller:/opt/ros2/humble/install/rqt_reconfigure:/opt/ros2/humble/install/rqt_py_console:/opt/ros2/humble/install/rqt_publisher:/opt/ros2/humble/install/rqt_plot:/opt/ros2/humble/install/rqt_action:/opt/ros2/humble/install/rqt_msg:/opt/ros2/humble/install/rqt_console:/opt/ros2/humble/install/rqt:/opt/ros2/humble/install/rqt_graph:/opt/ros2/humble/install/rqt_gui_py:/opt/ros2/humble/install/rqt_gui:/opt/ros2/humble/install/ros2trace:/opt/ros2/humble/install/ros2topic:/opt/ros2/humble/install/ros2test:/opt/ros2/humble/install/ros2component:/opt/ros2/humble/install/ros2param:/opt/ros2/humble/install/ros2lifecycle:/opt/ros2/humble/install/ros2service:/opt/ros2/humble/install/ros2run:/opt/ros2/humble/install/ros2launch:/opt/ros2/humble/install/ros2pkg:/opt/ros2/humble/install/ros2node:/opt/ros2/humble/install/ros2multicast:/opt/ros2/humble/install/ros2interface:/opt/ros2/humble/install/ros2doctor:/opt/ros2/humble/install/ros2action:/opt/ros2/humble/install/ros2cli:/opt/ros2/humble/install/quality_of_service_demo_py:/opt/ros2/humble/install/lifecycle_py:/opt/ros2/humble/install/launch_testing_ros:/opt/ros2/humble/install/launch_ros:/opt/ros2/humble/install/examples_rclpy_pointcloud_publisher:/opt/ros2/humble/install/examples_rclpy_minimal_subscriber:/opt/ros2/humble/install/examples_rclpy_minimal_service:/opt/ros2/humble/install/examples_rclpy_minimal_publisher:/opt/ros2/humble/install/examples_rclpy_minimal_client:/opt/ros2/humble/install/examples_rclpy_minimal_action_server:/opt/ros2/humble/install/examples_rclpy_minimal_action_client:/opt/ros2/humble/install/examples_rclpy_guard_conditions:/opt/ros2/humble/install/examples_rclpy_executors:/opt/ros2/humble/install/demo_nodes_py:/opt/ros2/humble/install/action_tutorials_py:/opt/ros2/humble/install/ament_uncrustify:/opt/ros2/humble/install/tracetools_trace:/opt/ros2/humble/install/tracetools_read:/opt/ros2/humble/install/test_tracetools_launch:/opt/ros2/humble/install/test_launch_ros:/opt/ros2/humble/install/sensor_msgs_py:/opt/ros2/humble/install/rpyutils:/opt/ros2/humble/install/rosidl_runtime_py:/opt/ros2/humble/install/rosidl_cli:/opt/ros2/humble/install/launch_pytest:/opt/ros2/humble/install/launch_testing:/opt/ros2/humble/install/launch_yaml:/opt/ros2/humble/install/launch_xml:/opt/ros2/humble/install/launch:/opt/ros2/humble/install/osrf_pycommon:/opt/ros2/humble/install/launch_testing_examples:/opt/ros2/humble/install/domain_coordinator:/opt/ros2/humble/install/ament_xmllint:/opt/ros2/humble/install/ament_pyflakes:/opt/ros2/humble/install/ament_pycodestyle:/opt/ros2/humble/install/ament_pep257:/opt/ros2/humble/install/ament_pclint:/opt/ros2/humble/install/ament_package:/opt/ros2/humble/install/ament_mypy:/opt/ros2/humble/install/ament_lint_cmake:/opt/ros2/humble/install/ament_flake8:/opt/ros2/humble/install/ament_copyright:/opt/ros2/humble/install/ament_lint:/opt/ros2/humble/install/ament_index_python:/opt/ros2/humble/install/ament_cpplint:/opt/ros2/humble/install/ament_cppcheck:/opt/ros2/humble/install/ament_clang_tidy:/opt/ros2/humble/install/ament_clang_format /usr/bin/cmake /home/olive/workspace/apriltag_detector -DCMAKE_BUILD_TYPE=RelWithDebInfo -DAMENT_CMAKE_SYMLINK_INSTALL=1 -DCMAKE_INSTALL_PREFIX=/home/olive/workspace/apriltag_detector/install/apriltag_detector
[58.523s] Level 1:colcon.colcon_core.environment:create_environment_scripts_only(apriltag_detector)
[58.747s] Level 1:colcon.colcon_core.environment:checking '/home/olive/workspace/apriltag_detector/install/apriltag_detector' for CMake module files
[58.753s] Level 1:colcon.colcon_core.environment:checking '/home/olive/workspace/apriltag_detector/install/apriltag_detector' for CMake config files
[58.758s] Level 1:colcon.colcon_core.environment:checking '/home/olive/workspace/apriltag_detector/install/apriltag_detector/bin'
[58.759s] Level 1:colcon.colcon_core.environment:checking '/home/olive/workspace/apriltag_detector/install/apriltag_detector/lib/pkgconfig/apriltag_detector.pc'
[58.761s] Level 1:colcon.colcon_core.environment:checking '/home/olive/workspace/apriltag_detector/install/apriltag_detector/lib/python3.9/site-packages'
[58.779s] INFO:colcon.colcon_core.shell:Creating package script '/home/olive/workspace/apriltag_detector/install/apriltag_detector/share/apriltag_detector/package.ps1'
[58.798s] INFO:colcon.colcon_core.shell:Creating package descriptor '/home/olive/workspace/apriltag_detector/install/apriltag_detector/share/apriltag_detector/package.dsv'
[58.807s] INFO:colcon.colcon_core.shell:Creating package script '/home/olive/workspace/apriltag_detector/install/apriltag_detector/share/apriltag_detector/package.sh'
[58.820s] INFO:colcon.colcon_core.shell:Creating package script '/home/olive/workspace/apriltag_detector/install/apriltag_detector/share/apriltag_detector/package.bash'
[58.837s] INFO:colcon.colcon_core.shell:Creating package script '/home/olive/workspace/apriltag_detector/install/apriltag_detector/share/apriltag_detector/package.zsh'
[58.851s] Level 1:colcon.colcon_core.environment:create_file_with_runtime_dependencies(/home/olive/workspace/apriltag_detector/install/apriltag_detector/share/colcon-core/packages/apriltag_detector)
[58.868s] DEBUG:colcon.colcon_parallel_executor.executor.parallel:closing loop
[58.869s] DEBUG:colcon.colcon_parallel_executor.executor.parallel:loop closed
[58.871s] DEBUG:colcon.colcon_parallel_executor.executor.parallel:run_until_complete finished with '1'
[58.872s] DEBUG:colcon.colcon_core.event_reactor:joining thread
[59.172s] INFO:colcon.colcon_core.plugin_system:Skipping extension 'colcon_notification.desktop_notification.notify_send': Could not find 'notify-send'
[59.173s] INFO:colcon.colcon_core.plugin_system:Skipping extension 'colcon_notification.desktop_notification.terminal_notifier': Not used on non-Darwin systems
[59.175s] INFO:colcon.colcon_core.plugin_system:Skipping extension 'colcon_notification.desktop_notification.win32': Not used on non-Windows systems
[59.176s] INFO:colcon.colcon_notification.desktop_notification:Sending desktop notification using 'notify2'
[59.177s] DEBUG:colcon.colcon_notification.desktop_notification.notify2:Failed to initialize notify2: org.freedesktop.DBus.Error.NotSupported: Unable to autolaunch a dbus-daemon without a $DISPLAY for X11
[59.178s] DEBUG:colcon.colcon_core.event_reactor:joined thread
[59.197s] INFO:colcon.colcon_core.shell:Creating prefix script '/home/olive/workspace/apriltag_detector/install/local_setup.ps1'
[59.214s] INFO:colcon.colcon_core.shell:Creating prefix util module '/home/olive/workspace/apriltag_detector/install/_local_setup_util_ps1.py'
[59.240s] INFO:colcon.colcon_core.shell:Creating prefix chain script '/home/olive/workspace/apriltag_detector/install/setup.ps1'
[59.520s] INFO:colcon.colcon_core.shell:Creating prefix script '/home/olive/workspace/apriltag_detector/install/local_setup.sh'
[59.530s] INFO:colcon.colcon_core.shell:Creating prefix util module '/home/olive/workspace/apriltag_detector/install/_local_setup_util_sh.py'
[59.538s] INFO:colcon.colcon_core.shell:Creating prefix chain script '/home/olive/workspace/apriltag_detector/install/setup.sh'
[59.818s] INFO:colcon.colcon_core.shell:Creating prefix script '/home/olive/workspace/apriltag_detector/install/local_setup.bash'
[59.828s] INFO:colcon.colcon_core.shell:Creating prefix chain script '/home/olive/workspace/apriltag_detector/install/setup.bash'
[60.213s] INFO:colcon.colcon_core.shell:Creating prefix script '/home/olive/workspace/apriltag_detector/install/local_setup.zsh'
[60.223s] INFO:colcon.colcon_core.shell:Creating prefix chain script '/home/olive/workspace/apriltag_detector/install/setup.zsh'
