-- Found ament_cmake: 1.3.2 (/opt/ros2/humble/install/ament_cmake/share/ament_cmake/cmake)
-- Override CMake install command with custom implementation using symlinks instead of copying resources
-- Found ament_cmake_ros: 0.10.0 (/opt/ros2/humble/install/ament_cmake_ros/share/ament_cmake_ros/cmake)
CMake Error at cmake/ROS2.cmake:23 (find_package):
  By not providing "FindOpenCV.cmake" in CMAKE_MODULE_PATH this project has
  asked CMake to find a package configuration file provided by "OpenCV", but
  CMake did not find one.

  Could not find a package configuration file provided by "OpenCV" with any
  of the following names:

    OpenCVConfig.cmake
    opencv-config.cmake

  Add the installation prefix of "OpenCV" to CMAKE_PREFIX_PATH or set
  "OpenCV_DIR" to a directory containing one of the above files.  If "OpenCV"
  provides a separate development package or SDK, be sure it has been
  installed.
Call Stack (most recent call first):
  CMakeLists.txt:21 (include)


-- Configuring incomplete, errors occurred!
See also "/home/olive/workspace/apriltag_detector/build/apriltag_detector/CMakeFiles/CMakeOutput.log".
See also "/home/olive/workspace/apriltag_detector/build/apriltag_detector/CMakeFiles/CMakeError.log".
