[2.111s] Invoking command in '/home/olive/workspace2/build/apriltag_detector': CMAKE_PREFIX_PATH=${CMAKE_PREFIX_PATH}:/home/olive/examples/install/shake_detector:/opt/ros2/humble/install/rqt_bag_plugins:/opt/ros2/humble/install/rqt_bag:/opt/ros2/humble/install/ros2bag:/opt/ros2/humble/install/tracetools_test:/opt/ros2/humble/install/tracetools_launch:/opt/ros2/humble/install/topic_monitor:/opt/ros2/humble/install/tf2_tools:/opt/ros2/humble/install/examples_tf2_py:/opt/ros2/humble/install/tf2_ros_py:/opt/ros2/humble/install/sros2:/opt/ros2/humble/install/rqt_topic:/opt/ros2/humble/install/rqt_srv:/opt/ros2/humble/install/rqt_shell:/opt/ros2/humble/install/rqt_service_caller:/opt/ros2/humble/install/rqt_reconfigure:/opt/ros2/humble/install/rqt_py_console:/opt/ros2/humble/install/rqt_publisher:/opt/ros2/humble/install/rqt_plot:/opt/ros2/humble/install/rqt_action:/opt/ros2/humble/install/rqt_msg:/opt/ros2/humble/install/rqt_console:/opt/ros2/humble/install/rqt:/opt/ros2/humble/install/rqt_graph:/opt/ros2/humble/install/rqt_gui_py:/opt/ros2/humble/install/rqt_gui:/opt/ros2/humble/install/ros2trace:/opt/ros2/humble/install/ros2topic:/opt/ros2/humble/install/ros2test:/opt/ros2/humble/install/ros2component:/opt/ros2/humble/install/ros2param:/opt/ros2/humble/install/ros2lifecycle:/opt/ros2/humble/install/ros2service:/opt/ros2/humble/install/ros2run:/opt/ros2/humble/install/ros2launch:/opt/ros2/humble/install/ros2pkg:/opt/ros2/humble/install/ros2node:/opt/ros2/humble/install/ros2multicast:/opt/ros2/humble/install/ros2interface:/opt/ros2/humble/install/ros2doctor:/opt/ros2/humble/install/ros2action:/opt/ros2/humble/install/ros2cli:/opt/ros2/humble/install/quality_of_service_demo_py:/opt/ros2/humble/install/lifecycle_py:/opt/ros2/humble/install/launch_testing_ros:/opt/ros2/humble/install/launch_ros:/opt/ros2/humble/install/examples_rclpy_pointcloud_publisher:/opt/ros2/humble/install/examples_rclpy_minimal_subscriber:/opt/ros2/humble/install/examples_rclpy_minimal_service:/opt/ros2/humble/install/examples_rclpy_minimal_publisher:/opt/ros2/humble/install/examples_rclpy_minimal_client:/opt/ros2/humble/install/examples_rclpy_minimal_action_server:/opt/ros2/humble/install/examples_rclpy_minimal_action_client:/opt/ros2/humble/install/examples_rclpy_guard_conditions:/opt/ros2/humble/install/examples_rclpy_executors:/opt/ros2/humble/install/demo_nodes_py:/opt/ros2/humble/install/action_tutorials_py:/opt/ros2/humble/install/ament_uncrustify:/opt/ros2/humble/install/tracetools_trace:/opt/ros2/humble/install/tracetools_read:/opt/ros2/humble/install/test_tracetools_launch:/opt/ros2/humble/install/test_launch_ros:/opt/ros2/humble/install/sensor_msgs_py:/opt/ros2/humble/install/rpyutils:/opt/ros2/humble/install/rosidl_runtime_py:/opt/ros2/humble/install/rosidl_cli:/opt/ros2/humble/install/launch_pytest:/opt/ros2/humble/install/launch_testing:/opt/ros2/humble/install/launch_yaml:/opt/ros2/humble/install/launch_xml:/opt/ros2/humble/install/launch:/opt/ros2/humble/install/osrf_pycommon:/opt/ros2/humble/install/launch_testing_examples:/opt/ros2/humble/install/domain_coordinator:/opt/ros2/humble/install/ament_xmllint:/opt/ros2/humble/install/ament_pyflakes:/opt/ros2/humble/install/ament_pycodestyle:/opt/ros2/humble/install/ament_pep257:/opt/ros2/humble/install/ament_pclint:/opt/ros2/humble/install/ament_package:/opt/ros2/humble/install/ament_mypy:/opt/ros2/humble/install/ament_lint_cmake:/opt/ros2/humble/install/ament_flake8:/opt/ros2/humble/install/ament_copyright:/opt/ros2/humble/install/ament_lint:/opt/ros2/humble/install/ament_index_python:/opt/ros2/humble/install/ament_cpplint:/opt/ros2/humble/install/ament_cppcheck:/opt/ros2/humble/install/ament_clang_tidy:/opt/ros2/humble/install/ament_clang_format /usr/bin/cmake /home/olive/workspace2/src/apriltag_detector -DCMAKE_INSTALL_PREFIX=/home/olive/workspace2/install/apriltag_detector
[3.338s] -- Found ament_cmake: 1.3.2 (/opt/ros2/humble/install/ament_cmake/share/ament_cmake/cmake)
[11.158s] -- Found ament_cmake_ros: 0.10.0 (/opt/ros2/humble/install/ament_cmake_ros/share/ament_cmake_ros/cmake)
[11.356s] -- Found rclcpp: 16.0.1 (/opt/ros2/humble/install/rclcpp/share/rclcpp/cmake)
[12.729s] -- Found rosidl_generator_c: 3.1.3 (/opt/ros2/humble/install/rosidl_generator_c/share/rosidl_generator_c/cmake)
[12.895s] -- Found rosidl_adapter: 3.1.3 (/opt/ros2/humble/install/rosidl_adapter/share/rosidl_adapter/cmake)
[13.198s] -- Found rosidl_generator_cpp: 3.1.3 (/opt/ros2/humble/install/rosidl_generator_cpp/share/rosidl_generator_cpp/cmake)
[14.739s] -- Using all available rosidl_typesupport_c: rosidl_typesupport_introspection_c;rosidl_typesupport_fastrtps_c
[16.067s] -- Using all available rosidl_typesupport_cpp: rosidl_typesupport_introspection_cpp;rosidl_typesupport_fastrtps_cpp
[18.893s] -- Found rmw_implementation_cmake: 6.1.0 (/opt/ros2/humble/install/rmw_implementation_cmake/share/rmw_implementation_cmake/cmake)
[19.721s] -- Found rmw_fastrtps_cpp: 6.2.1 (/opt/ros2/humble/install/rmw_fastrtps_cpp/share/rmw_fastrtps_cpp/cmake)
[24.625s] -- Using RMW implementation 'rmw_fastrtps_cpp' as default
[30.007s] -- Found rclcpp_components: 16.0.1 (/opt/ros2/humble/install/rclcpp_components/share/rclcpp_components/cmake)
[32.056s] -- Found image_transport: 3.1.4 (/opt/ros2/humble/install/image_transport/share/image_transport/cmake)
[37.320s] -- Found cv_bridge: 3.2.1 (/home/olive/workspace2/install/cv_bridge/share/cv_bridge/cmake)
[37.721s] CMake Error at /home/olive/workspace2/install/cv_bridge/share/cv_bridge/cmake/ament_cmake_export_dependencies-extras.cmake:21 (find_package):
[37.723s]   By not providing "FindOpenCV.cmake" in CMAKE_MODULE_PATH this project has
[37.725s]   asked CMake to find a package configuration file provided by "OpenCV", but
[37.727s]   CMake did not find one.
[37.729s] 
[37.732s]   Could not find a package configuration file provided by "OpenCV" with any
[37.734s]   of the following names:
[37.737s] 
[37.739s]     OpenCVConfig.cmake
[37.741s]     opencv-config.cmake
[37.743s] 
[37.746s]   Add the installation prefix of "OpenCV" to CMAKE_PREFIX_PATH or set
[37.748s]   "OpenCV_DIR" to a directory containing one of the above files.  If "OpenCV"
[37.750s]   provides a separate development package or SDK, be sure it has been
[37.753s]   installed.
[37.756s] Call Stack (most recent call first):
[37.758s]   /home/olive/workspace2/install/cv_bridge/share/cv_bridge/cmake/cv_bridgeConfig.cmake:41 (include)
[37.765s]   cmake/ROS2.cmake:33 (find_package)
[37.768s]   CMakeLists.txt:21 (include)
[37.770s] 
[37.772s] 
[37.774s] -- Configuring incomplete, errors occurred!
[37.777s] See also "/home/olive/workspace2/build/apriltag_detector/CMakeFiles/CMakeOutput.log".
[37.779s] See also "/home/olive/workspace2/build/apriltag_detector/CMakeFiles/CMakeError.log".
[37.853s] Invoked command in '/home/olive/workspace2/build/apriltag_detector' returned '1': CMAKE_PREFIX_PATH=${CMAKE_PREFIX_PATH}:/home/olive/examples/install/shake_detector:/opt/ros2/humble/install/rqt_bag_plugins:/opt/ros2/humble/install/rqt_bag:/opt/ros2/humble/install/ros2bag:/opt/ros2/humble/install/tracetools_test:/opt/ros2/humble/install/tracetools_launch:/opt/ros2/humble/install/topic_monitor:/opt/ros2/humble/install/tf2_tools:/opt/ros2/humble/install/examples_tf2_py:/opt/ros2/humble/install/tf2_ros_py:/opt/ros2/humble/install/sros2:/opt/ros2/humble/install/rqt_topic:/opt/ros2/humble/install/rqt_srv:/opt/ros2/humble/install/rqt_shell:/opt/ros2/humble/install/rqt_service_caller:/opt/ros2/humble/install/rqt_reconfigure:/opt/ros2/humble/install/rqt_py_console:/opt/ros2/humble/install/rqt_publisher:/opt/ros2/humble/install/rqt_plot:/opt/ros2/humble/install/rqt_action:/opt/ros2/humble/install/rqt_msg:/opt/ros2/humble/install/rqt_console:/opt/ros2/humble/install/rqt:/opt/ros2/humble/install/rqt_graph:/opt/ros2/humble/install/rqt_gui_py:/opt/ros2/humble/install/rqt_gui:/opt/ros2/humble/install/ros2trace:/opt/ros2/humble/install/ros2topic:/opt/ros2/humble/install/ros2test:/opt/ros2/humble/install/ros2component:/opt/ros2/humble/install/ros2param:/opt/ros2/humble/install/ros2lifecycle:/opt/ros2/humble/install/ros2service:/opt/ros2/humble/install/ros2run:/opt/ros2/humble/install/ros2launch:/opt/ros2/humble/install/ros2pkg:/opt/ros2/humble/install/ros2node:/opt/ros2/humble/install/ros2multicast:/opt/ros2/humble/install/ros2interface:/opt/ros2/humble/install/ros2doctor:/opt/ros2/humble/install/ros2action:/opt/ros2/humble/install/ros2cli:/opt/ros2/humble/install/quality_of_service_demo_py:/opt/ros2/humble/install/lifecycle_py:/opt/ros2/humble/install/launch_testing_ros:/opt/ros2/humble/install/launch_ros:/opt/ros2/humble/install/examples_rclpy_pointcloud_publisher:/opt/ros2/humble/install/examples_rclpy_minimal_subscriber:/opt/ros2/humble/install/examples_rclpy_minimal_service:/opt/ros2/humble/install/examples_rclpy_minimal_publisher:/opt/ros2/humble/install/examples_rclpy_minimal_client:/opt/ros2/humble/install/examples_rclpy_minimal_action_server:/opt/ros2/humble/install/examples_rclpy_minimal_action_client:/opt/ros2/humble/install/examples_rclpy_guard_conditions:/opt/ros2/humble/install/examples_rclpy_executors:/opt/ros2/humble/install/demo_nodes_py:/opt/ros2/humble/install/action_tutorials_py:/opt/ros2/humble/install/ament_uncrustify:/opt/ros2/humble/install/tracetools_trace:/opt/ros2/humble/install/tracetools_read:/opt/ros2/humble/install/test_tracetools_launch:/opt/ros2/humble/install/test_launch_ros:/opt/ros2/humble/install/sensor_msgs_py:/opt/ros2/humble/install/rpyutils:/opt/ros2/humble/install/rosidl_runtime_py:/opt/ros2/humble/install/rosidl_cli:/opt/ros2/humble/install/launch_pytest:/opt/ros2/humble/install/launch_testing:/opt/ros2/humble/install/launch_yaml:/opt/ros2/humble/install/launch_xml:/opt/ros2/humble/install/launch:/opt/ros2/humble/install/osrf_pycommon:/opt/ros2/humble/install/launch_testing_examples:/opt/ros2/humble/install/domain_coordinator:/opt/ros2/humble/install/ament_xmllint:/opt/ros2/humble/install/ament_pyflakes:/opt/ros2/humble/install/ament_pycodestyle:/opt/ros2/humble/install/ament_pep257:/opt/ros2/humble/install/ament_pclint:/opt/ros2/humble/install/ament_package:/opt/ros2/humble/install/ament_mypy:/opt/ros2/humble/install/ament_lint_cmake:/opt/ros2/humble/install/ament_flake8:/opt/ros2/humble/install/ament_copyright:/opt/ros2/humble/install/ament_lint:/opt/ros2/humble/install/ament_index_python:/opt/ros2/humble/install/ament_cpplint:/opt/ros2/humble/install/ament_cppcheck:/opt/ros2/humble/install/ament_clang_tidy:/opt/ros2/humble/install/ament_clang_format /usr/bin/cmake /home/olive/workspace2/src/apriltag_detector -DCMAKE_INSTALL_PREFIX=/home/olive/workspace2/install/apriltag_detector
