[15.311s] DEBUG:colcon:Command line arguments: ['/usr/bin/colcon', 'build']
[15.313s] DEBUG:colcon:Parsed command line arguments: Namespace(log_base=None, log_level=None, verb_name='build', build_base='build', install_base='install', merge_install=False, symlink_install=False, test_result_base=None, continue_on_error=False, executor='parallel', parallel_workers=2, event_handlers=None, ignore_user_meta=False, metas=['./colcon.meta'], base_paths=['.'], packages_ignore=None, packages_ignore_regex=None, paths=None, packages_up_to=None, packages_up_to_regex=None, packages_above=None, packages_above_and_dependencies=None, packages_above_depth=None, packages_select_by_dep=None, packages_skip_by_dep=None, packages_skip_up_to=None, packages_select_build_failed=False, packages_skip_build_finished=False, packages_select_test_failures=False, packages_skip_test_passed=False, packages_select=None, packages_skip=None, packages_select_regex=None, packages_skip_regex=None, packages_start=None, packages_end=None, cmake_args=None, cmake_target=None, cmake_target_skip_unavailable=False, cmake_clean_cache=False, cmake_clean_first=False, cmake_force_configure=False, ament_cmake_args=None, catkin_cmake_args=None, catkin_skip_building_tests=False, verb_parser=<colcon_defaults.argument_parser.defaults.DefaultArgumentsDecorator object at 0xb5febfb8>, verb_extension=<colcon_core.verb.build.BuildVerb object at 0xb5febbf8>, main=<bound method BuildVerb.main of <colcon_core.verb.build.BuildVerb object at 0xb5febbf8>>)
[15.585s] Level 1:colcon.colcon_core.package_discovery:discover_packages(colcon_meta) check parameters
[15.587s] Level 1:colcon.colcon_core.package_discovery:discover_packages(recursive) check parameters
[15.588s] Level 1:colcon.colcon_core.package_discovery:discover_packages(ignore) check parameters
[15.589s] Level 1:colcon.colcon_core.package_discovery:discover_packages(path) check parameters
[15.590s] Level 1:colcon.colcon_core.package_discovery:discover_packages(colcon_meta) discover
[15.592s] Level 1:colcon.colcon_core.package_discovery:discover_packages(recursive) discover
[15.593s] INFO:colcon.colcon_core.package_discovery:Crawling recursively for packages in '/home/olive/workspace2'
[15.595s] Level 1:colcon.colcon_core.package_identification:_identify(.) by extensions ['ignore', 'ignore_ament_install']
[15.597s] Level 1:colcon.colcon_core.package_identification:_identify(.) by extension 'ignore'
[15.599s] Level 1:colcon.colcon_core.package_identification:_identify(.) by extension 'ignore_ament_install'
[15.601s] Level 1:colcon.colcon_core.package_identification:_identify(.) by extensions ['colcon_pkg']
[15.602s] Level 1:colcon.colcon_core.package_identification:_identify(.) by extension 'colcon_pkg'
[15.613s] Level 1:colcon.colcon_core.package_identification:_identify(.) by extensions ['colcon_meta']
[15.614s] Level 1:colcon.colcon_core.package_identification:_identify(.) by extension 'colcon_meta'
[15.616s] Level 1:colcon.colcon_core.package_identification:_identify(.) by extensions ['ros']
[15.617s] Level 1:colcon.colcon_core.package_identification:_identify(.) by extension 'ros'
[15.912s] Level 1:colcon.colcon_core.package_identification:_identify(.) by extensions ['cmake', 'python']
[15.913s] Level 1:colcon.colcon_core.package_identification:_identify(.) by extension 'cmake'
[15.914s] Level 1:colcon.colcon_core.package_identification:_identify(.) by extension 'python'
[15.915s] Level 1:colcon.colcon_core.package_identification:_identify(.) by extensions ['python_setup_py']
[15.916s] Level 1:colcon.colcon_core.package_identification:_identify(.) by extension 'python_setup_py'
[15.918s] Level 1:colcon.colcon_core.package_identification:_identify(build) by extensions ['ignore', 'ignore_ament_install']
[15.919s] Level 1:colcon.colcon_core.package_identification:_identify(build) by extension 'ignore'
[15.920s] Level 1:colcon.colcon_core.package_identification:_identify(build) ignored
[15.923s] Level 1:colcon.colcon_core.package_identification:_identify(install) by extensions ['ignore', 'ignore_ament_install']
[15.925s] Level 1:colcon.colcon_core.package_identification:_identify(install) by extension 'ignore'
[15.926s] Level 1:colcon.colcon_core.package_identification:_identify(install) ignored
[15.928s] Level 1:colcon.colcon_core.package_identification:_identify(log) by extensions ['ignore', 'ignore_ament_install']
[15.929s] Level 1:colcon.colcon_core.package_identification:_identify(log) by extension 'ignore'
[15.930s] Level 1:colcon.colcon_core.package_identification:_identify(log) ignored
[15.932s] Level 1:colcon.colcon_core.package_identification:_identify(src) by extensions ['ignore', 'ignore_ament_install']
[15.934s] Level 1:colcon.colcon_core.package_identification:_identify(src) by extension 'ignore'
[15.935s] Level 1:colcon.colcon_core.package_identification:_identify(src) by extension 'ignore_ament_install'
[15.936s] Level 1:colcon.colcon_core.package_identification:_identify(src) by extensions ['colcon_pkg']
[15.937s] Level 1:colcon.colcon_core.package_identification:_identify(src) by extension 'colcon_pkg'
[15.938s] Level 1:colcon.colcon_core.package_identification:_identify(src) by extensions ['colcon_meta']
[15.939s] Level 1:colcon.colcon_core.package_identification:_identify(src) by extension 'colcon_meta'
[15.940s] Level 1:colcon.colcon_core.package_identification:_identify(src) by extensions ['ros']
[15.940s] Level 1:colcon.colcon_core.package_identification:_identify(src) by extension 'ros'
[15.943s] Level 1:colcon.colcon_core.package_identification:_identify(src) by extensions ['cmake', 'python']
[15.943s] Level 1:colcon.colcon_core.package_identification:_identify(src) by extension 'cmake'
[15.944s] Level 1:colcon.colcon_core.package_identification:_identify(src) by extension 'python'
[15.946s] Level 1:colcon.colcon_core.package_identification:_identify(src) by extensions ['python_setup_py']
[15.946s] Level 1:colcon.colcon_core.package_identification:_identify(src) by extension 'python_setup_py'
[15.949s] Level 1:colcon.colcon_core.package_identification:_identify(src/apriltag_detector) by extensions ['ignore', 'ignore_ament_install']
[15.951s] Level 1:colcon.colcon_core.package_identification:_identify(src/apriltag_detector) by extension 'ignore'
[15.952s] Level 1:colcon.colcon_core.package_identification:_identify(src/apriltag_detector) by extension 'ignore_ament_install'
[15.954s] Level 1:colcon.colcon_core.package_identification:_identify(src/apriltag_detector) by extensions ['colcon_pkg']
[15.955s] Level 1:colcon.colcon_core.package_identification:_identify(src/apriltag_detector) by extension 'colcon_pkg'
[15.956s] Level 1:colcon.colcon_core.package_identification:_identify(src/apriltag_detector) by extensions ['colcon_meta']
[15.956s] Level 1:colcon.colcon_core.package_identification:_identify(src/apriltag_detector) by extension 'colcon_meta'
[15.957s] Level 1:colcon.colcon_core.package_identification:_identify(src/apriltag_detector) by extensions ['ros']
[15.958s] Level 1:colcon.colcon_core.package_identification:_identify(src/apriltag_detector) by extension 'ros'
[16.192s] DEBUG:colcon.colcon_core.package_identification:Package 'src/apriltag_detector' with type 'ros.ament_cmake' and name 'apriltag_detector'
[16.193s] Level 1:colcon.colcon_core.package_discovery:discover_packages(recursive) using defaults
[16.194s] Level 1:colcon.colcon_core.package_discovery:discover_packages(ignore) discover
[16.194s] Level 1:colcon.colcon_core.package_discovery:discover_packages(ignore) using defaults
[16.195s] Level 1:colcon.colcon_core.package_discovery:discover_packages(path) discover
[16.196s] Level 1:colcon.colcon_core.package_discovery:discover_packages(path) using defaults
[17.142s] Level 5:colcon.colcon_core.verb:set package 'apriltag_detector' build argument 'cmake_args' from command line to 'None'
[17.143s] Level 5:colcon.colcon_core.verb:set package 'apriltag_detector' build argument 'cmake_target' from command line to 'None'
[17.143s] Level 5:colcon.colcon_core.verb:set package 'apriltag_detector' build argument 'cmake_target_skip_unavailable' from command line to 'False'
[17.144s] Level 5:colcon.colcon_core.verb:set package 'apriltag_detector' build argument 'cmake_clean_cache' from command line to 'False'
[17.145s] Level 5:colcon.colcon_core.verb:set package 'apriltag_detector' build argument 'cmake_clean_first' from command line to 'False'
[17.146s] Level 5:colcon.colcon_core.verb:set package 'apriltag_detector' build argument 'cmake_force_configure' from command line to 'False'
[17.146s] Level 5:colcon.colcon_core.verb:set package 'apriltag_detector' build argument 'ament_cmake_args' from command line to 'None'
[17.147s] Level 5:colcon.colcon_core.verb:set package 'apriltag_detector' build argument 'catkin_cmake_args' from command line to 'None'
[17.147s] Level 5:colcon.colcon_core.verb:set package 'apriltag_detector' build argument 'catkin_skip_building_tests' from command line to 'False'
[17.148s] DEBUG:colcon.colcon_core.verb:Building package 'apriltag_detector' with the following arguments: {'ament_cmake_args': None, 'build_base': '/home/olive/workspace2/build/apriltag_detector', 'catkin_cmake_args': None, 'catkin_skip_building_tests': False, 'cmake_args': None, 'cmake_clean_cache': False, 'cmake_clean_first': False, 'cmake_force_configure': False, 'cmake_target': None, 'cmake_target_skip_unavailable': False, 'install_base': '/home/olive/workspace2/install/apriltag_detector', 'merge_install': False, 'path': '/home/olive/workspace2/src/apriltag_detector', 'symlink_install': False, 'test_result_base': None}
[17.159s] INFO:colcon.colcon_core.executor:Executing jobs using 'parallel' executor
[17.220s] DEBUG:colcon.colcon_parallel_executor.executor.parallel:run_until_complete
[17.224s] INFO:colcon.colcon_ros.task.ament_cmake.build:Building ROS package in '/home/olive/workspace2/src/apriltag_detector' with build type 'ament_cmake'
[17.227s] INFO:colcon.colcon_cmake.task.cmake.build:Building CMake package in '/home/olive/workspace2/src/apriltag_detector'
[17.375s] INFO:colcon.colcon_core.plugin_system:Skipping extension 'colcon_core.shell.bat': Not used on non-Windows systems
[17.378s] INFO:colcon.colcon_core.shell:Skip shell extension 'powershell' for command environment: Not usable outside of PowerShell
[17.379s] DEBUG:colcon.colcon_core.shell:Skip shell extension 'dsv' for command environment
[17.459s] WARNING:colcon.colcon_core.prefix_path.colcon:The path '/home/olive/examples/install' in the environment variable COLCON_PREFIX_PATH doesn't exist
[17.463s] WARNING:colcon.colcon_ros.prefix_path.ament:The path '/opt/olive/packages/install/position_control' in the environment variable AMENT_PREFIX_PATH doesn't exist
[17.464s] WARNING:colcon.colcon_ros.prefix_path.ament:The path '/home/olive/examples/install/shake_detector' in the environment variable AMENT_PREFIX_PATH doesn't exist
[17.467s] WARNING:colcon.colcon_ros.prefix_path.ament:The path '/opt/ros2/humble/install/rqt_bag_plugins' in the environment variable AMENT_PREFIX_PATH doesn't exist
[17.473s] WARNING:colcon.colcon_ros.prefix_path.ament:The path '/opt/ros2/humble/install/rviz_visual_testing_framework' in the environment variable AMENT_PREFIX_PATH doesn't exist
[17.475s] WARNING:colcon.colcon_ros.prefix_path.ament:The path '/opt/ros2/humble/install/rviz2' in the environment variable AMENT_PREFIX_PATH doesn't exist
[17.476s] WARNING:colcon.colcon_ros.prefix_path.ament:The path '/opt/ros2/humble/install/rviz_default_plugins' in the environment variable AMENT_PREFIX_PATH doesn't exist
[17.477s] WARNING:colcon.colcon_ros.prefix_path.ament:The path '/opt/ros2/humble/install/rviz_common' in the environment variable AMENT_PREFIX_PATH doesn't exist
[17.478s] WARNING:colcon.colcon_ros.prefix_path.ament:The path '/opt/ros2/humble/install/rqt_bag' in the environment variable AMENT_PREFIX_PATH doesn't exist
[17.533s] WARNING:colcon.colcon_ros.prefix_path.ament:The path '/opt/ros2/humble/install/test_tf2' in the environment variable AMENT_PREFIX_PATH doesn't exist
[17.536s] WARNING:colcon.colcon_ros.prefix_path.ament:The path '/opt/ros2/humble/install/examples_tf2_py' in the environment variable AMENT_PREFIX_PATH doesn't exist
[17.553s] WARNING:colcon.colcon_ros.prefix_path.ament:The path '/opt/ros2/humble/install/test_msgs' in the environment variable AMENT_PREFIX_PATH doesn't exist
[17.558s] WARNING:colcon.colcon_ros.prefix_path.ament:The path '/opt/ros2/humble/install/rqt_topic' in the environment variable AMENT_PREFIX_PATH doesn't exist
[17.560s] WARNING:colcon.colcon_ros.prefix_path.ament:The path '/opt/ros2/humble/install/rqt_srv' in the environment variable AMENT_PREFIX_PATH doesn't exist
[17.561s] WARNING:colcon.colcon_ros.prefix_path.ament:The path '/opt/ros2/humble/install/rqt_shell' in the environment variable AMENT_PREFIX_PATH doesn't exist
[17.562s] WARNING:colcon.colcon_ros.prefix_path.ament:The path '/opt/ros2/humble/install/rqt_service_caller' in the environment variable AMENT_PREFIX_PATH doesn't exist
[17.564s] WARNING:colcon.colcon_ros.prefix_path.ament:The path '/opt/ros2/humble/install/rqt_reconfigure' in the environment variable AMENT_PREFIX_PATH doesn't exist
[17.565s] WARNING:colcon.colcon_ros.prefix_path.ament:The path '/opt/ros2/humble/install/rqt_py_console' in the environment variable AMENT_PREFIX_PATH doesn't exist
[17.566s] WARNING:colcon.colcon_ros.prefix_path.ament:The path '/opt/ros2/humble/install/rqt_publisher' in the environment variable AMENT_PREFIX_PATH doesn't exist
[17.567s] WARNING:colcon.colcon_ros.prefix_path.ament:The path '/opt/ros2/humble/install/rqt_plot' in the environment variable AMENT_PREFIX_PATH doesn't exist
[17.569s] WARNING:colcon.colcon_ros.prefix_path.ament:The path '/opt/ros2/humble/install/rqt_action' in the environment variable AMENT_PREFIX_PATH doesn't exist
[17.570s] WARNING:colcon.colcon_ros.prefix_path.ament:The path '/opt/ros2/humble/install/rqt_msg' in the environment variable AMENT_PREFIX_PATH doesn't exist
[17.571s] WARNING:colcon.colcon_ros.prefix_path.ament:The path '/opt/ros2/humble/install/rqt_console' in the environment variable AMENT_PREFIX_PATH doesn't exist
[17.572s] WARNING:colcon.colcon_ros.prefix_path.ament:The path '/opt/ros2/humble/install/rqt' in the environment variable AMENT_PREFIX_PATH doesn't exist
[17.574s] WARNING:colcon.colcon_ros.prefix_path.ament:The path '/opt/ros2/humble/install/rqt_py_common' in the environment variable AMENT_PREFIX_PATH doesn't exist
[17.575s] WARNING:colcon.colcon_ros.prefix_path.ament:The path '/opt/ros2/humble/install/rqt_graph' in the environment variable AMENT_PREFIX_PATH doesn't exist
[17.576s] WARNING:colcon.colcon_ros.prefix_path.ament:The path '/opt/ros2/humble/install/rqt_gui_py' in the environment variable AMENT_PREFIX_PATH doesn't exist
[17.577s] WARNING:colcon.colcon_ros.prefix_path.ament:The path '/opt/ros2/humble/install/rqt_gui' in the environment variable AMENT_PREFIX_PATH doesn't exist
[17.633s] WARNING:colcon.colcon_ros.prefix_path.ament:The path '/opt/ros2/humble/install/demo_nodes_cpp' in the environment variable AMENT_PREFIX_PATH doesn't exist
[17.639s] WARNING:colcon.colcon_ros.prefix_path.ament:The path '/opt/ros2/humble/install/examples_rclpy_pointcloud_publisher' in the environment variable AMENT_PREFIX_PATH doesn't exist
[17.641s] WARNING:colcon.colcon_ros.prefix_path.ament:The path '/opt/ros2/humble/install/examples_rclpy_minimal_subscriber' in the environment variable AMENT_PREFIX_PATH doesn't exist
[17.642s] WARNING:colcon.colcon_ros.prefix_path.ament:The path '/opt/ros2/humble/install/examples_rclpy_minimal_service' in the environment variable AMENT_PREFIX_PATH doesn't exist
[17.643s] WARNING:colcon.colcon_ros.prefix_path.ament:The path '/opt/ros2/humble/install/examples_rclpy_minimal_publisher' in the environment variable AMENT_PREFIX_PATH doesn't exist
[17.645s] WARNING:colcon.colcon_ros.prefix_path.ament:The path '/opt/ros2/humble/install/examples_rclpy_minimal_client' in the environment variable AMENT_PREFIX_PATH doesn't exist
[17.646s] WARNING:colcon.colcon_ros.prefix_path.ament:The path '/opt/ros2/humble/install/examples_rclpy_minimal_action_server' in the environment variable AMENT_PREFIX_PATH doesn't exist
[17.647s] WARNING:colcon.colcon_ros.prefix_path.ament:The path '/opt/ros2/humble/install/examples_rclpy_minimal_action_client' in the environment variable AMENT_PREFIX_PATH doesn't exist
[17.650s] WARNING:colcon.colcon_ros.prefix_path.ament:The path '/opt/ros2/humble/install/examples_rclpy_guard_conditions' in the environment variable AMENT_PREFIX_PATH doesn't exist
[17.651s] WARNING:colcon.colcon_ros.prefix_path.ament:The path '/opt/ros2/humble/install/examples_rclpy_executors' in the environment variable AMENT_PREFIX_PATH doesn't exist
[17.656s] WARNING:colcon.colcon_ros.prefix_path.ament:The path '/opt/ros2/humble/install/demo_nodes_py' in the environment variable AMENT_PREFIX_PATH doesn't exist
[17.665s] WARNING:colcon.colcon_ros.prefix_path.ament:The path '/opt/ros2/humble/install/examples_rclcpp_minimal_action_server' in the environment variable AMENT_PREFIX_PATH doesn't exist
[17.671s] WARNING:colcon.colcon_ros.prefix_path.ament:The path '/opt/ros2/humble/install/examples_rclcpp_minimal_action_client' in the environment variable AMENT_PREFIX_PATH doesn't exist
[17.680s] WARNING:colcon.colcon_ros.prefix_path.ament:The path '/opt/ros2/humble/install/examples_rclcpp_wait_set' in the environment variable AMENT_PREFIX_PATH doesn't exist
[17.683s] WARNING:colcon.colcon_ros.prefix_path.ament:The path '/opt/ros2/humble/install/examples_rclcpp_minimal_service' in the environment variable AMENT_PREFIX_PATH doesn't exist
[17.687s] WARNING:colcon.colcon_ros.prefix_path.ament:The path '/opt/ros2/humble/install/examples_rclcpp_minimal_client' in the environment variable AMENT_PREFIX_PATH doesn't exist
[17.691s] WARNING:colcon.colcon_ros.prefix_path.ament:The path '/opt/ros2/humble/install/examples_rclcpp_async_client' in the environment variable AMENT_PREFIX_PATH doesn't exist
[17.694s] WARNING:colcon.colcon_ros.prefix_path.ament:The path '/opt/ros2/humble/install/example_interfaces' in the environment variable AMENT_PREFIX_PATH doesn't exist
[18.220s] WARNING:colcon.colcon_ros.prefix_path.ament:The path '/opt/ros2/humble/install/test_tracetools' in the environment variable AMENT_PREFIX_PATH doesn't exist
[18.222s] WARNING:colcon.colcon_ros.prefix_path.ament:The path '/opt/ros2/humble/install/rqt_gui_cpp' in the environment variable AMENT_PREFIX_PATH doesn't exist
[18.247s] WARNING:colcon.colcon_ros.prefix_path.ament:The path '/opt/ros2/humble/install/examples_rclcpp_minimal_subscriber' in the environment variable AMENT_PREFIX_PATH doesn't exist
[18.253s] WARNING:colcon.colcon_ros.prefix_path.ament:The path '/opt/ros2/humble/install/examples_rclcpp_minimal_composition' in the environment variable AMENT_PREFIX_PATH doesn't exist
[18.254s] WARNING:colcon.colcon_ros.prefix_path.ament:The path '/opt/ros2/humble/install/demo_nodes_cpp_native' in the environment variable AMENT_PREFIX_PATH doesn't exist
[18.258s] WARNING:colcon.colcon_ros.prefix_path.ament:The path '/opt/ros2/humble/install/examples_rclcpp_multithreaded_executor' in the environment variable AMENT_PREFIX_PATH doesn't exist
[18.260s] WARNING:colcon.colcon_ros.prefix_path.ament:The path '/opt/ros2/humble/install/examples_rclcpp_minimal_timer' in the environment variable AMENT_PREFIX_PATH doesn't exist
[18.261s] WARNING:colcon.colcon_ros.prefix_path.ament:The path '/opt/ros2/humble/install/examples_rclcpp_minimal_publisher' in the environment variable AMENT_PREFIX_PATH doesn't exist
[18.263s] WARNING:colcon.colcon_ros.prefix_path.ament:The path '/opt/ros2/humble/install/examples_rclcpp_cbg_executor' in the environment variable AMENT_PREFIX_PATH doesn't exist
[18.282s] WARNING:colcon.colcon_ros.prefix_path.ament:The path '/opt/ros2/humble/install/qt_gui_core' in the environment variable AMENT_PREFIX_PATH doesn't exist
[18.284s] WARNING:colcon.colcon_ros.prefix_path.ament:The path '/opt/ros2/humble/install/qt_gui_cpp' in the environment variable AMENT_PREFIX_PATH doesn't exist
[18.291s] WARNING:colcon.colcon_ros.prefix_path.ament:The path '/opt/ros2/humble/install/test_tracetools_launch' in the environment variable AMENT_PREFIX_PATH doesn't exist
[18.292s] WARNING:colcon.colcon_ros.prefix_path.ament:The path '/opt/ros2/humble/install/test_security' in the environment variable AMENT_PREFIX_PATH doesn't exist
[18.294s] WARNING:colcon.colcon_ros.prefix_path.ament:The path '/opt/ros2/humble/install/test_rmw_implementation' in the environment variable AMENT_PREFIX_PATH doesn't exist
[18.295s] WARNING:colcon.colcon_ros.prefix_path.ament:The path '/opt/ros2/humble/install/test_rclcpp' in the environment variable AMENT_PREFIX_PATH doesn't exist
[18.297s] WARNING:colcon.colcon_ros.prefix_path.ament:The path '/opt/ros2/humble/install/test_quality_of_service' in the environment variable AMENT_PREFIX_PATH doesn't exist
[18.298s] WARNING:colcon.colcon_ros.prefix_path.ament:The path '/opt/ros2/humble/install/test_launch_testing' in the environment variable AMENT_PREFIX_PATH doesn't exist
[18.299s] WARNING:colcon.colcon_ros.prefix_path.ament:The path '/opt/ros2/humble/install/test_launch_ros' in the environment variable AMENT_PREFIX_PATH doesn't exist
[18.301s] WARNING:colcon.colcon_ros.prefix_path.ament:The path '/opt/ros2/humble/install/test_interface_files' in the environment variable AMENT_PREFIX_PATH doesn't exist
[18.302s] WARNING:colcon.colcon_ros.prefix_path.ament:The path '/opt/ros2/humble/install/test_communication' in the environment variable AMENT_PREFIX_PATH doesn't exist
[18.303s] WARNING:colcon.colcon_ros.prefix_path.ament:The path '/opt/ros2/humble/install/test_cli_remapping' in the environment variable AMENT_PREFIX_PATH doesn't exist
[18.305s] WARNING:colcon.colcon_ros.prefix_path.ament:The path '/opt/ros2/humble/install/test_cli' in the environment variable AMENT_PREFIX_PATH doesn't exist
[18.306s] WARNING:colcon.colcon_ros.prefix_path.ament:The path '/opt/ros2/humble/install/qt_gui_app' in the environment variable AMENT_PREFIX_PATH doesn't exist
[18.307s] WARNING:colcon.colcon_ros.prefix_path.ament:The path '/opt/ros2/humble/install/qt_gui' in the environment variable AMENT_PREFIX_PATH doesn't exist
[18.329s] WARNING:colcon.colcon_ros.prefix_path.ament:The path '/opt/ros2/humble/install/rviz_rendering_tests' in the environment variable AMENT_PREFIX_PATH doesn't exist
[18.331s] WARNING:colcon.colcon_ros.prefix_path.ament:The path '/opt/ros2/humble/install/rviz_rendering' in the environment variable AMENT_PREFIX_PATH doesn't exist
[18.332s] WARNING:colcon.colcon_ros.prefix_path.ament:The path '/opt/ros2/humble/install/rviz_ogre_vendor' in the environment variable AMENT_PREFIX_PATH doesn't exist
[18.334s] WARNING:colcon.colcon_ros.prefix_path.ament:The path '/opt/ros2/humble/install/rviz_assimp_vendor' in the environment variable AMENT_PREFIX_PATH doesn't exist
[18.380s] WARNING:colcon.colcon_ros.prefix_path.ament:The path '/opt/ros2/humble/install/qt_gui_py_common' in the environment variable AMENT_PREFIX_PATH doesn't exist
[18.381s] WARNING:colcon.colcon_ros.prefix_path.ament:The path '/opt/ros2/humble/install/qt_dotgraph' in the environment variable AMENT_PREFIX_PATH doesn't exist
[18.460s] WARNING:colcon.colcon_ros.prefix_path.catkin:The path '/opt/olive/packages/install/position_control' in the environment variable CMAKE_PREFIX_PATH doesn't exist
[18.463s] WARNING:colcon.colcon_ros.prefix_path.catkin:The path '/opt/ros2/humble/install/rviz_visual_testing_framework' in the environment variable CMAKE_PREFIX_PATH doesn't exist
[18.464s] WARNING:colcon.colcon_ros.prefix_path.catkin:The path '/opt/ros2/humble/install/rviz2' in the environment variable CMAKE_PREFIX_PATH doesn't exist
[18.465s] WARNING:colcon.colcon_ros.prefix_path.catkin:The path '/opt/ros2/humble/install/rviz_default_plugins' in the environment variable CMAKE_PREFIX_PATH doesn't exist
[18.467s] WARNING:colcon.colcon_ros.prefix_path.catkin:The path '/opt/ros2/humble/install/rviz_common' in the environment variable CMAKE_PREFIX_PATH doesn't exist
[18.475s] WARNING:colcon.colcon_ros.prefix_path.catkin:The path '/opt/ros2/humble/install/test_tf2' in the environment variable CMAKE_PREFIX_PATH doesn't exist
[18.478s] WARNING:colcon.colcon_ros.prefix_path.catkin:The path '/opt/ros2/humble/install/test_msgs' in the environment variable CMAKE_PREFIX_PATH doesn't exist
[18.480s] WARNING:colcon.colcon_ros.prefix_path.catkin:The path '/opt/ros2/humble/install/rqt_py_common' in the environment variable CMAKE_PREFIX_PATH doesn't exist
[18.482s] WARNING:colcon.colcon_ros.prefix_path.catkin:The path '/opt/ros2/humble/install/demo_nodes_cpp' in the environment variable CMAKE_PREFIX_PATH doesn't exist
[18.484s] WARNING:colcon.colcon_ros.prefix_path.catkin:The path '/opt/ros2/humble/install/examples_rclcpp_minimal_action_server' in the environment variable CMAKE_PREFIX_PATH doesn't exist
[18.485s] WARNING:colcon.colcon_ros.prefix_path.catkin:The path '/opt/ros2/humble/install/examples_rclcpp_minimal_action_client' in the environment variable CMAKE_PREFIX_PATH doesn't exist
[18.487s] WARNING:colcon.colcon_ros.prefix_path.catkin:The path '/opt/ros2/humble/install/examples_rclcpp_wait_set' in the environment variable CMAKE_PREFIX_PATH doesn't exist
[18.489s] WARNING:colcon.colcon_ros.prefix_path.catkin:The path '/opt/ros2/humble/install/examples_rclcpp_minimal_service' in the environment variable CMAKE_PREFIX_PATH doesn't exist
[18.490s] WARNING:colcon.colcon_ros.prefix_path.catkin:The path '/opt/ros2/humble/install/examples_rclcpp_minimal_client' in the environment variable CMAKE_PREFIX_PATH doesn't exist
[18.491s] WARNING:colcon.colcon_ros.prefix_path.catkin:The path '/opt/ros2/humble/install/examples_rclcpp_async_client' in the environment variable CMAKE_PREFIX_PATH doesn't exist
[18.493s] WARNING:colcon.colcon_ros.prefix_path.catkin:The path '/opt/ros2/humble/install/example_interfaces' in the environment variable CMAKE_PREFIX_PATH doesn't exist
[18.496s] WARNING:colcon.colcon_ros.prefix_path.catkin:The path '/opt/ros2/humble/install/test_tracetools' in the environment variable CMAKE_PREFIX_PATH doesn't exist
[18.497s] WARNING:colcon.colcon_ros.prefix_path.catkin:The path '/opt/ros2/humble/install/rqt_gui_cpp' in the environment variable CMAKE_PREFIX_PATH doesn't exist
[18.499s] WARNING:colcon.colcon_ros.prefix_path.catkin:The path '/opt/ros2/humble/install/examples_rclcpp_minimal_subscriber' in the environment variable CMAKE_PREFIX_PATH doesn't exist
[18.501s] WARNING:colcon.colcon_ros.prefix_path.catkin:The path '/opt/ros2/humble/install/examples_rclcpp_minimal_composition' in the environment variable CMAKE_PREFIX_PATH doesn't exist
[18.502s] WARNING:colcon.colcon_ros.prefix_path.catkin:The path '/opt/ros2/humble/install/demo_nodes_cpp_native' in the environment variable CMAKE_PREFIX_PATH doesn't exist
[18.504s] WARNING:colcon.colcon_ros.prefix_path.catkin:The path '/opt/ros2/humble/install/examples_rclcpp_multithreaded_executor' in the environment variable CMAKE_PREFIX_PATH doesn't exist
[18.505s] WARNING:colcon.colcon_ros.prefix_path.catkin:The path '/opt/ros2/humble/install/examples_rclcpp_minimal_timer' in the environment variable CMAKE_PREFIX_PATH doesn't exist
[18.506s] WARNING:colcon.colcon_ros.prefix_path.catkin:The path '/opt/ros2/humble/install/examples_rclcpp_minimal_publisher' in the environment variable CMAKE_PREFIX_PATH doesn't exist
[18.508s] WARNING:colcon.colcon_ros.prefix_path.catkin:The path '/opt/ros2/humble/install/examples_rclcpp_cbg_executor' in the environment variable CMAKE_PREFIX_PATH doesn't exist
[18.511s] WARNING:colcon.colcon_ros.prefix_path.catkin:The path '/opt/ros2/humble/install/qt_gui_core' in the environment variable CMAKE_PREFIX_PATH doesn't exist
[18.512s] WARNING:colcon.colcon_ros.prefix_path.catkin:The path '/opt/ros2/humble/install/qt_gui_cpp' in the environment variable CMAKE_PREFIX_PATH doesn't exist
[18.514s] WARNING:colcon.colcon_ros.prefix_path.catkin:The path '/opt/ros2/humble/install/test_security' in the environment variable CMAKE_PREFIX_PATH doesn't exist
[18.516s] WARNING:colcon.colcon_ros.prefix_path.catkin:The path '/opt/ros2/humble/install/test_rmw_implementation' in the environment variable CMAKE_PREFIX_PATH doesn't exist
[18.517s] WARNING:colcon.colcon_ros.prefix_path.catkin:The path '/opt/ros2/humble/install/test_rclcpp' in the environment variable CMAKE_PREFIX_PATH doesn't exist
[18.518s] WARNING:colcon.colcon_ros.prefix_path.catkin:The path '/opt/ros2/humble/install/test_quality_of_service' in the environment variable CMAKE_PREFIX_PATH doesn't exist
[18.520s] WARNING:colcon.colcon_ros.prefix_path.catkin:The path '/opt/ros2/humble/install/test_launch_testing' in the environment variable CMAKE_PREFIX_PATH doesn't exist
[18.521s] WARNING:colcon.colcon_ros.prefix_path.catkin:The path '/opt/ros2/humble/install/test_interface_files' in the environment variable CMAKE_PREFIX_PATH doesn't exist
[18.522s] WARNING:colcon.colcon_ros.prefix_path.catkin:The path '/opt/ros2/humble/install/test_communication' in the environment variable CMAKE_PREFIX_PATH doesn't exist
[18.524s] WARNING:colcon.colcon_ros.prefix_path.catkin:The path '/opt/ros2/humble/install/test_cli_remapping' in the environment variable CMAKE_PREFIX_PATH doesn't exist
[18.525s] WARNING:colcon.colcon_ros.prefix_path.catkin:The path '/opt/ros2/humble/install/test_cli' in the environment variable CMAKE_PREFIX_PATH doesn't exist
[18.526s] WARNING:colcon.colcon_ros.prefix_path.catkin:The path '/opt/ros2/humble/install/qt_gui_app' in the environment variable CMAKE_PREFIX_PATH doesn't exist
[18.527s] WARNING:colcon.colcon_ros.prefix_path.catkin:The path '/opt/ros2/humble/install/qt_gui' in the environment variable CMAKE_PREFIX_PATH doesn't exist
[18.531s] WARNING:colcon.colcon_ros.prefix_path.catkin:The path '/opt/ros2/humble/install/rviz_rendering_tests' in the environment variable CMAKE_PREFIX_PATH doesn't exist
[18.533s] WARNING:colcon.colcon_ros.prefix_path.catkin:The path '/opt/ros2/humble/install/rviz_rendering' in the environment variable CMAKE_PREFIX_PATH doesn't exist
[18.534s] WARNING:colcon.colcon_ros.prefix_path.catkin:The path '/opt/ros2/humble/install/rviz_ogre_vendor' in the environment variable CMAKE_PREFIX_PATH doesn't exist
[18.535s] WARNING:colcon.colcon_ros.prefix_path.catkin:The path '/opt/ros2/humble/install/rviz_assimp_vendor' in the environment variable CMAKE_PREFIX_PATH doesn't exist
[18.543s] WARNING:colcon.colcon_ros.prefix_path.catkin:The path '/opt/ros2/humble/install/qt_gui_py_common' in the environment variable CMAKE_PREFIX_PATH doesn't exist
[18.544s] WARNING:colcon.colcon_ros.prefix_path.catkin:The path '/opt/ros2/humble/install/qt_dotgraph' in the environment variable CMAKE_PREFIX_PATH doesn't exist
[19.442s] DEBUG:colcon.colcon_core.event_handler.log_command:Invoking command in '/home/olive/workspace2/build/apriltag_detector': CMAKE_PREFIX_PATH=${CMAKE_PREFIX_PATH}:/home/olive/examples/install/shake_detector:/opt/ros2/humble/install/rqt_bag_plugins:/opt/ros2/humble/install/rqt_bag:/opt/ros2/humble/install/ros2bag:/opt/ros2/humble/install/tracetools_test:/opt/ros2/humble/install/tracetools_launch:/opt/ros2/humble/install/topic_monitor:/opt/ros2/humble/install/tf2_tools:/opt/ros2/humble/install/examples_tf2_py:/opt/ros2/humble/install/tf2_ros_py:/opt/ros2/humble/install/sros2:/opt/ros2/humble/install/rqt_topic:/opt/ros2/humble/install/rqt_srv:/opt/ros2/humble/install/rqt_shell:/opt/ros2/humble/install/rqt_service_caller:/opt/ros2/humble/install/rqt_reconfigure:/opt/ros2/humble/install/rqt_py_console:/opt/ros2/humble/install/rqt_publisher:/opt/ros2/humble/install/rqt_plot:/opt/ros2/humble/install/rqt_action:/opt/ros2/humble/install/rqt_msg:/opt/ros2/humble/install/rqt_console:/opt/ros2/humble/install/rqt:/opt/ros2/humble/install/rqt_graph:/opt/ros2/humble/install/rqt_gui_py:/opt/ros2/humble/install/rqt_gui:/opt/ros2/humble/install/ros2trace:/opt/ros2/humble/install/ros2topic:/opt/ros2/humble/install/ros2test:/opt/ros2/humble/install/ros2component:/opt/ros2/humble/install/ros2param:/opt/ros2/humble/install/ros2lifecycle:/opt/ros2/humble/install/ros2service:/opt/ros2/humble/install/ros2run:/opt/ros2/humble/install/ros2launch:/opt/ros2/humble/install/ros2pkg:/opt/ros2/humble/install/ros2node:/opt/ros2/humble/install/ros2multicast:/opt/ros2/humble/install/ros2interface:/opt/ros2/humble/install/ros2doctor:/opt/ros2/humble/install/ros2action:/opt/ros2/humble/install/ros2cli:/opt/ros2/humble/install/quality_of_service_demo_py:/opt/ros2/humble/install/lifecycle_py:/opt/ros2/humble/install/launch_testing_ros:/opt/ros2/humble/install/launch_ros:/opt/ros2/humble/install/examples_rclpy_pointcloud_publisher:/opt/ros2/humble/install/examples_rclpy_minimal_subscriber:/opt/ros2/humble/install/examples_rclpy_minimal_service:/opt/ros2/humble/install/examples_rclpy_minimal_publisher:/opt/ros2/humble/install/examples_rclpy_minimal_client:/opt/ros2/humble/install/examples_rclpy_minimal_action_server:/opt/ros2/humble/install/examples_rclpy_minimal_action_client:/opt/ros2/humble/install/examples_rclpy_guard_conditions:/opt/ros2/humble/install/examples_rclpy_executors:/opt/ros2/humble/install/demo_nodes_py:/opt/ros2/humble/install/action_tutorials_py:/opt/ros2/humble/install/ament_uncrustify:/opt/ros2/humble/install/tracetools_trace:/opt/ros2/humble/install/tracetools_read:/opt/ros2/humble/install/test_tracetools_launch:/opt/ros2/humble/install/test_launch_ros:/opt/ros2/humble/install/sensor_msgs_py:/opt/ros2/humble/install/rpyutils:/opt/ros2/humble/install/rosidl_runtime_py:/opt/ros2/humble/install/rosidl_cli:/opt/ros2/humble/install/launch_pytest:/opt/ros2/humble/install/launch_testing:/opt/ros2/humble/install/launch_yaml:/opt/ros2/humble/install/launch_xml:/opt/ros2/humble/install/launch:/opt/ros2/humble/install/osrf_pycommon:/opt/ros2/humble/install/launch_testing_examples:/opt/ros2/humble/install/domain_coordinator:/opt/ros2/humble/install/ament_xmllint:/opt/ros2/humble/install/ament_pyflakes:/opt/ros2/humble/install/ament_pycodestyle:/opt/ros2/humble/install/ament_pep257:/opt/ros2/humble/install/ament_pclint:/opt/ros2/humble/install/ament_package:/opt/ros2/humble/install/ament_mypy:/opt/ros2/humble/install/ament_lint_cmake:/opt/ros2/humble/install/ament_flake8:/opt/ros2/humble/install/ament_copyright:/opt/ros2/humble/install/ament_lint:/opt/ros2/humble/install/ament_index_python:/opt/ros2/humble/install/ament_cpplint:/opt/ros2/humble/install/ament_cppcheck:/opt/ros2/humble/install/ament_clang_tidy:/opt/ros2/humble/install/ament_clang_format /usr/bin/cmake /home/olive/workspace2/src/apriltag_detector -DCMAKE_INSTALL_PREFIX=/home/olive/workspace2/install/apriltag_detector
[54.698s] DEBUG:colcon.colcon_core.event_handler.log_command:Invoked command in '/home/olive/workspace2/build/apriltag_detector' returned '1': CMAKE_PREFIX_PATH=${CMAKE_PREFIX_PATH}:/home/olive/examples/install/shake_detector:/opt/ros2/humble/install/rqt_bag_plugins:/opt/ros2/humble/install/rqt_bag:/opt/ros2/humble/install/ros2bag:/opt/ros2/humble/install/tracetools_test:/opt/ros2/humble/install/tracetools_launch:/opt/ros2/humble/install/topic_monitor:/opt/ros2/humble/install/tf2_tools:/opt/ros2/humble/install/examples_tf2_py:/opt/ros2/humble/install/tf2_ros_py:/opt/ros2/humble/install/sros2:/opt/ros2/humble/install/rqt_topic:/opt/ros2/humble/install/rqt_srv:/opt/ros2/humble/install/rqt_shell:/opt/ros2/humble/install/rqt_service_caller:/opt/ros2/humble/install/rqt_reconfigure:/opt/ros2/humble/install/rqt_py_console:/opt/ros2/humble/install/rqt_publisher:/opt/ros2/humble/install/rqt_plot:/opt/ros2/humble/install/rqt_action:/opt/ros2/humble/install/rqt_msg:/opt/ros2/humble/install/rqt_console:/opt/ros2/humble/install/rqt:/opt/ros2/humble/install/rqt_graph:/opt/ros2/humble/install/rqt_gui_py:/opt/ros2/humble/install/rqt_gui:/opt/ros2/humble/install/ros2trace:/opt/ros2/humble/install/ros2topic:/opt/ros2/humble/install/ros2test:/opt/ros2/humble/install/ros2component:/opt/ros2/humble/install/ros2param:/opt/ros2/humble/install/ros2lifecycle:/opt/ros2/humble/install/ros2service:/opt/ros2/humble/install/ros2run:/opt/ros2/humble/install/ros2launch:/opt/ros2/humble/install/ros2pkg:/opt/ros2/humble/install/ros2node:/opt/ros2/humble/install/ros2multicast:/opt/ros2/humble/install/ros2interface:/opt/ros2/humble/install/ros2doctor:/opt/ros2/humble/install/ros2action:/opt/ros2/humble/install/ros2cli:/opt/ros2/humble/install/quality_of_service_demo_py:/opt/ros2/humble/install/lifecycle_py:/opt/ros2/humble/install/launch_testing_ros:/opt/ros2/humble/install/launch_ros:/opt/ros2/humble/install/examples_rclpy_pointcloud_publisher:/opt/ros2/humble/install/examples_rclpy_minimal_subscriber:/opt/ros2/humble/install/examples_rclpy_minimal_service:/opt/ros2/humble/install/examples_rclpy_minimal_publisher:/opt/ros2/humble/install/examples_rclpy_minimal_client:/opt/ros2/humble/install/examples_rclpy_minimal_action_server:/opt/ros2/humble/install/examples_rclpy_minimal_action_client:/opt/ros2/humble/install/examples_rclpy_guard_conditions:/opt/ros2/humble/install/examples_rclpy_executors:/opt/ros2/humble/install/demo_nodes_py:/opt/ros2/humble/install/action_tutorials_py:/opt/ros2/humble/install/ament_uncrustify:/opt/ros2/humble/install/tracetools_trace:/opt/ros2/humble/install/tracetools_read:/opt/ros2/humble/install/test_tracetools_launch:/opt/ros2/humble/install/test_launch_ros:/opt/ros2/humble/install/sensor_msgs_py:/opt/ros2/humble/install/rpyutils:/opt/ros2/humble/install/rosidl_runtime_py:/opt/ros2/humble/install/rosidl_cli:/opt/ros2/humble/install/launch_pytest:/opt/ros2/humble/install/launch_testing:/opt/ros2/humble/install/launch_yaml:/opt/ros2/humble/install/launch_xml:/opt/ros2/humble/install/launch:/opt/ros2/humble/install/osrf_pycommon:/opt/ros2/humble/install/launch_testing_examples:/opt/ros2/humble/install/domain_coordinator:/opt/ros2/humble/install/ament_xmllint:/opt/ros2/humble/install/ament_pyflakes:/opt/ros2/humble/install/ament_pycodestyle:/opt/ros2/humble/install/ament_pep257:/opt/ros2/humble/install/ament_pclint:/opt/ros2/humble/install/ament_package:/opt/ros2/humble/install/ament_mypy:/opt/ros2/humble/install/ament_lint_cmake:/opt/ros2/humble/install/ament_flake8:/opt/ros2/humble/install/ament_copyright:/opt/ros2/humble/install/ament_lint:/opt/ros2/humble/install/ament_index_python:/opt/ros2/humble/install/ament_cpplint:/opt/ros2/humble/install/ament_cppcheck:/opt/ros2/humble/install/ament_clang_tidy:/opt/ros2/humble/install/ament_clang_format /usr/bin/cmake /home/olive/workspace2/src/apriltag_detector -DCMAKE_INSTALL_PREFIX=/home/olive/workspace2/install/apriltag_detector
[55.137s] Level 1:colcon.colcon_core.environment:create_environment_scripts_only(apriltag_detector)
[55.328s] Level 1:colcon.colcon_core.environment:checking '/home/olive/workspace2/install/apriltag_detector' for CMake module files
[55.336s] Level 1:colcon.colcon_core.environment:checking '/home/olive/workspace2/install/apriltag_detector' for CMake config files
[55.343s] Level 1:colcon.colcon_core.environment:checking '/home/olive/workspace2/install/apriltag_detector/bin'
[55.345s] Level 1:colcon.colcon_core.environment:checking '/home/olive/workspace2/install/apriltag_detector/lib/pkgconfig/apriltag_detector.pc'
[55.346s] Level 1:colcon.colcon_core.environment:checking '/home/olive/workspace2/install/apriltag_detector/lib/python3.9/site-packages'
[55.364s] INFO:colcon.colcon_core.shell:Creating package script '/home/olive/workspace2/install/apriltag_detector/share/apriltag_detector/package.ps1'
[55.382s] INFO:colcon.colcon_core.shell:Creating package descriptor '/home/olive/workspace2/install/apriltag_detector/share/apriltag_detector/package.dsv'
[55.391s] INFO:colcon.colcon_core.shell:Creating package script '/home/olive/workspace2/install/apriltag_detector/share/apriltag_detector/package.sh'
[55.405s] INFO:colcon.colcon_core.shell:Creating package script '/home/olive/workspace2/install/apriltag_detector/share/apriltag_detector/package.bash'
[55.421s] INFO:colcon.colcon_core.shell:Creating package script '/home/olive/workspace2/install/apriltag_detector/share/apriltag_detector/package.zsh'
[55.435s] Level 1:colcon.colcon_core.environment:create_file_with_runtime_dependencies(/home/olive/workspace2/install/apriltag_detector/share/colcon-core/packages/apriltag_detector)
[55.451s] DEBUG:colcon.colcon_parallel_executor.executor.parallel:closing loop
[55.453s] DEBUG:colcon.colcon_parallel_executor.executor.parallel:loop closed
[55.454s] DEBUG:colcon.colcon_parallel_executor.executor.parallel:run_until_complete finished with '1'
[55.455s] DEBUG:colcon.colcon_core.event_reactor:joining thread
[55.740s] INFO:colcon.colcon_core.plugin_system:Skipping extension 'colcon_notification.desktop_notification.notify_send': Could not find 'notify-send'
[55.742s] INFO:colcon.colcon_core.plugin_system:Skipping extension 'colcon_notification.desktop_notification.terminal_notifier': Not used on non-Darwin systems
[55.744s] INFO:colcon.colcon_core.plugin_system:Skipping extension 'colcon_notification.desktop_notification.win32': Not used on non-Windows systems
[55.744s] INFO:colcon.colcon_notification.desktop_notification:Sending desktop notification using 'notify2'
[55.746s] DEBUG:colcon.colcon_notification.desktop_notification.notify2:Failed to initialize notify2: org.freedesktop.DBus.Error.NotSupported: Unable to autolaunch a dbus-daemon without a $DISPLAY for X11
[55.747s] DEBUG:colcon.colcon_core.event_reactor:joined thread
[55.765s] INFO:colcon.colcon_core.shell:Creating prefix script '/home/olive/workspace2/install/local_setup.ps1'
[55.782s] INFO:colcon.colcon_core.shell:Creating prefix util module '/home/olive/workspace2/install/_local_setup_util_ps1.py'
[55.807s] INFO:colcon.colcon_core.shell:Creating prefix chain script '/home/olive/workspace2/install/setup.ps1'
[56.086s] INFO:colcon.colcon_core.shell:Creating prefix script '/home/olive/workspace2/install/local_setup.sh'
[56.098s] INFO:colcon.colcon_core.shell:Creating prefix util module '/home/olive/workspace2/install/_local_setup_util_sh.py'
[56.107s] INFO:colcon.colcon_core.shell:Creating prefix chain script '/home/olive/workspace2/install/setup.sh'
[56.390s] INFO:colcon.colcon_core.shell:Creating prefix script '/home/olive/workspace2/install/local_setup.bash'
[56.437s] INFO:colcon.colcon_core.shell:Creating prefix chain script '/home/olive/workspace2/install/setup.bash'
[56.854s] INFO:colcon.colcon_core.shell:Creating prefix script '/home/olive/workspace2/install/local_setup.zsh'
[56.865s] INFO:colcon.colcon_core.shell:Creating prefix chain script '/home/olive/workspace2/install/setup.zsh'
