[11.293s] DEBUG:colcon:Command line arguments: ['/usr/bin/colcon', 'build']
[11.294s] DEBUG:colcon:Parsed command line arguments: Namespace(log_base=None, log_level=None, verb_name='build', build_base='build', install_base='install', merge_install=False, symlink_install=False, test_result_base=None, continue_on_error=False, executor='parallel', parallel_workers=2, event_handlers=None, ignore_user_meta=False, metas=['./colcon.meta'], base_paths=['.'], packages_ignore=None, packages_ignore_regex=None, paths=None, packages_up_to=None, packages_up_to_regex=None, packages_above=None, packages_above_and_dependencies=None, packages_above_depth=None, packages_select_by_dep=None, packages_skip_by_dep=None, packages_skip_up_to=None, packages_select_build_failed=False, packages_skip_build_finished=False, packages_select_test_failures=False, packages_skip_test_passed=False, packages_select=None, packages_skip=None, packages_select_regex=None, packages_skip_regex=None, packages_start=None, packages_end=None, cmake_args=None, cmake_target=None, cmake_target_skip_unavailable=False, cmake_clean_cache=False, cmake_clean_first=False, cmake_force_configure=False, ament_cmake_args=None, catkin_cmake_args=None, catkin_skip_building_tests=False, verb_parser=<colcon_defaults.argument_parser.defaults.DefaultArgumentsDecorator object at 0xb5ff2130>, verb_extension=<colcon_core.verb.build.BuildVerb object at 0xb5fdcd48>, main=<bound method BuildVerb.main of <colcon_core.verb.build.BuildVerb object at 0xb5fdcd48>>)
[11.533s] Level 1:colcon.colcon_core.package_discovery:discover_packages(colcon_meta) check parameters
[11.535s] Level 1:colcon.colcon_core.package_discovery:discover_packages(recursive) check parameters
[11.536s] Level 1:colcon.colcon_core.package_discovery:discover_packages(ignore) check parameters
[11.536s] Level 1:colcon.colcon_core.package_discovery:discover_packages(path) check parameters
[11.537s] Level 1:colcon.colcon_core.package_discovery:discover_packages(colcon_meta) discover
[11.538s] Level 1:colcon.colcon_core.package_discovery:discover_packages(recursive) discover
[11.539s] INFO:colcon.colcon_core.package_discovery:Crawling recursively for packages in '/home/olive/workspace2'
[11.540s] Level 1:colcon.colcon_core.package_identification:_identify(.) by extensions ['ignore', 'ignore_ament_install']
[11.542s] Level 1:colcon.colcon_core.package_identification:_identify(.) by extension 'ignore'
[11.543s] Level 1:colcon.colcon_core.package_identification:_identify(.) by extension 'ignore_ament_install'
[11.545s] Level 1:colcon.colcon_core.package_identification:_identify(.) by extensions ['colcon_pkg']
[11.546s] Level 1:colcon.colcon_core.package_identification:_identify(.) by extension 'colcon_pkg'
[11.547s] Level 1:colcon.colcon_core.package_identification:_identify(.) by extensions ['colcon_meta']
[11.547s] Level 1:colcon.colcon_core.package_identification:_identify(.) by extension 'colcon_meta'
[11.548s] Level 1:colcon.colcon_core.package_identification:_identify(.) by extensions ['ros']
[11.549s] Level 1:colcon.colcon_core.package_identification:_identify(.) by extension 'ros'
[11.794s] Level 1:colcon.colcon_core.package_identification:_identify(.) by extensions ['cmake', 'python']
[11.795s] Level 1:colcon.colcon_core.package_identification:_identify(.) by extension 'cmake'
[11.796s] Level 1:colcon.colcon_core.package_identification:_identify(.) by extension 'python'
[11.797s] Level 1:colcon.colcon_core.package_identification:_identify(.) by extensions ['python_setup_py']
[11.798s] Level 1:colcon.colcon_core.package_identification:_identify(.) by extension 'python_setup_py'
[11.800s] Level 1:colcon.colcon_core.package_identification:_identify(build) by extensions ['ignore', 'ignore_ament_install']
[11.802s] Level 1:colcon.colcon_core.package_identification:_identify(build) by extension 'ignore'
[11.803s] Level 1:colcon.colcon_core.package_identification:_identify(build) ignored
[11.805s] Level 1:colcon.colcon_core.package_identification:_identify(install) by extensions ['ignore', 'ignore_ament_install']
[11.807s] Level 1:colcon.colcon_core.package_identification:_identify(install) by extension 'ignore'
[11.808s] Level 1:colcon.colcon_core.package_identification:_identify(install) ignored
[11.810s] Level 1:colcon.colcon_core.package_identification:_identify(log) by extensions ['ignore', 'ignore_ament_install']
[11.812s] Level 1:colcon.colcon_core.package_identification:_identify(log) by extension 'ignore'
[11.813s] Level 1:colcon.colcon_core.package_identification:_identify(log) ignored
[11.814s] Level 1:colcon.colcon_core.package_identification:_identify(src) by extensions ['ignore', 'ignore_ament_install']
[11.816s] Level 1:colcon.colcon_core.package_identification:_identify(src) by extension 'ignore'
[11.817s] Level 1:colcon.colcon_core.package_identification:_identify(src) by extension 'ignore_ament_install'
[11.819s] Level 1:colcon.colcon_core.package_identification:_identify(src) by extensions ['colcon_pkg']
[11.819s] Level 1:colcon.colcon_core.package_identification:_identify(src) by extension 'colcon_pkg'
[11.820s] Level 1:colcon.colcon_core.package_identification:_identify(src) by extensions ['colcon_meta']
[11.821s] Level 1:colcon.colcon_core.package_identification:_identify(src) by extension 'colcon_meta'
[11.822s] Level 1:colcon.colcon_core.package_identification:_identify(src) by extensions ['ros']
[11.823s] Level 1:colcon.colcon_core.package_identification:_identify(src) by extension 'ros'
[11.825s] Level 1:colcon.colcon_core.package_identification:_identify(src) by extensions ['cmake', 'python']
[11.826s] Level 1:colcon.colcon_core.package_identification:_identify(src) by extension 'cmake'
[11.827s] Level 1:colcon.colcon_core.package_identification:_identify(src) by extension 'python'
[11.828s] Level 1:colcon.colcon_core.package_identification:_identify(src) by extensions ['python_setup_py']
[11.829s] Level 1:colcon.colcon_core.package_identification:_identify(src) by extension 'python_setup_py'
[11.831s] Level 1:colcon.colcon_core.package_identification:_identify(src/apriltag_detector) by extensions ['ignore', 'ignore_ament_install']
[11.833s] Level 1:colcon.colcon_core.package_identification:_identify(src/apriltag_detector) by extension 'ignore'
[11.834s] Level 1:colcon.colcon_core.package_identification:_identify(src/apriltag_detector) by extension 'ignore_ament_install'
[11.835s] Level 1:colcon.colcon_core.package_identification:_identify(src/apriltag_detector) by extensions ['colcon_pkg']
[11.836s] Level 1:colcon.colcon_core.package_identification:_identify(src/apriltag_detector) by extension 'colcon_pkg'
[11.837s] Level 1:colcon.colcon_core.package_identification:_identify(src/apriltag_detector) by extensions ['colcon_meta']
[11.838s] Level 1:colcon.colcon_core.package_identification:_identify(src/apriltag_detector) by extension 'colcon_meta'
[11.839s] Level 1:colcon.colcon_core.package_identification:_identify(src/apriltag_detector) by extensions ['ros']
[11.840s] Level 1:colcon.colcon_core.package_identification:_identify(src/apriltag_detector) by extension 'ros'
[12.061s] DEBUG:colcon.colcon_core.package_identification:Package 'src/apriltag_detector' with type 'ros.ament_cmake' and name 'apriltag_detector'
[12.063s] Level 1:colcon.colcon_core.package_identification:_identify(src/apriltag_msgs) by extensions ['ignore', 'ignore_ament_install']
[12.065s] Level 1:colcon.colcon_core.package_identification:_identify(src/apriltag_msgs) by extension 'ignore'
[12.066s] Level 1:colcon.colcon_core.package_identification:_identify(src/apriltag_msgs) by extension 'ignore_ament_install'
[12.067s] Level 1:colcon.colcon_core.package_identification:_identify(src/apriltag_msgs) by extensions ['colcon_pkg']
[12.068s] Level 1:colcon.colcon_core.package_identification:_identify(src/apriltag_msgs) by extension 'colcon_pkg'
[12.069s] Level 1:colcon.colcon_core.package_identification:_identify(src/apriltag_msgs) by extensions ['colcon_meta']
[12.070s] Level 1:colcon.colcon_core.package_identification:_identify(src/apriltag_msgs) by extension 'colcon_meta'
[12.071s] Level 1:colcon.colcon_core.package_identification:_identify(src/apriltag_msgs) by extensions ['ros']
[12.072s] Level 1:colcon.colcon_core.package_identification:_identify(src/apriltag_msgs) by extension 'ros'
[12.082s] DEBUG:colcon.colcon_core.package_identification:Package 'src/apriltag_msgs' with type 'ros.ament_cmake' and name 'apriltag_msgs'
[12.083s] Level 1:colcon.colcon_core.package_discovery:discover_packages(recursive) using defaults
[12.084s] Level 1:colcon.colcon_core.package_discovery:discover_packages(ignore) discover
[12.084s] Level 1:colcon.colcon_core.package_discovery:discover_packages(ignore) using defaults
[12.085s] Level 1:colcon.colcon_core.package_discovery:discover_packages(path) discover
[12.086s] Level 1:colcon.colcon_core.package_discovery:discover_packages(path) using defaults
[13.004s] Level 5:colcon.colcon_core.verb:set package 'apriltag_msgs' build argument 'cmake_args' from command line to 'None'
[13.005s] Level 5:colcon.colcon_core.verb:set package 'apriltag_msgs' build argument 'cmake_target' from command line to 'None'
[13.006s] Level 5:colcon.colcon_core.verb:set package 'apriltag_msgs' build argument 'cmake_target_skip_unavailable' from command line to 'False'
[13.007s] Level 5:colcon.colcon_core.verb:set package 'apriltag_msgs' build argument 'cmake_clean_cache' from command line to 'False'
[13.007s] Level 5:colcon.colcon_core.verb:set package 'apriltag_msgs' build argument 'cmake_clean_first' from command line to 'False'
[13.008s] Level 5:colcon.colcon_core.verb:set package 'apriltag_msgs' build argument 'cmake_force_configure' from command line to 'False'
[13.009s] Level 5:colcon.colcon_core.verb:set package 'apriltag_msgs' build argument 'ament_cmake_args' from command line to 'None'
[13.009s] Level 5:colcon.colcon_core.verb:set package 'apriltag_msgs' build argument 'catkin_cmake_args' from command line to 'None'
[13.010s] Level 5:colcon.colcon_core.verb:set package 'apriltag_msgs' build argument 'catkin_skip_building_tests' from command line to 'False'
[13.011s] DEBUG:colcon.colcon_core.verb:Building package 'apriltag_msgs' with the following arguments: {'ament_cmake_args': None, 'build_base': '/home/olive/workspace2/build/apriltag_msgs', 'catkin_cmake_args': None, 'catkin_skip_building_tests': False, 'cmake_args': None, 'cmake_clean_cache': False, 'cmake_clean_first': False, 'cmake_force_configure': False, 'cmake_target': None, 'cmake_target_skip_unavailable': False, 'install_base': '/home/olive/workspace2/install/apriltag_msgs', 'merge_install': False, 'path': '/home/olive/workspace2/src/apriltag_msgs', 'symlink_install': False, 'test_result_base': None}
[13.136s] Level 5:colcon.colcon_core.verb:set package 'apriltag_detector' build argument 'cmake_args' from command line to 'None'
[13.137s] Level 5:colcon.colcon_core.verb:set package 'apriltag_detector' build argument 'cmake_target' from command line to 'None'
[13.137s] Level 5:colcon.colcon_core.verb:set package 'apriltag_detector' build argument 'cmake_target_skip_unavailable' from command line to 'False'
[13.138s] Level 5:colcon.colcon_core.verb:set package 'apriltag_detector' build argument 'cmake_clean_cache' from command line to 'False'
[13.139s] Level 5:colcon.colcon_core.verb:set package 'apriltag_detector' build argument 'cmake_clean_first' from command line to 'False'
[13.139s] Level 5:colcon.colcon_core.verb:set package 'apriltag_detector' build argument 'cmake_force_configure' from command line to 'False'
[13.140s] Level 5:colcon.colcon_core.verb:set package 'apriltag_detector' build argument 'ament_cmake_args' from command line to 'None'
[13.141s] Level 5:colcon.colcon_core.verb:set package 'apriltag_detector' build argument 'catkin_cmake_args' from command line to 'None'
[13.141s] Level 5:colcon.colcon_core.verb:set package 'apriltag_detector' build argument 'catkin_skip_building_tests' from command line to 'False'
[13.142s] DEBUG:colcon.colcon_core.verb:Building package 'apriltag_detector' with the following arguments: {'ament_cmake_args': None, 'build_base': '/home/olive/workspace2/build/apriltag_detector', 'catkin_cmake_args': None, 'catkin_skip_building_tests': False, 'cmake_args': None, 'cmake_clean_cache': False, 'cmake_clean_first': False, 'cmake_force_configure': False, 'cmake_target': None, 'cmake_target_skip_unavailable': False, 'install_base': '/home/olive/workspace2/install/apriltag_detector', 'merge_install': False, 'path': '/home/olive/workspace2/src/apriltag_detector', 'symlink_install': False, 'test_result_base': None}
[13.153s] INFO:colcon.colcon_core.executor:Executing jobs using 'parallel' executor
[13.213s] DEBUG:colcon.colcon_parallel_executor.executor.parallel:run_until_complete
[13.218s] INFO:colcon.colcon_ros.task.ament_cmake.build:Building ROS package in '/home/olive/workspace2/src/apriltag_msgs' with build type 'ament_cmake'
[13.220s] INFO:colcon.colcon_cmake.task.cmake.build:Building CMake package in '/home/olive/workspace2/src/apriltag_msgs'
[13.357s] INFO:colcon.colcon_core.plugin_system:Skipping extension 'colcon_core.shell.bat': Not used on non-Windows systems
[13.360s] INFO:colcon.colcon_core.shell:Skip shell extension 'powershell' for command environment: Not usable outside of PowerShell
[13.361s] DEBUG:colcon.colcon_core.shell:Skip shell extension 'dsv' for command environment
[13.439s] WARNING:colcon.colcon_core.prefix_path.colcon:The path '/home/olive/examples/install' in the environment variable COLCON_PREFIX_PATH doesn't exist
[13.446s] WARNING:colcon.colcon_ros.prefix_path.ament:The path '/opt/olive/packages/install/position_control' in the environment variable AMENT_PREFIX_PATH doesn't exist
[13.447s] WARNING:colcon.colcon_ros.prefix_path.ament:The path '/home/olive/examples/install/shake_detector' in the environment variable AMENT_PREFIX_PATH doesn't exist
[13.449s] WARNING:colcon.colcon_ros.prefix_path.ament:The path '/opt/ros2/humble/install/rqt_bag_plugins' in the environment variable AMENT_PREFIX_PATH doesn't exist
[13.453s] WARNING:colcon.colcon_ros.prefix_path.ament:The path '/opt/ros2/humble/install/rviz_visual_testing_framework' in the environment variable AMENT_PREFIX_PATH doesn't exist
[13.455s] WARNING:colcon.colcon_ros.prefix_path.ament:The path '/opt/ros2/humble/install/rviz2' in the environment variable AMENT_PREFIX_PATH doesn't exist
[13.456s] WARNING:colcon.colcon_ros.prefix_path.ament:The path '/opt/ros2/humble/install/rviz_default_plugins' in the environment variable AMENT_PREFIX_PATH doesn't exist
[13.457s] WARNING:colcon.colcon_ros.prefix_path.ament:The path '/opt/ros2/humble/install/rviz_common' in the environment variable AMENT_PREFIX_PATH doesn't exist
[13.459s] WARNING:colcon.colcon_ros.prefix_path.ament:The path '/opt/ros2/humble/install/rqt_bag' in the environment variable AMENT_PREFIX_PATH doesn't exist
[13.479s] WARNING:colcon.colcon_ros.prefix_path.ament:The path '/opt/ros2/humble/install/test_tf2' in the environment variable AMENT_PREFIX_PATH doesn't exist
[13.482s] WARNING:colcon.colcon_ros.prefix_path.ament:The path '/opt/ros2/humble/install/examples_tf2_py' in the environment variable AMENT_PREFIX_PATH doesn't exist
[13.488s] WARNING:colcon.colcon_ros.prefix_path.ament:The path '/opt/ros2/humble/install/test_msgs' in the environment variable AMENT_PREFIX_PATH doesn't exist
[13.492s] WARNING:colcon.colcon_ros.prefix_path.ament:The path '/opt/ros2/humble/install/rqt_topic' in the environment variable AMENT_PREFIX_PATH doesn't exist
[13.493s] WARNING:colcon.colcon_ros.prefix_path.ament:The path '/opt/ros2/humble/install/rqt_srv' in the environment variable AMENT_PREFIX_PATH doesn't exist
[13.495s] WARNING:colcon.colcon_ros.prefix_path.ament:The path '/opt/ros2/humble/install/rqt_shell' in the environment variable AMENT_PREFIX_PATH doesn't exist
[13.496s] WARNING:colcon.colcon_ros.prefix_path.ament:The path '/opt/ros2/humble/install/rqt_service_caller' in the environment variable AMENT_PREFIX_PATH doesn't exist
[13.497s] WARNING:colcon.colcon_ros.prefix_path.ament:The path '/opt/ros2/humble/install/rqt_reconfigure' in the environment variable AMENT_PREFIX_PATH doesn't exist
[13.498s] WARNING:colcon.colcon_ros.prefix_path.ament:The path '/opt/ros2/humble/install/rqt_py_console' in the environment variable AMENT_PREFIX_PATH doesn't exist
[13.500s] WARNING:colcon.colcon_ros.prefix_path.ament:The path '/opt/ros2/humble/install/rqt_publisher' in the environment variable AMENT_PREFIX_PATH doesn't exist
[13.501s] WARNING:colcon.colcon_ros.prefix_path.ament:The path '/opt/ros2/humble/install/rqt_plot' in the environment variable AMENT_PREFIX_PATH doesn't exist
[13.502s] WARNING:colcon.colcon_ros.prefix_path.ament:The path '/opt/ros2/humble/install/rqt_action' in the environment variable AMENT_PREFIX_PATH doesn't exist
[13.503s] WARNING:colcon.colcon_ros.prefix_path.ament:The path '/opt/ros2/humble/install/rqt_msg' in the environment variable AMENT_PREFIX_PATH doesn't exist
[13.505s] WARNING:colcon.colcon_ros.prefix_path.ament:The path '/opt/ros2/humble/install/rqt_console' in the environment variable AMENT_PREFIX_PATH doesn't exist
[13.506s] WARNING:colcon.colcon_ros.prefix_path.ament:The path '/opt/ros2/humble/install/rqt' in the environment variable AMENT_PREFIX_PATH doesn't exist
[13.507s] WARNING:colcon.colcon_ros.prefix_path.ament:The path '/opt/ros2/humble/install/rqt_py_common' in the environment variable AMENT_PREFIX_PATH doesn't exist
[13.508s] WARNING:colcon.colcon_ros.prefix_path.ament:The path '/opt/ros2/humble/install/rqt_graph' in the environment variable AMENT_PREFIX_PATH doesn't exist
[13.509s] WARNING:colcon.colcon_ros.prefix_path.ament:The path '/opt/ros2/humble/install/rqt_gui_py' in the environment variable AMENT_PREFIX_PATH doesn't exist
[13.511s] WARNING:colcon.colcon_ros.prefix_path.ament:The path '/opt/ros2/humble/install/rqt_gui' in the environment variable AMENT_PREFIX_PATH doesn't exist
[13.532s] WARNING:colcon.colcon_ros.prefix_path.ament:The path '/opt/ros2/humble/install/demo_nodes_cpp' in the environment variable AMENT_PREFIX_PATH doesn't exist
[13.536s] WARNING:colcon.colcon_ros.prefix_path.ament:The path '/opt/ros2/humble/install/examples_rclpy_pointcloud_publisher' in the environment variable AMENT_PREFIX_PATH doesn't exist
[13.537s] WARNING:colcon.colcon_ros.prefix_path.ament:The path '/opt/ros2/humble/install/examples_rclpy_minimal_subscriber' in the environment variable AMENT_PREFIX_PATH doesn't exist
[13.539s] WARNING:colcon.colcon_ros.prefix_path.ament:The path '/opt/ros2/humble/install/examples_rclpy_minimal_service' in the environment variable AMENT_PREFIX_PATH doesn't exist
[13.540s] WARNING:colcon.colcon_ros.prefix_path.ament:The path '/opt/ros2/humble/install/examples_rclpy_minimal_publisher' in the environment variable AMENT_PREFIX_PATH doesn't exist
[13.541s] WARNING:colcon.colcon_ros.prefix_path.ament:The path '/opt/ros2/humble/install/examples_rclpy_minimal_client' in the environment variable AMENT_PREFIX_PATH doesn't exist
[13.543s] WARNING:colcon.colcon_ros.prefix_path.ament:The path '/opt/ros2/humble/install/examples_rclpy_minimal_action_server' in the environment variable AMENT_PREFIX_PATH doesn't exist
[13.544s] WARNING:colcon.colcon_ros.prefix_path.ament:The path '/opt/ros2/humble/install/examples_rclpy_minimal_action_client' in the environment variable AMENT_PREFIX_PATH doesn't exist
[13.545s] WARNING:colcon.colcon_ros.prefix_path.ament:The path '/opt/ros2/humble/install/examples_rclpy_guard_conditions' in the environment variable AMENT_PREFIX_PATH doesn't exist
[13.546s] WARNING:colcon.colcon_ros.prefix_path.ament:The path '/opt/ros2/humble/install/examples_rclpy_executors' in the environment variable AMENT_PREFIX_PATH doesn't exist
[13.547s] WARNING:colcon.colcon_ros.prefix_path.ament:The path '/opt/ros2/humble/install/demo_nodes_py' in the environment variable AMENT_PREFIX_PATH doesn't exist
[13.551s] WARNING:colcon.colcon_ros.prefix_path.ament:The path '/opt/ros2/humble/install/examples_rclcpp_minimal_action_server' in the environment variable AMENT_PREFIX_PATH doesn't exist
[13.552s] WARNING:colcon.colcon_ros.prefix_path.ament:The path '/opt/ros2/humble/install/examples_rclcpp_minimal_action_client' in the environment variable AMENT_PREFIX_PATH doesn't exist
[13.556s] WARNING:colcon.colcon_ros.prefix_path.ament:The path '/opt/ros2/humble/install/examples_rclcpp_wait_set' in the environment variable AMENT_PREFIX_PATH doesn't exist
[13.557s] WARNING:colcon.colcon_ros.prefix_path.ament:The path '/opt/ros2/humble/install/examples_rclcpp_minimal_service' in the environment variable AMENT_PREFIX_PATH doesn't exist
[13.558s] WARNING:colcon.colcon_ros.prefix_path.ament:The path '/opt/ros2/humble/install/examples_rclcpp_minimal_client' in the environment variable AMENT_PREFIX_PATH doesn't exist
[13.560s] WARNING:colcon.colcon_ros.prefix_path.ament:The path '/opt/ros2/humble/install/examples_rclcpp_async_client' in the environment variable AMENT_PREFIX_PATH doesn't exist
[13.561s] WARNING:colcon.colcon_ros.prefix_path.ament:The path '/opt/ros2/humble/install/example_interfaces' in the environment variable AMENT_PREFIX_PATH doesn't exist
[13.574s] WARNING:colcon.colcon_ros.prefix_path.ament:The path '/opt/ros2/humble/install/test_tracetools' in the environment variable AMENT_PREFIX_PATH doesn't exist
[13.575s] WARNING:colcon.colcon_ros.prefix_path.ament:The path '/opt/ros2/humble/install/rqt_gui_cpp' in the environment variable AMENT_PREFIX_PATH doesn't exist
[13.581s] WARNING:colcon.colcon_ros.prefix_path.ament:The path '/opt/ros2/humble/install/examples_rclcpp_minimal_subscriber' in the environment variable AMENT_PREFIX_PATH doesn't exist
[13.582s] WARNING:colcon.colcon_ros.prefix_path.ament:The path '/opt/ros2/humble/install/examples_rclcpp_minimal_composition' in the environment variable AMENT_PREFIX_PATH doesn't exist
[13.583s] WARNING:colcon.colcon_ros.prefix_path.ament:The path '/opt/ros2/humble/install/demo_nodes_cpp_native' in the environment variable AMENT_PREFIX_PATH doesn't exist
[13.586s] WARNING:colcon.colcon_ros.prefix_path.ament:The path '/opt/ros2/humble/install/examples_rclcpp_multithreaded_executor' in the environment variable AMENT_PREFIX_PATH doesn't exist
[13.588s] WARNING:colcon.colcon_ros.prefix_path.ament:The path '/opt/ros2/humble/install/examples_rclcpp_minimal_timer' in the environment variable AMENT_PREFIX_PATH doesn't exist
[13.589s] WARNING:colcon.colcon_ros.prefix_path.ament:The path '/opt/ros2/humble/install/examples_rclcpp_minimal_publisher' in the environment variable AMENT_PREFIX_PATH doesn't exist
[13.590s] WARNING:colcon.colcon_ros.prefix_path.ament:The path '/opt/ros2/humble/install/examples_rclcpp_cbg_executor' in the environment variable AMENT_PREFIX_PATH doesn't exist
[13.601s] WARNING:colcon.colcon_ros.prefix_path.ament:The path '/opt/ros2/humble/install/qt_gui_core' in the environment variable AMENT_PREFIX_PATH doesn't exist
[13.603s] WARNING:colcon.colcon_ros.prefix_path.ament:The path '/opt/ros2/humble/install/qt_gui_cpp' in the environment variable AMENT_PREFIX_PATH doesn't exist
[13.607s] WARNING:colcon.colcon_ros.prefix_path.ament:The path '/opt/ros2/humble/install/test_tracetools_launch' in the environment variable AMENT_PREFIX_PATH doesn't exist
[13.608s] WARNING:colcon.colcon_ros.prefix_path.ament:The path '/opt/ros2/humble/install/test_security' in the environment variable AMENT_PREFIX_PATH doesn't exist
[13.609s] WARNING:colcon.colcon_ros.prefix_path.ament:The path '/opt/ros2/humble/install/test_rmw_implementation' in the environment variable AMENT_PREFIX_PATH doesn't exist
[13.611s] WARNING:colcon.colcon_ros.prefix_path.ament:The path '/opt/ros2/humble/install/test_rclcpp' in the environment variable AMENT_PREFIX_PATH doesn't exist
[13.612s] WARNING:colcon.colcon_ros.prefix_path.ament:The path '/opt/ros2/humble/install/test_quality_of_service' in the environment variable AMENT_PREFIX_PATH doesn't exist
[13.613s] WARNING:colcon.colcon_ros.prefix_path.ament:The path '/opt/ros2/humble/install/test_launch_testing' in the environment variable AMENT_PREFIX_PATH doesn't exist
[13.614s] WARNING:colcon.colcon_ros.prefix_path.ament:The path '/opt/ros2/humble/install/test_launch_ros' in the environment variable AMENT_PREFIX_PATH doesn't exist
[13.616s] WARNING:colcon.colcon_ros.prefix_path.ament:The path '/opt/ros2/humble/install/test_interface_files' in the environment variable AMENT_PREFIX_PATH doesn't exist
[13.617s] WARNING:colcon.colcon_ros.prefix_path.ament:The path '/opt/ros2/humble/install/test_communication' in the environment variable AMENT_PREFIX_PATH doesn't exist
[13.618s] WARNING:colcon.colcon_ros.prefix_path.ament:The path '/opt/ros2/humble/install/test_cli_remapping' in the environment variable AMENT_PREFIX_PATH doesn't exist
[13.619s] WARNING:colcon.colcon_ros.prefix_path.ament:The path '/opt/ros2/humble/install/test_cli' in the environment variable AMENT_PREFIX_PATH doesn't exist
[13.621s] WARNING:colcon.colcon_ros.prefix_path.ament:The path '/opt/ros2/humble/install/qt_gui_app' in the environment variable AMENT_PREFIX_PATH doesn't exist
[13.622s] WARNING:colcon.colcon_ros.prefix_path.ament:The path '/opt/ros2/humble/install/qt_gui' in the environment variable AMENT_PREFIX_PATH doesn't exist
[13.637s] WARNING:colcon.colcon_ros.prefix_path.ament:The path '/opt/ros2/humble/install/rviz_rendering_tests' in the environment variable AMENT_PREFIX_PATH doesn't exist
[13.639s] WARNING:colcon.colcon_ros.prefix_path.ament:The path '/opt/ros2/humble/install/rviz_rendering' in the environment variable AMENT_PREFIX_PATH doesn't exist
[13.640s] WARNING:colcon.colcon_ros.prefix_path.ament:The path '/opt/ros2/humble/install/rviz_ogre_vendor' in the environment variable AMENT_PREFIX_PATH doesn't exist
[13.641s] WARNING:colcon.colcon_ros.prefix_path.ament:The path '/opt/ros2/humble/install/rviz_assimp_vendor' in the environment variable AMENT_PREFIX_PATH doesn't exist
[13.675s] WARNING:colcon.colcon_ros.prefix_path.ament:The path '/opt/ros2/humble/install/qt_gui_py_common' in the environment variable AMENT_PREFIX_PATH doesn't exist
[13.676s] WARNING:colcon.colcon_ros.prefix_path.ament:The path '/opt/ros2/humble/install/qt_dotgraph' in the environment variable AMENT_PREFIX_PATH doesn't exist
[13.731s] WARNING:colcon.colcon_ros.prefix_path.catkin:The path '/opt/olive/packages/install/position_control' in the environment variable CMAKE_PREFIX_PATH doesn't exist
[13.733s] WARNING:colcon.colcon_ros.prefix_path.catkin:The path '/opt/ros2/humble/install/rviz_visual_testing_framework' in the environment variable CMAKE_PREFIX_PATH doesn't exist
[13.736s] WARNING:colcon.colcon_ros.prefix_path.catkin:The path '/opt/ros2/humble/install/rviz2' in the environment variable CMAKE_PREFIX_PATH doesn't exist
[13.738s] WARNING:colcon.colcon_ros.prefix_path.catkin:The path '/opt/ros2/humble/install/rviz_default_plugins' in the environment variable CMAKE_PREFIX_PATH doesn't exist
[13.739s] WARNING:colcon.colcon_ros.prefix_path.catkin:The path '/opt/ros2/humble/install/rviz_common' in the environment variable CMAKE_PREFIX_PATH doesn't exist
[13.743s] WARNING:colcon.colcon_ros.prefix_path.catkin:The path '/opt/ros2/humble/install/test_tf2' in the environment variable CMAKE_PREFIX_PATH doesn't exist
[13.745s] WARNING:colcon.colcon_ros.prefix_path.catkin:The path '/opt/ros2/humble/install/test_msgs' in the environment variable CMAKE_PREFIX_PATH doesn't exist
[13.747s] WARNING:colcon.colcon_ros.prefix_path.catkin:The path '/opt/ros2/humble/install/rqt_py_common' in the environment variable CMAKE_PREFIX_PATH doesn't exist
[13.749s] WARNING:colcon.colcon_ros.prefix_path.catkin:The path '/opt/ros2/humble/install/demo_nodes_cpp' in the environment variable CMAKE_PREFIX_PATH doesn't exist
[13.751s] WARNING:colcon.colcon_ros.prefix_path.catkin:The path '/opt/ros2/humble/install/examples_rclcpp_minimal_action_server' in the environment variable CMAKE_PREFIX_PATH doesn't exist
[13.752s] WARNING:colcon.colcon_ros.prefix_path.catkin:The path '/opt/ros2/humble/install/examples_rclcpp_minimal_action_client' in the environment variable CMAKE_PREFIX_PATH doesn't exist
[13.754s] WARNING:colcon.colcon_ros.prefix_path.catkin:The path '/opt/ros2/humble/install/examples_rclcpp_wait_set' in the environment variable CMAKE_PREFIX_PATH doesn't exist
[13.755s] WARNING:colcon.colcon_ros.prefix_path.catkin:The path '/opt/ros2/humble/install/examples_rclcpp_minimal_service' in the environment variable CMAKE_PREFIX_PATH doesn't exist
[13.756s] WARNING:colcon.colcon_ros.prefix_path.catkin:The path '/opt/ros2/humble/install/examples_rclcpp_minimal_client' in the environment variable CMAKE_PREFIX_PATH doesn't exist
[13.758s] WARNING:colcon.colcon_ros.prefix_path.catkin:The path '/opt/ros2/humble/install/examples_rclcpp_async_client' in the environment variable CMAKE_PREFIX_PATH doesn't exist
[13.759s] WARNING:colcon.colcon_ros.prefix_path.catkin:The path '/opt/ros2/humble/install/example_interfaces' in the environment variable CMAKE_PREFIX_PATH doesn't exist
[13.762s] WARNING:colcon.colcon_ros.prefix_path.catkin:The path '/opt/ros2/humble/install/test_tracetools' in the environment variable CMAKE_PREFIX_PATH doesn't exist
[13.763s] WARNING:colcon.colcon_ros.prefix_path.catkin:The path '/opt/ros2/humble/install/rqt_gui_cpp' in the environment variable CMAKE_PREFIX_PATH doesn't exist
[13.765s] WARNING:colcon.colcon_ros.prefix_path.catkin:The path '/opt/ros2/humble/install/examples_rclcpp_minimal_subscriber' in the environment variable CMAKE_PREFIX_PATH doesn't exist
[13.766s] WARNING:colcon.colcon_ros.prefix_path.catkin:The path '/opt/ros2/humble/install/examples_rclcpp_minimal_composition' in the environment variable CMAKE_PREFIX_PATH doesn't exist
[13.767s] WARNING:colcon.colcon_ros.prefix_path.catkin:The path '/opt/ros2/humble/install/demo_nodes_cpp_native' in the environment variable CMAKE_PREFIX_PATH doesn't exist
[13.769s] WARNING:colcon.colcon_ros.prefix_path.catkin:The path '/opt/ros2/humble/install/examples_rclcpp_multithreaded_executor' in the environment variable CMAKE_PREFIX_PATH doesn't exist
[13.770s] WARNING:colcon.colcon_ros.prefix_path.catkin:The path '/opt/ros2/humble/install/examples_rclcpp_minimal_timer' in the environment variable CMAKE_PREFIX_PATH doesn't exist
[13.772s] WARNING:colcon.colcon_ros.prefix_path.catkin:The path '/opt/ros2/humble/install/examples_rclcpp_minimal_publisher' in the environment variable CMAKE_PREFIX_PATH doesn't exist
[13.773s] WARNING:colcon.colcon_ros.prefix_path.catkin:The path '/opt/ros2/humble/install/examples_rclcpp_cbg_executor' in the environment variable CMAKE_PREFIX_PATH doesn't exist
[13.776s] WARNING:colcon.colcon_ros.prefix_path.catkin:The path '/opt/ros2/humble/install/qt_gui_core' in the environment variable CMAKE_PREFIX_PATH doesn't exist
[13.777s] WARNING:colcon.colcon_ros.prefix_path.catkin:The path '/opt/ros2/humble/install/qt_gui_cpp' in the environment variable CMAKE_PREFIX_PATH doesn't exist
[13.779s] WARNING:colcon.colcon_ros.prefix_path.catkin:The path '/opt/ros2/humble/install/test_security' in the environment variable CMAKE_PREFIX_PATH doesn't exist
[13.781s] WARNING:colcon.colcon_ros.prefix_path.catkin:The path '/opt/ros2/humble/install/test_rmw_implementation' in the environment variable CMAKE_PREFIX_PATH doesn't exist
[13.782s] WARNING:colcon.colcon_ros.prefix_path.catkin:The path '/opt/ros2/humble/install/test_rclcpp' in the environment variable CMAKE_PREFIX_PATH doesn't exist
[13.783s] WARNING:colcon.colcon_ros.prefix_path.catkin:The path '/opt/ros2/humble/install/test_quality_of_service' in the environment variable CMAKE_PREFIX_PATH doesn't exist
[13.785s] WARNING:colcon.colcon_ros.prefix_path.catkin:The path '/opt/ros2/humble/install/test_launch_testing' in the environment variable CMAKE_PREFIX_PATH doesn't exist
[13.786s] WARNING:colcon.colcon_ros.prefix_path.catkin:The path '/opt/ros2/humble/install/test_interface_files' in the environment variable CMAKE_PREFIX_PATH doesn't exist
[13.787s] WARNING:colcon.colcon_ros.prefix_path.catkin:The path '/opt/ros2/humble/install/test_communication' in the environment variable CMAKE_PREFIX_PATH doesn't exist
[13.788s] WARNING:colcon.colcon_ros.prefix_path.catkin:The path '/opt/ros2/humble/install/test_cli_remapping' in the environment variable CMAKE_PREFIX_PATH doesn't exist
[13.790s] WARNING:colcon.colcon_ros.prefix_path.catkin:The path '/opt/ros2/humble/install/test_cli' in the environment variable CMAKE_PREFIX_PATH doesn't exist
[13.791s] WARNING:colcon.colcon_ros.prefix_path.catkin:The path '/opt/ros2/humble/install/qt_gui_app' in the environment variable CMAKE_PREFIX_PATH doesn't exist
[13.792s] WARNING:colcon.colcon_ros.prefix_path.catkin:The path '/opt/ros2/humble/install/qt_gui' in the environment variable CMAKE_PREFIX_PATH doesn't exist
[13.795s] WARNING:colcon.colcon_ros.prefix_path.catkin:The path '/opt/ros2/humble/install/rviz_rendering_tests' in the environment variable CMAKE_PREFIX_PATH doesn't exist
[13.797s] WARNING:colcon.colcon_ros.prefix_path.catkin:The path '/opt/ros2/humble/install/rviz_rendering' in the environment variable CMAKE_PREFIX_PATH doesn't exist
[13.798s] WARNING:colcon.colcon_ros.prefix_path.catkin:The path '/opt/ros2/humble/install/rviz_ogre_vendor' in the environment variable CMAKE_PREFIX_PATH doesn't exist
[13.799s] WARNING:colcon.colcon_ros.prefix_path.catkin:The path '/opt/ros2/humble/install/rviz_assimp_vendor' in the environment variable CMAKE_PREFIX_PATH doesn't exist
[13.805s] WARNING:colcon.colcon_ros.prefix_path.catkin:The path '/opt/ros2/humble/install/qt_gui_py_common' in the environment variable CMAKE_PREFIX_PATH doesn't exist
[13.807s] WARNING:colcon.colcon_ros.prefix_path.catkin:The path '/opt/ros2/humble/install/qt_dotgraph' in the environment variable CMAKE_PREFIX_PATH doesn't exist
[14.236s] DEBUG:colcon.colcon_core.event_handler.log_command:Invoking command in '/home/olive/workspace2/build/apriltag_msgs': CMAKE_PREFIX_PATH=${CMAKE_PREFIX_PATH}:/home/olive/examples/install/shake_detector:/opt/ros2/humble/install/rqt_bag_plugins:/opt/ros2/humble/install/rqt_bag:/opt/ros2/humble/install/ros2bag:/opt/ros2/humble/install/tracetools_test:/opt/ros2/humble/install/tracetools_launch:/opt/ros2/humble/install/topic_monitor:/opt/ros2/humble/install/tf2_tools:/opt/ros2/humble/install/examples_tf2_py:/opt/ros2/humble/install/tf2_ros_py:/opt/ros2/humble/install/sros2:/opt/ros2/humble/install/rqt_topic:/opt/ros2/humble/install/rqt_srv:/opt/ros2/humble/install/rqt_shell:/opt/ros2/humble/install/rqt_service_caller:/opt/ros2/humble/install/rqt_reconfigure:/opt/ros2/humble/install/rqt_py_console:/opt/ros2/humble/install/rqt_publisher:/opt/ros2/humble/install/rqt_plot:/opt/ros2/humble/install/rqt_action:/opt/ros2/humble/install/rqt_msg:/opt/ros2/humble/install/rqt_console:/opt/ros2/humble/install/rqt:/opt/ros2/humble/install/rqt_graph:/opt/ros2/humble/install/rqt_gui_py:/opt/ros2/humble/install/rqt_gui:/opt/ros2/humble/install/ros2trace:/opt/ros2/humble/install/ros2topic:/opt/ros2/humble/install/ros2test:/opt/ros2/humble/install/ros2component:/opt/ros2/humble/install/ros2param:/opt/ros2/humble/install/ros2lifecycle:/opt/ros2/humble/install/ros2service:/opt/ros2/humble/install/ros2run:/opt/ros2/humble/install/ros2launch:/opt/ros2/humble/install/ros2pkg:/opt/ros2/humble/install/ros2node:/opt/ros2/humble/install/ros2multicast:/opt/ros2/humble/install/ros2interface:/opt/ros2/humble/install/ros2doctor:/opt/ros2/humble/install/ros2action:/opt/ros2/humble/install/ros2cli:/opt/ros2/humble/install/quality_of_service_demo_py:/opt/ros2/humble/install/lifecycle_py:/opt/ros2/humble/install/launch_testing_ros:/opt/ros2/humble/install/launch_ros:/opt/ros2/humble/install/examples_rclpy_pointcloud_publisher:/opt/ros2/humble/install/examples_rclpy_minimal_subscriber:/opt/ros2/humble/install/examples_rclpy_minimal_service:/opt/ros2/humble/install/examples_rclpy_minimal_publisher:/opt/ros2/humble/install/examples_rclpy_minimal_client:/opt/ros2/humble/install/examples_rclpy_minimal_action_server:/opt/ros2/humble/install/examples_rclpy_minimal_action_client:/opt/ros2/humble/install/examples_rclpy_guard_conditions:/opt/ros2/humble/install/examples_rclpy_executors:/opt/ros2/humble/install/demo_nodes_py:/opt/ros2/humble/install/action_tutorials_py:/opt/ros2/humble/install/ament_uncrustify:/opt/ros2/humble/install/tracetools_trace:/opt/ros2/humble/install/tracetools_read:/opt/ros2/humble/install/test_tracetools_launch:/opt/ros2/humble/install/test_launch_ros:/opt/ros2/humble/install/sensor_msgs_py:/opt/ros2/humble/install/rpyutils:/opt/ros2/humble/install/rosidl_runtime_py:/opt/ros2/humble/install/rosidl_cli:/opt/ros2/humble/install/launch_pytest:/opt/ros2/humble/install/launch_testing:/opt/ros2/humble/install/launch_yaml:/opt/ros2/humble/install/launch_xml:/opt/ros2/humble/install/launch:/opt/ros2/humble/install/osrf_pycommon:/opt/ros2/humble/install/launch_testing_examples:/opt/ros2/humble/install/domain_coordinator:/opt/ros2/humble/install/ament_xmllint:/opt/ros2/humble/install/ament_pyflakes:/opt/ros2/humble/install/ament_pycodestyle:/opt/ros2/humble/install/ament_pep257:/opt/ros2/humble/install/ament_pclint:/opt/ros2/humble/install/ament_package:/opt/ros2/humble/install/ament_mypy:/opt/ros2/humble/install/ament_lint_cmake:/opt/ros2/humble/install/ament_flake8:/opt/ros2/humble/install/ament_copyright:/opt/ros2/humble/install/ament_lint:/opt/ros2/humble/install/ament_index_python:/opt/ros2/humble/install/ament_cpplint:/opt/ros2/humble/install/ament_cppcheck:/opt/ros2/humble/install/ament_clang_tidy:/opt/ros2/humble/install/ament_clang_format /usr/bin/cmake --build /home/olive/workspace2/build/apriltag_msgs -- -j2 -l2
[291.013s] DEBUG:colcon.colcon_core.event_handler.log_command:Invoked command in '/home/olive/workspace2/build/apriltag_msgs' returned '0': CMAKE_PREFIX_PATH=${CMAKE_PREFIX_PATH}:/home/olive/examples/install/shake_detector:/opt/ros2/humble/install/rqt_bag_plugins:/opt/ros2/humble/install/rqt_bag:/opt/ros2/humble/install/ros2bag:/opt/ros2/humble/install/tracetools_test:/opt/ros2/humble/install/tracetools_launch:/opt/ros2/humble/install/topic_monitor:/opt/ros2/humble/install/tf2_tools:/opt/ros2/humble/install/examples_tf2_py:/opt/ros2/humble/install/tf2_ros_py:/opt/ros2/humble/install/sros2:/opt/ros2/humble/install/rqt_topic:/opt/ros2/humble/install/rqt_srv:/opt/ros2/humble/install/rqt_shell:/opt/ros2/humble/install/rqt_service_caller:/opt/ros2/humble/install/rqt_reconfigure:/opt/ros2/humble/install/rqt_py_console:/opt/ros2/humble/install/rqt_publisher:/opt/ros2/humble/install/rqt_plot:/opt/ros2/humble/install/rqt_action:/opt/ros2/humble/install/rqt_msg:/opt/ros2/humble/install/rqt_console:/opt/ros2/humble/install/rqt:/opt/ros2/humble/install/rqt_graph:/opt/ros2/humble/install/rqt_gui_py:/opt/ros2/humble/install/rqt_gui:/opt/ros2/humble/install/ros2trace:/opt/ros2/humble/install/ros2topic:/opt/ros2/humble/install/ros2test:/opt/ros2/humble/install/ros2component:/opt/ros2/humble/install/ros2param:/opt/ros2/humble/install/ros2lifecycle:/opt/ros2/humble/install/ros2service:/opt/ros2/humble/install/ros2run:/opt/ros2/humble/install/ros2launch:/opt/ros2/humble/install/ros2pkg:/opt/ros2/humble/install/ros2node:/opt/ros2/humble/install/ros2multicast:/opt/ros2/humble/install/ros2interface:/opt/ros2/humble/install/ros2doctor:/opt/ros2/humble/install/ros2action:/opt/ros2/humble/install/ros2cli:/opt/ros2/humble/install/quality_of_service_demo_py:/opt/ros2/humble/install/lifecycle_py:/opt/ros2/humble/install/launch_testing_ros:/opt/ros2/humble/install/launch_ros:/opt/ros2/humble/install/examples_rclpy_pointcloud_publisher:/opt/ros2/humble/install/examples_rclpy_minimal_subscriber:/opt/ros2/humble/install/examples_rclpy_minimal_service:/opt/ros2/humble/install/examples_rclpy_minimal_publisher:/opt/ros2/humble/install/examples_rclpy_minimal_client:/opt/ros2/humble/install/examples_rclpy_minimal_action_server:/opt/ros2/humble/install/examples_rclpy_minimal_action_client:/opt/ros2/humble/install/examples_rclpy_guard_conditions:/opt/ros2/humble/install/examples_rclpy_executors:/opt/ros2/humble/install/demo_nodes_py:/opt/ros2/humble/install/action_tutorials_py:/opt/ros2/humble/install/ament_uncrustify:/opt/ros2/humble/install/tracetools_trace:/opt/ros2/humble/install/tracetools_read:/opt/ros2/humble/install/test_tracetools_launch:/opt/ros2/humble/install/test_launch_ros:/opt/ros2/humble/install/sensor_msgs_py:/opt/ros2/humble/install/rpyutils:/opt/ros2/humble/install/rosidl_runtime_py:/opt/ros2/humble/install/rosidl_cli:/opt/ros2/humble/install/launch_pytest:/opt/ros2/humble/install/launch_testing:/opt/ros2/humble/install/launch_yaml:/opt/ros2/humble/install/launch_xml:/opt/ros2/humble/install/launch:/opt/ros2/humble/install/osrf_pycommon:/opt/ros2/humble/install/launch_testing_examples:/opt/ros2/humble/install/domain_coordinator:/opt/ros2/humble/install/ament_xmllint:/opt/ros2/humble/install/ament_pyflakes:/opt/ros2/humble/install/ament_pycodestyle:/opt/ros2/humble/install/ament_pep257:/opt/ros2/humble/install/ament_pclint:/opt/ros2/humble/install/ament_package:/opt/ros2/humble/install/ament_mypy:/opt/ros2/humble/install/ament_lint_cmake:/opt/ros2/humble/install/ament_flake8:/opt/ros2/humble/install/ament_copyright:/opt/ros2/humble/install/ament_lint:/opt/ros2/humble/install/ament_index_python:/opt/ros2/humble/install/ament_cpplint:/opt/ros2/humble/install/ament_cppcheck:/opt/ros2/humble/install/ament_clang_tidy:/opt/ros2/humble/install/ament_clang_format /usr/bin/cmake --build /home/olive/workspace2/build/apriltag_msgs -- -j2 -l2
[298.730s] DEBUG:colcon.colcon_core.event_handler.log_command:Invoking command in '/home/olive/workspace2/build/apriltag_msgs': CMAKE_PREFIX_PATH=${CMAKE_PREFIX_PATH}:/home/olive/examples/install/shake_detector:/opt/ros2/humble/install/rqt_bag_plugins:/opt/ros2/humble/install/rqt_bag:/opt/ros2/humble/install/ros2bag:/opt/ros2/humble/install/tracetools_test:/opt/ros2/humble/install/tracetools_launch:/opt/ros2/humble/install/topic_monitor:/opt/ros2/humble/install/tf2_tools:/opt/ros2/humble/install/examples_tf2_py:/opt/ros2/humble/install/tf2_ros_py:/opt/ros2/humble/install/sros2:/opt/ros2/humble/install/rqt_topic:/opt/ros2/humble/install/rqt_srv:/opt/ros2/humble/install/rqt_shell:/opt/ros2/humble/install/rqt_service_caller:/opt/ros2/humble/install/rqt_reconfigure:/opt/ros2/humble/install/rqt_py_console:/opt/ros2/humble/install/rqt_publisher:/opt/ros2/humble/install/rqt_plot:/opt/ros2/humble/install/rqt_action:/opt/ros2/humble/install/rqt_msg:/opt/ros2/humble/install/rqt_console:/opt/ros2/humble/install/rqt:/opt/ros2/humble/install/rqt_graph:/opt/ros2/humble/install/rqt_gui_py:/opt/ros2/humble/install/rqt_gui:/opt/ros2/humble/install/ros2trace:/opt/ros2/humble/install/ros2topic:/opt/ros2/humble/install/ros2test:/opt/ros2/humble/install/ros2component:/opt/ros2/humble/install/ros2param:/opt/ros2/humble/install/ros2lifecycle:/opt/ros2/humble/install/ros2service:/opt/ros2/humble/install/ros2run:/opt/ros2/humble/install/ros2launch:/opt/ros2/humble/install/ros2pkg:/opt/ros2/humble/install/ros2node:/opt/ros2/humble/install/ros2multicast:/opt/ros2/humble/install/ros2interface:/opt/ros2/humble/install/ros2doctor:/opt/ros2/humble/install/ros2action:/opt/ros2/humble/install/ros2cli:/opt/ros2/humble/install/quality_of_service_demo_py:/opt/ros2/humble/install/lifecycle_py:/opt/ros2/humble/install/launch_testing_ros:/opt/ros2/humble/install/launch_ros:/opt/ros2/humble/install/examples_rclpy_pointcloud_publisher:/opt/ros2/humble/install/examples_rclpy_minimal_subscriber:/opt/ros2/humble/install/examples_rclpy_minimal_service:/opt/ros2/humble/install/examples_rclpy_minimal_publisher:/opt/ros2/humble/install/examples_rclpy_minimal_client:/opt/ros2/humble/install/examples_rclpy_minimal_action_server:/opt/ros2/humble/install/examples_rclpy_minimal_action_client:/opt/ros2/humble/install/examples_rclpy_guard_conditions:/opt/ros2/humble/install/examples_rclpy_executors:/opt/ros2/humble/install/demo_nodes_py:/opt/ros2/humble/install/action_tutorials_py:/opt/ros2/humble/install/ament_uncrustify:/opt/ros2/humble/install/tracetools_trace:/opt/ros2/humble/install/tracetools_read:/opt/ros2/humble/install/test_tracetools_launch:/opt/ros2/humble/install/test_launch_ros:/opt/ros2/humble/install/sensor_msgs_py:/opt/ros2/humble/install/rpyutils:/opt/ros2/humble/install/rosidl_runtime_py:/opt/ros2/humble/install/rosidl_cli:/opt/ros2/humble/install/launch_pytest:/opt/ros2/humble/install/launch_testing:/opt/ros2/humble/install/launch_yaml:/opt/ros2/humble/install/launch_xml:/opt/ros2/humble/install/launch:/opt/ros2/humble/install/osrf_pycommon:/opt/ros2/humble/install/launch_testing_examples:/opt/ros2/humble/install/domain_coordinator:/opt/ros2/humble/install/ament_xmllint:/opt/ros2/humble/install/ament_pyflakes:/opt/ros2/humble/install/ament_pycodestyle:/opt/ros2/humble/install/ament_pep257:/opt/ros2/humble/install/ament_pclint:/opt/ros2/humble/install/ament_package:/opt/ros2/humble/install/ament_mypy:/opt/ros2/humble/install/ament_lint_cmake:/opt/ros2/humble/install/ament_flake8:/opt/ros2/humble/install/ament_copyright:/opt/ros2/humble/install/ament_lint:/opt/ros2/humble/install/ament_index_python:/opt/ros2/humble/install/ament_cpplint:/opt/ros2/humble/install/ament_cppcheck:/opt/ros2/humble/install/ament_clang_tidy:/opt/ros2/humble/install/ament_clang_format /usr/bin/cmake --install /home/olive/workspace2/build/apriltag_msgs
[302.725s] Level 1:colcon.colcon_core.environment:create_environment_scripts_only(apriltag_msgs)
[302.743s] DEBUG:colcon.colcon_core.event_handler.log_command:Invoked command in '/home/olive/workspace2/build/apriltag_msgs' returned '0': CMAKE_PREFIX_PATH=${CMAKE_PREFIX_PATH}:/home/olive/examples/install/shake_detector:/opt/ros2/humble/install/rqt_bag_plugins:/opt/ros2/humble/install/rqt_bag:/opt/ros2/humble/install/ros2bag:/opt/ros2/humble/install/tracetools_test:/opt/ros2/humble/install/tracetools_launch:/opt/ros2/humble/install/topic_monitor:/opt/ros2/humble/install/tf2_tools:/opt/ros2/humble/install/examples_tf2_py:/opt/ros2/humble/install/tf2_ros_py:/opt/ros2/humble/install/sros2:/opt/ros2/humble/install/rqt_topic:/opt/ros2/humble/install/rqt_srv:/opt/ros2/humble/install/rqt_shell:/opt/ros2/humble/install/rqt_service_caller:/opt/ros2/humble/install/rqt_reconfigure:/opt/ros2/humble/install/rqt_py_console:/opt/ros2/humble/install/rqt_publisher:/opt/ros2/humble/install/rqt_plot:/opt/ros2/humble/install/rqt_action:/opt/ros2/humble/install/rqt_msg:/opt/ros2/humble/install/rqt_console:/opt/ros2/humble/install/rqt:/opt/ros2/humble/install/rqt_graph:/opt/ros2/humble/install/rqt_gui_py:/opt/ros2/humble/install/rqt_gui:/opt/ros2/humble/install/ros2trace:/opt/ros2/humble/install/ros2topic:/opt/ros2/humble/install/ros2test:/opt/ros2/humble/install/ros2component:/opt/ros2/humble/install/ros2param:/opt/ros2/humble/install/ros2lifecycle:/opt/ros2/humble/install/ros2service:/opt/ros2/humble/install/ros2run:/opt/ros2/humble/install/ros2launch:/opt/ros2/humble/install/ros2pkg:/opt/ros2/humble/install/ros2node:/opt/ros2/humble/install/ros2multicast:/opt/ros2/humble/install/ros2interface:/opt/ros2/humble/install/ros2doctor:/opt/ros2/humble/install/ros2action:/opt/ros2/humble/install/ros2cli:/opt/ros2/humble/install/quality_of_service_demo_py:/opt/ros2/humble/install/lifecycle_py:/opt/ros2/humble/install/launch_testing_ros:/opt/ros2/humble/install/launch_ros:/opt/ros2/humble/install/examples_rclpy_pointcloud_publisher:/opt/ros2/humble/install/examples_rclpy_minimal_subscriber:/opt/ros2/humble/install/examples_rclpy_minimal_service:/opt/ros2/humble/install/examples_rclpy_minimal_publisher:/opt/ros2/humble/install/examples_rclpy_minimal_client:/opt/ros2/humble/install/examples_rclpy_minimal_action_server:/opt/ros2/humble/install/examples_rclpy_minimal_action_client:/opt/ros2/humble/install/examples_rclpy_guard_conditions:/opt/ros2/humble/install/examples_rclpy_executors:/opt/ros2/humble/install/demo_nodes_py:/opt/ros2/humble/install/action_tutorials_py:/opt/ros2/humble/install/ament_uncrustify:/opt/ros2/humble/install/tracetools_trace:/opt/ros2/humble/install/tracetools_read:/opt/ros2/humble/install/test_tracetools_launch:/opt/ros2/humble/install/test_launch_ros:/opt/ros2/humble/install/sensor_msgs_py:/opt/ros2/humble/install/rpyutils:/opt/ros2/humble/install/rosidl_runtime_py:/opt/ros2/humble/install/rosidl_cli:/opt/ros2/humble/install/launch_pytest:/opt/ros2/humble/install/launch_testing:/opt/ros2/humble/install/launch_yaml:/opt/ros2/humble/install/launch_xml:/opt/ros2/humble/install/launch:/opt/ros2/humble/install/osrf_pycommon:/opt/ros2/humble/install/launch_testing_examples:/opt/ros2/humble/install/domain_coordinator:/opt/ros2/humble/install/ament_xmllint:/opt/ros2/humble/install/ament_pyflakes:/opt/ros2/humble/install/ament_pycodestyle:/opt/ros2/humble/install/ament_pep257:/opt/ros2/humble/install/ament_pclint:/opt/ros2/humble/install/ament_package:/opt/ros2/humble/install/ament_mypy:/opt/ros2/humble/install/ament_lint_cmake:/opt/ros2/humble/install/ament_flake8:/opt/ros2/humble/install/ament_copyright:/opt/ros2/humble/install/ament_lint:/opt/ros2/humble/install/ament_index_python:/opt/ros2/humble/install/ament_cpplint:/opt/ros2/humble/install/ament_cppcheck:/opt/ros2/humble/install/ament_clang_tidy:/opt/ros2/humble/install/ament_clang_format /usr/bin/cmake --install /home/olive/workspace2/build/apriltag_msgs
[302.875s] Level 1:colcon.colcon_core.environment:checking '/home/olive/workspace2/install/apriltag_msgs' for CMake module files
[302.888s] Level 1:colcon.colcon_core.environment:checking '/home/olive/workspace2/install/apriltag_msgs' for CMake config files
[302.896s] Level 1:colcon.colcon_core.shell:create_environment_hook('apriltag_msgs', 'cmake_prefix_path')
[302.913s] INFO:colcon.colcon_core.shell:Creating environment hook '/home/olive/workspace2/install/apriltag_msgs/share/apriltag_msgs/hook/cmake_prefix_path.ps1'
[302.926s] INFO:colcon.colcon_core.shell:Creating environment descriptor '/home/olive/workspace2/install/apriltag_msgs/share/apriltag_msgs/hook/cmake_prefix_path.dsv'
[302.934s] INFO:colcon.colcon_core.shell:Creating environment hook '/home/olive/workspace2/install/apriltag_msgs/share/apriltag_msgs/hook/cmake_prefix_path.sh'
[302.949s] Level 1:colcon.colcon_core.environment:checking '/home/olive/workspace2/install/apriltag_msgs/lib'
[302.952s] Level 1:colcon.colcon_core.shell:create_environment_hook('apriltag_msgs', 'ld_library_path_lib')
[302.969s] INFO:colcon.colcon_core.shell:Creating environment hook '/home/olive/workspace2/install/apriltag_msgs/share/apriltag_msgs/hook/ld_library_path_lib.ps1'
[302.976s] INFO:colcon.colcon_core.shell:Creating environment descriptor '/home/olive/workspace2/install/apriltag_msgs/share/apriltag_msgs/hook/ld_library_path_lib.dsv'
[302.982s] INFO:colcon.colcon_core.shell:Creating environment hook '/home/olive/workspace2/install/apriltag_msgs/share/apriltag_msgs/hook/ld_library_path_lib.sh'
[302.988s] Level 1:colcon.colcon_core.environment:checking '/home/olive/workspace2/install/apriltag_msgs/bin'
[302.989s] Level 1:colcon.colcon_core.environment:checking '/home/olive/workspace2/install/apriltag_msgs/lib/pkgconfig/apriltag_msgs.pc'
[302.991s] Level 1:colcon.colcon_core.environment:checking '/home/olive/workspace2/install/apriltag_msgs/lib/python3.9/site-packages'
[302.992s] Level 1:colcon.colcon_core.shell:create_environment_hook('apriltag_msgs', 'pythonpath')
[303.009s] INFO:colcon.colcon_core.shell:Creating environment hook '/home/olive/workspace2/install/apriltag_msgs/share/apriltag_msgs/hook/pythonpath.ps1'
[303.016s] INFO:colcon.colcon_core.shell:Creating environment descriptor '/home/olive/workspace2/install/apriltag_msgs/share/apriltag_msgs/hook/pythonpath.dsv'
[303.022s] INFO:colcon.colcon_core.shell:Creating environment hook '/home/olive/workspace2/install/apriltag_msgs/share/apriltag_msgs/hook/pythonpath.sh'
[303.050s] INFO:colcon.colcon_core.shell:Creating package script '/home/olive/workspace2/install/apriltag_msgs/share/apriltag_msgs/package.ps1'
[303.066s] INFO:colcon.colcon_core.shell:Creating package descriptor '/home/olive/workspace2/install/apriltag_msgs/share/apriltag_msgs/package.dsv'
[303.077s] INFO:colcon.colcon_core.shell:Creating package script '/home/olive/workspace2/install/apriltag_msgs/share/apriltag_msgs/package.sh'
[303.093s] INFO:colcon.colcon_core.shell:Creating package script '/home/olive/workspace2/install/apriltag_msgs/share/apriltag_msgs/package.bash'
[303.107s] INFO:colcon.colcon_core.shell:Creating package script '/home/olive/workspace2/install/apriltag_msgs/share/apriltag_msgs/package.zsh'
[303.119s] Level 1:colcon.colcon_core.environment:create_file_with_runtime_dependencies(/home/olive/workspace2/install/apriltag_msgs/share/colcon-core/packages/apriltag_msgs)
[310.588s] Level 1:colcon.colcon_core.environment:create_environment_scripts_only(apriltag_msgs)
[310.623s] Level 1:colcon.colcon_core.environment:checking '/home/olive/workspace2/install/apriltag_msgs' for CMake module files
[310.635s] Level 1:colcon.colcon_core.environment:checking '/home/olive/workspace2/install/apriltag_msgs' for CMake config files
[310.643s] Level 1:colcon.colcon_core.shell:create_environment_hook('apriltag_msgs', 'cmake_prefix_path')
[310.661s] INFO:colcon.colcon_core.shell:Creating environment hook '/home/olive/workspace2/install/apriltag_msgs/share/apriltag_msgs/hook/cmake_prefix_path.ps1'
[310.669s] INFO:colcon.colcon_core.shell:Creating environment descriptor '/home/olive/workspace2/install/apriltag_msgs/share/apriltag_msgs/hook/cmake_prefix_path.dsv'
[310.675s] INFO:colcon.colcon_core.shell:Creating environment hook '/home/olive/workspace2/install/apriltag_msgs/share/apriltag_msgs/hook/cmake_prefix_path.sh'
[310.684s] Level 1:colcon.colcon_core.environment:checking '/home/olive/workspace2/install/apriltag_msgs/lib'
[310.686s] Level 1:colcon.colcon_core.shell:create_environment_hook('apriltag_msgs', 'ld_library_path_lib')
[310.703s] INFO:colcon.colcon_core.shell:Creating environment hook '/home/olive/workspace2/install/apriltag_msgs/share/apriltag_msgs/hook/ld_library_path_lib.ps1'
[310.709s] INFO:colcon.colcon_core.shell:Creating environment descriptor '/home/olive/workspace2/install/apriltag_msgs/share/apriltag_msgs/hook/ld_library_path_lib.dsv'
[310.716s] INFO:colcon.colcon_core.shell:Creating environment hook '/home/olive/workspace2/install/apriltag_msgs/share/apriltag_msgs/hook/ld_library_path_lib.sh'
[310.723s] Level 1:colcon.colcon_core.environment:checking '/home/olive/workspace2/install/apriltag_msgs/bin'
[310.725s] Level 1:colcon.colcon_core.environment:checking '/home/olive/workspace2/install/apriltag_msgs/lib/pkgconfig/apriltag_msgs.pc'
[310.726s] Level 1:colcon.colcon_core.environment:checking '/home/olive/workspace2/install/apriltag_msgs/lib/python3.9/site-packages'
[310.727s] Level 1:colcon.colcon_core.shell:create_environment_hook('apriltag_msgs', 'pythonpath')
[310.745s] INFO:colcon.colcon_core.shell:Creating environment hook '/home/olive/workspace2/install/apriltag_msgs/share/apriltag_msgs/hook/pythonpath.ps1'
[310.751s] INFO:colcon.colcon_core.shell:Creating environment descriptor '/home/olive/workspace2/install/apriltag_msgs/share/apriltag_msgs/hook/pythonpath.dsv'
[310.757s] INFO:colcon.colcon_core.shell:Creating environment hook '/home/olive/workspace2/install/apriltag_msgs/share/apriltag_msgs/hook/pythonpath.sh'
[310.784s] INFO:colcon.colcon_core.shell:Creating package script '/home/olive/workspace2/install/apriltag_msgs/share/apriltag_msgs/package.ps1'
[310.795s] INFO:colcon.colcon_core.shell:Creating package descriptor '/home/olive/workspace2/install/apriltag_msgs/share/apriltag_msgs/package.dsv'
[310.805s] INFO:colcon.colcon_core.shell:Creating package script '/home/olive/workspace2/install/apriltag_msgs/share/apriltag_msgs/package.sh'
[310.814s] INFO:colcon.colcon_core.shell:Creating package script '/home/olive/workspace2/install/apriltag_msgs/share/apriltag_msgs/package.bash'
[310.824s] INFO:colcon.colcon_core.shell:Creating package script '/home/olive/workspace2/install/apriltag_msgs/share/apriltag_msgs/package.zsh'
[310.831s] Level 1:colcon.colcon_core.environment:create_file_with_runtime_dependencies(/home/olive/workspace2/install/apriltag_msgs/share/colcon-core/packages/apriltag_msgs)
[310.836s] INFO:colcon.colcon_ros.task.ament_cmake.build:Building ROS package in '/home/olive/workspace2/src/apriltag_detector' with build type 'ament_cmake'
[310.838s] INFO:colcon.colcon_cmake.task.cmake.build:Building CMake package in '/home/olive/workspace2/src/apriltag_detector'
[310.859s] INFO:colcon.colcon_core.shell:Skip shell extension 'powershell' for command environment: Not usable outside of PowerShell
[310.861s] DEBUG:colcon.colcon_core.shell:Skip shell extension 'dsv' for command environment
[311.892s] DEBUG:colcon.colcon_core.event_handler.log_command:Invoking command in '/home/olive/workspace2/build/apriltag_detector': AMENT_PREFIX_PATH=/home/olive/workspace2/install/apriltag_msgs:${AMENT_PREFIX_PATH} CMAKE_PREFIX_PATH=/home/olive/workspace2/install/apriltag_msgs:/home/olive/workspace2/install/image_publisher:/home/olive/workspace2/install/image_geometry:/home/olive/workspace2/install/cv_bridge:/opt/ros2/humble/install/image_publisher:/opt/ros2/humble/install/image_geometry:/opt/ros2/humble/install/cv_bridge:/opt/olive/packages/install/position_control:/opt/olive/packages/install/olive_dcm:/opt/ros2/humble/install/rosbag2:/opt/ros2/humble/install/rosbag2_compression_zstd:/opt/ros2/humble/install/zstd_vendor:/opt/ros2/humble/install/rviz_visual_testing_framework:/opt/ros2/humble/install/rviz2:/opt/ros2/humble/install/rviz_default_plugins:/opt/ros2/humble/install/rviz_common:/opt/ros2/humble/install/rosbag2_py:/opt/ros2/humble/install/rosbag2_transport:/opt/ros2/humble/install/rosbag2_performance_benchmarking:/opt/ros2/humble/install/rosbag2_compression:/opt/ros2/humble/install/rosbag2_cpp:/opt/ros2/humble/install/rosbag2_storage_default_plugins:/opt/ros2/humble/install/rosbag2_storage:/opt/ros2/humble/install/image_common:/opt/ros2/humble/install/camera_info_manager:/opt/ros2/humble/install/camera_calibration_parsers:/opt/ros2/humble/install/yaml_cpp_vendor:/opt/ros2/humble/install/interactive_markers:/opt/ros2/humble/install/common_interfaces:/opt/ros2/humble/install/visualization_msgs:/opt/ros2/humble/install/dummy_robot_bringup:/opt/ros2/humble/install/robot_state_publisher:/opt/ros2/humble/install/kdl_parser:/opt/ros2/humble/install/urdf:/opt/ros2/humble/install/urdfdom:/opt/ros2/humble/install/urdf_parser_plugin:/opt/ros2/humble/install/urdfdom_headers:/opt/ros2/humble/install/turtlesim:/opt/ros2/humble/install/geometry2:/opt/ros2/humble/install/tf2_sensor_msgs:/opt/ros2/humble/install/test_tf2:/opt/ros2/humble/install/tf2_kdl:/opt/ros2/humble/install/tf2_geometry_msgs:/opt/ros2/humble/install/tf2_eigen:/opt/ros2/humble/install/tf2_bullet:/opt/ros2/humble/install/tf2_ros:/opt/ros2/humble/install/tf2_py:/opt/ros2/humble/install/tf2_msgs:/opt/ros2/humble/install/test_msgs:/opt/ros2/humble/install/sros2_cmake:/opt/ros2/humble/install/ros2cli_common_extensions:/opt/ros2/humble/install/rqt_py_common:/opt/ros2/humble/install/ros_testing:/opt/ros2/humble/install/ros2cli_test_interfaces:/opt/ros2/humble/install/quality_of_service_demo_cpp:/opt/ros2/humble/install/image_transport:/opt/ros2/humble/install/message_filters:/opt/ros2/humble/install/demo_nodes_cpp:/opt/ros2/humble/install/composition:/opt/ros2/humble/install/laser_geometry:/opt/ros2/humble/install/rclpy:/opt/ros2/humble/install/examples_rclcpp_minimal_action_server:/opt/ros2/humble/install/examples_rclcpp_minimal_action_client:/opt/ros2/humble/install/action_tutorials_cpp:/opt/ros2/humble/install/rclcpp_action:/opt/ros2/humble/install/rcl_action:/opt/ros2/humble/install/examples_rclcpp_wait_set:/opt/ros2/humble/install/examples_rclcpp_minimal_service:/opt/ros2/humble/install/examples_rclcpp_minimal_client:/opt/ros2/humble/install/examples_rclcpp_async_client:/opt/ros2/humble/install/example_interfaces:/opt/ros2/humble/install/action_tutorials_interfaces:/opt/ros2/humble/install/action_msgs:/opt/ros2/humble/install/unique_identifier_msgs:/opt/ros2/humble/install/ament_lint_common:/opt/ros2/humble/install/ament_cmake_uncrustify:/opt/ros2/humble/install/uncrustify_vendor:/opt/ros2/humble/install/trajectory_msgs:/opt/ros2/humble/install/topic_statistics_demo:/opt/ros2/humble/install/pendulum_control:/opt/ros2/humble/install/tlsf_cpp:/opt/ros2/humble/install/test_tracetools:/opt/ros2/humble/install/rqt_gui_cpp:/opt/ros2/humble/install/rosbag2_test_common:/opt/ros2/humble/install/ros2lifecycle_test_fixtures:/opt/ros2/humble/install/lifecycle:/opt/ros2/humble/install/rclcpp_lifecycle:/opt/ros2/humble/install/logging_demo:/opt/ros2/humble/install/image_tools:/opt/ros2/humble/install/examples_rclcpp_minimal_subscriber:/opt/ros2/humble/install/examples_rclcpp_minimal_composition:/opt/ros2/humble/install/demo_nodes_cpp_native:/opt/ros2/humble/install/rclcpp_components:/opt/ros2/humble/install/intra_process_demo:/opt/ros2/humble/install/examples_rclcpp_multithreaded_executor:/opt/ros2/humble/install/examples_rclcpp_minimal_timer:/opt/ros2/humble/install/examples_rclcpp_minimal_publisher:/opt/ros2/humble/install/examples_rclcpp_cbg_executor:/opt/ros2/humble/install/dummy_sensors:/opt/ros2/humble/install/dummy_map_server:/opt/ros2/humble/install/rclcpp:/opt/ros2/humble/install/rcl_lifecycle:/opt/ros2/humble/install/libstatistics_collector:/opt/ros2/humble/install/rcl:/opt/ros2/humble/install/rmw_implementation:/opt/ros2/humble/install/rmw_fastrtps_dynamic_cpp:/opt/ros2/humble/install/rmw_fastrtps_cpp:/opt/ros2/humble/install/rmw_fastrtps_shared_cpp:/opt/ros2/humble/install/rmw_cyclonedds_cpp:/opt/ros2/humble/install/tracetools:/opt/ros2/humble/install/tlsf:/opt/ros2/humble/install/tinyxml_vendor:/opt/ros2/humble/install/qt_gui_core:/opt/ros2/humble/install/qt_gui_cpp:/opt/ros2/humble/install/pluginlib:/opt/ros2/humble/install/tinyxml2_vendor:/opt/ros2/humble/install/tf2_eigen_kdl:/opt/ros2/humble/install/tf2:/opt/ros2/humble/install/test_security:/opt/ros2/humble/install/test_rmw_implementation:/opt/ros2/humble/install/test_rclcpp:/opt/ros2/humble/install/test_quality_of_service:/opt/ros2/humble/install/test_launch_testing:/opt/ros2/humble/install/test_interface_files:/opt/ros2/humble/install/test_communication:/opt/ros2/humble/install/test_cli_remapping:/opt/ros2/humble/install/test_cli:/opt/ros2/humble/install/qt_gui_app:/opt/ros2/humble/install/qt_gui:/opt/ros2/humble/install/tango_icons_vendor:/opt/ros2/humble/install/stereo_msgs:/opt/ros2/humble/install/std_srvs:/opt/ros2/humble/install/shape_msgs:/opt/ros2/humble/install/map_msgs:/opt/ros2/humble/install/sensor_msgs:/opt/ros2/humble/install/nav_msgs:/opt/ros2/humble/install/diagnostic_msgs:/opt/ros2/humble/install/geometry_msgs:/opt/ros2/humble/install/actionlib_msgs:/opt/ros2/humble/install/std_msgs:/opt/ros2/humble/install/statistics_msgs:/opt/ros2/humble/install/sqlite3_vendor:/opt/ros2/humble/install/rcl_logging_spdlog:/opt/ros2/humble/install/spdlog_vendor:/opt/ros2/humble/install/shared_queues_vendor:/opt/ros2/humble/install/rviz_rendering_tests:/opt/ros2/humble/install/rviz_rendering:/opt/ros2/humble/install/rviz_ogre_vendor:/opt/ros2/humble/install/rviz_assimp_vendor:/opt/ros2/humble/install/rttest:/opt/ros2/humble/install/rmw_connextddsmicro:/opt/ros2/humble/install/rmw_connextdds:/opt/ros2/humble/install/rmw_connextdds_common:/opt/ros2/humble/install/rti_connext_dds_cmake_module:/opt/ros2/humble/install/rosgraph_msgs:/opt/ros2/humble/install/rosbag2_interfaces:/opt/ros2/humble/install/rmw_dds_common:/opt/ros2/humble/install/composition_interfaces:/opt/ros2/humble/install/rcl_interfaces:/opt/ros2/humble/install/pendulum_msgs:/opt/ros2/humble/install/lifecycle_msgs:/opt/ros2/humble/install/builtin_interfaces:/opt/ros2/humble/install/rosidl_default_runtime:/opt/ros2/humble/install/rosidl_default_generators:/opt/ros2/humble/install/rosidl_generator_py:/opt/ros2/humble/install/rosidl_typesupport_introspection_tests:/opt/ros2/humble/install/rosidl_typesupport_cpp:/opt/ros2/humble/install/rosidl_typesupport_introspection_cpp:/opt/ros2/humble/install/rosidl_typesupport_c:/opt/ros2/humble/install/rosidl_typesupport_introspection_c:/opt/ros2/humble/install/rosidl_typesupport_fastrtps_c:/opt/ros2/humble/install/rosidl_typesupport_fastrtps_cpp:/opt/ros2/humble/install/rosidl_generator_cpp:/opt/ros2/humble/install/rosidl_runtime_cpp:/opt/ros2/humble/install/rcl_yaml_param_parser:/opt/ros2/humble/install/rmw:/opt/ros2/humble/install/rosidl_runtime_c:/opt/ros2/humble/install/rosidl_generator_c:/opt/ros2/humble/install/rosidl_typesupport_interface:/opt/ros2/humble/install/rosidl_generator_dds_idl:/opt/ros2/humble/install/rosidl_cmake:/opt/ros2/humble/install/rosidl_parser:/opt/ros2/humble/install/rosidl_adapter:/opt/ros2/humble/install/rosbag2_tests:/opt/ros2/humble/install/ros_environment:/opt/ros2/humble/install/rmw_implementation_cmake:/opt/ros2/humble/install/resource_retriever:/opt/ros2/humble/install/class_loader:/opt/ros2/humble/install/rcpputils:/opt/ros2/humble/install/rcl_logging_noop:/opt/ros2/humble/install/rcl_logging_interface:/opt/ros2/humble/install/rcutils:/opt/ros2/humble/install/qt_gui_py_common:/opt/ros2/humble/install/qt_dotgraph:/opt/ros2/humble/install/python_qt_binding:/opt/ros2/humble/install/python_orocos_kdl_vendor:/opt/ros2/humble/install/launch_testing_ament_cmake:/opt/ros2/humble/install/python_cmake_module:/opt/ros2/humble/install/pybind11_vendor:/opt/ros2/humble/install/performance_test_fixture:/opt/ros2/humble/install/osrf_testing_tools_cpp:/opt/ros2/humble/install/orocos_kdl_vendor:/opt/ros2/humble/install/mimick_vendor:/opt/ros2/humble/install/libyaml_vendor:/opt/ros2/humble/install/libcurl_vendor:/opt/ros2/humble/install/keyboard_handler:/opt/ros2/humble/install/cyclonedds:/opt/ros2/humble/install/iceoryx_posh:/opt/ros2/humble/install/iceoryx_hoofs:/opt/ros2/humble/install/iceoryx_binding_c:/opt/ros2/humble/install/ament_cmake_ros:/opt/ros2/humble/install/ament_cmake_gmock:/opt/ros2/humble/install/gmock_vendor:/opt/ros2/humble/install/ament_cmake_auto:/opt/ros2/humble/install/ament_cmake_gtest:/opt/ros2/humble/install/gtest_vendor:/opt/ros2/humble/install/ament_cmake_google_benchmark:/opt/ros2/humble/install/google_benchmark_vendor:/opt/ros2/humble/install/fastrtps:/opt/ros2/humble/install/foonathan_memory_vendor:/opt/ros2/humble/install/fastrtps_cmake_module:/opt/ros2/humble/install/fastcdr:/opt/ros2/humble/install/eigen3_cmake_module:/opt/ros2/humble/install/console_bridge_vendor:/opt/ros2/humble/install/ament_cmake_xmllint:/opt/ros2/humble/install/ament_cmake_pyflakes:/opt/ros2/humble/install/ament_cmake_pycodestyle:/opt/ros2/humble/install/ament_cmake_pep257:/opt/ros2/humble/install/ament_cmake_pclint:/opt/ros2/humble/install/ament_lint_auto:/opt/ros2/humble/install/ament_cmake:/opt/ros2/humble/install/ament_cmake_version:/opt/ros2/humble/install/ament_cmake_pytest:/opt/ros2/humble/install/ament_cmake_nose:/opt/ros2/humble/install/ament_cmake_mypy:/opt/ros2/humble/install/ament_cmake_lint_cmake:/opt/ros2/humble/install/ament_cmake_flake8:/opt/ros2/humble/install/ament_cmake_cpplint:/opt/ros2/humble/install/ament_cmake_cppcheck:/opt/ros2/humble/install/ament_cmake_copyright:/opt/ros2/humble/install/ament_cmake_clang_tidy:/opt/ros2/humble/install/ament_cmake_clang_format:/opt/ros2/humble/install/ament_cmake_test:/opt/ros2/humble/install/ament_cmake_target_dependencies:/opt/ros2/humble/install/ament_cmake_python:/opt/ros2/humble/install/ament_cmake_export_dependencies:/opt/ros2/humble/install/ament_cmake_libraries:/opt/ros2/humble/install/ament_cmake_include_directories:/opt/ros2/humble/install/ament_cmake_gen_version_h:/opt/ros2/humble/install/ament_cmake_export_targets:/opt/ros2/humble/install/ament_cmake_export_link_flags:/opt/ros2/humble/install/ament_cmake_export_interfaces:/opt/ros2/humble/install/ament_cmake_export_libraries:/opt/ros2/humble/install/ament_cmake_export_include_directories:/opt/ros2/humble/install/ament_cmake_export_definitions:/opt/ros2/humble/install/ament_cmake_core:/opt/ros2/humble/install/ament_index_cpp:/home/olive/examples/install/shake_detector:/opt/ros2/humble/install/rqt_bag_plugins:/opt/ros2/humble/install/rqt_bag:/opt/ros2/humble/install/ros2bag:/opt/ros2/humble/install/tracetools_test:/opt/ros2/humble/install/tracetools_launch:/opt/ros2/humble/install/topic_monitor:/opt/ros2/humble/install/tf2_tools:/opt/ros2/humble/install/examples_tf2_py:/opt/ros2/humble/install/tf2_ros_py:/opt/ros2/humble/install/sros2:/opt/ros2/humble/install/rqt_topic:/opt/ros2/humble/install/rqt_srv:/opt/ros2/humble/install/rqt_shell:/opt/ros2/humble/install/rqt_service_caller:/opt/ros2/humble/install/rqt_reconfigure:/opt/ros2/humble/install/rqt_py_console:/opt/ros2/humble/install/rqt_publisher:/opt/ros2/humble/install/rqt_plot:/opt/ros2/humble/install/rqt_action:/opt/ros2/humble/install/rqt_msg:/opt/ros2/humble/install/rqt_console:/opt/ros2/humble/install/rqt:/opt/ros2/humble/install/rqt_graph:/opt/ros2/humble/install/rqt_gui_py:/opt/ros2/humble/install/rqt_gui:/opt/ros2/humble/install/ros2trace:/opt/ros2/humble/install/ros2topic:/opt/ros2/humble/install/ros2test:/opt/ros2/humble/install/ros2component:/opt/ros2/humble/install/ros2param:/opt/ros2/humble/install/ros2lifecycle:/opt/ros2/humble/install/ros2service:/opt/ros2/humble/install/ros2run:/opt/ros2/humble/install/ros2launch:/opt/ros2/humble/install/ros2pkg:/opt/ros2/humble/install/ros2node:/opt/ros2/humble/install/ros2multicast:/opt/ros2/humble/install/ros2interface:/opt/ros2/humble/install/ros2doctor:/opt/ros2/humble/install/ros2action:/opt/ros2/humble/install/ros2cli:/opt/ros2/humble/install/quality_of_service_demo_py:/opt/ros2/humble/install/lifecycle_py:/opt/ros2/humble/install/launch_testing_ros:/opt/ros2/humble/install/launch_ros:/opt/ros2/humble/install/examples_rclpy_pointcloud_publisher:/opt/ros2/humble/install/examples_rclpy_minimal_subscriber:/opt/ros2/humble/install/examples_rclpy_minimal_service:/opt/ros2/humble/install/examples_rclpy_minimal_publisher:/opt/ros2/humble/install/examples_rclpy_minimal_client:/opt/ros2/humble/install/examples_rclpy_minimal_action_server:/opt/ros2/humble/install/examples_rclpy_minimal_action_client:/opt/ros2/humble/install/examples_rclpy_guard_conditions:/opt/ros2/humble/install/examples_rclpy_executors:/opt/ros2/humble/install/demo_nodes_py:/opt/ros2/humble/install/action_tutorials_py:/opt/ros2/humble/install/ament_uncrustify:/opt/ros2/humble/install/tracetools_trace:/opt/ros2/humble/install/tracetools_read:/opt/ros2/humble/install/test_tracetools_launch:/opt/ros2/humble/install/test_launch_ros:/opt/ros2/humble/install/sensor_msgs_py:/opt/ros2/humble/install/rpyutils:/opt/ros2/humble/install/rosidl_runtime_py:/opt/ros2/humble/install/rosidl_cli:/opt/ros2/humble/install/launch_pytest:/opt/ros2/humble/install/launch_testing:/opt/ros2/humble/install/launch_yaml:/opt/ros2/humble/install/launch_xml:/opt/ros2/humble/install/launch:/opt/ros2/humble/install/osrf_pycommon:/opt/ros2/humble/install/launch_testing_examples:/opt/ros2/humble/install/domain_coordinator:/opt/ros2/humble/install/ament_xmllint:/opt/ros2/humble/install/ament_pyflakes:/opt/ros2/humble/install/ament_pycodestyle:/opt/ros2/humble/install/ament_pep257:/opt/ros2/humble/install/ament_pclint:/opt/ros2/humble/install/ament_package:/opt/ros2/humble/install/ament_mypy:/opt/ros2/humble/install/ament_lint_cmake:/opt/ros2/humble/install/ament_flake8:/opt/ros2/humble/install/ament_copyright:/opt/ros2/humble/install/ament_lint:/opt/ros2/humble/install/ament_index_python:/opt/ros2/humble/install/ament_cpplint:/opt/ros2/humble/install/ament_cppcheck:/opt/ros2/humble/install/ament_clang_tidy:/opt/ros2/humble/install/ament_clang_format LD_LIBRARY_PATH=/home/olive/workspace2/install/apriltag_msgs/lib:${LD_LIBRARY_PATH} PYTHONPATH=/home/olive/workspace2/install/apriltag_msgs/lib/python3.9/site-packages:${PYTHONPATH} /usr/bin/cmake --build /home/olive/workspace2/build/apriltag_detector -- -j2 -l2
[356.788s] DEBUG:colcon.colcon_core.event_handler.log_command:Invoked command in '/home/olive/workspace2/build/apriltag_detector' returned '2': AMENT_PREFIX_PATH=/home/olive/workspace2/install/apriltag_msgs:${AMENT_PREFIX_PATH} CMAKE_PREFIX_PATH=/home/olive/workspace2/install/apriltag_msgs:/home/olive/workspace2/install/image_publisher:/home/olive/workspace2/install/image_geometry:/home/olive/workspace2/install/cv_bridge:/opt/ros2/humble/install/image_publisher:/opt/ros2/humble/install/image_geometry:/opt/ros2/humble/install/cv_bridge:/opt/olive/packages/install/position_control:/opt/olive/packages/install/olive_dcm:/opt/ros2/humble/install/rosbag2:/opt/ros2/humble/install/rosbag2_compression_zstd:/opt/ros2/humble/install/zstd_vendor:/opt/ros2/humble/install/rviz_visual_testing_framework:/opt/ros2/humble/install/rviz2:/opt/ros2/humble/install/rviz_default_plugins:/opt/ros2/humble/install/rviz_common:/opt/ros2/humble/install/rosbag2_py:/opt/ros2/humble/install/rosbag2_transport:/opt/ros2/humble/install/rosbag2_performance_benchmarking:/opt/ros2/humble/install/rosbag2_compression:/opt/ros2/humble/install/rosbag2_cpp:/opt/ros2/humble/install/rosbag2_storage_default_plugins:/opt/ros2/humble/install/rosbag2_storage:/opt/ros2/humble/install/image_common:/opt/ros2/humble/install/camera_info_manager:/opt/ros2/humble/install/camera_calibration_parsers:/opt/ros2/humble/install/yaml_cpp_vendor:/opt/ros2/humble/install/interactive_markers:/opt/ros2/humble/install/common_interfaces:/opt/ros2/humble/install/visualization_msgs:/opt/ros2/humble/install/dummy_robot_bringup:/opt/ros2/humble/install/robot_state_publisher:/opt/ros2/humble/install/kdl_parser:/opt/ros2/humble/install/urdf:/opt/ros2/humble/install/urdfdom:/opt/ros2/humble/install/urdf_parser_plugin:/opt/ros2/humble/install/urdfdom_headers:/opt/ros2/humble/install/turtlesim:/opt/ros2/humble/install/geometry2:/opt/ros2/humble/install/tf2_sensor_msgs:/opt/ros2/humble/install/test_tf2:/opt/ros2/humble/install/tf2_kdl:/opt/ros2/humble/install/tf2_geometry_msgs:/opt/ros2/humble/install/tf2_eigen:/opt/ros2/humble/install/tf2_bullet:/opt/ros2/humble/install/tf2_ros:/opt/ros2/humble/install/tf2_py:/opt/ros2/humble/install/tf2_msgs:/opt/ros2/humble/install/test_msgs:/opt/ros2/humble/install/sros2_cmake:/opt/ros2/humble/install/ros2cli_common_extensions:/opt/ros2/humble/install/rqt_py_common:/opt/ros2/humble/install/ros_testing:/opt/ros2/humble/install/ros2cli_test_interfaces:/opt/ros2/humble/install/quality_of_service_demo_cpp:/opt/ros2/humble/install/image_transport:/opt/ros2/humble/install/message_filters:/opt/ros2/humble/install/demo_nodes_cpp:/opt/ros2/humble/install/composition:/opt/ros2/humble/install/laser_geometry:/opt/ros2/humble/install/rclpy:/opt/ros2/humble/install/examples_rclcpp_minimal_action_server:/opt/ros2/humble/install/examples_rclcpp_minimal_action_client:/opt/ros2/humble/install/action_tutorials_cpp:/opt/ros2/humble/install/rclcpp_action:/opt/ros2/humble/install/rcl_action:/opt/ros2/humble/install/examples_rclcpp_wait_set:/opt/ros2/humble/install/examples_rclcpp_minimal_service:/opt/ros2/humble/install/examples_rclcpp_minimal_client:/opt/ros2/humble/install/examples_rclcpp_async_client:/opt/ros2/humble/install/example_interfaces:/opt/ros2/humble/install/action_tutorials_interfaces:/opt/ros2/humble/install/action_msgs:/opt/ros2/humble/install/unique_identifier_msgs:/opt/ros2/humble/install/ament_lint_common:/opt/ros2/humble/install/ament_cmake_uncrustify:/opt/ros2/humble/install/uncrustify_vendor:/opt/ros2/humble/install/trajectory_msgs:/opt/ros2/humble/install/topic_statistics_demo:/opt/ros2/humble/install/pendulum_control:/opt/ros2/humble/install/tlsf_cpp:/opt/ros2/humble/install/test_tracetools:/opt/ros2/humble/install/rqt_gui_cpp:/opt/ros2/humble/install/rosbag2_test_common:/opt/ros2/humble/install/ros2lifecycle_test_fixtures:/opt/ros2/humble/install/lifecycle:/opt/ros2/humble/install/rclcpp_lifecycle:/opt/ros2/humble/install/logging_demo:/opt/ros2/humble/install/image_tools:/opt/ros2/humble/install/examples_rclcpp_minimal_subscriber:/opt/ros2/humble/install/examples_rclcpp_minimal_composition:/opt/ros2/humble/install/demo_nodes_cpp_native:/opt/ros2/humble/install/rclcpp_components:/opt/ros2/humble/install/intra_process_demo:/opt/ros2/humble/install/examples_rclcpp_multithreaded_executor:/opt/ros2/humble/install/examples_rclcpp_minimal_timer:/opt/ros2/humble/install/examples_rclcpp_minimal_publisher:/opt/ros2/humble/install/examples_rclcpp_cbg_executor:/opt/ros2/humble/install/dummy_sensors:/opt/ros2/humble/install/dummy_map_server:/opt/ros2/humble/install/rclcpp:/opt/ros2/humble/install/rcl_lifecycle:/opt/ros2/humble/install/libstatistics_collector:/opt/ros2/humble/install/rcl:/opt/ros2/humble/install/rmw_implementation:/opt/ros2/humble/install/rmw_fastrtps_dynamic_cpp:/opt/ros2/humble/install/rmw_fastrtps_cpp:/opt/ros2/humble/install/rmw_fastrtps_shared_cpp:/opt/ros2/humble/install/rmw_cyclonedds_cpp:/opt/ros2/humble/install/tracetools:/opt/ros2/humble/install/tlsf:/opt/ros2/humble/install/tinyxml_vendor:/opt/ros2/humble/install/qt_gui_core:/opt/ros2/humble/install/qt_gui_cpp:/opt/ros2/humble/install/pluginlib:/opt/ros2/humble/install/tinyxml2_vendor:/opt/ros2/humble/install/tf2_eigen_kdl:/opt/ros2/humble/install/tf2:/opt/ros2/humble/install/test_security:/opt/ros2/humble/install/test_rmw_implementation:/opt/ros2/humble/install/test_rclcpp:/opt/ros2/humble/install/test_quality_of_service:/opt/ros2/humble/install/test_launch_testing:/opt/ros2/humble/install/test_interface_files:/opt/ros2/humble/install/test_communication:/opt/ros2/humble/install/test_cli_remapping:/opt/ros2/humble/install/test_cli:/opt/ros2/humble/install/qt_gui_app:/opt/ros2/humble/install/qt_gui:/opt/ros2/humble/install/tango_icons_vendor:/opt/ros2/humble/install/stereo_msgs:/opt/ros2/humble/install/std_srvs:/opt/ros2/humble/install/shape_msgs:/opt/ros2/humble/install/map_msgs:/opt/ros2/humble/install/sensor_msgs:/opt/ros2/humble/install/nav_msgs:/opt/ros2/humble/install/diagnostic_msgs:/opt/ros2/humble/install/geometry_msgs:/opt/ros2/humble/install/actionlib_msgs:/opt/ros2/humble/install/std_msgs:/opt/ros2/humble/install/statistics_msgs:/opt/ros2/humble/install/sqlite3_vendor:/opt/ros2/humble/install/rcl_logging_spdlog:/opt/ros2/humble/install/spdlog_vendor:/opt/ros2/humble/install/shared_queues_vendor:/opt/ros2/humble/install/rviz_rendering_tests:/opt/ros2/humble/install/rviz_rendering:/opt/ros2/humble/install/rviz_ogre_vendor:/opt/ros2/humble/install/rviz_assimp_vendor:/opt/ros2/humble/install/rttest:/opt/ros2/humble/install/rmw_connextddsmicro:/opt/ros2/humble/install/rmw_connextdds:/opt/ros2/humble/install/rmw_connextdds_common:/opt/ros2/humble/install/rti_connext_dds_cmake_module:/opt/ros2/humble/install/rosgraph_msgs:/opt/ros2/humble/install/rosbag2_interfaces:/opt/ros2/humble/install/rmw_dds_common:/opt/ros2/humble/install/composition_interfaces:/opt/ros2/humble/install/rcl_interfaces:/opt/ros2/humble/install/pendulum_msgs:/opt/ros2/humble/install/lifecycle_msgs:/opt/ros2/humble/install/builtin_interfaces:/opt/ros2/humble/install/rosidl_default_runtime:/opt/ros2/humble/install/rosidl_default_generators:/opt/ros2/humble/install/rosidl_generator_py:/opt/ros2/humble/install/rosidl_typesupport_introspection_tests:/opt/ros2/humble/install/rosidl_typesupport_cpp:/opt/ros2/humble/install/rosidl_typesupport_introspection_cpp:/opt/ros2/humble/install/rosidl_typesupport_c:/opt/ros2/humble/install/rosidl_typesupport_introspection_c:/opt/ros2/humble/install/rosidl_typesupport_fastrtps_c:/opt/ros2/humble/install/rosidl_typesupport_fastrtps_cpp:/opt/ros2/humble/install/rosidl_generator_cpp:/opt/ros2/humble/install/rosidl_runtime_cpp:/opt/ros2/humble/install/rcl_yaml_param_parser:/opt/ros2/humble/install/rmw:/opt/ros2/humble/install/rosidl_runtime_c:/opt/ros2/humble/install/rosidl_generator_c:/opt/ros2/humble/install/rosidl_typesupport_interface:/opt/ros2/humble/install/rosidl_generator_dds_idl:/opt/ros2/humble/install/rosidl_cmake:/opt/ros2/humble/install/rosidl_parser:/opt/ros2/humble/install/rosidl_adapter:/opt/ros2/humble/install/rosbag2_tests:/opt/ros2/humble/install/ros_environment:/opt/ros2/humble/install/rmw_implementation_cmake:/opt/ros2/humble/install/resource_retriever:/opt/ros2/humble/install/class_loader:/opt/ros2/humble/install/rcpputils:/opt/ros2/humble/install/rcl_logging_noop:/opt/ros2/humble/install/rcl_logging_interface:/opt/ros2/humble/install/rcutils:/opt/ros2/humble/install/qt_gui_py_common:/opt/ros2/humble/install/qt_dotgraph:/opt/ros2/humble/install/python_qt_binding:/opt/ros2/humble/install/python_orocos_kdl_vendor:/opt/ros2/humble/install/launch_testing_ament_cmake:/opt/ros2/humble/install/python_cmake_module:/opt/ros2/humble/install/pybind11_vendor:/opt/ros2/humble/install/performance_test_fixture:/opt/ros2/humble/install/osrf_testing_tools_cpp:/opt/ros2/humble/install/orocos_kdl_vendor:/opt/ros2/humble/install/mimick_vendor:/opt/ros2/humble/install/libyaml_vendor:/opt/ros2/humble/install/libcurl_vendor:/opt/ros2/humble/install/keyboard_handler:/opt/ros2/humble/install/cyclonedds:/opt/ros2/humble/install/iceoryx_posh:/opt/ros2/humble/install/iceoryx_hoofs:/opt/ros2/humble/install/iceoryx_binding_c:/opt/ros2/humble/install/ament_cmake_ros:/opt/ros2/humble/install/ament_cmake_gmock:/opt/ros2/humble/install/gmock_vendor:/opt/ros2/humble/install/ament_cmake_auto:/opt/ros2/humble/install/ament_cmake_gtest:/opt/ros2/humble/install/gtest_vendor:/opt/ros2/humble/install/ament_cmake_google_benchmark:/opt/ros2/humble/install/google_benchmark_vendor:/opt/ros2/humble/install/fastrtps:/opt/ros2/humble/install/foonathan_memory_vendor:/opt/ros2/humble/install/fastrtps_cmake_module:/opt/ros2/humble/install/fastcdr:/opt/ros2/humble/install/eigen3_cmake_module:/opt/ros2/humble/install/console_bridge_vendor:/opt/ros2/humble/install/ament_cmake_xmllint:/opt/ros2/humble/install/ament_cmake_pyflakes:/opt/ros2/humble/install/ament_cmake_pycodestyle:/opt/ros2/humble/install/ament_cmake_pep257:/opt/ros2/humble/install/ament_cmake_pclint:/opt/ros2/humble/install/ament_lint_auto:/opt/ros2/humble/install/ament_cmake:/opt/ros2/humble/install/ament_cmake_version:/opt/ros2/humble/install/ament_cmake_pytest:/opt/ros2/humble/install/ament_cmake_nose:/opt/ros2/humble/install/ament_cmake_mypy:/opt/ros2/humble/install/ament_cmake_lint_cmake:/opt/ros2/humble/install/ament_cmake_flake8:/opt/ros2/humble/install/ament_cmake_cpplint:/opt/ros2/humble/install/ament_cmake_cppcheck:/opt/ros2/humble/install/ament_cmake_copyright:/opt/ros2/humble/install/ament_cmake_clang_tidy:/opt/ros2/humble/install/ament_cmake_clang_format:/opt/ros2/humble/install/ament_cmake_test:/opt/ros2/humble/install/ament_cmake_target_dependencies:/opt/ros2/humble/install/ament_cmake_python:/opt/ros2/humble/install/ament_cmake_export_dependencies:/opt/ros2/humble/install/ament_cmake_libraries:/opt/ros2/humble/install/ament_cmake_include_directories:/opt/ros2/humble/install/ament_cmake_gen_version_h:/opt/ros2/humble/install/ament_cmake_export_targets:/opt/ros2/humble/install/ament_cmake_export_link_flags:/opt/ros2/humble/install/ament_cmake_export_interfaces:/opt/ros2/humble/install/ament_cmake_export_libraries:/opt/ros2/humble/install/ament_cmake_export_include_directories:/opt/ros2/humble/install/ament_cmake_export_definitions:/opt/ros2/humble/install/ament_cmake_core:/opt/ros2/humble/install/ament_index_cpp:/home/olive/examples/install/shake_detector:/opt/ros2/humble/install/rqt_bag_plugins:/opt/ros2/humble/install/rqt_bag:/opt/ros2/humble/install/ros2bag:/opt/ros2/humble/install/tracetools_test:/opt/ros2/humble/install/tracetools_launch:/opt/ros2/humble/install/topic_monitor:/opt/ros2/humble/install/tf2_tools:/opt/ros2/humble/install/examples_tf2_py:/opt/ros2/humble/install/tf2_ros_py:/opt/ros2/humble/install/sros2:/opt/ros2/humble/install/rqt_topic:/opt/ros2/humble/install/rqt_srv:/opt/ros2/humble/install/rqt_shell:/opt/ros2/humble/install/rqt_service_caller:/opt/ros2/humble/install/rqt_reconfigure:/opt/ros2/humble/install/rqt_py_console:/opt/ros2/humble/install/rqt_publisher:/opt/ros2/humble/install/rqt_plot:/opt/ros2/humble/install/rqt_action:/opt/ros2/humble/install/rqt_msg:/opt/ros2/humble/install/rqt_console:/opt/ros2/humble/install/rqt:/opt/ros2/humble/install/rqt_graph:/opt/ros2/humble/install/rqt_gui_py:/opt/ros2/humble/install/rqt_gui:/opt/ros2/humble/install/ros2trace:/opt/ros2/humble/install/ros2topic:/opt/ros2/humble/install/ros2test:/opt/ros2/humble/install/ros2component:/opt/ros2/humble/install/ros2param:/opt/ros2/humble/install/ros2lifecycle:/opt/ros2/humble/install/ros2service:/opt/ros2/humble/install/ros2run:/opt/ros2/humble/install/ros2launch:/opt/ros2/humble/install/ros2pkg:/opt/ros2/humble/install/ros2node:/opt/ros2/humble/install/ros2multicast:/opt/ros2/humble/install/ros2interface:/opt/ros2/humble/install/ros2doctor:/opt/ros2/humble/install/ros2action:/opt/ros2/humble/install/ros2cli:/opt/ros2/humble/install/quality_of_service_demo_py:/opt/ros2/humble/install/lifecycle_py:/opt/ros2/humble/install/launch_testing_ros:/opt/ros2/humble/install/launch_ros:/opt/ros2/humble/install/examples_rclpy_pointcloud_publisher:/opt/ros2/humble/install/examples_rclpy_minimal_subscriber:/opt/ros2/humble/install/examples_rclpy_minimal_service:/opt/ros2/humble/install/examples_rclpy_minimal_publisher:/opt/ros2/humble/install/examples_rclpy_minimal_client:/opt/ros2/humble/install/examples_rclpy_minimal_action_server:/opt/ros2/humble/install/examples_rclpy_minimal_action_client:/opt/ros2/humble/install/examples_rclpy_guard_conditions:/opt/ros2/humble/install/examples_rclpy_executors:/opt/ros2/humble/install/demo_nodes_py:/opt/ros2/humble/install/action_tutorials_py:/opt/ros2/humble/install/ament_uncrustify:/opt/ros2/humble/install/tracetools_trace:/opt/ros2/humble/install/tracetools_read:/opt/ros2/humble/install/test_tracetools_launch:/opt/ros2/humble/install/test_launch_ros:/opt/ros2/humble/install/sensor_msgs_py:/opt/ros2/humble/install/rpyutils:/opt/ros2/humble/install/rosidl_runtime_py:/opt/ros2/humble/install/rosidl_cli:/opt/ros2/humble/install/launch_pytest:/opt/ros2/humble/install/launch_testing:/opt/ros2/humble/install/launch_yaml:/opt/ros2/humble/install/launch_xml:/opt/ros2/humble/install/launch:/opt/ros2/humble/install/osrf_pycommon:/opt/ros2/humble/install/launch_testing_examples:/opt/ros2/humble/install/domain_coordinator:/opt/ros2/humble/install/ament_xmllint:/opt/ros2/humble/install/ament_pyflakes:/opt/ros2/humble/install/ament_pycodestyle:/opt/ros2/humble/install/ament_pep257:/opt/ros2/humble/install/ament_pclint:/opt/ros2/humble/install/ament_package:/opt/ros2/humble/install/ament_mypy:/opt/ros2/humble/install/ament_lint_cmake:/opt/ros2/humble/install/ament_flake8:/opt/ros2/humble/install/ament_copyright:/opt/ros2/humble/install/ament_lint:/opt/ros2/humble/install/ament_index_python:/opt/ros2/humble/install/ament_cpplint:/opt/ros2/humble/install/ament_cppcheck:/opt/ros2/humble/install/ament_clang_tidy:/opt/ros2/humble/install/ament_clang_format LD_LIBRARY_PATH=/home/olive/workspace2/install/apriltag_msgs/lib:${LD_LIBRARY_PATH} PYTHONPATH=/home/olive/workspace2/install/apriltag_msgs/lib/python3.9/site-packages:${PYTHONPATH} /usr/bin/cmake --build /home/olive/workspace2/build/apriltag_detector -- -j2 -l2
[359.373s] Level 1:colcon.colcon_core.environment:create_environment_scripts_only(apriltag_detector)
[359.409s] Level 1:colcon.colcon_core.environment:checking '/home/olive/workspace2/install/apriltag_detector' for CMake module files
[359.417s] Level 1:colcon.colcon_core.environment:checking '/home/olive/workspace2/install/apriltag_detector' for CMake config files
[359.422s] Level 1:colcon.colcon_core.environment:checking '/home/olive/workspace2/install/apriltag_detector/bin'
[359.423s] Level 1:colcon.colcon_core.environment:checking '/home/olive/workspace2/install/apriltag_detector/lib/pkgconfig/apriltag_detector.pc'
[359.425s] Level 1:colcon.colcon_core.environment:checking '/home/olive/workspace2/install/apriltag_detector/lib/python3.9/site-packages'
[359.442s] INFO:colcon.colcon_core.shell:Creating package script '/home/olive/workspace2/install/apriltag_detector/share/apriltag_detector/package.ps1'
[359.451s] INFO:colcon.colcon_core.shell:Creating package descriptor '/home/olive/workspace2/install/apriltag_detector/share/apriltag_detector/package.dsv'
[359.458s] INFO:colcon.colcon_core.shell:Creating package script '/home/olive/workspace2/install/apriltag_detector/share/apriltag_detector/package.sh'
[359.466s] INFO:colcon.colcon_core.shell:Creating package script '/home/olive/workspace2/install/apriltag_detector/share/apriltag_detector/package.bash'
[359.473s] INFO:colcon.colcon_core.shell:Creating package script '/home/olive/workspace2/install/apriltag_detector/share/apriltag_detector/package.zsh'
[359.484s] Level 1:colcon.colcon_core.environment:create_file_with_runtime_dependencies(/home/olive/workspace2/install/apriltag_detector/share/colcon-core/packages/apriltag_detector)
[359.500s] DEBUG:colcon.colcon_parallel_executor.executor.parallel:closing loop
[359.504s] DEBUG:colcon.colcon_parallel_executor.executor.parallel:loop closed
[359.505s] DEBUG:colcon.colcon_parallel_executor.executor.parallel:run_until_complete finished with '2'
[359.506s] DEBUG:colcon.colcon_core.event_reactor:joining thread
[359.733s] INFO:colcon.colcon_core.plugin_system:Skipping extension 'colcon_notification.desktop_notification.notify_send': Could not find 'notify-send'
[359.735s] INFO:colcon.colcon_core.plugin_system:Skipping extension 'colcon_notification.desktop_notification.terminal_notifier': Not used on non-Darwin systems
[359.736s] INFO:colcon.colcon_core.plugin_system:Skipping extension 'colcon_notification.desktop_notification.win32': Not used on non-Windows systems
[359.737s] INFO:colcon.colcon_notification.desktop_notification:Sending desktop notification using 'notify2'
[359.739s] DEBUG:colcon.colcon_notification.desktop_notification.notify2:Failed to initialize notify2: org.freedesktop.DBus.Error.NotSupported: Unable to autolaunch a dbus-daemon without a $DISPLAY for X11
[359.740s] DEBUG:colcon.colcon_core.event_reactor:joined thread
[359.758s] INFO:colcon.colcon_core.shell:Creating prefix script '/home/olive/workspace2/install/local_setup.ps1'
[359.775s] INFO:colcon.colcon_core.shell:Creating prefix util module '/home/olive/workspace2/install/_local_setup_util_ps1.py'
[359.932s] INFO:colcon.colcon_core.shell:Creating prefix chain script '/home/olive/workspace2/install/setup.ps1'
[360.220s] INFO:colcon.colcon_core.shell:Creating prefix script '/home/olive/workspace2/install/local_setup.sh'
[360.230s] INFO:colcon.colcon_core.shell:Creating prefix util module '/home/olive/workspace2/install/_local_setup_util_sh.py'
[360.239s] INFO:colcon.colcon_core.shell:Creating prefix chain script '/home/olive/workspace2/install/setup.sh'
[360.525s] INFO:colcon.colcon_core.shell:Creating prefix script '/home/olive/workspace2/install/local_setup.bash'
[360.534s] INFO:colcon.colcon_core.shell:Creating prefix chain script '/home/olive/workspace2/install/setup.bash'
[360.817s] INFO:colcon.colcon_core.shell:Creating prefix script '/home/olive/workspace2/install/local_setup.zsh'
[360.827s] INFO:colcon.colcon_core.shell:Creating prefix chain script '/home/olive/workspace2/install/setup.zsh'
