-- Found ament_cmake: 1.3.2 (/opt/ros2/humble/install/ament_cmake/share/ament_cmake/cmake)
-- Found rosidl_default_generators: 1.2.0 (/opt/ros2/humble/install/rosidl_default_generators/share/rosidl_default_generators/cmake)
-- Using all available rosidl_typesupport_c: rosidl_typesupport_introspection_c;rosidl_typesupport_fastrtps_c
-- Found rosidl_adapter: 3.1.3 (/opt/ros2/humble/install/rosidl_adapter/share/rosidl_adapter/cmake)
-- Using all available rosidl_typesupport_cpp: rosidl_typesupport_introspection_cpp;rosidl_typesupport_fastrtps_cpp
-- Found std_msgs: 4.2.2 (/opt/ros2/humble/install/std_msgs/share/std_msgs/cmake)
-- Found ament_cmake_ros: 0.10.0 (/opt/ros2/humble/install/ament_cmake_ros/share/ament_cmake_ros/cmake)
-- Using all available rosidl_typesupport_c: rosidl_typesupport_introspection_c;rosidl_typesupport_fastrtps_c
-- Using all available rosidl_typesupport_cpp: rosidl_typesupport_introspection_cpp;rosidl_typesupport_fastrtps_cpp
-- Found python_cmake_module: 0.10.0 (/opt/ros2/humble/install/python_cmake_module/share/python_cmake_module/cmake)
-- Using PYTHON_EXECUTABLE: /usr/bin/python3
-- Using PYTHON_INCLUDE_DIRS: /usr/include/python3.9
-- Using PYTHON_LIBRARIES: /usr/lib/arm-linux-gnueabihf/libpython3.9.so
-- Found ament_lint_auto: 0.12.4 (/opt/ros2/humble/install/ament_lint_auto/share/ament_lint_auto/cmake)
-- Added test 'lint_cmake' to check CMake code style
-- Added test 'xmllint' to check XML markup files
-- Configuring done
-- Generating done
-- Build files have been written to: /home/olive/workspace2/build/apriltag_msgs
gmake[2]: Warning: File '/opt/ros2/humble/install/builtin_interfaces/share/builtin_interfaces/msg/Time.idl' has modification time 8941565 s in the future
[  2%] [34m[1mGenerating C code for ROS interfaces[0m
gmake[2]: Warning: File '/opt/ros2/humble/install/builtin_interfaces/share/builtin_interfaces/msg/Time.idl' has modification time 8941565 s in the future
[  4%] [34m[1mGenerating C++ code for ROS interfaces[0m
gmake[2]: warning:  Clock skew detected.  Your build may be incomplete.
[  4%] Built target apriltag_msgs__cpp
[35m[1mScanning dependencies of target apriltag_msgs__rosidl_generator_c[0m
gmake[2]: warning:  Clock skew detected.  Your build may be incomplete.
gmake[2]: Warning: File '/opt/ros2/humble/install/builtin_interfaces/share/builtin_interfaces/msg/Time.idl' has modification time 8941547 s in the future
[  4%] Built target ament_cmake_python_copy_apriltag_msgs
[  4%] [34m[1mGenerating C code for ROS interfaces[0m
gmake[2]: Warning: File '/opt/ros2/humble/install/builtin_interfaces/share/builtin_interfaces/msg/Time.idl' has modification time 8941547 s in the future
[  6%] [34m[1mGenerating C++ introspection for ROS interfaces[0m
[35m[1mScanning dependencies of target apriltag_msgs__rosidl_typesupport_introspection_cpp[0m
gmake[2]: warning:  Clock skew detected.  Your build may be incomplete.
gmake[2]: Warning: File '/opt/ros2/humble/install/builtin_interfaces/share/builtin_interfaces/msg/Time.idl' has modification time 8941533 s in the future
[  6%] [34m[1mGenerating C++ introspection for ROS interfaces[0m
[  8%] [32mBuilding C object CMakeFiles/apriltag_msgs__rosidl_generator_c.dir/rosidl_generator_c/apriltag_msgs/msg/detail/point__functions.c.o[0m
[ 10%] [32mBuilding C object CMakeFiles/apriltag_msgs__rosidl_generator_c.dir/rosidl_generator_c/apriltag_msgs/msg/detail/april_tag_detection__functions.c.o[0m
[ 12%] [32mBuilding C object CMakeFiles/apriltag_msgs__rosidl_generator_c.dir/rosidl_generator_c/apriltag_msgs/msg/detail/april_tag_detection_array__functions.c.o[0m
[ 14%] [32m[1mLinking C shared library libapriltag_msgs__rosidl_generator_c.so[0m
gmake[2]: warning:  Clock skew detected.  Your build may be incomplete.
[ 14%] Built target apriltag_msgs__rosidl_generator_c
gmake[2]: Warning: File '/opt/ros2/humble/install/builtin_interfaces/share/builtin_interfaces/msg/Time.idl' has modification time 8941526 s in the future
[ 17%] [34m[1mGenerating C++ type support for eProsima Fast-RTPS[0m
[ 19%] [32mBuilding CXX object CMakeFiles/apriltag_msgs__rosidl_typesupport_introspection_cpp.dir/rosidl_typesupport_introspection_cpp/apriltag_msgs/msg/detail/point__type_support.cpp.o[0m
[35m[1mScanning dependencies of target apriltag_msgs__rosidl_typesupport_fastrtps_cpp[0m
gmake[2]: warning:  Clock skew detected.  Your build may be incomplete.
gmake[2]: Warning: File '/opt/ros2/humble/install/builtin_interfaces/share/builtin_interfaces/msg/Time.idl' has modification time 8941512 s in the future
[ 19%] [34m[1mGenerating C++ type support for eProsima Fast-RTPS[0m
[ 21%] [32mBuilding CXX object CMakeFiles/apriltag_msgs__rosidl_typesupport_introspection_cpp.dir/rosidl_typesupport_introspection_cpp/apriltag_msgs/msg/detail/april_tag_detection__type_support.cpp.o[0m
[ 23%] [32mBuilding CXX object CMakeFiles/apriltag_msgs__rosidl_typesupport_introspection_cpp.dir/rosidl_typesupport_introspection_cpp/apriltag_msgs/msg/detail/april_tag_detection_array__type_support.cpp.o[0m
[ 25%] [32mBuilding CXX object CMakeFiles/apriltag_msgs__rosidl_typesupport_fastrtps_cpp.dir/rosidl_typesupport_fastrtps_cpp/apriltag_msgs/msg/detail/dds_fastrtps/point__type_support.cpp.o[0m
[ 27%] [32m[1mLinking CXX shared library libapriltag_msgs__rosidl_typesupport_introspection_cpp.so[0m
gmake[2]: warning:  Clock skew detected.  Your build may be incomplete.
[ 27%] Built target apriltag_msgs__rosidl_typesupport_introspection_cpp
gmake[2]: Warning: File '/opt/ros2/humble/install/builtin_interfaces/share/builtin_interfaces/msg/Time.idl' has modification time 8941489 s in the future
[ 29%] [34m[1mGenerating C type support for eProsima Fast-RTPS[0m
[ 31%] [32mBuilding CXX object CMakeFiles/apriltag_msgs__rosidl_typesupport_fastrtps_cpp.dir/rosidl_typesupport_fastrtps_cpp/apriltag_msgs/msg/detail/dds_fastrtps/april_tag_detection__type_support.cpp.o[0m
[ 34%] [32mBuilding CXX object CMakeFiles/apriltag_msgs__rosidl_typesupport_fastrtps_cpp.dir/rosidl_typesupport_fastrtps_cpp/apriltag_msgs/msg/detail/dds_fastrtps/april_tag_detection_array__type_support.cpp.o[0m
[35m[1mScanning dependencies of target apriltag_msgs__rosidl_typesupport_fastrtps_c[0m
gmake[2]: warning:  Clock skew detected.  Your build may be incomplete.
gmake[2]: Warning: File '/opt/ros2/humble/install/builtin_interfaces/share/builtin_interfaces/msg/Time.idl' has modification time 8941474 s in the future
[ 34%] [34m[1mGenerating C type support for eProsima Fast-RTPS[0m
In file included from [01m[K/usr/include/c++/10/memory:66[m[K,
                 from [01m[K/home/olive/workspace2/build/apriltag_msgs/rosidl_generator_cpp/apriltag_msgs/msg/detail/april_tag_detection_array__struct.hpp:10[m[K,
                 from [01m[K/home/olive/workspace2/build/apriltag_msgs/rosidl_typesupport_fastrtps_cpp/apriltag_msgs/msg/detail/april_tag_detection_array__rosidl_typesupport_fastrtps_cpp.hpp:11[m[K,
                 from [01m[K/home/olive/workspace2/build/apriltag_msgs/rosidl_typesupport_fastrtps_cpp/apriltag_msgs/msg/detail/dds_fastrtps/april_tag_detection_array__type_support.cpp:4[m[K:
[01m[K/usr/include/c++/10/bits/stl_uninitialized.h:[m[K In function ‘[01m[K_ForwardIterator std::__uninitialized_move_if_noexcept_a(_InputIterator, _InputIterator, _ForwardIterator, _Allocator&) [with _InputIterator = apriltag_msgs::msg::AprilTagDetection_<std::allocator<void> >*; _ForwardIterator = apriltag_msgs::msg::AprilTagDetection_<std::allocator<void> >*; _Allocator = std::allocator<apriltag_msgs::msg::AprilTagDetection_<std::allocator<void> > >][m[K’:
[01m[K/usr/include/c++/10/bits/stl_uninitialized.h:347:2:[m[K [01;36m[Knote: [m[Kparameter passing for argument of type ‘[01m[Kstd::move_iterator<apriltag_msgs::msg::AprilTagDetection_<std::allocator<void> >*>[m[K’ changed in GCC 7.1
  346 |       return [01;36m[Kstd::__uninitialized_copy_a[m[K
      |              [01;36m[K~~~~~~~~~~~~~~~~~~~~~~~~~~~[m[K
  347 | [01;36m[K (_GLIBCXX_MAKE_MOVE_IF_NOEXCEPT_ITERATOR(__first),[m[K
      |  [01;36m[K^~~~~~~~~~~~~~~~~~~~~~~~~~~~~~~~~~~~~~~~~~~~~~~~~~[m[K
  348 | [01;36m[K  _GLIBCXX_MAKE_MOVE_IF_NOEXCEPT_ITERATOR(__last), __result, __alloc)[m[K;
      |   [01;36m[K~~~~~~~~~~~~~~~~~~~~~~~~~~~~~~~~~~~~~~~~~~~~~~~~~~~~~~~~~~~~~~~~~~~[m[K
[01m[K/usr/include/c++/10/bits/stl_uninitialized.h:[m[K In function ‘[01m[K_ForwardIterator std::__uninitialized_copy_a(_InputIterator, _InputIterator, _ForwardIterator, std::allocator<_Tp>&) [with _InputIterator = std::move_iterator<apriltag_msgs::msg::AprilTagDetection_<std::allocator<void> >*>; _ForwardIterator = apriltag_msgs::msg::AprilTagDetection_<std::allocator<void> >*; _Tp = apriltag_msgs::msg::AprilTagDetection_<std::allocator<void> >][m[K’:
[01m[K/usr/include/c++/10/bits/stl_uninitialized.h:323:5:[m[K [01;36m[Knote: [m[Kparameter passing for argument of type ‘[01m[Kstd::move_iterator<apriltag_msgs::msg::AprilTagDetection_<std::allocator<void> >*>[m[K’ changed in GCC 7.1
  323 |     [01;36m[K__uninitialized_copy_a[m[K(_InputIterator __first, _InputIterator __last,
      |     [01;36m[K^~~~~~~~~~~~~~~~~~~~~~[m[K
[01m[K/usr/include/c++/10/bits/stl_uninitialized.h:323:5:[m[K [01;36m[Knote: [m[Kparameter passing for argument of type ‘[01m[Kstd::move_iterator<apriltag_msgs::msg::AprilTagDetection_<std::allocator<void> >*>[m[K’ changed in GCC 7.1
[01m[K/usr/include/c++/10/bits/stl_uninitialized.h:325:37:[m[K [01;36m[Knote: [m[Kparameter passing for argument of type ‘[01m[Kstd::move_iterator<apriltag_msgs::msg::AprilTagDetection_<std::allocator<void> >*>[m[K’ changed in GCC 7.1
  325 |     { return [01;36m[Kstd::uninitialized_copy(__first, __last, __result)[m[K; }
      |              [01;36m[K~~~~~~~~~~~~~~~~~~~~~~~^~~~~~~~~~~~~~~~~~~~~~~~~~~[m[K
[01m[K/usr/include/c++/10/bits/stl_uninitialized.h:[m[K In function ‘[01m[K_ForwardIterator std::uninitialized_copy(_InputIterator, _InputIterator, _ForwardIterator) [with _InputIterator = std::move_iterator<apriltag_msgs::msg::AprilTagDetection_<std::allocator<void> >*>; _ForwardIterator = apriltag_msgs::msg::AprilTagDetection_<std::allocator<void> >*][m[K’:
[01m[K/usr/include/c++/10/bits/stl_uninitialized.h:125:5:[m[K [01;36m[Knote: [m[Kparameter passing for argument of type ‘[01m[Kstd::move_iterator<apriltag_msgs::msg::AprilTagDetection_<std::allocator<void> >*>[m[K’ changed in GCC 7.1
  125 |     [01;36m[Kuninitialized_copy[m[K(_InputIterator __first, _InputIterator __last,
      |     [01;36m[K^~~~~~~~~~~~~~~~~~[m[K
[01m[K/usr/include/c++/10/bits/stl_uninitialized.h:125:5:[m[K [01;36m[Knote: [m[Kparameter passing for argument of type ‘[01m[Kstd::move_iterator<apriltag_msgs::msg::AprilTagDetection_<std::allocator<void> >*>[m[K’ changed in GCC 7.1
[01m[K/usr/include/c++/10/bits/stl_uninitialized.h:150:15:[m[K [01;36m[Knote: [m[Kparameter passing for argument of type ‘[01m[Kstd::move_iterator<apriltag_msgs::msg::AprilTagDetection_<std::allocator<void> >*>[m[K’ changed in GCC 7.1
  147 |       return [01;36m[Kstd::__uninitialized_copy<__is_trivial(_ValueType1)[m[K
      |              [01;36m[K~~~~~~~~~~~~~~~~~~~~~~~~~~~~~~~~~~~~~~~~~~~~~~~~~~~[m[K
  148 | [01;36m[K           && __is_trivial(_ValueType2)[m[K
      |            [01;36m[K~~~~~~~~~~~~~~~~~~~~~~~~~~~~[m[K
  149 | [01;36m[K           && __assignable>::[m[K
      |            [01;36m[K~~~~~~~~~~~~~~~~~~[m[K
  150 | [01;36m[K __uninit_copy(__first, __last, __result)[m[K;
      |  [01;36m[K~~~~~~~~~~~~~^~~~~~~~~~~~~~~~~~~~~~~~~~~[m[K
[01m[K/usr/include/c++/10/bits/stl_uninitialized.h:[m[K In static member function ‘[01m[Kstatic _ForwardIterator std::__uninitialized_copy<_TrivialValueTypes>::__uninit_copy(_InputIterator, _InputIterator, _ForwardIterator) [with _InputIterator = std::move_iterator<apriltag_msgs::msg::AprilTagDetection_<std::allocator<void> >*>; _ForwardIterator = apriltag_msgs::msg::AprilTagDetection_<std::allocator<void> >*; bool _TrivialValueTypes = false][m[K’:
[01m[K/usr/include/c++/10/bits/stl_uninitialized.h:84:9:[m[K [01;36m[Knote: [m[Kparameter passing for argument of type ‘[01m[Kstd::move_iterator<apriltag_msgs::msg::AprilTagDetection_<std::allocator<void> >*>[m[K’ changed in GCC 7.1
   84 |         [01;36m[K__uninit_copy[m[K(_InputIterator __first, _InputIterator __last,
      |         [01;36m[K^~~~~~~~~~~~~[m[K
[01m[K/usr/include/c++/10/bits/stl_uninitialized.h:84:9:[m[K [01;36m[Knote: [m[Kparameter passing for argument of type ‘[01m[Kstd::move_iterator<apriltag_msgs::msg::AprilTagDetection_<std::allocator<void> >*>[m[K’ changed in GCC 7.1
[ 36%] [32m[1mLinking CXX shared library libapriltag_msgs__rosidl_typesupport_fastrtps_cpp.so[0m
gmake[2]: warning:  Clock skew detected.  Your build may be incomplete.
[ 36%] Built target apriltag_msgs__rosidl_typesupport_fastrtps_cpp
gmake[2]: Warning: File '/opt/ros2/humble/install/builtin_interfaces/share/builtin_interfaces/msg/Time.idl' has modification time 8941466 s in the future
[ 38%] [34m[1mGenerating C++ type support dispatch for ROS interfaces[0m
[ 40%] [32mBuilding CXX object CMakeFiles/apriltag_msgs__rosidl_typesupport_fastrtps_c.dir/rosidl_typesupport_fastrtps_c/apriltag_msgs/msg/detail/point__type_support_c.cpp.o[0m
[35m[1mScanning dependencies of target apriltag_msgs__rosidl_typesupport_cpp[0m
gmake[2]: warning:  Clock skew detected.  Your build may be incomplete.
gmake[2]: Warning: File '/opt/ros2/humble/install/builtin_interfaces/share/builtin_interfaces/msg/Time.idl' has modification time 8941454 s in the future
[ 40%] [34m[1mGenerating C++ type support dispatch for ROS interfaces[0m
[ 42%] [32mBuilding CXX object CMakeFiles/apriltag_msgs__rosidl_typesupport_fastrtps_c.dir/rosidl_typesupport_fastrtps_c/apriltag_msgs/msg/detail/april_tag_detection__type_support_c.cpp.o[0m
[ 44%] [32mBuilding CXX object CMakeFiles/apriltag_msgs__rosidl_typesupport_fastrtps_c.dir/rosidl_typesupport_fastrtps_c/apriltag_msgs/msg/detail/april_tag_detection_array__type_support_c.cpp.o[0m
[ 46%] [32mBuilding CXX object CMakeFiles/apriltag_msgs__rosidl_typesupport_cpp.dir/rosidl_typesupport_cpp/apriltag_msgs/msg/point__type_support.cpp.o[0m
[ 48%] [32m[1mLinking CXX shared library libapriltag_msgs__rosidl_typesupport_fastrtps_c.so[0m
[ 51%] [32mBuilding CXX object CMakeFiles/apriltag_msgs__rosidl_typesupport_cpp.dir/rosidl_typesupport_cpp/apriltag_msgs/msg/april_tag_detection__type_support.cpp.o[0m
gmake[2]: warning:  Clock skew detected.  Your build may be incomplete.
[ 51%] Built target apriltag_msgs__rosidl_typesupport_fastrtps_c
[ 53%] [32mBuilding CXX object CMakeFiles/apriltag_msgs__rosidl_typesupport_cpp.dir/rosidl_typesupport_cpp/apriltag_msgs/msg/april_tag_detection_array__type_support.cpp.o[0m
[ 55%] [32m[1mLinking CXX shared library libapriltag_msgs__rosidl_typesupport_cpp.so[0m
gmake[2]: warning:  Clock skew detected.  Your build may be incomplete.
[ 55%] Built target apriltag_msgs__rosidl_typesupport_cpp
gmake[2]: Warning: File '/opt/ros2/humble/install/builtin_interfaces/share/builtin_interfaces/msg/Time.idl' has modification time 8941426 s in the future
[ 57%] [34m[1mGenerating C introspection for ROS interfaces[0m
running egg_info
writing apriltag_msgs.egg-info/PKG-INFO
writing dependency_links to apriltag_msgs.egg-info/dependency_links.txt
writing top-level names to apriltag_msgs.egg-info/top_level.txt
reading manifest file 'apriltag_msgs.egg-info/SOURCES.txt'
writing manifest file 'apriltag_msgs.egg-info/SOURCES.txt'
[ 57%] Built target ament_cmake_python_build_apriltag_msgs_egg
gmake[2]: Warning: File '/opt/ros2/humble/install/builtin_interfaces/share/builtin_interfaces/msg/Time.idl' has modification time 8941416 s in the future
[ 59%] [34m[1mGenerating C type support dispatch for ROS interfaces[0m
[35m[1mScanning dependencies of target apriltag_msgs__rosidl_typesupport_introspection_c[0m
gmake[2]: warning:  Clock skew detected.  Your build may be incomplete.
gmake[2]: Warning: File '/opt/ros2/humble/install/builtin_interfaces/share/builtin_interfaces/msg/Time.idl' has modification time 8941412 s in the future
[ 59%] [34m[1mGenerating C introspection for ROS interfaces[0m
[35m[1mScanning dependencies of target apriltag_msgs__rosidl_typesupport_c[0m
gmake[2]: warning:  Clock skew detected.  Your build may be incomplete.
gmake[2]: Warning: File '/opt/ros2/humble/install/builtin_interfaces/share/builtin_interfaces/msg/Time.idl' has modification time 8941403 s in the future
[ 59%] [34m[1mGenerating C type support dispatch for ROS interfaces[0m
[ 61%] [32mBuilding C object CMakeFiles/apriltag_msgs__rosidl_typesupport_introspection_c.dir/rosidl_typesupport_introspection_c/apriltag_msgs/msg/detail/point__type_support.c.o[0m
[ 63%] [32mBuilding C object CMakeFiles/apriltag_msgs__rosidl_typesupport_introspection_c.dir/rosidl_typesupport_introspection_c/apriltag_msgs/msg/detail/april_tag_detection__type_support.c.o[0m
[ 65%] [32mBuilding C object CMakeFiles/apriltag_msgs__rosidl_typesupport_introspection_c.dir/rosidl_typesupport_introspection_c/apriltag_msgs/msg/detail/april_tag_detection_array__type_support.c.o[0m
[ 68%] [32m[1mLinking C shared library libapriltag_msgs__rosidl_typesupport_introspection_c.so[0m
gmake[2]: warning:  Clock skew detected.  Your build may be incomplete.
[ 68%] Built target apriltag_msgs__rosidl_typesupport_introspection_c
[ 70%] [32mBuilding CXX object CMakeFiles/apriltag_msgs__rosidl_typesupport_c.dir/rosidl_typesupport_c/apriltag_msgs/msg/point__type_support.cpp.o[0m
[ 72%] [32mBuilding CXX object CMakeFiles/apriltag_msgs__rosidl_typesupport_c.dir/rosidl_typesupport_c/apriltag_msgs/msg/april_tag_detection__type_support.cpp.o[0m
[ 74%] [32mBuilding CXX object CMakeFiles/apriltag_msgs__rosidl_typesupport_c.dir/rosidl_typesupport_c/apriltag_msgs/msg/april_tag_detection_array__type_support.cpp.o[0m
[ 76%] [32m[1mLinking CXX shared library libapriltag_msgs__rosidl_typesupport_c.so[0m
gmake[2]: warning:  Clock skew detected.  Your build may be incomplete.
[ 76%] Built target apriltag_msgs__rosidl_typesupport_c
gmake[2]: Warning: File '/opt/ros2/humble/install/std_msgs/share/std_msgs/msg/Bool.idl' has modification time 8941398 s in the future
gmake[2]: warning:  Clock skew detected.  Your build may be incomplete.
[ 76%] Built target apriltag_msgs
gmake[2]: Warning: File '/opt/ros2/humble/install/builtin_interfaces/share/builtin_interfaces/msg/Time.idl' has modification time 8941387 s in the future
[ 78%] [34m[1mGenerating Python code for ROS interfaces[0m
gmake[2]: warning:  Clock skew detected.  Your build may be incomplete.
[ 78%] Built target apriltag_msgs__py
[35m[1mScanning dependencies of target apriltag_msgs__rosidl_generator_py[0m
gmake[2]: Warning: File '/opt/ros2/humble/install/rosidl_runtime_c/include/rosidl_runtime_c/rosidl_runtime_c/visibility_control.h' has modification time 8943053 s in the future
[ 80%] [32mBuilding C object CMakeFiles/apriltag_msgs__rosidl_generator_py.dir/rosidl_generator_py/apriltag_msgs/msg/_april_tag_detection_s.c.o[0m
[ 82%] [32mBuilding C object CMakeFiles/apriltag_msgs__rosidl_generator_py.dir/rosidl_generator_py/apriltag_msgs/msg/_point_s.c.o[0m
[ 85%] [32mBuilding C object CMakeFiles/apriltag_msgs__rosidl_generator_py.dir/rosidl_generator_py/apriltag_msgs/msg/_april_tag_detection_array_s.c.o[0m
[ 87%] [32m[1mLinking C shared library rosidl_generator_py/apriltag_msgs/libapriltag_msgs__rosidl_generator_py.so[0m
gmake[2]: warning:  Clock skew detected.  Your build may be incomplete.
[ 87%] Built target apriltag_msgs__rosidl_generator_py
[35m[1mScanning dependencies of target apriltag_msgs__rosidl_typesupport_fastrtps_c__pyext[0m
[35m[1mScanning dependencies of target apriltag_msgs__rosidl_typesupport_introspection_c__pyext[0m
gmake[2]: Warning: File '/opt/ros2/humble/install/builtin_interfaces/include/builtin_interfaces/builtin_interfaces/msg/detail/time__struct.h' has modification time 8941360 s in the future
gmake[2]: Warning: File '/opt/ros2/humble/install/builtin_interfaces/include/builtin_interfaces/builtin_interfaces/msg/detail/time__struct.h' has modification time 8941360 s in the future
[ 89%] [32mBuilding C object CMakeFiles/apriltag_msgs__rosidl_typesupport_fastrtps_c__pyext.dir/rosidl_generator_py/apriltag_msgs/_apriltag_msgs_s.ep.rosidl_typesupport_fastrtps_c.c.o[0m
[ 91%] [32mBuilding C object CMakeFiles/apriltag_msgs__rosidl_typesupport_introspection_c__pyext.dir/rosidl_generator_py/apriltag_msgs/_apriltag_msgs_s.ep.rosidl_typesupport_introspection_c.c.o[0m
[ 93%] [32m[1mLinking C shared library rosidl_generator_py/apriltag_msgs/apriltag_msgs_s__rosidl_typesupport_introspection_c.cpython-39-arm-linux-gnueabihf.so[0m
[ 95%] [32m[1mLinking C shared library rosidl_generator_py/apriltag_msgs/apriltag_msgs_s__rosidl_typesupport_fastrtps_c.cpython-39-arm-linux-gnueabihf.so[0m
gmake[2]: warning:  Clock skew detected.  Your build may be incomplete.
gmake[2]: warning:  Clock skew detected.  Your build may be incomplete.
[ 95%] Built target apriltag_msgs__rosidl_typesupport_introspection_c__pyext
[ 95%] Built target apriltag_msgs__rosidl_typesupport_fastrtps_c__pyext
[35m[1mScanning dependencies of target apriltag_msgs__rosidl_typesupport_c__pyext[0m
gmake[2]: Warning: File '/opt/ros2/humble/install/builtin_interfaces/include/builtin_interfaces/builtin_interfaces/msg/detail/time__struct.h' has modification time 8941356 s in the future
[ 97%] [32mBuilding C object CMakeFiles/apriltag_msgs__rosidl_typesupport_c__pyext.dir/rosidl_generator_py/apriltag_msgs/_apriltag_msgs_s.ep.rosidl_typesupport_c.c.o[0m
[100%] [32m[1mLinking C shared library rosidl_generator_py/apriltag_msgs/apriltag_msgs_s__rosidl_typesupport_c.cpython-39-arm-linux-gnueabihf.so[0m
gmake[2]: warning:  Clock skew detected.  Your build may be incomplete.
[100%] Built target apriltag_msgs__rosidl_typesupport_c__pyext
-- Install configuration: ""
-- Up-to-date: /home/olive/workspace2/install/apriltag_msgs/share/ament_index/resource_index/rosidl_interfaces/apriltag_msgs
-- Up-to-date: /home/olive/workspace2/install/apriltag_msgs/include/apriltag_msgs/apriltag_msgs
-- Up-to-date: /home/olive/workspace2/install/apriltag_msgs/include/apriltag_msgs/apriltag_msgs/msg
-- Installing: /home/olive/workspace2/install/apriltag_msgs/include/apriltag_msgs/apriltag_msgs/msg/april_tag_detection.h
-- Up-to-date: /home/olive/workspace2/install/apriltag_msgs/include/apriltag_msgs/apriltag_msgs/msg/rosidl_generator_c__visibility_control.h
-- Installing: /home/olive/workspace2/install/apriltag_msgs/include/apriltag_msgs/apriltag_msgs/msg/april_tag_detection_array.h
-- Up-to-date: /home/olive/workspace2/install/apriltag_msgs/include/apriltag_msgs/apriltag_msgs/msg/detail
-- Installing: /home/olive/workspace2/install/apriltag_msgs/include/apriltag_msgs/apriltag_msgs/msg/detail/april_tag_detection_array__functions.h
-- Installing: /home/olive/workspace2/install/apriltag_msgs/include/apriltag_msgs/apriltag_msgs/msg/detail/april_tag_detection_array__type_support.h
-- Installing: /home/olive/workspace2/install/apriltag_msgs/include/apriltag_msgs/apriltag_msgs/msg/detail/point__functions.h
-- Installing: /home/olive/workspace2/install/apriltag_msgs/include/apriltag_msgs/apriltag_msgs/msg/detail/april_tag_detection_array__functions.c
-- Installing: /home/olive/workspace2/install/apriltag_msgs/include/apriltag_msgs/apriltag_msgs/msg/detail/point__struct.h
-- Installing: /home/olive/workspace2/install/apriltag_msgs/include/apriltag_msgs/apriltag_msgs/msg/detail/april_tag_detection__functions.c
-- Installing: /home/olive/workspace2/install/apriltag_msgs/include/apriltag_msgs/apriltag_msgs/msg/detail/april_tag_detection__type_support.h
-- Installing: /home/olive/workspace2/install/apriltag_msgs/include/apriltag_msgs/apriltag_msgs/msg/detail/point__type_support.h
-- Installing: /home/olive/workspace2/install/apriltag_msgs/include/apriltag_msgs/apriltag_msgs/msg/detail/april_tag_detection__functions.h
-- Installing: /home/olive/workspace2/install/apriltag_msgs/include/apriltag_msgs/apriltag_msgs/msg/detail/april_tag_detection_array__struct.h
-- Installing: /home/olive/workspace2/install/apriltag_msgs/include/apriltag_msgs/apriltag_msgs/msg/detail/april_tag_detection__struct.h
-- Installing: /home/olive/workspace2/install/apriltag_msgs/include/apriltag_msgs/apriltag_msgs/msg/detail/point__functions.c
-- Installing: /home/olive/workspace2/install/apriltag_msgs/include/apriltag_msgs/apriltag_msgs/msg/point.h
-- Up-to-date: /home/olive/workspace2/install/apriltag_msgs/share/apriltag_msgs/environment/library_path.sh
-- Installing: /home/olive/workspace2/install/apriltag_msgs/share/apriltag_msgs/environment/library_path.dsv
-- Installing: /home/olive/workspace2/install/apriltag_msgs/lib/libapriltag_msgs__rosidl_generator_c.so
-- Set runtime path of "/home/olive/workspace2/install/apriltag_msgs/lib/libapriltag_msgs__rosidl_generator_c.so" to ""
-- Up-to-date: /home/olive/workspace2/install/apriltag_msgs/include/apriltag_msgs/apriltag_msgs
-- Up-to-date: /home/olive/workspace2/install/apriltag_msgs/include/apriltag_msgs/apriltag_msgs/msg
-- Up-to-date: /home/olive/workspace2/install/apriltag_msgs/include/apriltag_msgs/apriltag_msgs/msg/detail
-- Installing: /home/olive/workspace2/install/apriltag_msgs/include/apriltag_msgs/apriltag_msgs/msg/detail/april_tag_detection_array__type_support.c
-- Installing: /home/olive/workspace2/install/apriltag_msgs/include/apriltag_msgs/apriltag_msgs/msg/detail/point__type_support.c
-- Installing: /home/olive/workspace2/install/apriltag_msgs/include/apriltag_msgs/apriltag_msgs/msg/detail/april_tag_detection_array__rosidl_typesupport_introspection_c.h
-- Installing: /home/olive/workspace2/install/apriltag_msgs/include/apriltag_msgs/apriltag_msgs/msg/detail/april_tag_detection__type_support.c
-- Installing: /home/olive/workspace2/install/apriltag_msgs/include/apriltag_msgs/apriltag_msgs/msg/detail/point__rosidl_typesupport_introspection_c.h
-- Installing: /home/olive/workspace2/install/apriltag_msgs/include/apriltag_msgs/apriltag_msgs/msg/detail/april_tag_detection__rosidl_typesupport_introspection_c.h
-- Up-to-date: /home/olive/workspace2/install/apriltag_msgs/include/apriltag_msgs/apriltag_msgs/msg/rosidl_typesupport_introspection_c__visibility_control.h
-- Installing: /home/olive/workspace2/install/apriltag_msgs/lib/libapriltag_msgs__rosidl_typesupport_introspection_c.so
-- Set runtime path of "/home/olive/workspace2/install/apriltag_msgs/lib/libapriltag_msgs__rosidl_typesupport_introspection_c.so" to ""
-- Up-to-date: /home/olive/workspace2/install/apriltag_msgs/include/apriltag_msgs/apriltag_msgs
-- Up-to-date: /home/olive/workspace2/install/apriltag_msgs/include/apriltag_msgs/apriltag_msgs/msg
-- Up-to-date: /home/olive/workspace2/install/apriltag_msgs/include/apriltag_msgs/apriltag_msgs/msg/rosidl_typesupport_fastrtps_c__visibility_control.h
-- Up-to-date: /home/olive/workspace2/install/apriltag_msgs/include/apriltag_msgs/apriltag_msgs/msg/detail
-- Installing: /home/olive/workspace2/install/apriltag_msgs/include/apriltag_msgs/apriltag_msgs/msg/detail/april_tag_detection__rosidl_typesupport_fastrtps_c.h
-- Installing: /home/olive/workspace2/install/apriltag_msgs/include/apriltag_msgs/apriltag_msgs/msg/detail/point__rosidl_typesupport_fastrtps_c.h
-- Installing: /home/olive/workspace2/install/apriltag_msgs/include/apriltag_msgs/apriltag_msgs/msg/detail/april_tag_detection_array__rosidl_typesupport_fastrtps_c.h
-- Installing: /home/olive/workspace2/install/apriltag_msgs/lib/libapriltag_msgs__rosidl_typesupport_fastrtps_c.so
-- Set runtime path of "/home/olive/workspace2/install/apriltag_msgs/lib/libapriltag_msgs__rosidl_typesupport_fastrtps_c.so" to ""
-- Installing: /home/olive/workspace2/install/apriltag_msgs/lib/libapriltag_msgs__rosidl_typesupport_c.so
-- Set runtime path of "/home/olive/workspace2/install/apriltag_msgs/lib/libapriltag_msgs__rosidl_typesupport_c.so" to ""
-- Up-to-date: /home/olive/workspace2/install/apriltag_msgs/include/apriltag_msgs/apriltag_msgs
-- Up-to-date: /home/olive/workspace2/install/apriltag_msgs/include/apriltag_msgs/apriltag_msgs/msg
-- Installing: /home/olive/workspace2/install/apriltag_msgs/include/apriltag_msgs/apriltag_msgs/msg/point.hpp
-- Up-to-date: /home/olive/workspace2/install/apriltag_msgs/include/apriltag_msgs/apriltag_msgs/msg/detail
-- Installing: /home/olive/workspace2/install/apriltag_msgs/include/apriltag_msgs/apriltag_msgs/msg/detail/point__struct.hpp
-- Installing: /home/olive/workspace2/install/apriltag_msgs/include/apriltag_msgs/apriltag_msgs/msg/detail/april_tag_detection__traits.hpp
-- Installing: /home/olive/workspace2/install/apriltag_msgs/include/apriltag_msgs/apriltag_msgs/msg/detail/point__builder.hpp
-- Installing: /home/olive/workspace2/install/apriltag_msgs/include/apriltag_msgs/apriltag_msgs/msg/detail/point__traits.hpp
-- Installing: /home/olive/workspace2/install/apriltag_msgs/include/apriltag_msgs/apriltag_msgs/msg/detail/april_tag_detection__builder.hpp
-- Installing: /home/olive/workspace2/install/apriltag_msgs/include/apriltag_msgs/apriltag_msgs/msg/detail/april_tag_detection_array__struct.hpp
-- Installing: /home/olive/workspace2/install/apriltag_msgs/include/apriltag_msgs/apriltag_msgs/msg/detail/april_tag_detection_array__builder.hpp
-- Installing: /home/olive/workspace2/install/apriltag_msgs/include/apriltag_msgs/apriltag_msgs/msg/detail/april_tag_detection__struct.hpp
-- Installing: /home/olive/workspace2/install/apriltag_msgs/include/apriltag_msgs/apriltag_msgs/msg/detail/april_tag_detection_array__traits.hpp
-- Installing: /home/olive/workspace2/install/apriltag_msgs/include/apriltag_msgs/apriltag_msgs/msg/april_tag_detection.hpp
-- Installing: /home/olive/workspace2/install/apriltag_msgs/include/apriltag_msgs/apriltag_msgs/msg/april_tag_detection_array.hpp
-- Up-to-date: /home/olive/workspace2/install/apriltag_msgs/include/apriltag_msgs/apriltag_msgs
-- Up-to-date: /home/olive/workspace2/install/apriltag_msgs/include/apriltag_msgs/apriltag_msgs/msg
-- Up-to-date: /home/olive/workspace2/install/apriltag_msgs/include/apriltag_msgs/apriltag_msgs/msg/detail
-- Installing: /home/olive/workspace2/install/apriltag_msgs/include/apriltag_msgs/apriltag_msgs/msg/detail/april_tag_detection_array__type_support.cpp
-- Installing: /home/olive/workspace2/install/apriltag_msgs/include/apriltag_msgs/apriltag_msgs/msg/detail/april_tag_detection__type_support.cpp
-- Installing: /home/olive/workspace2/install/apriltag_msgs/include/apriltag_msgs/apriltag_msgs/msg/detail/point__type_support.cpp
-- Installing: /home/olive/workspace2/install/apriltag_msgs/include/apriltag_msgs/apriltag_msgs/msg/detail/point__rosidl_typesupport_introspection_cpp.hpp
-- Installing: /home/olive/workspace2/install/apriltag_msgs/include/apriltag_msgs/apriltag_msgs/msg/detail/april_tag_detection_array__rosidl_typesupport_introspection_cpp.hpp
-- Installing: /home/olive/workspace2/install/apriltag_msgs/include/apriltag_msgs/apriltag_msgs/msg/detail/april_tag_detection__rosidl_typesupport_introspection_cpp.hpp
-- Installing: /home/olive/workspace2/install/apriltag_msgs/lib/libapriltag_msgs__rosidl_typesupport_introspection_cpp.so
-- Set runtime path of "/home/olive/workspace2/install/apriltag_msgs/lib/libapriltag_msgs__rosidl_typesupport_introspection_cpp.so" to ""
-- Up-to-date: /home/olive/workspace2/install/apriltag_msgs/include/apriltag_msgs/apriltag_msgs
-- Up-to-date: /home/olive/workspace2/install/apriltag_msgs/include/apriltag_msgs/apriltag_msgs/msg
-- Up-to-date: /home/olive/workspace2/install/apriltag_msgs/include/apriltag_msgs/apriltag_msgs/msg/detail
-- Installing: /home/olive/workspace2/install/apriltag_msgs/include/apriltag_msgs/apriltag_msgs/msg/detail/april_tag_detection_array__rosidl_typesupport_fastrtps_cpp.hpp
-- Installing: /home/olive/workspace2/install/apriltag_msgs/include/apriltag_msgs/apriltag_msgs/msg/detail/point__rosidl_typesupport_fastrtps_cpp.hpp
-- Installing: /home/olive/workspace2/install/apriltag_msgs/include/apriltag_msgs/apriltag_msgs/msg/detail/april_tag_detection__rosidl_typesupport_fastrtps_cpp.hpp
-- Up-to-date: /home/olive/workspace2/install/apriltag_msgs/include/apriltag_msgs/apriltag_msgs/msg/detail/dds_fastrtps
-- Up-to-date: /home/olive/workspace2/install/apriltag_msgs/include/apriltag_msgs/apriltag_msgs/msg/rosidl_typesupport_fastrtps_cpp__visibility_control.h
-- Installing: /home/olive/workspace2/install/apriltag_msgs/lib/libapriltag_msgs__rosidl_typesupport_fastrtps_cpp.so
-- Set runtime path of "/home/olive/workspace2/install/apriltag_msgs/lib/libapriltag_msgs__rosidl_typesupport_fastrtps_cpp.so" to ""
-- Installing: /home/olive/workspace2/install/apriltag_msgs/lib/libapriltag_msgs__rosidl_typesupport_cpp.so
-- Set runtime path of "/home/olive/workspace2/install/apriltag_msgs/lib/libapriltag_msgs__rosidl_typesupport_cpp.so" to ""
-- Up-to-date: /home/olive/workspace2/install/apriltag_msgs/share/apriltag_msgs/environment/pythonpath.sh
-- Installing: /home/olive/workspace2/install/apriltag_msgs/share/apriltag_msgs/environment/pythonpath.dsv
-- Up-to-date: /home/olive/workspace2/install/apriltag_msgs/lib/python3.9/site-packages/apriltag_msgs-2.0.1-py3.9.egg-info
-- Installing: /home/olive/workspace2/install/apriltag_msgs/lib/python3.9/site-packages/apriltag_msgs-2.0.1-py3.9.egg-info/SOURCES.txt
-- Installing: /home/olive/workspace2/install/apriltag_msgs/lib/python3.9/site-packages/apriltag_msgs-2.0.1-py3.9.egg-info/dependency_links.txt
-- Installing: /home/olive/workspace2/install/apriltag_msgs/lib/python3.9/site-packages/apriltag_msgs-2.0.1-py3.9.egg-info/top_level.txt
-- Installing: /home/olive/workspace2/install/apriltag_msgs/lib/python3.9/site-packages/apriltag_msgs-2.0.1-py3.9.egg-info/PKG-INFO
-- Up-to-date: /home/olive/workspace2/install/apriltag_msgs/lib/python3.9/site-packages/apriltag_msgs
-- Installing: /home/olive/workspace2/install/apriltag_msgs/lib/python3.9/site-packages/apriltag_msgs/libapriltag_msgs__rosidl_generator_py.so
-- Installing: /home/olive/workspace2/install/apriltag_msgs/lib/python3.9/site-packages/apriltag_msgs/apriltag_msgs_s__rosidl_typesupport_fastrtps_c.cpython-39-arm-linux-gnueabihf.so
-- Installing: /home/olive/workspace2/install/apriltag_msgs/lib/python3.9/site-packages/apriltag_msgs/apriltag_msgs_s__rosidl_typesupport_c.cpython-39-arm-linux-gnueabihf.so
-- Installing: /home/olive/workspace2/install/apriltag_msgs/lib/python3.9/site-packages/apriltag_msgs/_apriltag_msgs_s.ep.rosidl_typesupport_c.c
-- Installing: /home/olive/workspace2/install/apriltag_msgs/lib/python3.9/site-packages/apriltag_msgs/_apriltag_msgs_s.ep.rosidl_typesupport_introspection_c.c
-- Installing: /home/olive/workspace2/install/apriltag_msgs/lib/python3.9/site-packages/apriltag_msgs/apriltag_msgs_s__rosidl_typesupport_introspection_c.cpython-39-arm-linux-gnueabihf.so
-- Up-to-date: /home/olive/workspace2/install/apriltag_msgs/lib/python3.9/site-packages/apriltag_msgs/msg
-- Installing: /home/olive/workspace2/install/apriltag_msgs/lib/python3.9/site-packages/apriltag_msgs/msg/_point_s.c
-- Installing: /home/olive/workspace2/install/apriltag_msgs/lib/python3.9/site-packages/apriltag_msgs/msg/_april_tag_detection_array.py
-- Installing: /home/olive/workspace2/install/apriltag_msgs/lib/python3.9/site-packages/apriltag_msgs/msg/_april_tag_detection.py
-- Installing: /home/olive/workspace2/install/apriltag_msgs/lib/python3.9/site-packages/apriltag_msgs/msg/_april_tag_detection_array_s.c
-- Installing: /home/olive/workspace2/install/apriltag_msgs/lib/python3.9/site-packages/apriltag_msgs/msg/_april_tag_detection_s.c
-- Installing: /home/olive/workspace2/install/apriltag_msgs/lib/python3.9/site-packages/apriltag_msgs/msg/__init__.py
-- Installing: /home/olive/workspace2/install/apriltag_msgs/lib/python3.9/site-packages/apriltag_msgs/msg/_point.py
-- Installing: /home/olive/workspace2/install/apriltag_msgs/lib/python3.9/site-packages/apriltag_msgs/_apriltag_msgs_s.ep.rosidl_typesupport_fastrtps_c.c
-- Installing: /home/olive/workspace2/install/apriltag_msgs/lib/python3.9/site-packages/apriltag_msgs/__init__.py
Listing '/home/olive/workspace2/install/apriltag_msgs/lib/python3.9/site-packages/apriltag_msgs'...
Compiling '/home/olive/workspace2/install/apriltag_msgs/lib/python3.9/site-packages/apriltag_msgs/__init__.py'...
Listing '/home/olive/workspace2/install/apriltag_msgs/lib/python3.9/site-packages/apriltag_msgs/msg'...
Compiling '/home/olive/workspace2/install/apriltag_msgs/lib/python3.9/site-packages/apriltag_msgs/msg/__init__.py'...
Compiling '/home/olive/workspace2/install/apriltag_msgs/lib/python3.9/site-packages/apriltag_msgs/msg/_april_tag_detection.py'...
Compiling '/home/olive/workspace2/install/apriltag_msgs/lib/python3.9/site-packages/apriltag_msgs/msg/_april_tag_detection_array.py'...
Compiling '/home/olive/workspace2/install/apriltag_msgs/lib/python3.9/site-packages/apriltag_msgs/msg/_point.py'...
-- Installing: /home/olive/workspace2/install/apriltag_msgs/lib/python3.9/site-packages/apriltag_msgs/apriltag_msgs_s__rosidl_typesupport_introspection_c.cpython-39-arm-linux-gnueabihf.so
-- Set runtime path of "/home/olive/workspace2/install/apriltag_msgs/lib/python3.9/site-packages/apriltag_msgs/apriltag_msgs_s__rosidl_typesupport_introspection_c.cpython-39-arm-linux-gnueabihf.so" to ""
-- Installing: /home/olive/workspace2/install/apriltag_msgs/lib/python3.9/site-packages/apriltag_msgs/apriltag_msgs_s__rosidl_typesupport_fastrtps_c.cpython-39-arm-linux-gnueabihf.so
-- Set runtime path of "/home/olive/workspace2/install/apriltag_msgs/lib/python3.9/site-packages/apriltag_msgs/apriltag_msgs_s__rosidl_typesupport_fastrtps_c.cpython-39-arm-linux-gnueabihf.so" to ""
-- Installing: /home/olive/workspace2/install/apriltag_msgs/lib/python3.9/site-packages/apriltag_msgs/apriltag_msgs_s__rosidl_typesupport_c.cpython-39-arm-linux-gnueabihf.so
-- Set runtime path of "/home/olive/workspace2/install/apriltag_msgs/lib/python3.9/site-packages/apriltag_msgs/apriltag_msgs_s__rosidl_typesupport_c.cpython-39-arm-linux-gnueabihf.so" to ""
-- Installing: /home/olive/workspace2/install/apriltag_msgs/lib/libapriltag_msgs__rosidl_generator_py.so
-- Set runtime path of "/home/olive/workspace2/install/apriltag_msgs/lib/libapriltag_msgs__rosidl_generator_py.so" to ""
-- Up-to-date: /home/olive/workspace2/install/apriltag_msgs/share/apriltag_msgs/msg/Point.idl
-- Up-to-date: /home/olive/workspace2/install/apriltag_msgs/share/apriltag_msgs/msg/AprilTagDetection.idl
-- Up-to-date: /home/olive/workspace2/install/apriltag_msgs/share/apriltag_msgs/msg/AprilTagDetectionArray.idl
-- Up-to-date: /home/olive/workspace2/install/apriltag_msgs/share/apriltag_msgs/msg/Point.msg
-- Up-to-date: /home/olive/workspace2/install/apriltag_msgs/share/apriltag_msgs/msg/AprilTagDetection.msg
-- Up-to-date: /home/olive/workspace2/install/apriltag_msgs/share/apriltag_msgs/msg/AprilTagDetectionArray.msg
-- Up-to-date: /home/olive/workspace2/install/apriltag_msgs/share/ament_index/resource_index/package_run_dependencies/apriltag_msgs
-- Up-to-date: /home/olive/workspace2/install/apriltag_msgs/share/ament_index/resource_index/parent_prefix_path/apriltag_msgs
-- Installing: /home/olive/workspace2/install/apriltag_msgs/share/apriltag_msgs/environment/ament_prefix_path.dsv
-- Installing: /home/olive/workspace2/install/apriltag_msgs/share/apriltag_msgs/environment/path.dsv
-- Up-to-date: /home/olive/workspace2/install/apriltag_msgs/share/apriltag_msgs/local_setup.bash
-- Up-to-date: /home/olive/workspace2/install/apriltag_msgs/share/apriltag_msgs/local_setup.sh
-- Up-to-date: /home/olive/workspace2/install/apriltag_msgs/share/apriltag_msgs/local_setup.zsh
-- Installing: /home/olive/workspace2/install/apriltag_msgs/share/apriltag_msgs/local_setup.dsv
-- Installing: /home/olive/workspace2/install/apriltag_msgs/share/apriltag_msgs/package.dsv
-- Up-to-date: /home/olive/workspace2/install/apriltag_msgs/share/ament_index/resource_index/packages/apriltag_msgs
-- Up-to-date: /home/olive/workspace2/install/apriltag_msgs/share/apriltag_msgs/cmake/export_apriltag_msgs__rosidl_generator_cExport.cmake
-- Installing: /home/olive/workspace2/install/apriltag_msgs/share/apriltag_msgs/cmake/export_apriltag_msgs__rosidl_generator_cExport-noconfig.cmake
-- Up-to-date: /home/olive/workspace2/install/apriltag_msgs/share/apriltag_msgs/cmake/apriltag_msgs__rosidl_typesupport_introspection_cExport.cmake
-- Installing: /home/olive/workspace2/install/apriltag_msgs/share/apriltag_msgs/cmake/apriltag_msgs__rosidl_typesupport_introspection_cExport-noconfig.cmake
-- Up-to-date: /home/olive/workspace2/install/apriltag_msgs/share/apriltag_msgs/cmake/export_apriltag_msgs__rosidl_typesupport_fastrtps_cExport.cmake
-- Installing: /home/olive/workspace2/install/apriltag_msgs/share/apriltag_msgs/cmake/export_apriltag_msgs__rosidl_typesupport_fastrtps_cExport-noconfig.cmake
-- Up-to-date: /home/olive/workspace2/install/apriltag_msgs/share/apriltag_msgs/cmake/apriltag_msgs__rosidl_typesupport_cExport.cmake
-- Installing: /home/olive/workspace2/install/apriltag_msgs/share/apriltag_msgs/cmake/apriltag_msgs__rosidl_typesupport_cExport-noconfig.cmake
-- Up-to-date: /home/olive/workspace2/install/apriltag_msgs/share/apriltag_msgs/cmake/export_apriltag_msgs__rosidl_generator_cppExport.cmake
-- Up-to-date: /home/olive/workspace2/install/apriltag_msgs/share/apriltag_msgs/cmake/apriltag_msgs__rosidl_typesupport_introspection_cppExport.cmake
-- Installing: /home/olive/workspace2/install/apriltag_msgs/share/apriltag_msgs/cmake/apriltag_msgs__rosidl_typesupport_introspection_cppExport-noconfig.cmake
-- Up-to-date: /home/olive/workspace2/install/apriltag_msgs/share/apriltag_msgs/cmake/export_apriltag_msgs__rosidl_typesupport_fastrtps_cppExport.cmake
-- Installing: /home/olive/workspace2/install/apriltag_msgs/share/apriltag_msgs/cmake/export_apriltag_msgs__rosidl_typesupport_fastrtps_cppExport-noconfig.cmake
-- Up-to-date: /home/olive/workspace2/install/apriltag_msgs/share/apriltag_msgs/cmake/apriltag_msgs__rosidl_typesupport_cppExport.cmake
-- Installing: /home/olive/workspace2/install/apriltag_msgs/share/apriltag_msgs/cmake/apriltag_msgs__rosidl_typesupport_cppExport-noconfig.cmake
-- Up-to-date: /home/olive/workspace2/install/apriltag_msgs/share/apriltag_msgs/cmake/export_apriltag_msgs__rosidl_generator_pyExport.cmake
-- Installing: /home/olive/workspace2/install/apriltag_msgs/share/apriltag_msgs/cmake/export_apriltag_msgs__rosidl_generator_pyExport-noconfig.cmake
-- Up-to-date: /home/olive/workspace2/install/apriltag_msgs/share/apriltag_msgs/cmake/rosidl_cmake-extras.cmake
-- Up-to-date: /home/olive/workspace2/install/apriltag_msgs/share/apriltag_msgs/cmake/ament_cmake_export_dependencies-extras.cmake
-- Up-to-date: /home/olive/workspace2/install/apriltag_msgs/share/apriltag_msgs/cmake/ament_cmake_export_include_directories-extras.cmake
-- Up-to-date: /home/olive/workspace2/install/apriltag_msgs/share/apriltag_msgs/cmake/ament_cmake_export_libraries-extras.cmake
-- Up-to-date: /home/olive/workspace2/install/apriltag_msgs/share/apriltag_msgs/cmake/ament_cmake_export_targets-extras.cmake
-- Up-to-date: /home/olive/workspace2/install/apriltag_msgs/share/apriltag_msgs/cmake/rosidl_cmake_export_typesupport_targets-extras.cmake
-- Up-to-date: /home/olive/workspace2/install/apriltag_msgs/share/apriltag_msgs/cmake/rosidl_cmake_export_typesupport_libraries-extras.cmake
-- Up-to-date: /home/olive/workspace2/install/apriltag_msgs/share/apriltag_msgs/cmake/apriltag_msgsConfig.cmake
-- Up-to-date: /home/olive/workspace2/install/apriltag_msgs/share/apriltag_msgs/cmake/apriltag_msgsConfig-version.cmake
-- Up-to-date: /home/olive/workspace2/install/apriltag_msgs/share/apriltag_msgs/package.xml
