[1.004s] Invoking command in '/home/olive/workspace2/build/apriltag_msgs': CMAKE_PREFIX_PATH=${CMAKE_PREFIX_PATH}:/home/olive/examples/install/shake_detector:/opt/ros2/humble/install/rqt_bag_plugins:/opt/ros2/humble/install/rqt_bag:/opt/ros2/humble/install/ros2bag:/opt/ros2/humble/install/tracetools_test:/opt/ros2/humble/install/tracetools_launch:/opt/ros2/humble/install/topic_monitor:/opt/ros2/humble/install/tf2_tools:/opt/ros2/humble/install/examples_tf2_py:/opt/ros2/humble/install/tf2_ros_py:/opt/ros2/humble/install/sros2:/opt/ros2/humble/install/rqt_topic:/opt/ros2/humble/install/rqt_srv:/opt/ros2/humble/install/rqt_shell:/opt/ros2/humble/install/rqt_service_caller:/opt/ros2/humble/install/rqt_reconfigure:/opt/ros2/humble/install/rqt_py_console:/opt/ros2/humble/install/rqt_publisher:/opt/ros2/humble/install/rqt_plot:/opt/ros2/humble/install/rqt_action:/opt/ros2/humble/install/rqt_msg:/opt/ros2/humble/install/rqt_console:/opt/ros2/humble/install/rqt:/opt/ros2/humble/install/rqt_graph:/opt/ros2/humble/install/rqt_gui_py:/opt/ros2/humble/install/rqt_gui:/opt/ros2/humble/install/ros2trace:/opt/ros2/humble/install/ros2topic:/opt/ros2/humble/install/ros2test:/opt/ros2/humble/install/ros2component:/opt/ros2/humble/install/ros2param:/opt/ros2/humble/install/ros2lifecycle:/opt/ros2/humble/install/ros2service:/opt/ros2/humble/install/ros2run:/opt/ros2/humble/install/ros2launch:/opt/ros2/humble/install/ros2pkg:/opt/ros2/humble/install/ros2node:/opt/ros2/humble/install/ros2multicast:/opt/ros2/humble/install/ros2interface:/opt/ros2/humble/install/ros2doctor:/opt/ros2/humble/install/ros2action:/opt/ros2/humble/install/ros2cli:/opt/ros2/humble/install/quality_of_service_demo_py:/opt/ros2/humble/install/lifecycle_py:/opt/ros2/humble/install/launch_testing_ros:/opt/ros2/humble/install/launch_ros:/opt/ros2/humble/install/examples_rclpy_pointcloud_publisher:/opt/ros2/humble/install/examples_rclpy_minimal_subscriber:/opt/ros2/humble/install/examples_rclpy_minimal_service:/opt/ros2/humble/install/examples_rclpy_minimal_publisher:/opt/ros2/humble/install/examples_rclpy_minimal_client:/opt/ros2/humble/install/examples_rclpy_minimal_action_server:/opt/ros2/humble/install/examples_rclpy_minimal_action_client:/opt/ros2/humble/install/examples_rclpy_guard_conditions:/opt/ros2/humble/install/examples_rclpy_executors:/opt/ros2/humble/install/demo_nodes_py:/opt/ros2/humble/install/action_tutorials_py:/opt/ros2/humble/install/ament_uncrustify:/opt/ros2/humble/install/tracetools_trace:/opt/ros2/humble/install/tracetools_read:/opt/ros2/humble/install/test_tracetools_launch:/opt/ros2/humble/install/test_launch_ros:/opt/ros2/humble/install/sensor_msgs_py:/opt/ros2/humble/install/rpyutils:/opt/ros2/humble/install/rosidl_runtime_py:/opt/ros2/humble/install/rosidl_cli:/opt/ros2/humble/install/launch_pytest:/opt/ros2/humble/install/launch_testing:/opt/ros2/humble/install/launch_yaml:/opt/ros2/humble/install/launch_xml:/opt/ros2/humble/install/launch:/opt/ros2/humble/install/osrf_pycommon:/opt/ros2/humble/install/launch_testing_examples:/opt/ros2/humble/install/domain_coordinator:/opt/ros2/humble/install/ament_xmllint:/opt/ros2/humble/install/ament_pyflakes:/opt/ros2/humble/install/ament_pycodestyle:/opt/ros2/humble/install/ament_pep257:/opt/ros2/humble/install/ament_pclint:/opt/ros2/humble/install/ament_package:/opt/ros2/humble/install/ament_mypy:/opt/ros2/humble/install/ament_lint_cmake:/opt/ros2/humble/install/ament_flake8:/opt/ros2/humble/install/ament_copyright:/opt/ros2/humble/install/ament_lint:/opt/ros2/humble/install/ament_index_python:/opt/ros2/humble/install/ament_cpplint:/opt/ros2/humble/install/ament_cppcheck:/opt/ros2/humble/install/ament_clang_tidy:/opt/ros2/humble/install/ament_clang_format /usr/bin/cmake --build /home/olive/workspace2/build/apriltag_msgs -- -j2 -l2
[2.027s] -- Found ament_cmake: 1.3.2 (/opt/ros2/humble/install/ament_cmake/share/ament_cmake/cmake)
[9.520s] -- Found rosidl_default_generators: 1.2.0 (/opt/ros2/humble/install/rosidl_default_generators/share/rosidl_default_generators/cmake)
[12.397s] -- Using all available rosidl_typesupport_c: rosidl_typesupport_introspection_c;rosidl_typesupport_fastrtps_c
[12.480s] -- Found rosidl_adapter: 3.1.3 (/opt/ros2/humble/install/rosidl_adapter/share/rosidl_adapter/cmake)
[14.035s] -- Using all available rosidl_typesupport_cpp: rosidl_typesupport_introspection_cpp;rosidl_typesupport_fastrtps_cpp
[14.920s] -- Found std_msgs: 4.2.2 (/opt/ros2/humble/install/std_msgs/share/std_msgs/cmake)
[32.155s] -- Found ament_cmake_ros: 0.10.0 (/opt/ros2/humble/install/ament_cmake_ros/share/ament_cmake_ros/cmake)
[37.822s] -- Using all available rosidl_typesupport_c: rosidl_typesupport_introspection_c;rosidl_typesupport_fastrtps_c
[48.321s] -- Using all available rosidl_typesupport_cpp: rosidl_typesupport_introspection_cpp;rosidl_typesupport_fastrtps_cpp
[50.162s] -- Found python_cmake_module: 0.10.0 (/opt/ros2/humble/install/python_cmake_module/share/python_cmake_module/cmake)
[52.007s] -- Using PYTHON_EXECUTABLE: /usr/bin/python3
[52.010s] -- Using PYTHON_INCLUDE_DIRS: /usr/include/python3.9
[52.012s] -- Using PYTHON_LIBRARIES: /usr/lib/arm-linux-gnueabihf/libpython3.9.so
[62.085s] -- Found ament_lint_auto: 0.12.4 (/opt/ros2/humble/install/ament_lint_auto/share/ament_lint_auto/cmake)
[62.331s] -- Added test 'lint_cmake' to check CMake code style
[62.381s] -- Added test 'xmllint' to check XML markup files
[62.503s] -- Configuring done
[63.338s] -- Generating done
[63.420s] -- Build files have been written to: /home/olive/workspace2/build/apriltag_msgs
[63.980s] gmake[2]: Warning: File '/opt/ros2/humble/install/builtin_interfaces/share/builtin_interfaces/msg/Time.idl' has modification time 8941565 s in the future
[64.397s] [  2%] [34m[1mGenerating C code for ROS interfaces[0m
[64.441s] gmake[2]: Warning: File '/opt/ros2/humble/install/builtin_interfaces/share/builtin_interfaces/msg/Time.idl' has modification time 8941565 s in the future
[64.819s] [  4%] [34m[1mGenerating C++ code for ROS interfaces[0m
[80.047s] gmake[2]: warning:  Clock skew detected.  Your build may be incomplete.
[80.436s] [  4%] Built target apriltag_msgs__cpp
[81.634s] [35m[1mScanning dependencies of target apriltag_msgs__rosidl_generator_c[0m
[81.689s] gmake[2]: warning:  Clock skew detected.  Your build may be incomplete.
[81.780s] gmake[2]: Warning: File '/opt/ros2/humble/install/builtin_interfaces/share/builtin_interfaces/msg/Time.idl' has modification time 8941547 s in the future
[82.152s] [  4%] Built target ament_cmake_python_copy_apriltag_msgs
[82.188s] [  4%] [34m[1mGenerating C code for ROS interfaces[0m
[82.265s] gmake[2]: Warning: File '/opt/ros2/humble/install/builtin_interfaces/share/builtin_interfaces/msg/Time.idl' has modification time 8941547 s in the future
[82.670s] [  6%] [34m[1mGenerating C++ introspection for ROS interfaces[0m
[95.935s] [35m[1mScanning dependencies of target apriltag_msgs__rosidl_typesupport_introspection_cpp[0m
[95.999s] gmake[2]: warning:  Clock skew detected.  Your build may be incomplete.
[96.097s] gmake[2]: Warning: File '/opt/ros2/humble/install/builtin_interfaces/share/builtin_interfaces/msg/Time.idl' has modification time 8941533 s in the future
[96.490s] [  6%] [34m[1mGenerating C++ introspection for ROS interfaces[0m
[97.538s] [  8%] [32mBuilding C object CMakeFiles/apriltag_msgs__rosidl_generator_c.dir/rosidl_generator_c/apriltag_msgs/msg/detail/point__functions.c.o[0m
[98.925s] [ 10%] [32mBuilding C object CMakeFiles/apriltag_msgs__rosidl_generator_c.dir/rosidl_generator_c/apriltag_msgs/msg/detail/april_tag_detection__functions.c.o[0m
[100.431s] [ 12%] [32mBuilding C object CMakeFiles/apriltag_msgs__rosidl_generator_c.dir/rosidl_generator_c/apriltag_msgs/msg/detail/april_tag_detection_array__functions.c.o[0m
[101.873s] [ 14%] [32m[1mLinking C shared library libapriltag_msgs__rosidl_generator_c.so[0m
[102.750s] gmake[2]: warning:  Clock skew detected.  Your build may be incomplete.
[103.210s] [ 14%] Built target apriltag_msgs__rosidl_generator_c
[103.346s] gmake[2]: Warning: File '/opt/ros2/humble/install/builtin_interfaces/share/builtin_interfaces/msg/Time.idl' has modification time 8941526 s in the future
[103.724s] [ 17%] [34m[1mGenerating C++ type support for eProsima Fast-RTPS[0m
[109.437s] [ 19%] [32mBuilding CXX object CMakeFiles/apriltag_msgs__rosidl_typesupport_introspection_cpp.dir/rosidl_typesupport_introspection_cpp/apriltag_msgs/msg/detail/point__type_support.cpp.o[0m
[117.348s] [35m[1mScanning dependencies of target apriltag_msgs__rosidl_typesupport_fastrtps_cpp[0m
[117.450s] gmake[2]: warning:  Clock skew detected.  Your build may be incomplete.
[117.557s] gmake[2]: Warning: File '/opt/ros2/humble/install/builtin_interfaces/share/builtin_interfaces/msg/Time.idl' has modification time 8941512 s in the future
[118.001s] [ 19%] [34m[1mGenerating C++ type support for eProsima Fast-RTPS[0m
[118.570s] [ 21%] [32mBuilding CXX object CMakeFiles/apriltag_msgs__rosidl_typesupport_introspection_cpp.dir/rosidl_typesupport_introspection_cpp/apriltag_msgs/msg/detail/april_tag_detection__type_support.cpp.o[0m
[127.751s] [ 23%] [32mBuilding CXX object CMakeFiles/apriltag_msgs__rosidl_typesupport_introspection_cpp.dir/rosidl_typesupport_introspection_cpp/apriltag_msgs/msg/detail/april_tag_detection_array__type_support.cpp.o[0m
[132.933s] [ 25%] [32mBuilding CXX object CMakeFiles/apriltag_msgs__rosidl_typesupport_fastrtps_cpp.dir/rosidl_typesupport_fastrtps_cpp/apriltag_msgs/msg/detail/dds_fastrtps/point__type_support.cpp.o[0m
[138.191s] [ 27%] [32m[1mLinking CXX shared library libapriltag_msgs__rosidl_typesupport_introspection_cpp.so[0m
[139.811s] gmake[2]: warning:  Clock skew detected.  Your build may be incomplete.
[140.212s] [ 27%] Built target apriltag_msgs__rosidl_typesupport_introspection_cpp
[140.325s] gmake[2]: Warning: File '/opt/ros2/humble/install/builtin_interfaces/share/builtin_interfaces/msg/Time.idl' has modification time 8941489 s in the future
[140.763s] [ 29%] [34m[1mGenerating C type support for eProsima Fast-RTPS[0m
[141.980s] [ 31%] [32mBuilding CXX object CMakeFiles/apriltag_msgs__rosidl_typesupport_fastrtps_cpp.dir/rosidl_typesupport_fastrtps_cpp/apriltag_msgs/msg/detail/dds_fastrtps/april_tag_detection__type_support.cpp.o[0m
[151.305s] [ 34%] [32mBuilding CXX object CMakeFiles/apriltag_msgs__rosidl_typesupport_fastrtps_cpp.dir/rosidl_typesupport_fastrtps_cpp/apriltag_msgs/msg/detail/dds_fastrtps/april_tag_detection_array__type_support.cpp.o[0m
[155.120s] [35m[1mScanning dependencies of target apriltag_msgs__rosidl_typesupport_fastrtps_c[0m
[155.228s] gmake[2]: warning:  Clock skew detected.  Your build may be incomplete.
[155.332s] gmake[2]: Warning: File '/opt/ros2/humble/install/builtin_interfaces/share/builtin_interfaces/msg/Time.idl' has modification time 8941474 s in the future
[155.782s] [ 34%] [34m[1mGenerating C type support for eProsima Fast-RTPS[0m
[160.142s] In file included from [01m[K/usr/include/c++/10/memory:66[m[K,
[160.145s]                  from [01m[K/home/olive/workspace2/build/apriltag_msgs/rosidl_generator_cpp/apriltag_msgs/msg/detail/april_tag_detection_array__struct.hpp:10[m[K,
[160.148s]                  from [01m[K/home/olive/workspace2/build/apriltag_msgs/rosidl_typesupport_fastrtps_cpp/apriltag_msgs/msg/detail/april_tag_detection_array__rosidl_typesupport_fastrtps_cpp.hpp:11[m[K,
[160.164s]                  from [01m[K/home/olive/workspace2/build/apriltag_msgs/rosidl_typesupport_fastrtps_cpp/apriltag_msgs/msg/detail/dds_fastrtps/april_tag_detection_array__type_support.cpp:4[m[K:
[160.169s] [01m[K/usr/include/c++/10/bits/stl_uninitialized.h:[m[K In function ‘[01m[K_ForwardIterator std::__uninitialized_move_if_noexcept_a(_InputIterator, _InputIterator, _ForwardIterator, _Allocator&) [with _InputIterator = apriltag_msgs::msg::AprilTagDetection_<std::allocator<void> >*; _ForwardIterator = apriltag_msgs::msg::AprilTagDetection_<std::allocator<void> >*; _Allocator = std::allocator<apriltag_msgs::msg::AprilTagDetection_<std::allocator<void> > >][m[K’:
[160.171s] [01m[K/usr/include/c++/10/bits/stl_uninitialized.h:347:2:[m[K [01;36m[Knote: [m[Kparameter passing for argument of type ‘[01m[Kstd::move_iterator<apriltag_msgs::msg::AprilTagDetection_<std::allocator<void> >*>[m[K’ changed in GCC 7.1
[160.174s]   346 |       return [01;36m[Kstd::__uninitialized_copy_a[m[K
[160.176s]       |              [01;36m[K~~~~~~~~~~~~~~~~~~~~~~~~~~~[m[K
[160.177s]   347 | [01;36m[K (_GLIBCXX_MAKE_MOVE_IF_NOEXCEPT_ITERATOR(__first),[m[K
[160.179s]       |  [01;36m[K^~~~~~~~~~~~~~~~~~~~~~~~~~~~~~~~~~~~~~~~~~~~~~~~~~[m[K
[160.182s]   348 | [01;36m[K  _GLIBCXX_MAKE_MOVE_IF_NOEXCEPT_ITERATOR(__last), __result, __alloc)[m[K;
[160.204s]       |   [01;36m[K~~~~~~~~~~~~~~~~~~~~~~~~~~~~~~~~~~~~~~~~~~~~~~~~~~~~~~~~~~~~~~~~~~~[m[K
[160.237s] [01m[K/usr/include/c++/10/bits/stl_uninitialized.h:[m[K In function ‘[01m[K_ForwardIterator std::__uninitialized_copy_a(_InputIterator, _InputIterator, _ForwardIterator, std::allocator<_Tp>&) [with _InputIterator = std::move_iterator<apriltag_msgs::msg::AprilTagDetection_<std::allocator<void> >*>; _ForwardIterator = apriltag_msgs::msg::AprilTagDetection_<std::allocator<void> >*; _Tp = apriltag_msgs::msg::AprilTagDetection_<std::allocator<void> >][m[K’:
[160.241s] [01m[K/usr/include/c++/10/bits/stl_uninitialized.h:323:5:[m[K [01;36m[Knote: [m[Kparameter passing for argument of type ‘[01m[Kstd::move_iterator<apriltag_msgs::msg::AprilTagDetection_<std::allocator<void> >*>[m[K’ changed in GCC 7.1
[160.244s]   323 |     [01;36m[K__uninitialized_copy_a[m[K(_InputIterator __first, _InputIterator __last,
[160.250s]       |     [01;36m[K^~~~~~~~~~~~~~~~~~~~~~[m[K
[160.252s] [01m[K/usr/include/c++/10/bits/stl_uninitialized.h:323:5:[m[K [01;36m[Knote: [m[Kparameter passing for argument of type ‘[01m[Kstd::move_iterator<apriltag_msgs::msg::AprilTagDetection_<std::allocator<void> >*>[m[K’ changed in GCC 7.1
[160.254s] [01m[K/usr/include/c++/10/bits/stl_uninitialized.h:325:37:[m[K [01;36m[Knote: [m[Kparameter passing for argument of type ‘[01m[Kstd::move_iterator<apriltag_msgs::msg::AprilTagDetection_<std::allocator<void> >*>[m[K’ changed in GCC 7.1
[160.256s]   325 |     { return [01;36m[Kstd::uninitialized_copy(__first, __last, __result)[m[K; }
[160.274s]       |              [01;36m[K~~~~~~~~~~~~~~~~~~~~~~~^~~~~~~~~~~~~~~~~~~~~~~~~~~[m[K
[160.329s] [01m[K/usr/include/c++/10/bits/stl_uninitialized.h:[m[K In function ‘[01m[K_ForwardIterator std::uninitialized_copy(_InputIterator, _InputIterator, _ForwardIterator) [with _InputIterator = std::move_iterator<apriltag_msgs::msg::AprilTagDetection_<std::allocator<void> >*>; _ForwardIterator = apriltag_msgs::msg::AprilTagDetection_<std::allocator<void> >*][m[K’:
[160.332s] [01m[K/usr/include/c++/10/bits/stl_uninitialized.h:125:5:[m[K [01;36m[Knote: [m[Kparameter passing for argument of type ‘[01m[Kstd::move_iterator<apriltag_msgs::msg::AprilTagDetection_<std::allocator<void> >*>[m[K’ changed in GCC 7.1
[160.337s]   125 |     [01;36m[Kuninitialized_copy[m[K(_InputIterator __first, _InputIterator __last,
[160.342s]       |     [01;36m[K^~~~~~~~~~~~~~~~~~[m[K
[160.344s] [01m[K/usr/include/c++/10/bits/stl_uninitialized.h:125:5:[m[K [01;36m[Knote: [m[Kparameter passing for argument of type ‘[01m[Kstd::move_iterator<apriltag_msgs::msg::AprilTagDetection_<std::allocator<void> >*>[m[K’ changed in GCC 7.1
[160.365s] [01m[K/usr/include/c++/10/bits/stl_uninitialized.h:150:15:[m[K [01;36m[Knote: [m[Kparameter passing for argument of type ‘[01m[Kstd::move_iterator<apriltag_msgs::msg::AprilTagDetection_<std::allocator<void> >*>[m[K’ changed in GCC 7.1
[160.367s]   147 |       return [01;36m[Kstd::__uninitialized_copy<__is_trivial(_ValueType1)[m[K
[160.369s]       |              [01;36m[K~~~~~~~~~~~~~~~~~~~~~~~~~~~~~~~~~~~~~~~~~~~~~~~~~~~[m[K
[160.372s]   148 | [01;36m[K           && __is_trivial(_ValueType2)[m[K
[160.374s]       |            [01;36m[K~~~~~~~~~~~~~~~~~~~~~~~~~~~~[m[K
[160.376s]   149 | [01;36m[K           && __assignable>::[m[K
[160.395s]       |            [01;36m[K~~~~~~~~~~~~~~~~~~[m[K
[160.397s]   150 | [01;36m[K __uninit_copy(__first, __last, __result)[m[K;
[160.399s]       |  [01;36m[K~~~~~~~~~~~~~^~~~~~~~~~~~~~~~~~~~~~~~~~~[m[K
[160.409s] [01m[K/usr/include/c++/10/bits/stl_uninitialized.h:[m[K In static member function ‘[01m[Kstatic _ForwardIterator std::__uninitialized_copy<_TrivialValueTypes>::__uninit_copy(_InputIterator, _InputIterator, _ForwardIterator) [with _InputIterator = std::move_iterator<apriltag_msgs::msg::AprilTagDetection_<std::allocator<void> >*>; _ForwardIterator = apriltag_msgs::msg::AprilTagDetection_<std::allocator<void> >*; bool _TrivialValueTypes = false][m[K’:
[160.411s] [01m[K/usr/include/c++/10/bits/stl_uninitialized.h:84:9:[m[K [01;36m[Knote: [m[Kparameter passing for argument of type ‘[01m[Kstd::move_iterator<apriltag_msgs::msg::AprilTagDetection_<std::allocator<void> >*>[m[K’ changed in GCC 7.1
[160.414s]    84 |         [01;36m[K__uninit_copy[m[K(_InputIterator __first, _InputIterator __last,
[160.416s]       |         [01;36m[K^~~~~~~~~~~~~[m[K
[160.418s] [01m[K/usr/include/c++/10/bits/stl_uninitialized.h:84:9:[m[K [01;36m[Knote: [m[Kparameter passing for argument of type ‘[01m[Kstd::move_iterator<apriltag_msgs::msg::AprilTagDetection_<std::allocator<void> >*>[m[K’ changed in GCC 7.1
[161.374s] [ 36%] [32m[1mLinking CXX shared library libapriltag_msgs__rosidl_typesupport_fastrtps_cpp.so[0m
[162.903s] gmake[2]: warning:  Clock skew detected.  Your build may be incomplete.
[163.279s] [ 36%] Built target apriltag_msgs__rosidl_typesupport_fastrtps_cpp
[163.380s] gmake[2]: Warning: File '/opt/ros2/humble/install/builtin_interfaces/share/builtin_interfaces/msg/Time.idl' has modification time 8941466 s in the future
[163.794s] [ 38%] [34m[1mGenerating C++ type support dispatch for ROS interfaces[0m
[170.414s] [ 40%] [32mBuilding CXX object CMakeFiles/apriltag_msgs__rosidl_typesupport_fastrtps_c.dir/rosidl_typesupport_fastrtps_c/apriltag_msgs/msg/detail/point__type_support_c.cpp.o[0m
[174.899s] [35m[1mScanning dependencies of target apriltag_msgs__rosidl_typesupport_cpp[0m
[174.961s] gmake[2]: warning:  Clock skew detected.  Your build may be incomplete.
[175.055s] gmake[2]: Warning: File '/opt/ros2/humble/install/builtin_interfaces/share/builtin_interfaces/msg/Time.idl' has modification time 8941454 s in the future
[175.482s] [ 40%] [34m[1mGenerating C++ type support dispatch for ROS interfaces[0m
[177.977s] [ 42%] [32mBuilding CXX object CMakeFiles/apriltag_msgs__rosidl_typesupport_fastrtps_c.dir/rosidl_typesupport_fastrtps_c/apriltag_msgs/msg/detail/april_tag_detection__type_support_c.cpp.o[0m
[185.765s] [ 44%] [32mBuilding CXX object CMakeFiles/apriltag_msgs__rosidl_typesupport_fastrtps_c.dir/rosidl_typesupport_fastrtps_c/apriltag_msgs/msg/detail/april_tag_detection_array__type_support_c.cpp.o[0m
[187.230s] [ 46%] [32mBuilding CXX object CMakeFiles/apriltag_msgs__rosidl_typesupport_cpp.dir/rosidl_typesupport_cpp/apriltag_msgs/msg/point__type_support.cpp.o[0m
[193.123s] [ 48%] [32m[1mLinking CXX shared library libapriltag_msgs__rosidl_typesupport_fastrtps_c.so[0m
[194.407s] [ 51%] [32mBuilding CXX object CMakeFiles/apriltag_msgs__rosidl_typesupport_cpp.dir/rosidl_typesupport_cpp/apriltag_msgs/msg/april_tag_detection__type_support.cpp.o[0m
[194.638s] gmake[2]: warning:  Clock skew detected.  Your build may be incomplete.
[195.014s] [ 51%] Built target apriltag_msgs__rosidl_typesupport_fastrtps_c
[195.456s] [ 53%] [32mBuilding CXX object CMakeFiles/apriltag_msgs__rosidl_typesupport_cpp.dir/rosidl_typesupport_cpp/apriltag_msgs/msg/april_tag_detection_array__type_support.cpp.o[0m
[201.705s] [ 55%] [32m[1mLinking CXX shared library libapriltag_msgs__rosidl_typesupport_cpp.so[0m
[202.642s] gmake[2]: warning:  Clock skew detected.  Your build may be incomplete.
[203.027s] [ 55%] Built target apriltag_msgs__rosidl_typesupport_cpp
[203.122s] gmake[2]: Warning: File '/opt/ros2/humble/install/builtin_interfaces/share/builtin_interfaces/msg/Time.idl' has modification time 8941426 s in the future
[203.531s] [ 57%] [34m[1mGenerating C introspection for ROS interfaces[0m
[211.613s] running egg_info
[211.631s] writing apriltag_msgs.egg-info/PKG-INFO
[211.638s] writing dependency_links to apriltag_msgs.egg-info/dependency_links.txt
[211.649s] writing top-level names to apriltag_msgs.egg-info/top_level.txt
[212.764s] reading manifest file 'apriltag_msgs.egg-info/SOURCES.txt'
[212.777s] writing manifest file 'apriltag_msgs.egg-info/SOURCES.txt'
[213.427s] [ 57%] Built target ament_cmake_python_build_apriltag_msgs_egg
[213.537s] gmake[2]: Warning: File '/opt/ros2/humble/install/builtin_interfaces/share/builtin_interfaces/msg/Time.idl' has modification time 8941416 s in the future
[213.942s] [ 59%] [34m[1mGenerating C type support dispatch for ROS interfaces[0m
[216.594s] [35m[1mScanning dependencies of target apriltag_msgs__rosidl_typesupport_introspection_c[0m
[216.676s] gmake[2]: warning:  Clock skew detected.  Your build may be incomplete.
[216.805s] gmake[2]: Warning: File '/opt/ros2/humble/install/builtin_interfaces/share/builtin_interfaces/msg/Time.idl' has modification time 8941412 s in the future
[217.200s] [ 59%] [34m[1mGenerating C introspection for ROS interfaces[0m
[225.647s] [35m[1mScanning dependencies of target apriltag_msgs__rosidl_typesupport_c[0m
[225.694s] gmake[2]: warning:  Clock skew detected.  Your build may be incomplete.
[225.780s] gmake[2]: Warning: File '/opt/ros2/humble/install/builtin_interfaces/share/builtin_interfaces/msg/Time.idl' has modification time 8941403 s in the future
[226.168s] [ 59%] [34m[1mGenerating C type support dispatch for ROS interfaces[0m
[230.170s] [ 61%] [32mBuilding C object CMakeFiles/apriltag_msgs__rosidl_typesupport_introspection_c.dir/rosidl_typesupport_introspection_c/apriltag_msgs/msg/detail/point__type_support.c.o[0m
[231.318s] [ 63%] [32mBuilding C object CMakeFiles/apriltag_msgs__rosidl_typesupport_introspection_c.dir/rosidl_typesupport_introspection_c/apriltag_msgs/msg/detail/april_tag_detection__type_support.c.o[0m
[232.568s] [ 65%] [32mBuilding C object CMakeFiles/apriltag_msgs__rosidl_typesupport_introspection_c.dir/rosidl_typesupport_introspection_c/apriltag_msgs/msg/detail/april_tag_detection_array__type_support.c.o[0m
[233.844s] [ 68%] [32m[1mLinking C shared library libapriltag_msgs__rosidl_typesupport_introspection_c.so[0m
[234.728s] gmake[2]: warning:  Clock skew detected.  Your build may be incomplete.
[235.168s] [ 68%] Built target apriltag_msgs__rosidl_typesupport_introspection_c
[236.825s] [ 70%] [32mBuilding CXX object CMakeFiles/apriltag_msgs__rosidl_typesupport_c.dir/rosidl_typesupport_c/apriltag_msgs/msg/point__type_support.cpp.o[0m
[237.574s] [ 72%] [32mBuilding CXX object CMakeFiles/apriltag_msgs__rosidl_typesupport_c.dir/rosidl_typesupport_c/apriltag_msgs/msg/april_tag_detection__type_support.cpp.o[0m
[237.950s] [ 74%] [32mBuilding CXX object CMakeFiles/apriltag_msgs__rosidl_typesupport_c.dir/rosidl_typesupport_c/apriltag_msgs/msg/april_tag_detection_array__type_support.cpp.o[0m
[238.976s] [ 76%] [32m[1mLinking CXX shared library libapriltag_msgs__rosidl_typesupport_c.so[0m
[239.869s] gmake[2]: warning:  Clock skew detected.  Your build may be incomplete.
[240.217s] [ 76%] Built target apriltag_msgs__rosidl_typesupport_c
[240.731s] gmake[2]: Warning: File '/opt/ros2/humble/install/std_msgs/share/std_msgs/msg/Bool.idl' has modification time 8941398 s in the future
[240.735s] gmake[2]: warning:  Clock skew detected.  Your build may be incomplete.
[241.081s] [ 76%] Built target apriltag_msgs
[241.662s] gmake[2]: Warning: File '/opt/ros2/humble/install/builtin_interfaces/share/builtin_interfaces/msg/Time.idl' has modification time 8941387 s in the future
[242.009s] [ 78%] [34m[1mGenerating Python code for ROS interfaces[0m
[260.673s] gmake[2]: warning:  Clock skew detected.  Your build may be incomplete.
[261.022s] [ 78%] Built target apriltag_msgs__py
[261.486s] [35m[1mScanning dependencies of target apriltag_msgs__rosidl_generator_py[0m
[261.711s] gmake[2]: Warning: File '/opt/ros2/humble/install/rosidl_runtime_c/include/rosidl_runtime_c/rosidl_runtime_c/visibility_control.h' has modification time 8943053 s in the future
[262.116s] [ 80%] [32mBuilding C object CMakeFiles/apriltag_msgs__rosidl_generator_py.dir/rosidl_generator_py/apriltag_msgs/msg/_april_tag_detection_s.c.o[0m
[262.150s] [ 82%] [32mBuilding C object CMakeFiles/apriltag_msgs__rosidl_generator_py.dir/rosidl_generator_py/apriltag_msgs/msg/_point_s.c.o[0m
[264.557s] [ 85%] [32mBuilding C object CMakeFiles/apriltag_msgs__rosidl_generator_py.dir/rosidl_generator_py/apriltag_msgs/msg/_april_tag_detection_array_s.c.o[0m
[266.750s] [ 87%] [32m[1mLinking C shared library rosidl_generator_py/apriltag_msgs/libapriltag_msgs__rosidl_generator_py.so[0m
[267.652s] gmake[2]: warning:  Clock skew detected.  Your build may be incomplete.
[268.004s] [ 87%] Built target apriltag_msgs__rosidl_generator_py
[268.519s] [35m[1mScanning dependencies of target apriltag_msgs__rosidl_typesupport_fastrtps_c__pyext[0m
[268.553s] [35m[1mScanning dependencies of target apriltag_msgs__rosidl_typesupport_introspection_c__pyext[0m
[268.702s] gmake[2]: Warning: File '/opt/ros2/humble/install/builtin_interfaces/include/builtin_interfaces/builtin_interfaces/msg/detail/time__struct.h' has modification time 8941360 s in the future
[268.749s] gmake[2]: Warning: File '/opt/ros2/humble/install/builtin_interfaces/include/builtin_interfaces/builtin_interfaces/msg/detail/time__struct.h' has modification time 8941360 s in the future
[269.088s] [ 89%] [32mBuilding C object CMakeFiles/apriltag_msgs__rosidl_typesupport_fastrtps_c__pyext.dir/rosidl_generator_py/apriltag_msgs/_apriltag_msgs_s.ep.rosidl_typesupport_fastrtps_c.c.o[0m
[269.133s] [ 91%] [32mBuilding C object CMakeFiles/apriltag_msgs__rosidl_typesupport_introspection_c__pyext.dir/rosidl_generator_py/apriltag_msgs/_apriltag_msgs_s.ep.rosidl_typesupport_introspection_c.c.o[0m
[271.518s] [ 93%] [32m[1mLinking C shared library rosidl_generator_py/apriltag_msgs/apriltag_msgs_s__rosidl_typesupport_introspection_c.cpython-39-arm-linux-gnueabihf.so[0m
[271.533s] [ 95%] [32m[1mLinking C shared library rosidl_generator_py/apriltag_msgs/apriltag_msgs_s__rosidl_typesupport_fastrtps_c.cpython-39-arm-linux-gnueabihf.so[0m
[272.555s] gmake[2]: warning:  Clock skew detected.  Your build may be incomplete.
[272.585s] gmake[2]: warning:  Clock skew detected.  Your build may be incomplete.
[272.946s] [ 95%] Built target apriltag_msgs__rosidl_typesupport_introspection_c__pyext
[272.973s] [ 95%] Built target apriltag_msgs__rosidl_typesupport_fastrtps_c__pyext
[273.401s] [35m[1mScanning dependencies of target apriltag_msgs__rosidl_typesupport_c__pyext[0m
[273.574s] gmake[2]: Warning: File '/opt/ros2/humble/install/builtin_interfaces/include/builtin_interfaces/builtin_interfaces/msg/detail/time__struct.h' has modification time 8941356 s in the future
[273.928s] [ 97%] [32mBuilding C object CMakeFiles/apriltag_msgs__rosidl_typesupport_c__pyext.dir/rosidl_generator_py/apriltag_msgs/_apriltag_msgs_s.ep.rosidl_typesupport_c.c.o[0m
[276.139s] [100%] [32m[1mLinking C shared library rosidl_generator_py/apriltag_msgs/apriltag_msgs_s__rosidl_typesupport_c.cpython-39-arm-linux-gnueabihf.so[0m
[277.056s] gmake[2]: warning:  Clock skew detected.  Your build may be incomplete.
[277.404s] [100%] Built target apriltag_msgs__rosidl_typesupport_c__pyext
[277.781s] Invoked command in '/home/olive/workspace2/build/apriltag_msgs' returned '0': CMAKE_PREFIX_PATH=${CMAKE_PREFIX_PATH}:/home/olive/examples/install/shake_detector:/opt/ros2/humble/install/rqt_bag_plugins:/opt/ros2/humble/install/rqt_bag:/opt/ros2/humble/install/ros2bag:/opt/ros2/humble/install/tracetools_test:/opt/ros2/humble/install/tracetools_launch:/opt/ros2/humble/install/topic_monitor:/opt/ros2/humble/install/tf2_tools:/opt/ros2/humble/install/examples_tf2_py:/opt/ros2/humble/install/tf2_ros_py:/opt/ros2/humble/install/sros2:/opt/ros2/humble/install/rqt_topic:/opt/ros2/humble/install/rqt_srv:/opt/ros2/humble/install/rqt_shell:/opt/ros2/humble/install/rqt_service_caller:/opt/ros2/humble/install/rqt_reconfigure:/opt/ros2/humble/install/rqt_py_console:/opt/ros2/humble/install/rqt_publisher:/opt/ros2/humble/install/rqt_plot:/opt/ros2/humble/install/rqt_action:/opt/ros2/humble/install/rqt_msg:/opt/ros2/humble/install/rqt_console:/opt/ros2/humble/install/rqt:/opt/ros2/humble/install/rqt_graph:/opt/ros2/humble/install/rqt_gui_py:/opt/ros2/humble/install/rqt_gui:/opt/ros2/humble/install/ros2trace:/opt/ros2/humble/install/ros2topic:/opt/ros2/humble/install/ros2test:/opt/ros2/humble/install/ros2component:/opt/ros2/humble/install/ros2param:/opt/ros2/humble/install/ros2lifecycle:/opt/ros2/humble/install/ros2service:/opt/ros2/humble/install/ros2run:/opt/ros2/humble/install/ros2launch:/opt/ros2/humble/install/ros2pkg:/opt/ros2/humble/install/ros2node:/opt/ros2/humble/install/ros2multicast:/opt/ros2/humble/install/ros2interface:/opt/ros2/humble/install/ros2doctor:/opt/ros2/humble/install/ros2action:/opt/ros2/humble/install/ros2cli:/opt/ros2/humble/install/quality_of_service_demo_py:/opt/ros2/humble/install/lifecycle_py:/opt/ros2/humble/install/launch_testing_ros:/opt/ros2/humble/install/launch_ros:/opt/ros2/humble/install/examples_rclpy_pointcloud_publisher:/opt/ros2/humble/install/examples_rclpy_minimal_subscriber:/opt/ros2/humble/install/examples_rclpy_minimal_service:/opt/ros2/humble/install/examples_rclpy_minimal_publisher:/opt/ros2/humble/install/examples_rclpy_minimal_client:/opt/ros2/humble/install/examples_rclpy_minimal_action_server:/opt/ros2/humble/install/examples_rclpy_minimal_action_client:/opt/ros2/humble/install/examples_rclpy_guard_conditions:/opt/ros2/humble/install/examples_rclpy_executors:/opt/ros2/humble/install/demo_nodes_py:/opt/ros2/humble/install/action_tutorials_py:/opt/ros2/humble/install/ament_uncrustify:/opt/ros2/humble/install/tracetools_trace:/opt/ros2/humble/install/tracetools_read:/opt/ros2/humble/install/test_tracetools_launch:/opt/ros2/humble/install/test_launch_ros:/opt/ros2/humble/install/sensor_msgs_py:/opt/ros2/humble/install/rpyutils:/opt/ros2/humble/install/rosidl_runtime_py:/opt/ros2/humble/install/rosidl_cli:/opt/ros2/humble/install/launch_pytest:/opt/ros2/humble/install/launch_testing:/opt/ros2/humble/install/launch_yaml:/opt/ros2/humble/install/launch_xml:/opt/ros2/humble/install/launch:/opt/ros2/humble/install/osrf_pycommon:/opt/ros2/humble/install/launch_testing_examples:/opt/ros2/humble/install/domain_coordinator:/opt/ros2/humble/install/ament_xmllint:/opt/ros2/humble/install/ament_pyflakes:/opt/ros2/humble/install/ament_pycodestyle:/opt/ros2/humble/install/ament_pep257:/opt/ros2/humble/install/ament_pclint:/opt/ros2/humble/install/ament_package:/opt/ros2/humble/install/ament_mypy:/opt/ros2/humble/install/ament_lint_cmake:/opt/ros2/humble/install/ament_flake8:/opt/ros2/humble/install/ament_copyright:/opt/ros2/humble/install/ament_lint:/opt/ros2/humble/install/ament_index_python:/opt/ros2/humble/install/ament_cpplint:/opt/ros2/humble/install/ament_cppcheck:/opt/ros2/humble/install/ament_clang_tidy:/opt/ros2/humble/install/ament_clang_format /usr/bin/cmake --build /home/olive/workspace2/build/apriltag_msgs -- -j2 -l2
[285.493s] Invoking command in '/home/olive/workspace2/build/apriltag_msgs': CMAKE_PREFIX_PATH=${CMAKE_PREFIX_PATH}:/home/olive/examples/install/shake_detector:/opt/ros2/humble/install/rqt_bag_plugins:/opt/ros2/humble/install/rqt_bag:/opt/ros2/humble/install/ros2bag:/opt/ros2/humble/install/tracetools_test:/opt/ros2/humble/install/tracetools_launch:/opt/ros2/humble/install/topic_monitor:/opt/ros2/humble/install/tf2_tools:/opt/ros2/humble/install/examples_tf2_py:/opt/ros2/humble/install/tf2_ros_py:/opt/ros2/humble/install/sros2:/opt/ros2/humble/install/rqt_topic:/opt/ros2/humble/install/rqt_srv:/opt/ros2/humble/install/rqt_shell:/opt/ros2/humble/install/rqt_service_caller:/opt/ros2/humble/install/rqt_reconfigure:/opt/ros2/humble/install/rqt_py_console:/opt/ros2/humble/install/rqt_publisher:/opt/ros2/humble/install/rqt_plot:/opt/ros2/humble/install/rqt_action:/opt/ros2/humble/install/rqt_msg:/opt/ros2/humble/install/rqt_console:/opt/ros2/humble/install/rqt:/opt/ros2/humble/install/rqt_graph:/opt/ros2/humble/install/rqt_gui_py:/opt/ros2/humble/install/rqt_gui:/opt/ros2/humble/install/ros2trace:/opt/ros2/humble/install/ros2topic:/opt/ros2/humble/install/ros2test:/opt/ros2/humble/install/ros2component:/opt/ros2/humble/install/ros2param:/opt/ros2/humble/install/ros2lifecycle:/opt/ros2/humble/install/ros2service:/opt/ros2/humble/install/ros2run:/opt/ros2/humble/install/ros2launch:/opt/ros2/humble/install/ros2pkg:/opt/ros2/humble/install/ros2node:/opt/ros2/humble/install/ros2multicast:/opt/ros2/humble/install/ros2interface:/opt/ros2/humble/install/ros2doctor:/opt/ros2/humble/install/ros2action:/opt/ros2/humble/install/ros2cli:/opt/ros2/humble/install/quality_of_service_demo_py:/opt/ros2/humble/install/lifecycle_py:/opt/ros2/humble/install/launch_testing_ros:/opt/ros2/humble/install/launch_ros:/opt/ros2/humble/install/examples_rclpy_pointcloud_publisher:/opt/ros2/humble/install/examples_rclpy_minimal_subscriber:/opt/ros2/humble/install/examples_rclpy_minimal_service:/opt/ros2/humble/install/examples_rclpy_minimal_publisher:/opt/ros2/humble/install/examples_rclpy_minimal_client:/opt/ros2/humble/install/examples_rclpy_minimal_action_server:/opt/ros2/humble/install/examples_rclpy_minimal_action_client:/opt/ros2/humble/install/examples_rclpy_guard_conditions:/opt/ros2/humble/install/examples_rclpy_executors:/opt/ros2/humble/install/demo_nodes_py:/opt/ros2/humble/install/action_tutorials_py:/opt/ros2/humble/install/ament_uncrustify:/opt/ros2/humble/install/tracetools_trace:/opt/ros2/humble/install/tracetools_read:/opt/ros2/humble/install/test_tracetools_launch:/opt/ros2/humble/install/test_launch_ros:/opt/ros2/humble/install/sensor_msgs_py:/opt/ros2/humble/install/rpyutils:/opt/ros2/humble/install/rosidl_runtime_py:/opt/ros2/humble/install/rosidl_cli:/opt/ros2/humble/install/launch_pytest:/opt/ros2/humble/install/launch_testing:/opt/ros2/humble/install/launch_yaml:/opt/ros2/humble/install/launch_xml:/opt/ros2/humble/install/launch:/opt/ros2/humble/install/osrf_pycommon:/opt/ros2/humble/install/launch_testing_examples:/opt/ros2/humble/install/domain_coordinator:/opt/ros2/humble/install/ament_xmllint:/opt/ros2/humble/install/ament_pyflakes:/opt/ros2/humble/install/ament_pycodestyle:/opt/ros2/humble/install/ament_pep257:/opt/ros2/humble/install/ament_pclint:/opt/ros2/humble/install/ament_package:/opt/ros2/humble/install/ament_mypy:/opt/ros2/humble/install/ament_lint_cmake:/opt/ros2/humble/install/ament_flake8:/opt/ros2/humble/install/ament_copyright:/opt/ros2/humble/install/ament_lint:/opt/ros2/humble/install/ament_index_python:/opt/ros2/humble/install/ament_cpplint:/opt/ros2/humble/install/ament_cppcheck:/opt/ros2/humble/install/ament_clang_tidy:/opt/ros2/humble/install/ament_clang_format /usr/bin/cmake --install /home/olive/workspace2/build/apriltag_msgs
[285.797s] -- Install configuration: ""
[285.800s] -- Up-to-date: /home/olive/workspace2/install/apriltag_msgs/share/ament_index/resource_index/rosidl_interfaces/apriltag_msgs
[285.804s] -- Up-to-date: /home/olive/workspace2/install/apriltag_msgs/include/apriltag_msgs/apriltag_msgs
[285.807s] -- Up-to-date: /home/olive/workspace2/install/apriltag_msgs/include/apriltag_msgs/apriltag_msgs/msg
[285.810s] -- Installing: /home/olive/workspace2/install/apriltag_msgs/include/apriltag_msgs/apriltag_msgs/msg/april_tag_detection.h
[285.813s] -- Up-to-date: /home/olive/workspace2/install/apriltag_msgs/include/apriltag_msgs/apriltag_msgs/msg/rosidl_generator_c__visibility_control.h
[285.819s] -- Installing: /home/olive/workspace2/install/apriltag_msgs/include/apriltag_msgs/apriltag_msgs/msg/april_tag_detection_array.h
[285.822s] -- Up-to-date: /home/olive/workspace2/install/apriltag_msgs/include/apriltag_msgs/apriltag_msgs/msg/detail
[285.825s] -- Installing: /home/olive/workspace2/install/apriltag_msgs/include/apriltag_msgs/apriltag_msgs/msg/detail/april_tag_detection_array__functions.h
[285.828s] -- Installing: /home/olive/workspace2/install/apriltag_msgs/include/apriltag_msgs/apriltag_msgs/msg/detail/april_tag_detection_array__type_support.h
[285.832s] -- Installing: /home/olive/workspace2/install/apriltag_msgs/include/apriltag_msgs/apriltag_msgs/msg/detail/point__functions.h
[285.835s] -- Installing: /home/olive/workspace2/install/apriltag_msgs/include/apriltag_msgs/apriltag_msgs/msg/detail/april_tag_detection_array__functions.c
[285.838s] -- Installing: /home/olive/workspace2/install/apriltag_msgs/include/apriltag_msgs/apriltag_msgs/msg/detail/point__struct.h
[285.841s] -- Installing: /home/olive/workspace2/install/apriltag_msgs/include/apriltag_msgs/apriltag_msgs/msg/detail/april_tag_detection__functions.c
[285.844s] -- Installing: /home/olive/workspace2/install/apriltag_msgs/include/apriltag_msgs/apriltag_msgs/msg/detail/april_tag_detection__type_support.h
[285.847s] -- Installing: /home/olive/workspace2/install/apriltag_msgs/include/apriltag_msgs/apriltag_msgs/msg/detail/point__type_support.h
[285.849s] -- Installing: /home/olive/workspace2/install/apriltag_msgs/include/apriltag_msgs/apriltag_msgs/msg/detail/april_tag_detection__functions.h
[285.852s] -- Installing: /home/olive/workspace2/install/apriltag_msgs/include/apriltag_msgs/apriltag_msgs/msg/detail/april_tag_detection_array__struct.h
[285.854s] -- Installing: /home/olive/workspace2/install/apriltag_msgs/include/apriltag_msgs/apriltag_msgs/msg/detail/april_tag_detection__struct.h
[285.856s] -- Installing: /home/olive/workspace2/install/apriltag_msgs/include/apriltag_msgs/apriltag_msgs/msg/detail/point__functions.c
[285.864s] -- Installing: /home/olive/workspace2/install/apriltag_msgs/include/apriltag_msgs/apriltag_msgs/msg/point.h
[285.867s] -- Up-to-date: /home/olive/workspace2/install/apriltag_msgs/share/apriltag_msgs/environment/library_path.sh
[285.870s] -- Installing: /home/olive/workspace2/install/apriltag_msgs/share/apriltag_msgs/environment/library_path.dsv
[285.872s] -- Installing: /home/olive/workspace2/install/apriltag_msgs/lib/libapriltag_msgs__rosidl_generator_c.so
[285.875s] -- Set runtime path of "/home/olive/workspace2/install/apriltag_msgs/lib/libapriltag_msgs__rosidl_generator_c.so" to ""
[285.878s] -- Up-to-date: /home/olive/workspace2/install/apriltag_msgs/include/apriltag_msgs/apriltag_msgs
[285.880s] -- Up-to-date: /home/olive/workspace2/install/apriltag_msgs/include/apriltag_msgs/apriltag_msgs/msg
[285.883s] -- Up-to-date: /home/olive/workspace2/install/apriltag_msgs/include/apriltag_msgs/apriltag_msgs/msg/detail
[285.885s] -- Installing: /home/olive/workspace2/install/apriltag_msgs/include/apriltag_msgs/apriltag_msgs/msg/detail/april_tag_detection_array__type_support.c
[285.887s] -- Installing: /home/olive/workspace2/install/apriltag_msgs/include/apriltag_msgs/apriltag_msgs/msg/detail/point__type_support.c
[285.890s] -- Installing: /home/olive/workspace2/install/apriltag_msgs/include/apriltag_msgs/apriltag_msgs/msg/detail/april_tag_detection_array__rosidl_typesupport_introspection_c.h
[285.894s] -- Installing: /home/olive/workspace2/install/apriltag_msgs/include/apriltag_msgs/apriltag_msgs/msg/detail/april_tag_detection__type_support.c
[285.897s] -- Installing: /home/olive/workspace2/install/apriltag_msgs/include/apriltag_msgs/apriltag_msgs/msg/detail/point__rosidl_typesupport_introspection_c.h
[285.900s] -- Installing: /home/olive/workspace2/install/apriltag_msgs/include/apriltag_msgs/apriltag_msgs/msg/detail/april_tag_detection__rosidl_typesupport_introspection_c.h
[285.902s] -- Up-to-date: /home/olive/workspace2/install/apriltag_msgs/include/apriltag_msgs/apriltag_msgs/msg/rosidl_typesupport_introspection_c__visibility_control.h
[285.905s] -- Installing: /home/olive/workspace2/install/apriltag_msgs/lib/libapriltag_msgs__rosidl_typesupport_introspection_c.so
[285.908s] -- Set runtime path of "/home/olive/workspace2/install/apriltag_msgs/lib/libapriltag_msgs__rosidl_typesupport_introspection_c.so" to ""
[285.910s] -- Up-to-date: /home/olive/workspace2/install/apriltag_msgs/include/apriltag_msgs/apriltag_msgs
[285.912s] -- Up-to-date: /home/olive/workspace2/install/apriltag_msgs/include/apriltag_msgs/apriltag_msgs/msg
[285.915s] -- Up-to-date: /home/olive/workspace2/install/apriltag_msgs/include/apriltag_msgs/apriltag_msgs/msg/rosidl_typesupport_fastrtps_c__visibility_control.h
[285.920s] -- Up-to-date: /home/olive/workspace2/install/apriltag_msgs/include/apriltag_msgs/apriltag_msgs/msg/detail
[285.923s] -- Installing: /home/olive/workspace2/install/apriltag_msgs/include/apriltag_msgs/apriltag_msgs/msg/detail/april_tag_detection__rosidl_typesupport_fastrtps_c.h
[285.926s] -- Installing: /home/olive/workspace2/install/apriltag_msgs/include/apriltag_msgs/apriltag_msgs/msg/detail/point__rosidl_typesupport_fastrtps_c.h
[285.929s] -- Installing: /home/olive/workspace2/install/apriltag_msgs/include/apriltag_msgs/apriltag_msgs/msg/detail/april_tag_detection_array__rosidl_typesupport_fastrtps_c.h
[285.932s] -- Installing: /home/olive/workspace2/install/apriltag_msgs/lib/libapriltag_msgs__rosidl_typesupport_fastrtps_c.so
[285.935s] -- Set runtime path of "/home/olive/workspace2/install/apriltag_msgs/lib/libapriltag_msgs__rosidl_typesupport_fastrtps_c.so" to ""
[285.938s] -- Installing: /home/olive/workspace2/install/apriltag_msgs/lib/libapriltag_msgs__rosidl_typesupport_c.so
[285.941s] -- Set runtime path of "/home/olive/workspace2/install/apriltag_msgs/lib/libapriltag_msgs__rosidl_typesupport_c.so" to ""
[285.944s] -- Up-to-date: /home/olive/workspace2/install/apriltag_msgs/include/apriltag_msgs/apriltag_msgs
[285.947s] -- Up-to-date: /home/olive/workspace2/install/apriltag_msgs/include/apriltag_msgs/apriltag_msgs/msg
[285.949s] -- Installing: /home/olive/workspace2/install/apriltag_msgs/include/apriltag_msgs/apriltag_msgs/msg/point.hpp
[285.952s] -- Up-to-date: /home/olive/workspace2/install/apriltag_msgs/include/apriltag_msgs/apriltag_msgs/msg/detail
[285.955s] -- Installing: /home/olive/workspace2/install/apriltag_msgs/include/apriltag_msgs/apriltag_msgs/msg/detail/point__struct.hpp
[285.958s] -- Installing: /home/olive/workspace2/install/apriltag_msgs/include/apriltag_msgs/apriltag_msgs/msg/detail/april_tag_detection__traits.hpp
[285.961s] -- Installing: /home/olive/workspace2/install/apriltag_msgs/include/apriltag_msgs/apriltag_msgs/msg/detail/point__builder.hpp
[285.968s] -- Installing: /home/olive/workspace2/install/apriltag_msgs/include/apriltag_msgs/apriltag_msgs/msg/detail/point__traits.hpp
[285.971s] -- Installing: /home/olive/workspace2/install/apriltag_msgs/include/apriltag_msgs/apriltag_msgs/msg/detail/april_tag_detection__builder.hpp
[285.974s] -- Installing: /home/olive/workspace2/install/apriltag_msgs/include/apriltag_msgs/apriltag_msgs/msg/detail/april_tag_detection_array__struct.hpp
[285.977s] -- Installing: /home/olive/workspace2/install/apriltag_msgs/include/apriltag_msgs/apriltag_msgs/msg/detail/april_tag_detection_array__builder.hpp
[285.979s] -- Installing: /home/olive/workspace2/install/apriltag_msgs/include/apriltag_msgs/apriltag_msgs/msg/detail/april_tag_detection__struct.hpp
[285.982s] -- Installing: /home/olive/workspace2/install/apriltag_msgs/include/apriltag_msgs/apriltag_msgs/msg/detail/april_tag_detection_array__traits.hpp
[285.984s] -- Installing: /home/olive/workspace2/install/apriltag_msgs/include/apriltag_msgs/apriltag_msgs/msg/april_tag_detection.hpp
[285.987s] -- Installing: /home/olive/workspace2/install/apriltag_msgs/include/apriltag_msgs/apriltag_msgs/msg/april_tag_detection_array.hpp
[285.989s] -- Up-to-date: /home/olive/workspace2/install/apriltag_msgs/include/apriltag_msgs/apriltag_msgs
[285.991s] -- Up-to-date: /home/olive/workspace2/install/apriltag_msgs/include/apriltag_msgs/apriltag_msgs/msg
[285.994s] -- Up-to-date: /home/olive/workspace2/install/apriltag_msgs/include/apriltag_msgs/apriltag_msgs/msg/detail
[285.998s] -- Installing: /home/olive/workspace2/install/apriltag_msgs/include/apriltag_msgs/apriltag_msgs/msg/detail/april_tag_detection_array__type_support.cpp
[286.001s] -- Installing: /home/olive/workspace2/install/apriltag_msgs/include/apriltag_msgs/apriltag_msgs/msg/detail/april_tag_detection__type_support.cpp
[286.004s] -- Installing: /home/olive/workspace2/install/apriltag_msgs/include/apriltag_msgs/apriltag_msgs/msg/detail/point__type_support.cpp
[286.007s] -- Installing: /home/olive/workspace2/install/apriltag_msgs/include/apriltag_msgs/apriltag_msgs/msg/detail/point__rosidl_typesupport_introspection_cpp.hpp
[286.009s] -- Installing: /home/olive/workspace2/install/apriltag_msgs/include/apriltag_msgs/apriltag_msgs/msg/detail/april_tag_detection_array__rosidl_typesupport_introspection_cpp.hpp
[286.012s] -- Installing: /home/olive/workspace2/install/apriltag_msgs/include/apriltag_msgs/apriltag_msgs/msg/detail/april_tag_detection__rosidl_typesupport_introspection_cpp.hpp
[286.014s] -- Installing: /home/olive/workspace2/install/apriltag_msgs/lib/libapriltag_msgs__rosidl_typesupport_introspection_cpp.so
[286.017s] -- Set runtime path of "/home/olive/workspace2/install/apriltag_msgs/lib/libapriltag_msgs__rosidl_typesupport_introspection_cpp.so" to ""
[286.022s] -- Up-to-date: /home/olive/workspace2/install/apriltag_msgs/include/apriltag_msgs/apriltag_msgs
[286.025s] -- Up-to-date: /home/olive/workspace2/install/apriltag_msgs/include/apriltag_msgs/apriltag_msgs/msg
[286.027s] -- Up-to-date: /home/olive/workspace2/install/apriltag_msgs/include/apriltag_msgs/apriltag_msgs/msg/detail
[286.029s] -- Installing: /home/olive/workspace2/install/apriltag_msgs/include/apriltag_msgs/apriltag_msgs/msg/detail/april_tag_detection_array__rosidl_typesupport_fastrtps_cpp.hpp
[286.033s] -- Installing: /home/olive/workspace2/install/apriltag_msgs/include/apriltag_msgs/apriltag_msgs/msg/detail/point__rosidl_typesupport_fastrtps_cpp.hpp
[286.036s] -- Installing: /home/olive/workspace2/install/apriltag_msgs/include/apriltag_msgs/apriltag_msgs/msg/detail/april_tag_detection__rosidl_typesupport_fastrtps_cpp.hpp
[286.039s] -- Up-to-date: /home/olive/workspace2/install/apriltag_msgs/include/apriltag_msgs/apriltag_msgs/msg/detail/dds_fastrtps
[286.042s] -- Up-to-date: /home/olive/workspace2/install/apriltag_msgs/include/apriltag_msgs/apriltag_msgs/msg/rosidl_typesupport_fastrtps_cpp__visibility_control.h
[286.045s] -- Installing: /home/olive/workspace2/install/apriltag_msgs/lib/libapriltag_msgs__rosidl_typesupport_fastrtps_cpp.so
[286.048s] -- Set runtime path of "/home/olive/workspace2/install/apriltag_msgs/lib/libapriltag_msgs__rosidl_typesupport_fastrtps_cpp.so" to ""
[286.051s] -- Installing: /home/olive/workspace2/install/apriltag_msgs/lib/libapriltag_msgs__rosidl_typesupport_cpp.so
[286.053s] -- Set runtime path of "/home/olive/workspace2/install/apriltag_msgs/lib/libapriltag_msgs__rosidl_typesupport_cpp.so" to ""
[286.056s] -- Up-to-date: /home/olive/workspace2/install/apriltag_msgs/share/apriltag_msgs/environment/pythonpath.sh
[286.059s] -- Installing: /home/olive/workspace2/install/apriltag_msgs/share/apriltag_msgs/environment/pythonpath.dsv
[286.062s] -- Up-to-date: /home/olive/workspace2/install/apriltag_msgs/lib/python3.9/site-packages/apriltag_msgs-2.0.1-py3.9.egg-info
[286.065s] -- Installing: /home/olive/workspace2/install/apriltag_msgs/lib/python3.9/site-packages/apriltag_msgs-2.0.1-py3.9.egg-info/SOURCES.txt
[286.077s] -- Installing: /home/olive/workspace2/install/apriltag_msgs/lib/python3.9/site-packages/apriltag_msgs-2.0.1-py3.9.egg-info/dependency_links.txt
[286.079s] -- Installing: /home/olive/workspace2/install/apriltag_msgs/lib/python3.9/site-packages/apriltag_msgs-2.0.1-py3.9.egg-info/top_level.txt
[286.082s] -- Installing: /home/olive/workspace2/install/apriltag_msgs/lib/python3.9/site-packages/apriltag_msgs-2.0.1-py3.9.egg-info/PKG-INFO
[286.085s] -- Up-to-date: /home/olive/workspace2/install/apriltag_msgs/lib/python3.9/site-packages/apriltag_msgs
[286.088s] -- Installing: /home/olive/workspace2/install/apriltag_msgs/lib/python3.9/site-packages/apriltag_msgs/libapriltag_msgs__rosidl_generator_py.so
[286.091s] -- Installing: /home/olive/workspace2/install/apriltag_msgs/lib/python3.9/site-packages/apriltag_msgs/apriltag_msgs_s__rosidl_typesupport_fastrtps_c.cpython-39-arm-linux-gnueabihf.so
[286.094s] -- Installing: /home/olive/workspace2/install/apriltag_msgs/lib/python3.9/site-packages/apriltag_msgs/apriltag_msgs_s__rosidl_typesupport_c.cpython-39-arm-linux-gnueabihf.so
[286.096s] -- Installing: /home/olive/workspace2/install/apriltag_msgs/lib/python3.9/site-packages/apriltag_msgs/_apriltag_msgs_s.ep.rosidl_typesupport_c.c
[286.099s] -- Installing: /home/olive/workspace2/install/apriltag_msgs/lib/python3.9/site-packages/apriltag_msgs/_apriltag_msgs_s.ep.rosidl_typesupport_introspection_c.c
[286.101s] -- Installing: /home/olive/workspace2/install/apriltag_msgs/lib/python3.9/site-packages/apriltag_msgs/apriltag_msgs_s__rosidl_typesupport_introspection_c.cpython-39-arm-linux-gnueabihf.so
[286.103s] -- Up-to-date: /home/olive/workspace2/install/apriltag_msgs/lib/python3.9/site-packages/apriltag_msgs/msg
[286.105s] -- Installing: /home/olive/workspace2/install/apriltag_msgs/lib/python3.9/site-packages/apriltag_msgs/msg/_point_s.c
[286.108s] -- Installing: /home/olive/workspace2/install/apriltag_msgs/lib/python3.9/site-packages/apriltag_msgs/msg/_april_tag_detection_array.py
[286.110s] -- Installing: /home/olive/workspace2/install/apriltag_msgs/lib/python3.9/site-packages/apriltag_msgs/msg/_april_tag_detection.py
[286.112s] -- Installing: /home/olive/workspace2/install/apriltag_msgs/lib/python3.9/site-packages/apriltag_msgs/msg/_april_tag_detection_array_s.c
[286.114s] -- Installing: /home/olive/workspace2/install/apriltag_msgs/lib/python3.9/site-packages/apriltag_msgs/msg/_april_tag_detection_s.c
[286.116s] -- Installing: /home/olive/workspace2/install/apriltag_msgs/lib/python3.9/site-packages/apriltag_msgs/msg/__init__.py
[286.118s] -- Installing: /home/olive/workspace2/install/apriltag_msgs/lib/python3.9/site-packages/apriltag_msgs/msg/_point.py
[286.122s] -- Installing: /home/olive/workspace2/install/apriltag_msgs/lib/python3.9/site-packages/apriltag_msgs/_apriltag_msgs_s.ep.rosidl_typesupport_fastrtps_c.c
[286.124s] -- Installing: /home/olive/workspace2/install/apriltag_msgs/lib/python3.9/site-packages/apriltag_msgs/__init__.py
[289.192s] Listing '/home/olive/workspace2/install/apriltag_msgs/lib/python3.9/site-packages/apriltag_msgs'...
[289.195s] Compiling '/home/olive/workspace2/install/apriltag_msgs/lib/python3.9/site-packages/apriltag_msgs/__init__.py'...
[289.197s] Listing '/home/olive/workspace2/install/apriltag_msgs/lib/python3.9/site-packages/apriltag_msgs/msg'...
[289.200s] Compiling '/home/olive/workspace2/install/apriltag_msgs/lib/python3.9/site-packages/apriltag_msgs/msg/__init__.py'...
[289.202s] Compiling '/home/olive/workspace2/install/apriltag_msgs/lib/python3.9/site-packages/apriltag_msgs/msg/_april_tag_detection.py'...
[289.204s] Compiling '/home/olive/workspace2/install/apriltag_msgs/lib/python3.9/site-packages/apriltag_msgs/msg/_april_tag_detection_array.py'...
[289.206s] Compiling '/home/olive/workspace2/install/apriltag_msgs/lib/python3.9/site-packages/apriltag_msgs/msg/_point.py'...
[289.289s] -- Installing: /home/olive/workspace2/install/apriltag_msgs/lib/python3.9/site-packages/apriltag_msgs/apriltag_msgs_s__rosidl_typesupport_introspection_c.cpython-39-arm-linux-gnueabihf.so
[289.298s] -- Set runtime path of "/home/olive/workspace2/install/apriltag_msgs/lib/python3.9/site-packages/apriltag_msgs/apriltag_msgs_s__rosidl_typesupport_introspection_c.cpython-39-arm-linux-gnueabihf.so" to ""
[289.306s] -- Installing: /home/olive/workspace2/install/apriltag_msgs/lib/python3.9/site-packages/apriltag_msgs/apriltag_msgs_s__rosidl_typesupport_fastrtps_c.cpython-39-arm-linux-gnueabihf.so
[289.314s] -- Set runtime path of "/home/olive/workspace2/install/apriltag_msgs/lib/python3.9/site-packages/apriltag_msgs/apriltag_msgs_s__rosidl_typesupport_fastrtps_c.cpython-39-arm-linux-gnueabihf.so" to ""
[289.321s] -- Installing: /home/olive/workspace2/install/apriltag_msgs/lib/python3.9/site-packages/apriltag_msgs/apriltag_msgs_s__rosidl_typesupport_c.cpython-39-arm-linux-gnueabihf.so
[289.329s] -- Set runtime path of "/home/olive/workspace2/install/apriltag_msgs/lib/python3.9/site-packages/apriltag_msgs/apriltag_msgs_s__rosidl_typesupport_c.cpython-39-arm-linux-gnueabihf.so" to ""
[289.334s] -- Installing: /home/olive/workspace2/install/apriltag_msgs/lib/libapriltag_msgs__rosidl_generator_py.so
[289.341s] -- Set runtime path of "/home/olive/workspace2/install/apriltag_msgs/lib/libapriltag_msgs__rosidl_generator_py.so" to ""
[289.344s] -- Up-to-date: /home/olive/workspace2/install/apriltag_msgs/share/apriltag_msgs/msg/Point.idl
[289.348s] -- Up-to-date: /home/olive/workspace2/install/apriltag_msgs/share/apriltag_msgs/msg/AprilTagDetection.idl
[289.351s] -- Up-to-date: /home/olive/workspace2/install/apriltag_msgs/share/apriltag_msgs/msg/AprilTagDetectionArray.idl
[289.354s] -- Up-to-date: /home/olive/workspace2/install/apriltag_msgs/share/apriltag_msgs/msg/Point.msg
[289.357s] -- Up-to-date: /home/olive/workspace2/install/apriltag_msgs/share/apriltag_msgs/msg/AprilTagDetection.msg
[289.359s] -- Up-to-date: /home/olive/workspace2/install/apriltag_msgs/share/apriltag_msgs/msg/AprilTagDetectionArray.msg
[289.361s] -- Up-to-date: /home/olive/workspace2/install/apriltag_msgs/share/ament_index/resource_index/package_run_dependencies/apriltag_msgs
[289.364s] -- Up-to-date: /home/olive/workspace2/install/apriltag_msgs/share/ament_index/resource_index/parent_prefix_path/apriltag_msgs
[289.367s] -- Installing: /home/olive/workspace2/install/apriltag_msgs/share/apriltag_msgs/environment/ament_prefix_path.dsv
[289.370s] -- Installing: /home/olive/workspace2/install/apriltag_msgs/share/apriltag_msgs/environment/path.dsv
[289.373s] -- Up-to-date: /home/olive/workspace2/install/apriltag_msgs/share/apriltag_msgs/local_setup.bash
[289.376s] -- Up-to-date: /home/olive/workspace2/install/apriltag_msgs/share/apriltag_msgs/local_setup.sh
[289.378s] -- Up-to-date: /home/olive/workspace2/install/apriltag_msgs/share/apriltag_msgs/local_setup.zsh
[289.381s] -- Installing: /home/olive/workspace2/install/apriltag_msgs/share/apriltag_msgs/local_setup.dsv
[289.383s] -- Installing: /home/olive/workspace2/install/apriltag_msgs/share/apriltag_msgs/package.dsv
[289.389s] -- Up-to-date: /home/olive/workspace2/install/apriltag_msgs/share/ament_index/resource_index/packages/apriltag_msgs
[289.391s] -- Up-to-date: /home/olive/workspace2/install/apriltag_msgs/share/apriltag_msgs/cmake/export_apriltag_msgs__rosidl_generator_cExport.cmake
[289.394s] -- Installing: /home/olive/workspace2/install/apriltag_msgs/share/apriltag_msgs/cmake/export_apriltag_msgs__rosidl_generator_cExport-noconfig.cmake
[289.397s] -- Up-to-date: /home/olive/workspace2/install/apriltag_msgs/share/apriltag_msgs/cmake/apriltag_msgs__rosidl_typesupport_introspection_cExport.cmake
[289.399s] -- Installing: /home/olive/workspace2/install/apriltag_msgs/share/apriltag_msgs/cmake/apriltag_msgs__rosidl_typesupport_introspection_cExport-noconfig.cmake
[289.404s] -- Up-to-date: /home/olive/workspace2/install/apriltag_msgs/share/apriltag_msgs/cmake/export_apriltag_msgs__rosidl_typesupport_fastrtps_cExport.cmake
[289.406s] -- Installing: /home/olive/workspace2/install/apriltag_msgs/share/apriltag_msgs/cmake/export_apriltag_msgs__rosidl_typesupport_fastrtps_cExport-noconfig.cmake
[289.411s] -- Up-to-date: /home/olive/workspace2/install/apriltag_msgs/share/apriltag_msgs/cmake/apriltag_msgs__rosidl_typesupport_cExport.cmake
[289.418s] -- Installing: /home/olive/workspace2/install/apriltag_msgs/share/apriltag_msgs/cmake/apriltag_msgs__rosidl_typesupport_cExport-noconfig.cmake
[289.420s] -- Up-to-date: /home/olive/workspace2/install/apriltag_msgs/share/apriltag_msgs/cmake/export_apriltag_msgs__rosidl_generator_cppExport.cmake
[289.424s] -- Up-to-date: /home/olive/workspace2/install/apriltag_msgs/share/apriltag_msgs/cmake/apriltag_msgs__rosidl_typesupport_introspection_cppExport.cmake
[289.426s] -- Installing: /home/olive/workspace2/install/apriltag_msgs/share/apriltag_msgs/cmake/apriltag_msgs__rosidl_typesupport_introspection_cppExport-noconfig.cmake
[289.432s] -- Up-to-date: /home/olive/workspace2/install/apriltag_msgs/share/apriltag_msgs/cmake/export_apriltag_msgs__rosidl_typesupport_fastrtps_cppExport.cmake
[289.434s] -- Installing: /home/olive/workspace2/install/apriltag_msgs/share/apriltag_msgs/cmake/export_apriltag_msgs__rosidl_typesupport_fastrtps_cppExport-noconfig.cmake
[289.440s] -- Up-to-date: /home/olive/workspace2/install/apriltag_msgs/share/apriltag_msgs/cmake/apriltag_msgs__rosidl_typesupport_cppExport.cmake
[289.442s] -- Installing: /home/olive/workspace2/install/apriltag_msgs/share/apriltag_msgs/cmake/apriltag_msgs__rosidl_typesupport_cppExport-noconfig.cmake
[289.448s] -- Up-to-date: /home/olive/workspace2/install/apriltag_msgs/share/apriltag_msgs/cmake/export_apriltag_msgs__rosidl_generator_pyExport.cmake
[289.450s] -- Installing: /home/olive/workspace2/install/apriltag_msgs/share/apriltag_msgs/cmake/export_apriltag_msgs__rosidl_generator_pyExport-noconfig.cmake
[289.454s] -- Up-to-date: /home/olive/workspace2/install/apriltag_msgs/share/apriltag_msgs/cmake/rosidl_cmake-extras.cmake
[289.457s] -- Up-to-date: /home/olive/workspace2/install/apriltag_msgs/share/apriltag_msgs/cmake/ament_cmake_export_dependencies-extras.cmake
[289.460s] -- Up-to-date: /home/olive/workspace2/install/apriltag_msgs/share/apriltag_msgs/cmake/ament_cmake_export_include_directories-extras.cmake
[289.463s] -- Up-to-date: /home/olive/workspace2/install/apriltag_msgs/share/apriltag_msgs/cmake/ament_cmake_export_libraries-extras.cmake
[289.466s] -- Up-to-date: /home/olive/workspace2/install/apriltag_msgs/share/apriltag_msgs/cmake/ament_cmake_export_targets-extras.cmake
[289.469s] -- Up-to-date: /home/olive/workspace2/install/apriltag_msgs/share/apriltag_msgs/cmake/rosidl_cmake_export_typesupport_targets-extras.cmake
[289.472s] -- Up-to-date: /home/olive/workspace2/install/apriltag_msgs/share/apriltag_msgs/cmake/rosidl_cmake_export_typesupport_libraries-extras.cmake
[289.474s] -- Up-to-date: /home/olive/workspace2/install/apriltag_msgs/share/apriltag_msgs/cmake/apriltag_msgsConfig.cmake
[289.477s] -- Up-to-date: /home/olive/workspace2/install/apriltag_msgs/share/apriltag_msgs/cmake/apriltag_msgsConfig-version.cmake
[289.479s] -- Up-to-date: /home/olive/workspace2/install/apriltag_msgs/share/apriltag_msgs/package.xml
[289.512s] Invoked command in '/home/olive/workspace2/build/apriltag_msgs' returned '0': CMAKE_PREFIX_PATH=${CMAKE_PREFIX_PATH}:/home/olive/examples/install/shake_detector:/opt/ros2/humble/install/rqt_bag_plugins:/opt/ros2/humble/install/rqt_bag:/opt/ros2/humble/install/ros2bag:/opt/ros2/humble/install/tracetools_test:/opt/ros2/humble/install/tracetools_launch:/opt/ros2/humble/install/topic_monitor:/opt/ros2/humble/install/tf2_tools:/opt/ros2/humble/install/examples_tf2_py:/opt/ros2/humble/install/tf2_ros_py:/opt/ros2/humble/install/sros2:/opt/ros2/humble/install/rqt_topic:/opt/ros2/humble/install/rqt_srv:/opt/ros2/humble/install/rqt_shell:/opt/ros2/humble/install/rqt_service_caller:/opt/ros2/humble/install/rqt_reconfigure:/opt/ros2/humble/install/rqt_py_console:/opt/ros2/humble/install/rqt_publisher:/opt/ros2/humble/install/rqt_plot:/opt/ros2/humble/install/rqt_action:/opt/ros2/humble/install/rqt_msg:/opt/ros2/humble/install/rqt_console:/opt/ros2/humble/install/rqt:/opt/ros2/humble/install/rqt_graph:/opt/ros2/humble/install/rqt_gui_py:/opt/ros2/humble/install/rqt_gui:/opt/ros2/humble/install/ros2trace:/opt/ros2/humble/install/ros2topic:/opt/ros2/humble/install/ros2test:/opt/ros2/humble/install/ros2component:/opt/ros2/humble/install/ros2param:/opt/ros2/humble/install/ros2lifecycle:/opt/ros2/humble/install/ros2service:/opt/ros2/humble/install/ros2run:/opt/ros2/humble/install/ros2launch:/opt/ros2/humble/install/ros2pkg:/opt/ros2/humble/install/ros2node:/opt/ros2/humble/install/ros2multicast:/opt/ros2/humble/install/ros2interface:/opt/ros2/humble/install/ros2doctor:/opt/ros2/humble/install/ros2action:/opt/ros2/humble/install/ros2cli:/opt/ros2/humble/install/quality_of_service_demo_py:/opt/ros2/humble/install/lifecycle_py:/opt/ros2/humble/install/launch_testing_ros:/opt/ros2/humble/install/launch_ros:/opt/ros2/humble/install/examples_rclpy_pointcloud_publisher:/opt/ros2/humble/install/examples_rclpy_minimal_subscriber:/opt/ros2/humble/install/examples_rclpy_minimal_service:/opt/ros2/humble/install/examples_rclpy_minimal_publisher:/opt/ros2/humble/install/examples_rclpy_minimal_client:/opt/ros2/humble/install/examples_rclpy_minimal_action_server:/opt/ros2/humble/install/examples_rclpy_minimal_action_client:/opt/ros2/humble/install/examples_rclpy_guard_conditions:/opt/ros2/humble/install/examples_rclpy_executors:/opt/ros2/humble/install/demo_nodes_py:/opt/ros2/humble/install/action_tutorials_py:/opt/ros2/humble/install/ament_uncrustify:/opt/ros2/humble/install/tracetools_trace:/opt/ros2/humble/install/tracetools_read:/opt/ros2/humble/install/test_tracetools_launch:/opt/ros2/humble/install/test_launch_ros:/opt/ros2/humble/install/sensor_msgs_py:/opt/ros2/humble/install/rpyutils:/opt/ros2/humble/install/rosidl_runtime_py:/opt/ros2/humble/install/rosidl_cli:/opt/ros2/humble/install/launch_pytest:/opt/ros2/humble/install/launch_testing:/opt/ros2/humble/install/launch_yaml:/opt/ros2/humble/install/launch_xml:/opt/ros2/humble/install/launch:/opt/ros2/humble/install/osrf_pycommon:/opt/ros2/humble/install/launch_testing_examples:/opt/ros2/humble/install/domain_coordinator:/opt/ros2/humble/install/ament_xmllint:/opt/ros2/humble/install/ament_pyflakes:/opt/ros2/humble/install/ament_pycodestyle:/opt/ros2/humble/install/ament_pep257:/opt/ros2/humble/install/ament_pclint:/opt/ros2/humble/install/ament_package:/opt/ros2/humble/install/ament_mypy:/opt/ros2/humble/install/ament_lint_cmake:/opt/ros2/humble/install/ament_flake8:/opt/ros2/humble/install/ament_copyright:/opt/ros2/humble/install/ament_lint:/opt/ros2/humble/install/ament_index_python:/opt/ros2/humble/install/ament_cpplint:/opt/ros2/humble/install/ament_cppcheck:/opt/ros2/humble/install/ament_clang_tidy:/opt/ros2/humble/install/ament_clang_format /usr/bin/cmake --install /home/olive/workspace2/build/apriltag_msgs
