Performing C SOURCE FILE Test CMAKE_HAVE_LIBC_PTHREAD failed with the following output:
Change Dir: /home/olive/workspace/olv_camera_tpu_playground_py/examples/04-AprilTag/workspace/build/compressed_image_transport/CMakeFiles/CMakeTmp

Run Build Command(s):/usr/bin/gmake cmTC_2ea50/fast && /usr/bin/gmake  -f CMakeFiles/cmTC_2ea50.dir/build.make CMakeFiles/cmTC_2ea50.dir/build
gmake[1]: Entering directory '/home/olive/workspace/olv_camera_tpu_playground_py/examples/04-AprilTag/workspace/build/compressed_image_transport/CMakeFiles/CMakeTmp'
Building C object CMakeFiles/cmTC_2ea50.dir/src.c.o
/usr/bin/cc   -DCMAKE_HAVE_LIBC_PTHREAD -o CMakeFiles/cmTC_2ea50.dir/src.c.o -c /home/olive/workspace/olv_camera_tpu_playground_py/examples/04-AprilTag/workspace/build/compressed_image_transport/CMakeFiles/CMakeTmp/src.c
Linking C executable cmTC_2ea50
/usr/bin/cmake -E cmake_link_script CMakeFiles/cmTC_2ea50.dir/link.txt --verbose=1
/usr/bin/cc  -DCMAKE_HAVE_LIBC_PTHREAD CMakeFiles/cmTC_2ea50.dir/src.c.o -o cmTC_2ea50 
/usr/bin/ld: CMakeFiles/cmTC_2ea50.dir/src.c.o: in function `main':
src.c:(.text+0x26): undefined reference to `pthread_create'
/usr/bin/ld: src.c:(.text+0x2e): undefined reference to `pthread_detach'
/usr/bin/ld: src.c:(.text+0x36): undefined reference to `pthread_cancel'
/usr/bin/ld: src.c:(.text+0x40): undefined reference to `pthread_join'
collect2: error: ld returned 1 exit status
gmake[1]: *** [CMakeFiles/cmTC_2ea50.dir/build.make:106: cmTC_2ea50] Error 1
gmake[1]: Leaving directory '/home/olive/workspace/olv_camera_tpu_playground_py/examples/04-AprilTag/workspace/build/compressed_image_transport/CMakeFiles/CMakeTmp'
gmake: *** [Makefile:140: cmTC_2ea50/fast] Error 2


Source file was:
#include <pthread.h>

void* test_func(void* data)
{
  return data;
}

int main(void)
{
  pthread_t thread;
  pthread_create(&thread, NULL, test_func, NULL);
  pthread_detach(thread);
  pthread_cancel(thread);
  pthread_join(thread, NULL);
  pthread_atfork(NULL, NULL, NULL);
  pthread_exit(NULL);

  return 0;
}

Determining if the function pthread_create exists in the pthreads failed with the following output:
Change Dir: /home/olive/workspace/olv_camera_tpu_playground_py/examples/04-AprilTag/workspace/build/compressed_image_transport/CMakeFiles/CMakeTmp

Run Build Command(s):/usr/bin/gmake cmTC_15d8c/fast && /usr/bin/gmake  -f CMakeFiles/cmTC_15d8c.dir/build.make CMakeFiles/cmTC_15d8c.dir/build
gmake[1]: Entering directory '/home/olive/workspace/olv_camera_tpu_playground_py/examples/04-AprilTag/workspace/build/compressed_image_transport/CMakeFiles/CMakeTmp'
Building C object CMakeFiles/cmTC_15d8c.dir/CheckFunctionExists.c.o
/usr/bin/cc   -DCHECK_FUNCTION_EXISTS=pthread_create -o CMakeFiles/cmTC_15d8c.dir/CheckFunctionExists.c.o -c /usr/share/cmake-3.18/Modules/CheckFunctionExists.c
Linking C executable cmTC_15d8c
/usr/bin/cmake -E cmake_link_script CMakeFiles/cmTC_15d8c.dir/link.txt --verbose=1
/usr/bin/cc  -DCHECK_FUNCTION_EXISTS=pthread_create CMakeFiles/cmTC_15d8c.dir/CheckFunctionExists.c.o -o cmTC_15d8c  -lpthreads 
/usr/bin/ld: cannot find -lpthreads
collect2: error: ld returned 1 exit status
gmake[1]: *** [CMakeFiles/cmTC_15d8c.dir/build.make:106: cmTC_15d8c] Error 1
gmake[1]: Leaving directory '/home/olive/workspace/olv_camera_tpu_playground_py/examples/04-AprilTag/workspace/build/compressed_image_transport/CMakeFiles/CMakeTmp'
gmake: *** [Makefile:140: cmTC_15d8c/fast] Error 2



