gmake[2]: Warning: File '/opt/ros2/humble/install/builtin_interfaces/share/builtin_interfaces/msg/Time.idl' has modification time 8939922 s in the future
gmake[2]: Warning: File '/opt/ros2/humble/install/builtin_interfaces/share/builtin_interfaces/msg/Time.idl' has modification time 8939921 s in the future
gmake[2]: warning:  Clock skew detected.  Your build may be incomplete.
gmake[2]: warning:  Clock skew detected.  Your build may be incomplete.
gmake[2]: Warning: File '/opt/ros2/humble/install/builtin_interfaces/share/builtin_interfaces/msg/Time.idl' has modification time 8939904 s in the future
gmake[2]: Warning: File '/opt/ros2/humble/install/builtin_interfaces/share/builtin_interfaces/msg/Time.idl' has modification time 8939903 s in the future
gmake[2]: warning:  Clock skew detected.  Your build may be incomplete.
gmake[2]: Warning: File '/opt/ros2/humble/install/builtin_interfaces/share/builtin_interfaces/msg/Time.idl' has modification time 8939889 s in the future
gmake[2]: warning:  Clock skew detected.  Your build may be incomplete.
gmake[2]: Warning: File '/opt/ros2/humble/install/builtin_interfaces/share/builtin_interfaces/msg/Time.idl' has modification time 8939882 s in the future
gmake[2]: warning:  Clock skew detected.  Your build may be incomplete.
gmake[2]: Warning: File '/opt/ros2/humble/install/builtin_interfaces/share/builtin_interfaces/msg/Time.idl' has modification time 8939868 s in the future
gmake[2]: warning:  Clock skew detected.  Your build may be incomplete.
gmake[2]: Warning: File '/opt/ros2/humble/install/builtin_interfaces/share/builtin_interfaces/msg/Time.idl' has modification time 8939839 s in the future
In file included from [01m[K/usr/include/c++/10/memory:66[m[K,
                 from [01m[K/home/olive/workspace2/build/apriltag_msgs/rosidl_generator_cpp/apriltag_msgs/msg/detail/april_tag_detection_array__struct.hpp:10[m[K,
                 from [01m[K/home/olive/workspace2/build/apriltag_msgs/rosidl_typesupport_fastrtps_cpp/apriltag_msgs/msg/detail/april_tag_detection_array__rosidl_typesupport_fastrtps_cpp.hpp:11[m[K,
                 from [01m[K/home/olive/workspace2/build/apriltag_msgs/rosidl_typesupport_fastrtps_cpp/apriltag_msgs/msg/detail/dds_fastrtps/april_tag_detection_array__type_support.cpp:4[m[K:
[01m[K/usr/include/c++/10/bits/stl_uninitialized.h:[m[K In function ‘[01m[K_ForwardIterator std::__uninitialized_move_if_noexcept_a(_InputIterator, _InputIterator, _ForwardIterator, _Allocator&) [with _InputIterator = apriltag_msgs::msg::AprilTagDetection_<std::allocator<void> >*; _ForwardIterator = apriltag_msgs::msg::AprilTagDetection_<std::allocator<void> >*; _Allocator = std::allocator<apriltag_msgs::msg::AprilTagDetection_<std::allocator<void> > >][m[K’:
[01m[K/usr/include/c++/10/bits/stl_uninitialized.h:347:2:[m[K [01;36m[Knote: [m[Kparameter passing for argument of type ‘[01m[Kstd::move_iterator<apriltag_msgs::msg::AprilTagDetection_<std::allocator<void> >*>[m[K’ changed in GCC 7.1
  346 |       return [01;36m[Kstd::__uninitialized_copy_a[m[K
      |              [01;36m[K~~~~~~~~~~~~~~~~~~~~~~~~~~~[m[K
  347 | [01;36m[K (_GLIBCXX_MAKE_MOVE_IF_NOEXCEPT_ITERATOR(__first),[m[K
      |  [01;36m[K^~~~~~~~~~~~~~~~~~~~~~~~~~~~~~~~~~~~~~~~~~~~~~~~~~[m[K
  348 | [01;36m[K  _GLIBCXX_MAKE_MOVE_IF_NOEXCEPT_ITERATOR(__last), __result, __alloc)[m[K;
      |   [01;36m[K~~~~~~~~~~~~~~~~~~~~~~~~~~~~~~~~~~~~~~~~~~~~~~~~~~~~~~~~~~~~~~~~~~~[m[K
[01m[K/usr/include/c++/10/bits/stl_uninitialized.h:[m[K In function ‘[01m[K_ForwardIterator std::__uninitialized_copy_a(_InputIterator, _InputIterator, _ForwardIterator, std::allocator<_Tp>&) [with _InputIterator = std::move_iterator<apriltag_msgs::msg::AprilTagDetection_<std::allocator<void> >*>; _ForwardIterator = apriltag_msgs::msg::AprilTagDetection_<std::allocator<void> >*; _Tp = apriltag_msgs::msg::AprilTagDetection_<std::allocator<void> >][m[K’:
[01m[K/usr/include/c++/10/bits/stl_uninitialized.h:323:5:[m[K [01;36m[Knote: [m[Kparameter passing for argument of type ‘[01m[Kstd::move_iterator<apriltag_msgs::msg::AprilTagDetection_<std::allocator<void> >*>[m[K’ changed in GCC 7.1
  323 |     [01;36m[K__uninitialized_copy_a[m[K(_InputIterator __first, _InputIterator __last,
      |     [01;36m[K^~~~~~~~~~~~~~~~~~~~~~[m[K
[01m[K/usr/include/c++/10/bits/stl_uninitialized.h:323:5:[m[K [01;36m[Knote: [m[Kparameter passing for argument of type ‘[01m[Kstd::move_iterator<apriltag_msgs::msg::AprilTagDetection_<std::allocator<void> >*>[m[K’ changed in GCC 7.1
[01m[K/usr/include/c++/10/bits/stl_uninitialized.h:325:37:[m[K [01;36m[Knote: [m[Kparameter passing for argument of type ‘[01m[Kstd::move_iterator<apriltag_msgs::msg::AprilTagDetection_<std::allocator<void> >*>[m[K’ changed in GCC 7.1
  325 |     { return [01;36m[Kstd::uninitialized_copy(__first, __last, __result)[m[K; }
      |              [01;36m[K~~~~~~~~~~~~~~~~~~~~~~~^~~~~~~~~~~~~~~~~~~~~~~~~~~[m[K
[01m[K/usr/include/c++/10/bits/stl_uninitialized.h:[m[K In function ‘[01m[K_ForwardIterator std::uninitialized_copy(_InputIterator, _InputIterator, _ForwardIterator) [with _InputIterator = std::move_iterator<apriltag_msgs::msg::AprilTagDetection_<std::allocator<void> >*>; _ForwardIterator = apriltag_msgs::msg::AprilTagDetection_<std::allocator<void> >*][m[K’:
[01m[K/usr/include/c++/10/bits/stl_uninitialized.h:125:5:[m[K [01;36m[Knote: [m[Kparameter passing for argument of type ‘[01m[Kstd::move_iterator<apriltag_msgs::msg::AprilTagDetection_<std::allocator<void> >*>[m[K’ changed in GCC 7.1
  125 |     [01;36m[Kuninitialized_copy[m[K(_InputIterator __first, _InputIterator __last,
      |     [01;36m[K^~~~~~~~~~~~~~~~~~[m[K
[01m[K/usr/include/c++/10/bits/stl_uninitialized.h:125:5:[m[K [01;36m[Knote: [m[Kparameter passing for argument of type ‘[01m[Kstd::move_iterator<apriltag_msgs::msg::AprilTagDetection_<std::allocator<void> >*>[m[K’ changed in GCC 7.1
[01m[K/usr/include/c++/10/bits/stl_uninitialized.h:150:15:[m[K [01;36m[Knote: [m[Kparameter passing for argument of type ‘[01m[Kstd::move_iterator<apriltag_msgs::msg::AprilTagDetection_<std::allocator<void> >*>[m[K’ changed in GCC 7.1
  147 |       return [01;36m[Kstd::__uninitialized_copy<__is_trivial(_ValueType1)[m[K
      |              [01;36m[K~~~~~~~~~~~~~~~~~~~~~~~~~~~~~~~~~~~~~~~~~~~~~~~~~~~[m[K
  148 | [01;36m[K           && __is_trivial(_ValueType2)[m[K
      |            [01;36m[K~~~~~~~~~~~~~~~~~~~~~~~~~~~~[m[K
  149 | [01;36m[K           && __assignable>::[m[K
      |            [01;36m[K~~~~~~~~~~~~~~~~~~[m[K
  150 | [01;36m[K __uninit_copy(__first, __last, __result)[m[K;
      |  [01;36m[K~~~~~~~~~~~~~^~~~~~~~~~~~~~~~~~~~~~~~~~~[m[K
[01m[K/usr/include/c++/10/bits/stl_uninitialized.h:[m[K In static member function ‘[01m[Kstatic _ForwardIterator std::__uninitialized_copy<_TrivialValueTypes>::__uninit_copy(_InputIterator, _InputIterator, _ForwardIterator) [with _InputIterator = std::move_iterator<apriltag_msgs::msg::AprilTagDetection_<std::allocator<void> >*>; _ForwardIterator = apriltag_msgs::msg::AprilTagDetection_<std::allocator<void> >*; bool _TrivialValueTypes = false][m[K’:
[01m[K/usr/include/c++/10/bits/stl_uninitialized.h:84:9:[m[K [01;36m[Knote: [m[Kparameter passing for argument of type ‘[01m[Kstd::move_iterator<apriltag_msgs::msg::AprilTagDetection_<std::allocator<void> >*>[m[K’ changed in GCC 7.1
   84 |         [01;36m[K__uninit_copy[m[K(_InputIterator __first, _InputIterator __last,
      |         [01;36m[K^~~~~~~~~~~~~[m[K
[01m[K/usr/include/c++/10/bits/stl_uninitialized.h:84:9:[m[K [01;36m[Knote: [m[Kparameter passing for argument of type ‘[01m[Kstd::move_iterator<apriltag_msgs::msg::AprilTagDetection_<std::allocator<void> >*>[m[K’ changed in GCC 7.1
gmake[2]: warning:  Clock skew detected.  Your build may be incomplete.
gmake[2]: Warning: File '/opt/ros2/humble/install/builtin_interfaces/share/builtin_interfaces/msg/Time.idl' has modification time 8939824 s in the future
gmake[2]: warning:  Clock skew detected.  Your build may be incomplete.
gmake[2]: Warning: File '/opt/ros2/humble/install/builtin_interfaces/share/builtin_interfaces/msg/Time.idl' has modification time 8939823 s in the future
gmake[2]: warning:  Clock skew detected.  Your build may be incomplete.
gmake[2]: Warning: File '/opt/ros2/humble/install/builtin_interfaces/share/builtin_interfaces/msg/Time.idl' has modification time 8939812 s in the future
gmake[2]: warning:  Clock skew detected.  Your build may be incomplete.
gmake[2]: Warning: File '/opt/ros2/humble/install/builtin_interfaces/share/builtin_interfaces/msg/Time.idl' has modification time 8939795 s in the future
gmake[2]: warning:  Clock skew detected.  Your build may be incomplete.
gmake[2]: warning:  Clock skew detected.  Your build may be incomplete.
gmake[2]: Warning: File '/opt/ros2/humble/install/builtin_interfaces/share/builtin_interfaces/msg/Time.idl' has modification time 8939782 s in the future
gmake[2]: warning:  Clock skew detected.  Your build may be incomplete.
gmake[2]: Warning: File '/opt/ros2/humble/install/builtin_interfaces/share/builtin_interfaces/msg/Time.idl' has modification time 8939755 s in the future
gmake[2]: warning:  Clock skew detected.  Your build may be incomplete.
gmake[2]: Warning: File '/opt/ros2/humble/install/builtin_interfaces/share/builtin_interfaces/msg/Time.idl' has modification time 8939741 s in the future
gmake[2]: warning:  Clock skew detected.  Your build may be incomplete.
gmake[2]: Warning: File '/opt/ros2/humble/install/std_msgs/share/std_msgs/msg/Bool.idl' has modification time 8939735 s in the future
gmake[2]: warning:  Clock skew detected.  Your build may be incomplete.
gmake[2]: Warning: File '/opt/ros2/humble/install/builtin_interfaces/share/builtin_interfaces/msg/Time.idl' has modification time 8939725 s in the future
gmake[2]: warning:  Clock skew detected.  Your build may be incomplete.
gmake[2]: Warning: File '/opt/ros2/humble/install/rosidl_runtime_c/include/rosidl_runtime_c/rosidl_runtime_c/visibility_control.h' has modification time 8941390 s in the future
gmake[2]: warning:  Clock skew detected.  Your build may be incomplete.
gmake[2]: Warning: File '/opt/ros2/humble/install/builtin_interfaces/include/builtin_interfaces/builtin_interfaces/msg/detail/time__struct.h' has modification time 8939698 s in the future
gmake[2]: Warning: File '/opt/ros2/humble/install/builtin_interfaces/include/builtin_interfaces/builtin_interfaces/msg/detail/time__struct.h' has modification time 8939698 s in the future
gmake[2]: warning:  Clock skew detected.  Your build may be incomplete.
gmake[2]: warning:  Clock skew detected.  Your build may be incomplete.
gmake[2]: Warning: File '/opt/ros2/humble/install/builtin_interfaces/include/builtin_interfaces/builtin_interfaces/msg/detail/time__struct.h' has modification time 8939693 s in the future
gmake[2]: warning:  Clock skew detected.  Your build may be incomplete.
