[1.044s] Invoking command in '/home/olive/workspace2/build/apriltag_msgs': CMAKE_PREFIX_PATH=${CMAKE_PREFIX_PATH}:/home/olive/examples/install/shake_detector:/opt/ros2/humble/install/rqt_bag_plugins:/opt/ros2/humble/install/rqt_bag:/opt/ros2/humble/install/ros2bag:/opt/ros2/humble/install/tracetools_test:/opt/ros2/humble/install/tracetools_launch:/opt/ros2/humble/install/topic_monitor:/opt/ros2/humble/install/tf2_tools:/opt/ros2/humble/install/examples_tf2_py:/opt/ros2/humble/install/tf2_ros_py:/opt/ros2/humble/install/sros2:/opt/ros2/humble/install/rqt_topic:/opt/ros2/humble/install/rqt_srv:/opt/ros2/humble/install/rqt_shell:/opt/ros2/humble/install/rqt_service_caller:/opt/ros2/humble/install/rqt_reconfigure:/opt/ros2/humble/install/rqt_py_console:/opt/ros2/humble/install/rqt_publisher:/opt/ros2/humble/install/rqt_plot:/opt/ros2/humble/install/rqt_action:/opt/ros2/humble/install/rqt_msg:/opt/ros2/humble/install/rqt_console:/opt/ros2/humble/install/rqt:/opt/ros2/humble/install/rqt_graph:/opt/ros2/humble/install/rqt_gui_py:/opt/ros2/humble/install/rqt_gui:/opt/ros2/humble/install/ros2trace:/opt/ros2/humble/install/ros2topic:/opt/ros2/humble/install/ros2test:/opt/ros2/humble/install/ros2component:/opt/ros2/humble/install/ros2param:/opt/ros2/humble/install/ros2lifecycle:/opt/ros2/humble/install/ros2service:/opt/ros2/humble/install/ros2run:/opt/ros2/humble/install/ros2launch:/opt/ros2/humble/install/ros2pkg:/opt/ros2/humble/install/ros2node:/opt/ros2/humble/install/ros2multicast:/opt/ros2/humble/install/ros2interface:/opt/ros2/humble/install/ros2doctor:/opt/ros2/humble/install/ros2action:/opt/ros2/humble/install/ros2cli:/opt/ros2/humble/install/quality_of_service_demo_py:/opt/ros2/humble/install/lifecycle_py:/opt/ros2/humble/install/launch_testing_ros:/opt/ros2/humble/install/launch_ros:/opt/ros2/humble/install/examples_rclpy_pointcloud_publisher:/opt/ros2/humble/install/examples_rclpy_minimal_subscriber:/opt/ros2/humble/install/examples_rclpy_minimal_service:/opt/ros2/humble/install/examples_rclpy_minimal_publisher:/opt/ros2/humble/install/examples_rclpy_minimal_client:/opt/ros2/humble/install/examples_rclpy_minimal_action_server:/opt/ros2/humble/install/examples_rclpy_minimal_action_client:/opt/ros2/humble/install/examples_rclpy_guard_conditions:/opt/ros2/humble/install/examples_rclpy_executors:/opt/ros2/humble/install/demo_nodes_py:/opt/ros2/humble/install/action_tutorials_py:/opt/ros2/humble/install/ament_uncrustify:/opt/ros2/humble/install/tracetools_trace:/opt/ros2/humble/install/tracetools_read:/opt/ros2/humble/install/test_tracetools_launch:/opt/ros2/humble/install/test_launch_ros:/opt/ros2/humble/install/sensor_msgs_py:/opt/ros2/humble/install/rpyutils:/opt/ros2/humble/install/rosidl_runtime_py:/opt/ros2/humble/install/rosidl_cli:/opt/ros2/humble/install/launch_pytest:/opt/ros2/humble/install/launch_testing:/opt/ros2/humble/install/launch_yaml:/opt/ros2/humble/install/launch_xml:/opt/ros2/humble/install/launch:/opt/ros2/humble/install/osrf_pycommon:/opt/ros2/humble/install/launch_testing_examples:/opt/ros2/humble/install/domain_coordinator:/opt/ros2/humble/install/ament_xmllint:/opt/ros2/humble/install/ament_pyflakes:/opt/ros2/humble/install/ament_pycodestyle:/opt/ros2/humble/install/ament_pep257:/opt/ros2/humble/install/ament_pclint:/opt/ros2/humble/install/ament_package:/opt/ros2/humble/install/ament_mypy:/opt/ros2/humble/install/ament_lint_cmake:/opt/ros2/humble/install/ament_flake8:/opt/ros2/humble/install/ament_copyright:/opt/ros2/humble/install/ament_lint:/opt/ros2/humble/install/ament_index_python:/opt/ros2/humble/install/ament_cpplint:/opt/ros2/humble/install/ament_cppcheck:/opt/ros2/humble/install/ament_clang_tidy:/opt/ros2/humble/install/ament_clang_format /usr/bin/cmake --build /home/olive/workspace2/build/apriltag_msgs -- -j2 -l2
[2.030s] -- Found ament_cmake: 1.3.2 (/opt/ros2/humble/install/ament_cmake/share/ament_cmake/cmake)
[9.530s] -- Found rosidl_default_generators: 1.2.0 (/opt/ros2/humble/install/rosidl_default_generators/share/rosidl_default_generators/cmake)
[12.332s] -- Using all available rosidl_typesupport_c: rosidl_typesupport_introspection_c;rosidl_typesupport_fastrtps_c
[12.415s] -- Found rosidl_adapter: 3.1.3 (/opt/ros2/humble/install/rosidl_adapter/share/rosidl_adapter/cmake)
[13.966s] -- Using all available rosidl_typesupport_cpp: rosidl_typesupport_introspection_cpp;rosidl_typesupport_fastrtps_cpp
[14.815s] -- Found std_msgs: 4.2.2 (/opt/ros2/humble/install/std_msgs/share/std_msgs/cmake)
[32.053s] -- Found ament_cmake_ros: 0.10.0 (/opt/ros2/humble/install/ament_cmake_ros/share/ament_cmake_ros/cmake)
[37.754s] -- Using all available rosidl_typesupport_c: rosidl_typesupport_introspection_c;rosidl_typesupport_fastrtps_c
[48.240s] -- Using all available rosidl_typesupport_cpp: rosidl_typesupport_introspection_cpp;rosidl_typesupport_fastrtps_cpp
[50.091s] -- Found python_cmake_module: 0.10.0 (/opt/ros2/humble/install/python_cmake_module/share/python_cmake_module/cmake)
[51.942s] -- Using PYTHON_EXECUTABLE: /usr/bin/python3
[51.945s] -- Using PYTHON_INCLUDE_DIRS: /usr/include/python3.9
[51.948s] -- Using PYTHON_LIBRARIES: /usr/lib/arm-linux-gnueabihf/libpython3.9.so
[62.026s] -- Found ament_lint_auto: 0.12.4 (/opt/ros2/humble/install/ament_lint_auto/share/ament_lint_auto/cmake)
[62.272s] -- Added test 'lint_cmake' to check CMake code style
[62.323s] -- Added test 'xmllint' to check XML markup files
[62.466s] -- Configuring done
[63.263s] -- Generating done
[63.344s] -- Build files have been written to: /home/olive/workspace2/build/apriltag_msgs
[63.892s] gmake[2]: Warning: File '/opt/ros2/humble/install/builtin_interfaces/share/builtin_interfaces/msg/Time.idl' has modification time 8939922 s in the future
[64.304s] [  2%] [34m[1mGenerating C code for ROS interfaces[0m
[64.444s] gmake[2]: Warning: File '/opt/ros2/humble/install/builtin_interfaces/share/builtin_interfaces/msg/Time.idl' has modification time 8939921 s in the future
[64.844s] [  4%] [34m[1mGenerating C++ code for ROS interfaces[0m
[80.722s] gmake[2]: warning:  Clock skew detected.  Your build may be incomplete.
[81.167s] [  4%] Built target apriltag_msgs__cpp
[81.333s] [35m[1mScanning dependencies of target apriltag_msgs__rosidl_generator_c[0m
[81.389s] gmake[2]: warning:  Clock skew detected.  Your build may be incomplete.
[81.483s] gmake[2]: Warning: File '/opt/ros2/humble/install/builtin_interfaces/share/builtin_interfaces/msg/Time.idl' has modification time 8939904 s in the future
[81.871s] [  4%] [34m[1mGenerating C code for ROS interfaces[0m
[82.502s] [  4%] Built target ament_cmake_python_copy_apriltag_msgs
[82.663s] gmake[2]: Warning: File '/opt/ros2/humble/install/builtin_interfaces/share/builtin_interfaces/msg/Time.idl' has modification time 8939903 s in the future
[83.144s] [  6%] [34m[1mGenerating C++ introspection for ROS interfaces[0m
[96.472s] [35m[1mScanning dependencies of target apriltag_msgs__rosidl_typesupport_introspection_cpp[0m
[96.547s] gmake[2]: warning:  Clock skew detected.  Your build may be incomplete.
[96.645s] gmake[2]: Warning: File '/opt/ros2/humble/install/builtin_interfaces/share/builtin_interfaces/msg/Time.idl' has modification time 8939889 s in the future
[97.038s] [  6%] [34m[1mGenerating C++ introspection for ROS interfaces[0m
[97.224s] [  8%] [32mBuilding C object CMakeFiles/apriltag_msgs__rosidl_generator_c.dir/rosidl_generator_c/apriltag_msgs/msg/detail/point__functions.c.o[0m
[98.661s] [ 10%] [32mBuilding C object CMakeFiles/apriltag_msgs__rosidl_generator_c.dir/rosidl_generator_c/apriltag_msgs/msg/detail/april_tag_detection__functions.c.o[0m
[100.184s] [ 12%] [32mBuilding C object CMakeFiles/apriltag_msgs__rosidl_generator_c.dir/rosidl_generator_c/apriltag_msgs/msg/detail/april_tag_detection_array__functions.c.o[0m
[101.615s] [ 14%] [32m[1mLinking C shared library libapriltag_msgs__rosidl_generator_c.so[0m
[102.570s] gmake[2]: warning:  Clock skew detected.  Your build may be incomplete.
[102.981s] [ 14%] Built target apriltag_msgs__rosidl_generator_c
[103.102s] gmake[2]: Warning: File '/opt/ros2/humble/install/builtin_interfaces/share/builtin_interfaces/msg/Time.idl' has modification time 8939882 s in the future
[103.473s] [ 17%] [34m[1mGenerating C++ type support for eProsima Fast-RTPS[0m
[109.722s] [ 19%] [32mBuilding CXX object CMakeFiles/apriltag_msgs__rosidl_typesupport_introspection_cpp.dir/rosidl_typesupport_introspection_cpp/apriltag_msgs/msg/detail/point__type_support.cpp.o[0m
[117.348s] [35m[1mScanning dependencies of target apriltag_msgs__rosidl_typesupport_fastrtps_cpp[0m
[117.448s] gmake[2]: warning:  Clock skew detected.  Your build may be incomplete.
[117.552s] gmake[2]: Warning: File '/opt/ros2/humble/install/builtin_interfaces/share/builtin_interfaces/msg/Time.idl' has modification time 8939868 s in the future
[117.973s] [ 19%] [34m[1mGenerating C++ type support for eProsima Fast-RTPS[0m
[118.632s] [ 21%] [32mBuilding CXX object CMakeFiles/apriltag_msgs__rosidl_typesupport_introspection_cpp.dir/rosidl_typesupport_introspection_cpp/apriltag_msgs/msg/detail/april_tag_detection__type_support.cpp.o[0m
[128.039s] [ 23%] [32mBuilding CXX object CMakeFiles/apriltag_msgs__rosidl_typesupport_introspection_cpp.dir/rosidl_typesupport_introspection_cpp/apriltag_msgs/msg/detail/april_tag_detection_array__type_support.cpp.o[0m
[132.378s] [ 25%] [32mBuilding CXX object CMakeFiles/apriltag_msgs__rosidl_typesupport_fastrtps_cpp.dir/rosidl_typesupport_fastrtps_cpp/apriltag_msgs/msg/detail/dds_fastrtps/point__type_support.cpp.o[0m
[138.641s] [ 27%] [32m[1mLinking CXX shared library libapriltag_msgs__rosidl_typesupport_introspection_cpp.so[0m
[140.269s] gmake[2]: warning:  Clock skew detected.  Your build may be incomplete.
[140.684s] [ 27%] Built target apriltag_msgs__rosidl_typesupport_introspection_cpp
[141.534s] [ 29%] [32mBuilding CXX object CMakeFiles/apriltag_msgs__rosidl_typesupport_fastrtps_cpp.dir/rosidl_typesupport_fastrtps_cpp/apriltag_msgs/msg/detail/dds_fastrtps/april_tag_detection__type_support.cpp.o[0m
[146.816s] gmake[2]: Warning: File '/opt/ros2/humble/install/builtin_interfaces/share/builtin_interfaces/msg/Time.idl' has modification time 8939839 s in the future
[147.237s] [ 31%] [34m[1mGenerating C type support for eProsima Fast-RTPS[0m
[149.668s] [ 34%] [32mBuilding CXX object CMakeFiles/apriltag_msgs__rosidl_typesupport_fastrtps_cpp.dir/rosidl_typesupport_fastrtps_cpp/apriltag_msgs/msg/detail/dds_fastrtps/april_tag_detection_array__type_support.cpp.o[0m
[158.243s] In file included from [01m[K/usr/include/c++/10/memory:66[m[K,
[158.245s]                  from [01m[K/home/olive/workspace2/build/apriltag_msgs/rosidl_generator_cpp/apriltag_msgs/msg/detail/april_tag_detection_array__struct.hpp:10[m[K,
[158.248s]                  from [01m[K/home/olive/workspace2/build/apriltag_msgs/rosidl_typesupport_fastrtps_cpp/apriltag_msgs/msg/detail/april_tag_detection_array__rosidl_typesupport_fastrtps_cpp.hpp:11[m[K,
[158.269s]                  from [01m[K/home/olive/workspace2/build/apriltag_msgs/rosidl_typesupport_fastrtps_cpp/apriltag_msgs/msg/detail/dds_fastrtps/april_tag_detection_array__type_support.cpp:4[m[K:
[158.271s] [01m[K/usr/include/c++/10/bits/stl_uninitialized.h:[m[K In function ‘[01m[K_ForwardIterator std::__uninitialized_move_if_noexcept_a(_InputIterator, _InputIterator, _ForwardIterator, _Allocator&) [with _InputIterator = apriltag_msgs::msg::AprilTagDetection_<std::allocator<void> >*; _ForwardIterator = apriltag_msgs::msg::AprilTagDetection_<std::allocator<void> >*; _Allocator = std::allocator<apriltag_msgs::msg::AprilTagDetection_<std::allocator<void> > >][m[K’:
[158.274s] [01m[K/usr/include/c++/10/bits/stl_uninitialized.h:347:2:[m[K [01;36m[Knote: [m[Kparameter passing for argument of type ‘[01m[Kstd::move_iterator<apriltag_msgs::msg::AprilTagDetection_<std::allocator<void> >*>[m[K’ changed in GCC 7.1
[158.276s]   346 |       return [01;36m[Kstd::__uninitialized_copy_a[m[K
[158.289s]       |              [01;36m[K~~~~~~~~~~~~~~~~~~~~~~~~~~~[m[K
[158.291s]   347 | [01;36m[K (_GLIBCXX_MAKE_MOVE_IF_NOEXCEPT_ITERATOR(__first),[m[K
[158.293s]       |  [01;36m[K^~~~~~~~~~~~~~~~~~~~~~~~~~~~~~~~~~~~~~~~~~~~~~~~~~[m[K
[158.296s]   348 | [01;36m[K  _GLIBCXX_MAKE_MOVE_IF_NOEXCEPT_ITERATOR(__last), __result, __alloc)[m[K;
[158.318s]       |   [01;36m[K~~~~~~~~~~~~~~~~~~~~~~~~~~~~~~~~~~~~~~~~~~~~~~~~~~~~~~~~~~~~~~~~~~~[m[K
[158.322s] [01m[K/usr/include/c++/10/bits/stl_uninitialized.h:[m[K In function ‘[01m[K_ForwardIterator std::__uninitialized_copy_a(_InputIterator, _InputIterator, _ForwardIterator, std::allocator<_Tp>&) [with _InputIterator = std::move_iterator<apriltag_msgs::msg::AprilTagDetection_<std::allocator<void> >*>; _ForwardIterator = apriltag_msgs::msg::AprilTagDetection_<std::allocator<void> >*; _Tp = apriltag_msgs::msg::AprilTagDetection_<std::allocator<void> >][m[K’:
[158.324s] [01m[K/usr/include/c++/10/bits/stl_uninitialized.h:323:5:[m[K [01;36m[Knote: [m[Kparameter passing for argument of type ‘[01m[Kstd::move_iterator<apriltag_msgs::msg::AprilTagDetection_<std::allocator<void> >*>[m[K’ changed in GCC 7.1
[158.327s]   323 |     [01;36m[K__uninitialized_copy_a[m[K(_InputIterator __first, _InputIterator __last,
[158.334s]       |     [01;36m[K^~~~~~~~~~~~~~~~~~~~~~[m[K
[158.336s] [01m[K/usr/include/c++/10/bits/stl_uninitialized.h:323:5:[m[K [01;36m[Knote: [m[Kparameter passing for argument of type ‘[01m[Kstd::move_iterator<apriltag_msgs::msg::AprilTagDetection_<std::allocator<void> >*>[m[K’ changed in GCC 7.1
[158.338s] [01m[K/usr/include/c++/10/bits/stl_uninitialized.h:325:37:[m[K [01;36m[Knote: [m[Kparameter passing for argument of type ‘[01m[Kstd::move_iterator<apriltag_msgs::msg::AprilTagDetection_<std::allocator<void> >*>[m[K’ changed in GCC 7.1
[158.341s]   325 |     { return [01;36m[Kstd::uninitialized_copy(__first, __last, __result)[m[K; }
[158.343s]       |              [01;36m[K~~~~~~~~~~~~~~~~~~~~~~~^~~~~~~~~~~~~~~~~~~~~~~~~~~[m[K
[158.419s] [01m[K/usr/include/c++/10/bits/stl_uninitialized.h:[m[K In function ‘[01m[K_ForwardIterator std::uninitialized_copy(_InputIterator, _InputIterator, _ForwardIterator) [with _InputIterator = std::move_iterator<apriltag_msgs::msg::AprilTagDetection_<std::allocator<void> >*>; _ForwardIterator = apriltag_msgs::msg::AprilTagDetection_<std::allocator<void> >*][m[K’:
[158.432s] [01m[K/usr/include/c++/10/bits/stl_uninitialized.h:125:5:[m[K [01;36m[Knote: [m[Kparameter passing for argument of type ‘[01m[Kstd::move_iterator<apriltag_msgs::msg::AprilTagDetection_<std::allocator<void> >*>[m[K’ changed in GCC 7.1
[158.434s]   125 |     [01;36m[Kuninitialized_copy[m[K(_InputIterator __first, _InputIterator __last,
[158.435s]       |     [01;36m[K^~~~~~~~~~~~~~~~~~[m[K
[158.459s] [01m[K/usr/include/c++/10/bits/stl_uninitialized.h:125:5:[m[K [01;36m[Knote: [m[Kparameter passing for argument of type ‘[01m[Kstd::move_iterator<apriltag_msgs::msg::AprilTagDetection_<std::allocator<void> >*>[m[K’ changed in GCC 7.1
[158.461s] [01m[K/usr/include/c++/10/bits/stl_uninitialized.h:150:15:[m[K [01;36m[Knote: [m[Kparameter passing for argument of type ‘[01m[Kstd::move_iterator<apriltag_msgs::msg::AprilTagDetection_<std::allocator<void> >*>[m[K’ changed in GCC 7.1
[158.462s]   147 |       return [01;36m[Kstd::__uninitialized_copy<__is_trivial(_ValueType1)[m[K
[158.464s]       |              [01;36m[K~~~~~~~~~~~~~~~~~~~~~~~~~~~~~~~~~~~~~~~~~~~~~~~~~~~[m[K
[158.466s]   148 | [01;36m[K           && __is_trivial(_ValueType2)[m[K
[158.469s]       |            [01;36m[K~~~~~~~~~~~~~~~~~~~~~~~~~~~~[m[K
[158.470s]   149 | [01;36m[K           && __assignable>::[m[K
[158.472s]       |            [01;36m[K~~~~~~~~~~~~~~~~~~[m[K
[158.475s]   150 | [01;36m[K __uninit_copy(__first, __last, __result)[m[K;
[158.476s]       |  [01;36m[K~~~~~~~~~~~~~^~~~~~~~~~~~~~~~~~~~~~~~~~~[m[K
[158.521s] [01m[K/usr/include/c++/10/bits/stl_uninitialized.h:[m[K In static member function ‘[01m[Kstatic _ForwardIterator std::__uninitialized_copy<_TrivialValueTypes>::__uninit_copy(_InputIterator, _InputIterator, _ForwardIterator) [with _InputIterator = std::move_iterator<apriltag_msgs::msg::AprilTagDetection_<std::allocator<void> >*>; _ForwardIterator = apriltag_msgs::msg::AprilTagDetection_<std::allocator<void> >*; bool _TrivialValueTypes = false][m[K’:
[158.527s] [01m[K/usr/include/c++/10/bits/stl_uninitialized.h:84:9:[m[K [01;36m[Knote: [m[Kparameter passing for argument of type ‘[01m[Kstd::move_iterator<apriltag_msgs::msg::AprilTagDetection_<std::allocator<void> >*>[m[K’ changed in GCC 7.1
[158.531s]    84 |         [01;36m[K__uninit_copy[m[K(_InputIterator __first, _InputIterator __last,
[158.533s]       |         [01;36m[K^~~~~~~~~~~~~[m[K
[158.549s] [01m[K/usr/include/c++/10/bits/stl_uninitialized.h:84:9:[m[K [01;36m[Knote: [m[Kparameter passing for argument of type ‘[01m[Kstd::move_iterator<apriltag_msgs::msg::AprilTagDetection_<std::allocator<void> >*>[m[K’ changed in GCC 7.1
[159.552s] [ 36%] [32m[1mLinking CXX shared library libapriltag_msgs__rosidl_typesupport_fastrtps_cpp.so[0m
[161.150s] gmake[2]: warning:  Clock skew detected.  Your build may be incomplete.
[161.526s] [ 36%] Built target apriltag_msgs__rosidl_typesupport_fastrtps_cpp
[161.632s] gmake[2]: Warning: File '/opt/ros2/humble/install/builtin_interfaces/share/builtin_interfaces/msg/Time.idl' has modification time 8939824 s in the future
[161.858s] [35m[1mScanning dependencies of target apriltag_msgs__rosidl_typesupport_fastrtps_c[0m
[161.958s] gmake[2]: warning:  Clock skew detected.  Your build may be incomplete.
[162.041s] [ 38%] [34m[1mGenerating C type support dispatch for ROS interfaces[0m
[162.066s] gmake[2]: Warning: File '/opt/ros2/humble/install/builtin_interfaces/share/builtin_interfaces/msg/Time.idl' has modification time 8939823 s in the future
[162.455s] [ 38%] [34m[1mGenerating C type support for eProsima Fast-RTPS[0m
[173.364s] [35m[1mScanning dependencies of target apriltag_msgs__rosidl_typesupport_c[0m
[173.405s] gmake[2]: warning:  Clock skew detected.  Your build may be incomplete.
[173.496s] gmake[2]: Warning: File '/opt/ros2/humble/install/builtin_interfaces/share/builtin_interfaces/msg/Time.idl' has modification time 8939812 s in the future
[173.889s] [ 38%] [34m[1mGenerating C type support dispatch for ROS interfaces[0m
[176.189s] [ 40%] [32mBuilding CXX object CMakeFiles/apriltag_msgs__rosidl_typesupport_fastrtps_c.dir/rosidl_typesupport_fastrtps_c/apriltag_msgs/msg/detail/point__type_support_c.cpp.o[0m
[183.507s] [ 42%] [32mBuilding CXX object CMakeFiles/apriltag_msgs__rosidl_typesupport_fastrtps_c.dir/rosidl_typesupport_fastrtps_c/apriltag_msgs/msg/detail/april_tag_detection__type_support_c.cpp.o[0m
[185.160s] [ 44%] [32mBuilding CXX object CMakeFiles/apriltag_msgs__rosidl_typesupport_c.dir/rosidl_typesupport_c/apriltag_msgs/msg/point__type_support.cpp.o[0m
[187.028s] [ 46%] [32mBuilding CXX object CMakeFiles/apriltag_msgs__rosidl_typesupport_c.dir/rosidl_typesupport_c/apriltag_msgs/msg/april_tag_detection__type_support.cpp.o[0m
[188.203s] [ 48%] [32mBuilding CXX object CMakeFiles/apriltag_msgs__rosidl_typesupport_c.dir/rosidl_typesupport_c/apriltag_msgs/msg/april_tag_detection_array__type_support.cpp.o[0m
[189.321s] [ 51%] [32m[1mLinking CXX shared library libapriltag_msgs__rosidl_typesupport_c.so[0m
[190.332s] gmake[2]: warning:  Clock skew detected.  Your build may be incomplete.
[190.722s] [ 51%] Built target apriltag_msgs__rosidl_typesupport_c
[190.829s] gmake[2]: Warning: File '/opt/ros2/humble/install/builtin_interfaces/share/builtin_interfaces/msg/Time.idl' has modification time 8939795 s in the future
[191.202s] [ 53%] [34m[1mGenerating C++ type support dispatch for ROS interfaces[0m
[191.232s] [ 55%] [32mBuilding CXX object CMakeFiles/apriltag_msgs__rosidl_typesupport_fastrtps_c.dir/rosidl_typesupport_fastrtps_c/apriltag_msgs/msg/detail/april_tag_detection_array__type_support_c.cpp.o[0m
[198.980s] [ 57%] [32m[1mLinking CXX shared library libapriltag_msgs__rosidl_typesupport_fastrtps_c.so[0m
[200.479s] gmake[2]: warning:  Clock skew detected.  Your build may be incomplete.
[200.869s] [ 57%] Built target apriltag_msgs__rosidl_typesupport_fastrtps_c
[202.883s] [35m[1mScanning dependencies of target apriltag_msgs__rosidl_typesupport_cpp[0m
[202.933s] gmake[2]: warning:  Clock skew detected.  Your build may be incomplete.
[203.020s] gmake[2]: Warning: File '/opt/ros2/humble/install/builtin_interfaces/share/builtin_interfaces/msg/Time.idl' has modification time 8939782 s in the future
[203.373s] [ 57%] [34m[1mGenerating C++ type support dispatch for ROS interfaces[0m
[212.905s] [ 59%] [32mBuilding CXX object CMakeFiles/apriltag_msgs__rosidl_typesupport_cpp.dir/rosidl_typesupport_cpp/apriltag_msgs/msg/point__type_support.cpp.o[0m
[218.817s] [ 61%] [32mBuilding CXX object CMakeFiles/apriltag_msgs__rosidl_typesupport_cpp.dir/rosidl_typesupport_cpp/apriltag_msgs/msg/april_tag_detection__type_support.cpp.o[0m
[224.187s] [ 63%] [32mBuilding CXX object CMakeFiles/apriltag_msgs__rosidl_typesupport_cpp.dir/rosidl_typesupport_cpp/apriltag_msgs/msg/april_tag_detection_array__type_support.cpp.o[0m
[229.594s] [ 65%] [32m[1mLinking CXX shared library libapriltag_msgs__rosidl_typesupport_cpp.so[0m
[230.447s] gmake[2]: warning:  Clock skew detected.  Your build may be incomplete.
[230.797s] [ 65%] Built target apriltag_msgs__rosidl_typesupport_cpp
[230.902s] gmake[2]: Warning: File '/opt/ros2/humble/install/builtin_interfaces/share/builtin_interfaces/msg/Time.idl' has modification time 8939755 s in the future
[231.286s] [ 68%] [34m[1mGenerating C introspection for ROS interfaces[0m
[241.799s] running egg_info
[241.822s] writing apriltag_msgs.egg-info/PKG-INFO
[241.830s] writing dependency_links to apriltag_msgs.egg-info/dependency_links.txt
[241.834s] writing top-level names to apriltag_msgs.egg-info/top_level.txt
[242.890s] reading manifest file 'apriltag_msgs.egg-info/SOURCES.txt'
[242.901s] writing manifest file 'apriltag_msgs.egg-info/SOURCES.txt'
[243.555s] [ 68%] Built target ament_cmake_python_build_apriltag_msgs_egg
[244.499s] [35m[1mScanning dependencies of target apriltag_msgs__rosidl_typesupport_introspection_c[0m
[244.554s] gmake[2]: warning:  Clock skew detected.  Your build may be incomplete.
[244.639s] gmake[2]: Warning: File '/opt/ros2/humble/install/builtin_interfaces/share/builtin_interfaces/msg/Time.idl' has modification time 8939741 s in the future
[244.990s] [ 68%] [34m[1mGenerating C introspection for ROS interfaces[0m
[256.090s] [ 70%] [32mBuilding C object CMakeFiles/apriltag_msgs__rosidl_typesupport_introspection_c.dir/rosidl_typesupport_introspection_c/apriltag_msgs/msg/detail/point__type_support.c.o[0m
[256.421s] [ 72%] [32mBuilding C object CMakeFiles/apriltag_msgs__rosidl_typesupport_introspection_c.dir/rosidl_typesupport_introspection_c/apriltag_msgs/msg/detail/april_tag_detection__type_support.c.o[0m
[257.250s] [ 74%] [32mBuilding C object CMakeFiles/apriltag_msgs__rosidl_typesupport_introspection_c.dir/rosidl_typesupport_introspection_c/apriltag_msgs/msg/detail/april_tag_detection_array__type_support.c.o[0m
[258.375s] [ 76%] [32m[1mLinking C shared library libapriltag_msgs__rosidl_typesupport_introspection_c.so[0m
[259.181s] gmake[2]: warning:  Clock skew detected.  Your build may be incomplete.
[259.527s] [ 76%] Built target apriltag_msgs__rosidl_typesupport_introspection_c
[260.044s] gmake[2]: Warning: File '/opt/ros2/humble/install/std_msgs/share/std_msgs/msg/Bool.idl' has modification time 8939735 s in the future
[260.047s] gmake[2]: warning:  Clock skew detected.  Your build may be incomplete.
[260.418s] [ 76%] Built target apriltag_msgs
[260.939s] gmake[2]: Warning: File '/opt/ros2/humble/install/builtin_interfaces/share/builtin_interfaces/msg/Time.idl' has modification time 8939725 s in the future
[261.289s] [ 78%] [34m[1mGenerating Python code for ROS interfaces[0m
[279.962s] gmake[2]: warning:  Clock skew detected.  Your build may be incomplete.
[280.310s] [ 78%] Built target apriltag_msgs__py
[280.775s] [35m[1mScanning dependencies of target apriltag_msgs__rosidl_generator_py[0m
[281.031s] gmake[2]: Warning: File '/opt/ros2/humble/install/rosidl_runtime_c/include/rosidl_runtime_c/rosidl_runtime_c/visibility_control.h' has modification time 8941390 s in the future
[281.387s] [ 80%] [32mBuilding C object CMakeFiles/apriltag_msgs__rosidl_generator_py.dir/rosidl_generator_py/apriltag_msgs/msg/_point_s.c.o[0m
[281.427s] [ 82%] [32mBuilding C object CMakeFiles/apriltag_msgs__rosidl_generator_py.dir/rosidl_generator_py/apriltag_msgs/msg/_april_tag_detection_s.c.o[0m
[283.797s] [ 85%] [32mBuilding C object CMakeFiles/apriltag_msgs__rosidl_generator_py.dir/rosidl_generator_py/apriltag_msgs/msg/_april_tag_detection_array_s.c.o[0m
[286.019s] [ 87%] [32m[1mLinking C shared library rosidl_generator_py/apriltag_msgs/libapriltag_msgs__rosidl_generator_py.so[0m
[286.901s] gmake[2]: warning:  Clock skew detected.  Your build may be incomplete.
[287.279s] [ 87%] Built target apriltag_msgs__rosidl_generator_py
[287.758s] [35m[1mScanning dependencies of target apriltag_msgs__rosidl_typesupport_fastrtps_c__pyext[0m
[287.764s] [35m[1mScanning dependencies of target apriltag_msgs__rosidl_typesupport_introspection_c__pyext[0m
[287.956s] gmake[2]: Warning: File '/opt/ros2/humble/install/builtin_interfaces/include/builtin_interfaces/builtin_interfaces/msg/detail/time__struct.h' has modification time 8939698 s in the future
[287.961s] gmake[2]: Warning: File '/opt/ros2/humble/install/builtin_interfaces/include/builtin_interfaces/builtin_interfaces/msg/detail/time__struct.h' has modification time 8939698 s in the future
[288.323s] [ 89%] [32mBuilding C object CMakeFiles/apriltag_msgs__rosidl_typesupport_introspection_c__pyext.dir/rosidl_generator_py/apriltag_msgs/_apriltag_msgs_s.ep.rosidl_typesupport_introspection_c.c.o[0m
[288.356s] [ 91%] [32mBuilding C object CMakeFiles/apriltag_msgs__rosidl_typesupport_fastrtps_c__pyext.dir/rosidl_generator_py/apriltag_msgs/_apriltag_msgs_s.ep.rosidl_typesupport_fastrtps_c.c.o[0m
[290.733s] [ 93%] [32m[1mLinking C shared library rosidl_generator_py/apriltag_msgs/apriltag_msgs_s__rosidl_typesupport_introspection_c.cpython-39-arm-linux-gnueabihf.so[0m
[290.813s] [ 95%] [32m[1mLinking C shared library rosidl_generator_py/apriltag_msgs/apriltag_msgs_s__rosidl_typesupport_fastrtps_c.cpython-39-arm-linux-gnueabihf.so[0m
[291.761s] gmake[2]: warning:  Clock skew detected.  Your build may be incomplete.
[291.867s] gmake[2]: warning:  Clock skew detected.  Your build may be incomplete.
[292.153s] [ 95%] Built target apriltag_msgs__rosidl_typesupport_introspection_c__pyext
[292.257s] [ 95%] Built target apriltag_msgs__rosidl_typesupport_fastrtps_c__pyext
[292.623s] [35m[1mScanning dependencies of target apriltag_msgs__rosidl_typesupport_c__pyext[0m
[292.797s] gmake[2]: Warning: File '/opt/ros2/humble/install/builtin_interfaces/include/builtin_interfaces/builtin_interfaces/msg/detail/time__struct.h' has modification time 8939693 s in the future
[293.147s] [ 97%] [32mBuilding C object CMakeFiles/apriltag_msgs__rosidl_typesupport_c__pyext.dir/rosidl_generator_py/apriltag_msgs/_apriltag_msgs_s.ep.rosidl_typesupport_c.c.o[0m
[295.373s] [100%] [32m[1mLinking C shared library rosidl_generator_py/apriltag_msgs/apriltag_msgs_s__rosidl_typesupport_c.cpython-39-arm-linux-gnueabihf.so[0m
[296.289s] gmake[2]: warning:  Clock skew detected.  Your build may be incomplete.
[296.642s] [100%] Built target apriltag_msgs__rosidl_typesupport_c__pyext
[296.981s] Invoked command in '/home/olive/workspace2/build/apriltag_msgs' returned '0': CMAKE_PREFIX_PATH=${CMAKE_PREFIX_PATH}:/home/olive/examples/install/shake_detector:/opt/ros2/humble/install/rqt_bag_plugins:/opt/ros2/humble/install/rqt_bag:/opt/ros2/humble/install/ros2bag:/opt/ros2/humble/install/tracetools_test:/opt/ros2/humble/install/tracetools_launch:/opt/ros2/humble/install/topic_monitor:/opt/ros2/humble/install/tf2_tools:/opt/ros2/humble/install/examples_tf2_py:/opt/ros2/humble/install/tf2_ros_py:/opt/ros2/humble/install/sros2:/opt/ros2/humble/install/rqt_topic:/opt/ros2/humble/install/rqt_srv:/opt/ros2/humble/install/rqt_shell:/opt/ros2/humble/install/rqt_service_caller:/opt/ros2/humble/install/rqt_reconfigure:/opt/ros2/humble/install/rqt_py_console:/opt/ros2/humble/install/rqt_publisher:/opt/ros2/humble/install/rqt_plot:/opt/ros2/humble/install/rqt_action:/opt/ros2/humble/install/rqt_msg:/opt/ros2/humble/install/rqt_console:/opt/ros2/humble/install/rqt:/opt/ros2/humble/install/rqt_graph:/opt/ros2/humble/install/rqt_gui_py:/opt/ros2/humble/install/rqt_gui:/opt/ros2/humble/install/ros2trace:/opt/ros2/humble/install/ros2topic:/opt/ros2/humble/install/ros2test:/opt/ros2/humble/install/ros2component:/opt/ros2/humble/install/ros2param:/opt/ros2/humble/install/ros2lifecycle:/opt/ros2/humble/install/ros2service:/opt/ros2/humble/install/ros2run:/opt/ros2/humble/install/ros2launch:/opt/ros2/humble/install/ros2pkg:/opt/ros2/humble/install/ros2node:/opt/ros2/humble/install/ros2multicast:/opt/ros2/humble/install/ros2interface:/opt/ros2/humble/install/ros2doctor:/opt/ros2/humble/install/ros2action:/opt/ros2/humble/install/ros2cli:/opt/ros2/humble/install/quality_of_service_demo_py:/opt/ros2/humble/install/lifecycle_py:/opt/ros2/humble/install/launch_testing_ros:/opt/ros2/humble/install/launch_ros:/opt/ros2/humble/install/examples_rclpy_pointcloud_publisher:/opt/ros2/humble/install/examples_rclpy_minimal_subscriber:/opt/ros2/humble/install/examples_rclpy_minimal_service:/opt/ros2/humble/install/examples_rclpy_minimal_publisher:/opt/ros2/humble/install/examples_rclpy_minimal_client:/opt/ros2/humble/install/examples_rclpy_minimal_action_server:/opt/ros2/humble/install/examples_rclpy_minimal_action_client:/opt/ros2/humble/install/examples_rclpy_guard_conditions:/opt/ros2/humble/install/examples_rclpy_executors:/opt/ros2/humble/install/demo_nodes_py:/opt/ros2/humble/install/action_tutorials_py:/opt/ros2/humble/install/ament_uncrustify:/opt/ros2/humble/install/tracetools_trace:/opt/ros2/humble/install/tracetools_read:/opt/ros2/humble/install/test_tracetools_launch:/opt/ros2/humble/install/test_launch_ros:/opt/ros2/humble/install/sensor_msgs_py:/opt/ros2/humble/install/rpyutils:/opt/ros2/humble/install/rosidl_runtime_py:/opt/ros2/humble/install/rosidl_cli:/opt/ros2/humble/install/launch_pytest:/opt/ros2/humble/install/launch_testing:/opt/ros2/humble/install/launch_yaml:/opt/ros2/humble/install/launch_xml:/opt/ros2/humble/install/launch:/opt/ros2/humble/install/osrf_pycommon:/opt/ros2/humble/install/launch_testing_examples:/opt/ros2/humble/install/domain_coordinator:/opt/ros2/humble/install/ament_xmllint:/opt/ros2/humble/install/ament_pyflakes:/opt/ros2/humble/install/ament_pycodestyle:/opt/ros2/humble/install/ament_pep257:/opt/ros2/humble/install/ament_pclint:/opt/ros2/humble/install/ament_package:/opt/ros2/humble/install/ament_mypy:/opt/ros2/humble/install/ament_lint_cmake:/opt/ros2/humble/install/ament_flake8:/opt/ros2/humble/install/ament_copyright:/opt/ros2/humble/install/ament_lint:/opt/ros2/humble/install/ament_index_python:/opt/ros2/humble/install/ament_cpplint:/opt/ros2/humble/install/ament_cppcheck:/opt/ros2/humble/install/ament_clang_tidy:/opt/ros2/humble/install/ament_clang_format /usr/bin/cmake --build /home/olive/workspace2/build/apriltag_msgs -- -j2 -l2
[304.812s] Invoking command in '/home/olive/workspace2/build/apriltag_msgs': CMAKE_PREFIX_PATH=${CMAKE_PREFIX_PATH}:/home/olive/examples/install/shake_detector:/opt/ros2/humble/install/rqt_bag_plugins:/opt/ros2/humble/install/rqt_bag:/opt/ros2/humble/install/ros2bag:/opt/ros2/humble/install/tracetools_test:/opt/ros2/humble/install/tracetools_launch:/opt/ros2/humble/install/topic_monitor:/opt/ros2/humble/install/tf2_tools:/opt/ros2/humble/install/examples_tf2_py:/opt/ros2/humble/install/tf2_ros_py:/opt/ros2/humble/install/sros2:/opt/ros2/humble/install/rqt_topic:/opt/ros2/humble/install/rqt_srv:/opt/ros2/humble/install/rqt_shell:/opt/ros2/humble/install/rqt_service_caller:/opt/ros2/humble/install/rqt_reconfigure:/opt/ros2/humble/install/rqt_py_console:/opt/ros2/humble/install/rqt_publisher:/opt/ros2/humble/install/rqt_plot:/opt/ros2/humble/install/rqt_action:/opt/ros2/humble/install/rqt_msg:/opt/ros2/humble/install/rqt_console:/opt/ros2/humble/install/rqt:/opt/ros2/humble/install/rqt_graph:/opt/ros2/humble/install/rqt_gui_py:/opt/ros2/humble/install/rqt_gui:/opt/ros2/humble/install/ros2trace:/opt/ros2/humble/install/ros2topic:/opt/ros2/humble/install/ros2test:/opt/ros2/humble/install/ros2component:/opt/ros2/humble/install/ros2param:/opt/ros2/humble/install/ros2lifecycle:/opt/ros2/humble/install/ros2service:/opt/ros2/humble/install/ros2run:/opt/ros2/humble/install/ros2launch:/opt/ros2/humble/install/ros2pkg:/opt/ros2/humble/install/ros2node:/opt/ros2/humble/install/ros2multicast:/opt/ros2/humble/install/ros2interface:/opt/ros2/humble/install/ros2doctor:/opt/ros2/humble/install/ros2action:/opt/ros2/humble/install/ros2cli:/opt/ros2/humble/install/quality_of_service_demo_py:/opt/ros2/humble/install/lifecycle_py:/opt/ros2/humble/install/launch_testing_ros:/opt/ros2/humble/install/launch_ros:/opt/ros2/humble/install/examples_rclpy_pointcloud_publisher:/opt/ros2/humble/install/examples_rclpy_minimal_subscriber:/opt/ros2/humble/install/examples_rclpy_minimal_service:/opt/ros2/humble/install/examples_rclpy_minimal_publisher:/opt/ros2/humble/install/examples_rclpy_minimal_client:/opt/ros2/humble/install/examples_rclpy_minimal_action_server:/opt/ros2/humble/install/examples_rclpy_minimal_action_client:/opt/ros2/humble/install/examples_rclpy_guard_conditions:/opt/ros2/humble/install/examples_rclpy_executors:/opt/ros2/humble/install/demo_nodes_py:/opt/ros2/humble/install/action_tutorials_py:/opt/ros2/humble/install/ament_uncrustify:/opt/ros2/humble/install/tracetools_trace:/opt/ros2/humble/install/tracetools_read:/opt/ros2/humble/install/test_tracetools_launch:/opt/ros2/humble/install/test_launch_ros:/opt/ros2/humble/install/sensor_msgs_py:/opt/ros2/humble/install/rpyutils:/opt/ros2/humble/install/rosidl_runtime_py:/opt/ros2/humble/install/rosidl_cli:/opt/ros2/humble/install/launch_pytest:/opt/ros2/humble/install/launch_testing:/opt/ros2/humble/install/launch_yaml:/opt/ros2/humble/install/launch_xml:/opt/ros2/humble/install/launch:/opt/ros2/humble/install/osrf_pycommon:/opt/ros2/humble/install/launch_testing_examples:/opt/ros2/humble/install/domain_coordinator:/opt/ros2/humble/install/ament_xmllint:/opt/ros2/humble/install/ament_pyflakes:/opt/ros2/humble/install/ament_pycodestyle:/opt/ros2/humble/install/ament_pep257:/opt/ros2/humble/install/ament_pclint:/opt/ros2/humble/install/ament_package:/opt/ros2/humble/install/ament_mypy:/opt/ros2/humble/install/ament_lint_cmake:/opt/ros2/humble/install/ament_flake8:/opt/ros2/humble/install/ament_copyright:/opt/ros2/humble/install/ament_lint:/opt/ros2/humble/install/ament_index_python:/opt/ros2/humble/install/ament_cpplint:/opt/ros2/humble/install/ament_cppcheck:/opt/ros2/humble/install/ament_clang_tidy:/opt/ros2/humble/install/ament_clang_format /usr/bin/cmake --install /home/olive/workspace2/build/apriltag_msgs
[305.108s] -- Install configuration: ""
[305.112s] -- Up-to-date: /home/olive/workspace2/install/apriltag_msgs/share/ament_index/resource_index/rosidl_interfaces/apriltag_msgs
[305.115s] -- Up-to-date: /home/olive/workspace2/install/apriltag_msgs/include/apriltag_msgs/apriltag_msgs
[305.119s] -- Up-to-date: /home/olive/workspace2/install/apriltag_msgs/include/apriltag_msgs/apriltag_msgs/msg
[305.122s] -- Installing: /home/olive/workspace2/install/apriltag_msgs/include/apriltag_msgs/apriltag_msgs/msg/april_tag_detection.h
[305.125s] -- Up-to-date: /home/olive/workspace2/install/apriltag_msgs/include/apriltag_msgs/apriltag_msgs/msg/rosidl_generator_c__visibility_control.h
[305.128s] -- Installing: /home/olive/workspace2/install/apriltag_msgs/include/apriltag_msgs/apriltag_msgs/msg/april_tag_detection_array.h
[305.131s] -- Up-to-date: /home/olive/workspace2/install/apriltag_msgs/include/apriltag_msgs/apriltag_msgs/msg/detail
[305.134s] -- Installing: /home/olive/workspace2/install/apriltag_msgs/include/apriltag_msgs/apriltag_msgs/msg/detail/april_tag_detection_array__functions.h
[305.136s] -- Installing: /home/olive/workspace2/install/apriltag_msgs/include/apriltag_msgs/apriltag_msgs/msg/detail/april_tag_detection_array__type_support.h
[305.139s] -- Installing: /home/olive/workspace2/install/apriltag_msgs/include/apriltag_msgs/apriltag_msgs/msg/detail/point__functions.h
[305.142s] -- Installing: /home/olive/workspace2/install/apriltag_msgs/include/apriltag_msgs/apriltag_msgs/msg/detail/april_tag_detection_array__functions.c
[305.145s] -- Installing: /home/olive/workspace2/install/apriltag_msgs/include/apriltag_msgs/apriltag_msgs/msg/detail/point__struct.h
[305.148s] -- Installing: /home/olive/workspace2/install/apriltag_msgs/include/apriltag_msgs/apriltag_msgs/msg/detail/april_tag_detection__functions.c
[305.151s] -- Installing: /home/olive/workspace2/install/apriltag_msgs/include/apriltag_msgs/apriltag_msgs/msg/detail/april_tag_detection__type_support.h
[305.154s] -- Installing: /home/olive/workspace2/install/apriltag_msgs/include/apriltag_msgs/apriltag_msgs/msg/detail/point__type_support.h
[305.158s] -- Installing: /home/olive/workspace2/install/apriltag_msgs/include/apriltag_msgs/apriltag_msgs/msg/detail/april_tag_detection__functions.h
[305.160s] -- Installing: /home/olive/workspace2/install/apriltag_msgs/include/apriltag_msgs/apriltag_msgs/msg/detail/april_tag_detection_array__struct.h
[305.162s] -- Installing: /home/olive/workspace2/install/apriltag_msgs/include/apriltag_msgs/apriltag_msgs/msg/detail/april_tag_detection__struct.h
[305.165s] -- Installing: /home/olive/workspace2/install/apriltag_msgs/include/apriltag_msgs/apriltag_msgs/msg/detail/point__functions.c
[305.167s] -- Installing: /home/olive/workspace2/install/apriltag_msgs/include/apriltag_msgs/apriltag_msgs/msg/point.h
[305.170s] -- Up-to-date: /home/olive/workspace2/install/apriltag_msgs/share/apriltag_msgs/environment/library_path.sh
[305.174s] -- Installing: /home/olive/workspace2/install/apriltag_msgs/share/apriltag_msgs/environment/library_path.dsv
[305.177s] -- Installing: /home/olive/workspace2/install/apriltag_msgs/lib/libapriltag_msgs__rosidl_generator_c.so
[305.180s] -- Set runtime path of "/home/olive/workspace2/install/apriltag_msgs/lib/libapriltag_msgs__rosidl_generator_c.so" to ""
[305.183s] -- Up-to-date: /home/olive/workspace2/install/apriltag_msgs/include/apriltag_msgs/apriltag_msgs
[305.189s] -- Up-to-date: /home/olive/workspace2/install/apriltag_msgs/include/apriltag_msgs/apriltag_msgs/msg
[305.192s] -- Up-to-date: /home/olive/workspace2/install/apriltag_msgs/include/apriltag_msgs/apriltag_msgs/msg/detail
[305.195s] -- Installing: /home/olive/workspace2/install/apriltag_msgs/include/apriltag_msgs/apriltag_msgs/msg/detail/april_tag_detection_array__type_support.c
[305.198s] -- Installing: /home/olive/workspace2/install/apriltag_msgs/include/apriltag_msgs/apriltag_msgs/msg/detail/point__type_support.c
[305.200s] -- Installing: /home/olive/workspace2/install/apriltag_msgs/include/apriltag_msgs/apriltag_msgs/msg/detail/april_tag_detection_array__rosidl_typesupport_introspection_c.h
[305.203s] -- Installing: /home/olive/workspace2/install/apriltag_msgs/include/apriltag_msgs/apriltag_msgs/msg/detail/april_tag_detection__type_support.c
[305.210s] -- Installing: /home/olive/workspace2/install/apriltag_msgs/include/apriltag_msgs/apriltag_msgs/msg/detail/point__rosidl_typesupport_introspection_c.h
[305.213s] -- Installing: /home/olive/workspace2/install/apriltag_msgs/include/apriltag_msgs/apriltag_msgs/msg/detail/april_tag_detection__rosidl_typesupport_introspection_c.h
[305.215s] -- Up-to-date: /home/olive/workspace2/install/apriltag_msgs/include/apriltag_msgs/apriltag_msgs/msg/rosidl_typesupport_introspection_c__visibility_control.h
[305.218s] -- Installing: /home/olive/workspace2/install/apriltag_msgs/lib/libapriltag_msgs__rosidl_typesupport_introspection_c.so
[305.221s] -- Set runtime path of "/home/olive/workspace2/install/apriltag_msgs/lib/libapriltag_msgs__rosidl_typesupport_introspection_c.so" to ""
[305.225s] -- Up-to-date: /home/olive/workspace2/install/apriltag_msgs/include/apriltag_msgs/apriltag_msgs
[305.228s] -- Up-to-date: /home/olive/workspace2/install/apriltag_msgs/include/apriltag_msgs/apriltag_msgs/msg
[305.230s] -- Up-to-date: /home/olive/workspace2/install/apriltag_msgs/include/apriltag_msgs/apriltag_msgs/msg/rosidl_typesupport_fastrtps_c__visibility_control.h
[305.233s] -- Up-to-date: /home/olive/workspace2/install/apriltag_msgs/include/apriltag_msgs/apriltag_msgs/msg/detail
[305.235s] -- Installing: /home/olive/workspace2/install/apriltag_msgs/include/apriltag_msgs/apriltag_msgs/msg/detail/april_tag_detection__rosidl_typesupport_fastrtps_c.h
[305.240s] -- Installing: /home/olive/workspace2/install/apriltag_msgs/include/apriltag_msgs/apriltag_msgs/msg/detail/point__rosidl_typesupport_fastrtps_c.h
[305.243s] -- Installing: /home/olive/workspace2/install/apriltag_msgs/include/apriltag_msgs/apriltag_msgs/msg/detail/april_tag_detection_array__rosidl_typesupport_fastrtps_c.h
[305.245s] -- Installing: /home/olive/workspace2/install/apriltag_msgs/lib/libapriltag_msgs__rosidl_typesupport_fastrtps_c.so
[305.248s] -- Set runtime path of "/home/olive/workspace2/install/apriltag_msgs/lib/libapriltag_msgs__rosidl_typesupport_fastrtps_c.so" to ""
[305.251s] -- Installing: /home/olive/workspace2/install/apriltag_msgs/lib/libapriltag_msgs__rosidl_typesupport_c.so
[305.254s] -- Set runtime path of "/home/olive/workspace2/install/apriltag_msgs/lib/libapriltag_msgs__rosidl_typesupport_c.so" to ""
[305.257s] -- Up-to-date: /home/olive/workspace2/install/apriltag_msgs/include/apriltag_msgs/apriltag_msgs
[305.260s] -- Up-to-date: /home/olive/workspace2/install/apriltag_msgs/include/apriltag_msgs/apriltag_msgs/msg
[305.263s] -- Installing: /home/olive/workspace2/install/apriltag_msgs/include/apriltag_msgs/apriltag_msgs/msg/point.hpp
[305.266s] -- Up-to-date: /home/olive/workspace2/install/apriltag_msgs/include/apriltag_msgs/apriltag_msgs/msg/detail
[305.269s] -- Installing: /home/olive/workspace2/install/apriltag_msgs/include/apriltag_msgs/apriltag_msgs/msg/detail/point__struct.hpp
[305.271s] -- Installing: /home/olive/workspace2/install/apriltag_msgs/include/apriltag_msgs/apriltag_msgs/msg/detail/april_tag_detection__traits.hpp
[305.275s] -- Installing: /home/olive/workspace2/install/apriltag_msgs/include/apriltag_msgs/apriltag_msgs/msg/detail/point__builder.hpp
[305.278s] -- Installing: /home/olive/workspace2/install/apriltag_msgs/include/apriltag_msgs/apriltag_msgs/msg/detail/point__traits.hpp
[305.282s] -- Installing: /home/olive/workspace2/install/apriltag_msgs/include/apriltag_msgs/apriltag_msgs/msg/detail/april_tag_detection__builder.hpp
[305.285s] -- Installing: /home/olive/workspace2/install/apriltag_msgs/include/apriltag_msgs/apriltag_msgs/msg/detail/april_tag_detection_array__struct.hpp
[305.291s] -- Installing: /home/olive/workspace2/install/apriltag_msgs/include/apriltag_msgs/apriltag_msgs/msg/detail/april_tag_detection_array__builder.hpp
[305.293s] -- Installing: /home/olive/workspace2/install/apriltag_msgs/include/apriltag_msgs/apriltag_msgs/msg/detail/april_tag_detection__struct.hpp
[305.295s] -- Installing: /home/olive/workspace2/install/apriltag_msgs/include/apriltag_msgs/apriltag_msgs/msg/detail/april_tag_detection_array__traits.hpp
[305.298s] -- Installing: /home/olive/workspace2/install/apriltag_msgs/include/apriltag_msgs/apriltag_msgs/msg/april_tag_detection.hpp
[305.300s] -- Installing: /home/olive/workspace2/install/apriltag_msgs/include/apriltag_msgs/apriltag_msgs/msg/april_tag_detection_array.hpp
[305.302s] -- Up-to-date: /home/olive/workspace2/install/apriltag_msgs/include/apriltag_msgs/apriltag_msgs
[305.305s] -- Up-to-date: /home/olive/workspace2/install/apriltag_msgs/include/apriltag_msgs/apriltag_msgs/msg
[305.314s] -- Up-to-date: /home/olive/workspace2/install/apriltag_msgs/include/apriltag_msgs/apriltag_msgs/msg/detail
[305.317s] -- Installing: /home/olive/workspace2/install/apriltag_msgs/include/apriltag_msgs/apriltag_msgs/msg/detail/april_tag_detection_array__type_support.cpp
[305.319s] -- Installing: /home/olive/workspace2/install/apriltag_msgs/include/apriltag_msgs/apriltag_msgs/msg/detail/april_tag_detection__type_support.cpp
[305.322s] -- Installing: /home/olive/workspace2/install/apriltag_msgs/include/apriltag_msgs/apriltag_msgs/msg/detail/point__type_support.cpp
[305.325s] -- Installing: /home/olive/workspace2/install/apriltag_msgs/include/apriltag_msgs/apriltag_msgs/msg/detail/point__rosidl_typesupport_introspection_cpp.hpp
[305.327s] -- Installing: /home/olive/workspace2/install/apriltag_msgs/include/apriltag_msgs/apriltag_msgs/msg/detail/april_tag_detection_array__rosidl_typesupport_introspection_cpp.hpp
[305.329s] -- Installing: /home/olive/workspace2/install/apriltag_msgs/include/apriltag_msgs/apriltag_msgs/msg/detail/april_tag_detection__rosidl_typesupport_introspection_cpp.hpp
[305.332s] -- Installing: /home/olive/workspace2/install/apriltag_msgs/lib/libapriltag_msgs__rosidl_typesupport_introspection_cpp.so
[305.335s] -- Set runtime path of "/home/olive/workspace2/install/apriltag_msgs/lib/libapriltag_msgs__rosidl_typesupport_introspection_cpp.so" to ""
[305.337s] -- Up-to-date: /home/olive/workspace2/install/apriltag_msgs/include/apriltag_msgs/apriltag_msgs
[305.339s] -- Up-to-date: /home/olive/workspace2/install/apriltag_msgs/include/apriltag_msgs/apriltag_msgs/msg
[305.342s] -- Up-to-date: /home/olive/workspace2/install/apriltag_msgs/include/apriltag_msgs/apriltag_msgs/msg/detail
[305.345s] -- Installing: /home/olive/workspace2/install/apriltag_msgs/include/apriltag_msgs/apriltag_msgs/msg/detail/april_tag_detection_array__rosidl_typesupport_fastrtps_cpp.hpp
[305.349s] -- Installing: /home/olive/workspace2/install/apriltag_msgs/include/apriltag_msgs/apriltag_msgs/msg/detail/point__rosidl_typesupport_fastrtps_cpp.hpp
[305.352s] -- Installing: /home/olive/workspace2/install/apriltag_msgs/include/apriltag_msgs/apriltag_msgs/msg/detail/april_tag_detection__rosidl_typesupport_fastrtps_cpp.hpp
[305.355s] -- Up-to-date: /home/olive/workspace2/install/apriltag_msgs/include/apriltag_msgs/apriltag_msgs/msg/detail/dds_fastrtps
[305.358s] -- Up-to-date: /home/olive/workspace2/install/apriltag_msgs/include/apriltag_msgs/apriltag_msgs/msg/rosidl_typesupport_fastrtps_cpp__visibility_control.h
[305.361s] -- Installing: /home/olive/workspace2/install/apriltag_msgs/lib/libapriltag_msgs__rosidl_typesupport_fastrtps_cpp.so
[305.363s] -- Set runtime path of "/home/olive/workspace2/install/apriltag_msgs/lib/libapriltag_msgs__rosidl_typesupport_fastrtps_cpp.so" to ""
[305.366s] -- Installing: /home/olive/workspace2/install/apriltag_msgs/lib/libapriltag_msgs__rosidl_typesupport_cpp.so
[305.369s] -- Set runtime path of "/home/olive/workspace2/install/apriltag_msgs/lib/libapriltag_msgs__rosidl_typesupport_cpp.so" to ""
[305.372s] -- Up-to-date: /home/olive/workspace2/install/apriltag_msgs/share/apriltag_msgs/environment/pythonpath.sh
[305.375s] -- Installing: /home/olive/workspace2/install/apriltag_msgs/share/apriltag_msgs/environment/pythonpath.dsv
[305.378s] -- Up-to-date: /home/olive/workspace2/install/apriltag_msgs/lib/python3.9/site-packages/apriltag_msgs-2.0.1-py3.9.egg-info
[305.381s] -- Installing: /home/olive/workspace2/install/apriltag_msgs/lib/python3.9/site-packages/apriltag_msgs-2.0.1-py3.9.egg-info/SOURCES.txt
[305.384s] -- Installing: /home/olive/workspace2/install/apriltag_msgs/lib/python3.9/site-packages/apriltag_msgs-2.0.1-py3.9.egg-info/dependency_links.txt
[305.387s] -- Installing: /home/olive/workspace2/install/apriltag_msgs/lib/python3.9/site-packages/apriltag_msgs-2.0.1-py3.9.egg-info/top_level.txt
[305.394s] -- Installing: /home/olive/workspace2/install/apriltag_msgs/lib/python3.9/site-packages/apriltag_msgs-2.0.1-py3.9.egg-info/PKG-INFO
[305.396s] -- Up-to-date: /home/olive/workspace2/install/apriltag_msgs/lib/python3.9/site-packages/apriltag_msgs
[305.400s] -- Installing: /home/olive/workspace2/install/apriltag_msgs/lib/python3.9/site-packages/apriltag_msgs/libapriltag_msgs__rosidl_generator_py.so
[305.403s] -- Installing: /home/olive/workspace2/install/apriltag_msgs/lib/python3.9/site-packages/apriltag_msgs/apriltag_msgs_s__rosidl_typesupport_fastrtps_c.cpython-39-arm-linux-gnueabihf.so
[305.405s] -- Installing: /home/olive/workspace2/install/apriltag_msgs/lib/python3.9/site-packages/apriltag_msgs/apriltag_msgs_s__rosidl_typesupport_c.cpython-39-arm-linux-gnueabihf.so
[305.408s] -- Installing: /home/olive/workspace2/install/apriltag_msgs/lib/python3.9/site-packages/apriltag_msgs/_apriltag_msgs_s.ep.rosidl_typesupport_c.c
[305.410s] -- Installing: /home/olive/workspace2/install/apriltag_msgs/lib/python3.9/site-packages/apriltag_msgs/_apriltag_msgs_s.ep.rosidl_typesupport_introspection_c.c
[305.417s] -- Installing: /home/olive/workspace2/install/apriltag_msgs/lib/python3.9/site-packages/apriltag_msgs/apriltag_msgs_s__rosidl_typesupport_introspection_c.cpython-39-arm-linux-gnueabihf.so
[305.419s] -- Up-to-date: /home/olive/workspace2/install/apriltag_msgs/lib/python3.9/site-packages/apriltag_msgs/msg
[305.422s] -- Installing: /home/olive/workspace2/install/apriltag_msgs/lib/python3.9/site-packages/apriltag_msgs/msg/_point_s.c
[305.423s] -- Installing: /home/olive/workspace2/install/apriltag_msgs/lib/python3.9/site-packages/apriltag_msgs/msg/_april_tag_detection_array.py
[305.425s] -- Installing: /home/olive/workspace2/install/apriltag_msgs/lib/python3.9/site-packages/apriltag_msgs/msg/_april_tag_detection.py
[305.427s] -- Installing: /home/olive/workspace2/install/apriltag_msgs/lib/python3.9/site-packages/apriltag_msgs/msg/_april_tag_detection_array_s.c
[305.429s] -- Installing: /home/olive/workspace2/install/apriltag_msgs/lib/python3.9/site-packages/apriltag_msgs/msg/_april_tag_detection_s.c
[305.431s] -- Installing: /home/olive/workspace2/install/apriltag_msgs/lib/python3.9/site-packages/apriltag_msgs/msg/__init__.py
[305.433s] -- Installing: /home/olive/workspace2/install/apriltag_msgs/lib/python3.9/site-packages/apriltag_msgs/msg/_point.py
[305.435s] -- Installing: /home/olive/workspace2/install/apriltag_msgs/lib/python3.9/site-packages/apriltag_msgs/_apriltag_msgs_s.ep.rosidl_typesupport_fastrtps_c.c
[305.436s] -- Installing: /home/olive/workspace2/install/apriltag_msgs/lib/python3.9/site-packages/apriltag_msgs/__init__.py
[308.508s] Listing '/home/olive/workspace2/install/apriltag_msgs/lib/python3.9/site-packages/apriltag_msgs'...
[308.510s] Compiling '/home/olive/workspace2/install/apriltag_msgs/lib/python3.9/site-packages/apriltag_msgs/__init__.py'...
[308.513s] Listing '/home/olive/workspace2/install/apriltag_msgs/lib/python3.9/site-packages/apriltag_msgs/msg'...
[308.515s] Compiling '/home/olive/workspace2/install/apriltag_msgs/lib/python3.9/site-packages/apriltag_msgs/msg/__init__.py'...
[308.518s] Compiling '/home/olive/workspace2/install/apriltag_msgs/lib/python3.9/site-packages/apriltag_msgs/msg/_april_tag_detection.py'...
[308.521s] Compiling '/home/olive/workspace2/install/apriltag_msgs/lib/python3.9/site-packages/apriltag_msgs/msg/_april_tag_detection_array.py'...
[308.523s] Compiling '/home/olive/workspace2/install/apriltag_msgs/lib/python3.9/site-packages/apriltag_msgs/msg/_point.py'...
[308.595s] -- Installing: /home/olive/workspace2/install/apriltag_msgs/lib/python3.9/site-packages/apriltag_msgs/apriltag_msgs_s__rosidl_typesupport_introspection_c.cpython-39-arm-linux-gnueabihf.so
[308.604s] -- Set runtime path of "/home/olive/workspace2/install/apriltag_msgs/lib/python3.9/site-packages/apriltag_msgs/apriltag_msgs_s__rosidl_typesupport_introspection_c.cpython-39-arm-linux-gnueabihf.so" to ""
[308.610s] -- Installing: /home/olive/workspace2/install/apriltag_msgs/lib/python3.9/site-packages/apriltag_msgs/apriltag_msgs_s__rosidl_typesupport_fastrtps_c.cpython-39-arm-linux-gnueabihf.so
[308.618s] -- Set runtime path of "/home/olive/workspace2/install/apriltag_msgs/lib/python3.9/site-packages/apriltag_msgs/apriltag_msgs_s__rosidl_typesupport_fastrtps_c.cpython-39-arm-linux-gnueabihf.so" to ""
[308.625s] -- Installing: /home/olive/workspace2/install/apriltag_msgs/lib/python3.9/site-packages/apriltag_msgs/apriltag_msgs_s__rosidl_typesupport_c.cpython-39-arm-linux-gnueabihf.so
[308.633s] -- Set runtime path of "/home/olive/workspace2/install/apriltag_msgs/lib/python3.9/site-packages/apriltag_msgs/apriltag_msgs_s__rosidl_typesupport_c.cpython-39-arm-linux-gnueabihf.so" to ""
[308.636s] -- Installing: /home/olive/workspace2/install/apriltag_msgs/lib/libapriltag_msgs__rosidl_generator_py.so
[308.645s] -- Set runtime path of "/home/olive/workspace2/install/apriltag_msgs/lib/libapriltag_msgs__rosidl_generator_py.so" to ""
[308.649s] -- Up-to-date: /home/olive/workspace2/install/apriltag_msgs/share/apriltag_msgs/msg/Point.idl
[308.655s] -- Up-to-date: /home/olive/workspace2/install/apriltag_msgs/share/apriltag_msgs/msg/AprilTagDetection.idl
[308.658s] -- Up-to-date: /home/olive/workspace2/install/apriltag_msgs/share/apriltag_msgs/msg/AprilTagDetectionArray.idl
[308.660s] -- Up-to-date: /home/olive/workspace2/install/apriltag_msgs/share/apriltag_msgs/msg/Point.msg
[308.663s] -- Up-to-date: /home/olive/workspace2/install/apriltag_msgs/share/apriltag_msgs/msg/AprilTagDetection.msg
[308.666s] -- Up-to-date: /home/olive/workspace2/install/apriltag_msgs/share/apriltag_msgs/msg/AprilTagDetectionArray.msg
[308.669s] -- Up-to-date: /home/olive/workspace2/install/apriltag_msgs/share/ament_index/resource_index/package_run_dependencies/apriltag_msgs
[308.672s] -- Installing: /home/olive/workspace2/install/apriltag_msgs/share/ament_index/resource_index/parent_prefix_path/apriltag_msgs
[308.676s] -- Installing: /home/olive/workspace2/install/apriltag_msgs/share/apriltag_msgs/environment/ament_prefix_path.dsv
[308.678s] -- Installing: /home/olive/workspace2/install/apriltag_msgs/share/apriltag_msgs/environment/path.dsv
[308.681s] -- Up-to-date: /home/olive/workspace2/install/apriltag_msgs/share/apriltag_msgs/local_setup.bash
[308.684s] -- Up-to-date: /home/olive/workspace2/install/apriltag_msgs/share/apriltag_msgs/local_setup.sh
[308.687s] -- Up-to-date: /home/olive/workspace2/install/apriltag_msgs/share/apriltag_msgs/local_setup.zsh
[308.690s] -- Installing: /home/olive/workspace2/install/apriltag_msgs/share/apriltag_msgs/local_setup.dsv
[308.692s] -- Installing: /home/olive/workspace2/install/apriltag_msgs/share/apriltag_msgs/package.dsv
[308.696s] -- Up-to-date: /home/olive/workspace2/install/apriltag_msgs/share/ament_index/resource_index/packages/apriltag_msgs
[308.698s] -- Up-to-date: /home/olive/workspace2/install/apriltag_msgs/share/apriltag_msgs/cmake/export_apriltag_msgs__rosidl_generator_cExport.cmake
[308.700s] -- Installing: /home/olive/workspace2/install/apriltag_msgs/share/apriltag_msgs/cmake/export_apriltag_msgs__rosidl_generator_cExport-noconfig.cmake
[308.704s] -- Up-to-date: /home/olive/workspace2/install/apriltag_msgs/share/apriltag_msgs/cmake/apriltag_msgs__rosidl_typesupport_introspection_cExport.cmake
[308.706s] -- Installing: /home/olive/workspace2/install/apriltag_msgs/share/apriltag_msgs/cmake/apriltag_msgs__rosidl_typesupport_introspection_cExport-noconfig.cmake
[308.709s] -- Up-to-date: /home/olive/workspace2/install/apriltag_msgs/share/apriltag_msgs/cmake/export_apriltag_msgs__rosidl_typesupport_fastrtps_cExport.cmake
[308.712s] -- Installing: /home/olive/workspace2/install/apriltag_msgs/share/apriltag_msgs/cmake/export_apriltag_msgs__rosidl_typesupport_fastrtps_cExport-noconfig.cmake
[308.714s] -- Up-to-date: /home/olive/workspace2/install/apriltag_msgs/share/apriltag_msgs/cmake/apriltag_msgs__rosidl_typesupport_cExport.cmake
[308.717s] -- Installing: /home/olive/workspace2/install/apriltag_msgs/share/apriltag_msgs/cmake/apriltag_msgs__rosidl_typesupport_cExport-noconfig.cmake
[308.721s] -- Up-to-date: /home/olive/workspace2/install/apriltag_msgs/share/apriltag_msgs/cmake/export_apriltag_msgs__rosidl_generator_cppExport.cmake
[308.723s] -- Up-to-date: /home/olive/workspace2/install/apriltag_msgs/share/apriltag_msgs/cmake/apriltag_msgs__rosidl_typesupport_introspection_cppExport.cmake
[308.725s] -- Installing: /home/olive/workspace2/install/apriltag_msgs/share/apriltag_msgs/cmake/apriltag_msgs__rosidl_typesupport_introspection_cppExport-noconfig.cmake
[308.729s] -- Up-to-date: /home/olive/workspace2/install/apriltag_msgs/share/apriltag_msgs/cmake/export_apriltag_msgs__rosidl_typesupport_fastrtps_cppExport.cmake
[308.731s] -- Installing: /home/olive/workspace2/install/apriltag_msgs/share/apriltag_msgs/cmake/export_apriltag_msgs__rosidl_typesupport_fastrtps_cppExport-noconfig.cmake
[308.736s] -- Up-to-date: /home/olive/workspace2/install/apriltag_msgs/share/apriltag_msgs/cmake/apriltag_msgs__rosidl_typesupport_cppExport.cmake
[308.739s] -- Installing: /home/olive/workspace2/install/apriltag_msgs/share/apriltag_msgs/cmake/apriltag_msgs__rosidl_typesupport_cppExport-noconfig.cmake
[308.743s] -- Up-to-date: /home/olive/workspace2/install/apriltag_msgs/share/apriltag_msgs/cmake/export_apriltag_msgs__rosidl_generator_pyExport.cmake
[308.746s] -- Installing: /home/olive/workspace2/install/apriltag_msgs/share/apriltag_msgs/cmake/export_apriltag_msgs__rosidl_generator_pyExport-noconfig.cmake
[308.750s] -- Up-to-date: /home/olive/workspace2/install/apriltag_msgs/share/apriltag_msgs/cmake/rosidl_cmake-extras.cmake
[308.757s] -- Up-to-date: /home/olive/workspace2/install/apriltag_msgs/share/apriltag_msgs/cmake/ament_cmake_export_dependencies-extras.cmake
[308.759s] -- Up-to-date: /home/olive/workspace2/install/apriltag_msgs/share/apriltag_msgs/cmake/ament_cmake_export_include_directories-extras.cmake
[308.763s] -- Up-to-date: /home/olive/workspace2/install/apriltag_msgs/share/apriltag_msgs/cmake/ament_cmake_export_libraries-extras.cmake
[308.765s] -- Up-to-date: /home/olive/workspace2/install/apriltag_msgs/share/apriltag_msgs/cmake/ament_cmake_export_targets-extras.cmake
[308.768s] -- Up-to-date: /home/olive/workspace2/install/apriltag_msgs/share/apriltag_msgs/cmake/rosidl_cmake_export_typesupport_targets-extras.cmake
[308.771s] -- Up-to-date: /home/olive/workspace2/install/apriltag_msgs/share/apriltag_msgs/cmake/rosidl_cmake_export_typesupport_libraries-extras.cmake
[308.773s] -- Up-to-date: /home/olive/workspace2/install/apriltag_msgs/share/apriltag_msgs/cmake/apriltag_msgsConfig.cmake
[308.775s] -- Up-to-date: /home/olive/workspace2/install/apriltag_msgs/share/apriltag_msgs/cmake/apriltag_msgsConfig-version.cmake
[308.778s] -- Up-to-date: /home/olive/workspace2/install/apriltag_msgs/share/apriltag_msgs/package.xml
[308.803s] Invoked command in '/home/olive/workspace2/build/apriltag_msgs' returned '0': CMAKE_PREFIX_PATH=${CMAKE_PREFIX_PATH}:/home/olive/examples/install/shake_detector:/opt/ros2/humble/install/rqt_bag_plugins:/opt/ros2/humble/install/rqt_bag:/opt/ros2/humble/install/ros2bag:/opt/ros2/humble/install/tracetools_test:/opt/ros2/humble/install/tracetools_launch:/opt/ros2/humble/install/topic_monitor:/opt/ros2/humble/install/tf2_tools:/opt/ros2/humble/install/examples_tf2_py:/opt/ros2/humble/install/tf2_ros_py:/opt/ros2/humble/install/sros2:/opt/ros2/humble/install/rqt_topic:/opt/ros2/humble/install/rqt_srv:/opt/ros2/humble/install/rqt_shell:/opt/ros2/humble/install/rqt_service_caller:/opt/ros2/humble/install/rqt_reconfigure:/opt/ros2/humble/install/rqt_py_console:/opt/ros2/humble/install/rqt_publisher:/opt/ros2/humble/install/rqt_plot:/opt/ros2/humble/install/rqt_action:/opt/ros2/humble/install/rqt_msg:/opt/ros2/humble/install/rqt_console:/opt/ros2/humble/install/rqt:/opt/ros2/humble/install/rqt_graph:/opt/ros2/humble/install/rqt_gui_py:/opt/ros2/humble/install/rqt_gui:/opt/ros2/humble/install/ros2trace:/opt/ros2/humble/install/ros2topic:/opt/ros2/humble/install/ros2test:/opt/ros2/humble/install/ros2component:/opt/ros2/humble/install/ros2param:/opt/ros2/humble/install/ros2lifecycle:/opt/ros2/humble/install/ros2service:/opt/ros2/humble/install/ros2run:/opt/ros2/humble/install/ros2launch:/opt/ros2/humble/install/ros2pkg:/opt/ros2/humble/install/ros2node:/opt/ros2/humble/install/ros2multicast:/opt/ros2/humble/install/ros2interface:/opt/ros2/humble/install/ros2doctor:/opt/ros2/humble/install/ros2action:/opt/ros2/humble/install/ros2cli:/opt/ros2/humble/install/quality_of_service_demo_py:/opt/ros2/humble/install/lifecycle_py:/opt/ros2/humble/install/launch_testing_ros:/opt/ros2/humble/install/launch_ros:/opt/ros2/humble/install/examples_rclpy_pointcloud_publisher:/opt/ros2/humble/install/examples_rclpy_minimal_subscriber:/opt/ros2/humble/install/examples_rclpy_minimal_service:/opt/ros2/humble/install/examples_rclpy_minimal_publisher:/opt/ros2/humble/install/examples_rclpy_minimal_client:/opt/ros2/humble/install/examples_rclpy_minimal_action_server:/opt/ros2/humble/install/examples_rclpy_minimal_action_client:/opt/ros2/humble/install/examples_rclpy_guard_conditions:/opt/ros2/humble/install/examples_rclpy_executors:/opt/ros2/humble/install/demo_nodes_py:/opt/ros2/humble/install/action_tutorials_py:/opt/ros2/humble/install/ament_uncrustify:/opt/ros2/humble/install/tracetools_trace:/opt/ros2/humble/install/tracetools_read:/opt/ros2/humble/install/test_tracetools_launch:/opt/ros2/humble/install/test_launch_ros:/opt/ros2/humble/install/sensor_msgs_py:/opt/ros2/humble/install/rpyutils:/opt/ros2/humble/install/rosidl_runtime_py:/opt/ros2/humble/install/rosidl_cli:/opt/ros2/humble/install/launch_pytest:/opt/ros2/humble/install/launch_testing:/opt/ros2/humble/install/launch_yaml:/opt/ros2/humble/install/launch_xml:/opt/ros2/humble/install/launch:/opt/ros2/humble/install/osrf_pycommon:/opt/ros2/humble/install/launch_testing_examples:/opt/ros2/humble/install/domain_coordinator:/opt/ros2/humble/install/ament_xmllint:/opt/ros2/humble/install/ament_pyflakes:/opt/ros2/humble/install/ament_pycodestyle:/opt/ros2/humble/install/ament_pep257:/opt/ros2/humble/install/ament_pclint:/opt/ros2/humble/install/ament_package:/opt/ros2/humble/install/ament_mypy:/opt/ros2/humble/install/ament_lint_cmake:/opt/ros2/humble/install/ament_flake8:/opt/ros2/humble/install/ament_copyright:/opt/ros2/humble/install/ament_lint:/opt/ros2/humble/install/ament_index_python:/opt/ros2/humble/install/ament_cpplint:/opt/ros2/humble/install/ament_cppcheck:/opt/ros2/humble/install/ament_clang_tidy:/opt/ros2/humble/install/ament_clang_format /usr/bin/cmake --install /home/olive/workspace2/build/apriltag_msgs
