[11.360s] DEBUG:colcon:Command line arguments: ['/usr/bin/colcon', 'build']
[11.362s] DEBUG:colcon:Parsed command line arguments: Namespace(log_base=None, log_level=None, verb_name='build', build_base='build', install_base='install', merge_install=False, symlink_install=False, test_result_base=None, continue_on_error=False, executor='parallel', parallel_workers=2, event_handlers=None, ignore_user_meta=False, metas=['./colcon.meta'], base_paths=['.'], packages_ignore=None, packages_ignore_regex=None, paths=None, packages_up_to=None, packages_up_to_regex=None, packages_above=None, packages_above_and_dependencies=None, packages_above_depth=None, packages_select_by_dep=None, packages_skip_by_dep=None, packages_skip_up_to=None, packages_select_build_failed=False, packages_skip_build_finished=False, packages_select_test_failures=False, packages_skip_test_passed=False, packages_select=None, packages_skip=None, packages_select_regex=None, packages_skip_regex=None, packages_start=None, packages_end=None, cmake_args=None, cmake_target=None, cmake_target_skip_unavailable=False, cmake_clean_cache=False, cmake_clean_first=False, cmake_force_configure=False, ament_cmake_args=None, catkin_cmake_args=None, catkin_skip_building_tests=False, verb_parser=<colcon_defaults.argument_parser.defaults.DefaultArgumentsDecorator object at 0xb6003178>, verb_extension=<colcon_core.verb.build.BuildVerb object at 0xb5fedd90>, main=<bound method BuildVerb.main of <colcon_core.verb.build.BuildVerb object at 0xb5fedd90>>)
[11.632s] Level 1:colcon.colcon_core.package_discovery:discover_packages(colcon_meta) check parameters
[11.633s] Level 1:colcon.colcon_core.package_discovery:discover_packages(recursive) check parameters
[11.634s] Level 1:colcon.colcon_core.package_discovery:discover_packages(ignore) check parameters
[11.635s] Level 1:colcon.colcon_core.package_discovery:discover_packages(path) check parameters
[11.635s] Level 1:colcon.colcon_core.package_discovery:discover_packages(colcon_meta) discover
[11.636s] Level 1:colcon.colcon_core.package_discovery:discover_packages(recursive) discover
[11.637s] INFO:colcon.colcon_core.package_discovery:Crawling recursively for packages in '/home/olive/workspace2'
[11.639s] Level 1:colcon.colcon_core.package_identification:_identify(.) by extensions ['ignore', 'ignore_ament_install']
[11.641s] Level 1:colcon.colcon_core.package_identification:_identify(.) by extension 'ignore'
[11.642s] Level 1:colcon.colcon_core.package_identification:_identify(.) by extension 'ignore_ament_install'
[11.643s] Level 1:colcon.colcon_core.package_identification:_identify(.) by extensions ['colcon_pkg']
[11.644s] Level 1:colcon.colcon_core.package_identification:_identify(.) by extension 'colcon_pkg'
[11.645s] Level 1:colcon.colcon_core.package_identification:_identify(.) by extensions ['colcon_meta']
[11.646s] Level 1:colcon.colcon_core.package_identification:_identify(.) by extension 'colcon_meta'
[11.647s] Level 1:colcon.colcon_core.package_identification:_identify(.) by extensions ['ros']
[11.647s] Level 1:colcon.colcon_core.package_identification:_identify(.) by extension 'ros'
[11.890s] Level 1:colcon.colcon_core.package_identification:_identify(.) by extensions ['cmake', 'python']
[11.891s] Level 1:colcon.colcon_core.package_identification:_identify(.) by extension 'cmake'
[11.892s] Level 1:colcon.colcon_core.package_identification:_identify(.) by extension 'python'
[11.893s] Level 1:colcon.colcon_core.package_identification:_identify(.) by extensions ['python_setup_py']
[11.894s] Level 1:colcon.colcon_core.package_identification:_identify(.) by extension 'python_setup_py'
[11.896s] Level 1:colcon.colcon_core.package_identification:_identify(build) by extensions ['ignore', 'ignore_ament_install']
[11.898s] Level 1:colcon.colcon_core.package_identification:_identify(build) by extension 'ignore'
[11.899s] Level 1:colcon.colcon_core.package_identification:_identify(build) ignored
[11.901s] Level 1:colcon.colcon_core.package_identification:_identify(install) by extensions ['ignore', 'ignore_ament_install']
[11.903s] Level 1:colcon.colcon_core.package_identification:_identify(install) by extension 'ignore'
[11.904s] Level 1:colcon.colcon_core.package_identification:_identify(install) ignored
[11.906s] Level 1:colcon.colcon_core.package_identification:_identify(log) by extensions ['ignore', 'ignore_ament_install']
[11.908s] Level 1:colcon.colcon_core.package_identification:_identify(log) by extension 'ignore'
[11.910s] Level 1:colcon.colcon_core.package_identification:_identify(log) ignored
[11.911s] Level 1:colcon.colcon_core.package_identification:_identify(src) by extensions ['ignore', 'ignore_ament_install']
[11.913s] Level 1:colcon.colcon_core.package_identification:_identify(src) by extension 'ignore'
[11.914s] Level 1:colcon.colcon_core.package_identification:_identify(src) by extension 'ignore_ament_install'
[11.916s] Level 1:colcon.colcon_core.package_identification:_identify(src) by extensions ['colcon_pkg']
[11.916s] Level 1:colcon.colcon_core.package_identification:_identify(src) by extension 'colcon_pkg'
[11.917s] Level 1:colcon.colcon_core.package_identification:_identify(src) by extensions ['colcon_meta']
[11.918s] Level 1:colcon.colcon_core.package_identification:_identify(src) by extension 'colcon_meta'
[11.919s] Level 1:colcon.colcon_core.package_identification:_identify(src) by extensions ['ros']
[11.920s] Level 1:colcon.colcon_core.package_identification:_identify(src) by extension 'ros'
[11.922s] Level 1:colcon.colcon_core.package_identification:_identify(src) by extensions ['cmake', 'python']
[11.923s] Level 1:colcon.colcon_core.package_identification:_identify(src) by extension 'cmake'
[11.924s] Level 1:colcon.colcon_core.package_identification:_identify(src) by extension 'python'
[11.925s] Level 1:colcon.colcon_core.package_identification:_identify(src) by extensions ['python_setup_py']
[11.926s] Level 1:colcon.colcon_core.package_identification:_identify(src) by extension 'python_setup_py'
[11.928s] Level 1:colcon.colcon_core.package_identification:_identify(src/apriltag_detector) by extensions ['ignore', 'ignore_ament_install']
[11.930s] Level 1:colcon.colcon_core.package_identification:_identify(src/apriltag_detector) by extension 'ignore'
[11.931s] Level 1:colcon.colcon_core.package_identification:_identify(src/apriltag_detector) by extension 'ignore_ament_install'
[11.932s] Level 1:colcon.colcon_core.package_identification:_identify(src/apriltag_detector) by extensions ['colcon_pkg']
[11.933s] Level 1:colcon.colcon_core.package_identification:_identify(src/apriltag_detector) by extension 'colcon_pkg'
[11.934s] Level 1:colcon.colcon_core.package_identification:_identify(src/apriltag_detector) by extensions ['colcon_meta']
[11.935s] Level 1:colcon.colcon_core.package_identification:_identify(src/apriltag_detector) by extension 'colcon_meta'
[11.936s] Level 1:colcon.colcon_core.package_identification:_identify(src/apriltag_detector) by extensions ['ros']
[11.937s] Level 1:colcon.colcon_core.package_identification:_identify(src/apriltag_detector) by extension 'ros'
[12.160s] DEBUG:colcon.colcon_core.package_identification:Package 'src/apriltag_detector' with type 'ros.ament_cmake' and name 'apriltag_detector'
[12.162s] Level 1:colcon.colcon_core.package_identification:_identify(src/apriltag_msgs) by extensions ['ignore', 'ignore_ament_install']
[12.163s] Level 1:colcon.colcon_core.package_identification:_identify(src/apriltag_msgs) by extension 'ignore'
[12.164s] Level 1:colcon.colcon_core.package_identification:_identify(src/apriltag_msgs) by extension 'ignore_ament_install'
[12.166s] Level 1:colcon.colcon_core.package_identification:_identify(src/apriltag_msgs) by extensions ['colcon_pkg']
[12.167s] Level 1:colcon.colcon_core.package_identification:_identify(src/apriltag_msgs) by extension 'colcon_pkg'
[12.168s] Level 1:colcon.colcon_core.package_identification:_identify(src/apriltag_msgs) by extensions ['colcon_meta']
[12.168s] Level 1:colcon.colcon_core.package_identification:_identify(src/apriltag_msgs) by extension 'colcon_meta'
[12.170s] Level 1:colcon.colcon_core.package_identification:_identify(src/apriltag_msgs) by extensions ['ros']
[12.171s] Level 1:colcon.colcon_core.package_identification:_identify(src/apriltag_msgs) by extension 'ros'
[12.180s] DEBUG:colcon.colcon_core.package_identification:Package 'src/apriltag_msgs' with type 'ros.ament_cmake' and name 'apriltag_msgs'
[12.181s] Level 1:colcon.colcon_core.package_discovery:discover_packages(recursive) using defaults
[12.182s] Level 1:colcon.colcon_core.package_discovery:discover_packages(ignore) discover
[12.183s] Level 1:colcon.colcon_core.package_discovery:discover_packages(ignore) using defaults
[12.183s] Level 1:colcon.colcon_core.package_discovery:discover_packages(path) discover
[12.184s] Level 1:colcon.colcon_core.package_discovery:discover_packages(path) using defaults
[13.092s] Level 5:colcon.colcon_core.verb:set package 'apriltag_msgs' build argument 'cmake_args' from command line to 'None'
[13.093s] Level 5:colcon.colcon_core.verb:set package 'apriltag_msgs' build argument 'cmake_target' from command line to 'None'
[13.094s] Level 5:colcon.colcon_core.verb:set package 'apriltag_msgs' build argument 'cmake_target_skip_unavailable' from command line to 'False'
[13.095s] Level 5:colcon.colcon_core.verb:set package 'apriltag_msgs' build argument 'cmake_clean_cache' from command line to 'False'
[13.096s] Level 5:colcon.colcon_core.verb:set package 'apriltag_msgs' build argument 'cmake_clean_first' from command line to 'False'
[13.096s] Level 5:colcon.colcon_core.verb:set package 'apriltag_msgs' build argument 'cmake_force_configure' from command line to 'False'
[13.097s] Level 5:colcon.colcon_core.verb:set package 'apriltag_msgs' build argument 'ament_cmake_args' from command line to 'None'
[13.098s] Level 5:colcon.colcon_core.verb:set package 'apriltag_msgs' build argument 'catkin_cmake_args' from command line to 'None'
[13.098s] Level 5:colcon.colcon_core.verb:set package 'apriltag_msgs' build argument 'catkin_skip_building_tests' from command line to 'False'
[13.099s] DEBUG:colcon.colcon_core.verb:Building package 'apriltag_msgs' with the following arguments: {'ament_cmake_args': None, 'build_base': '/home/olive/workspace2/build/apriltag_msgs', 'catkin_cmake_args': None, 'catkin_skip_building_tests': False, 'cmake_args': None, 'cmake_clean_cache': False, 'cmake_clean_first': False, 'cmake_force_configure': False, 'cmake_target': None, 'cmake_target_skip_unavailable': False, 'install_base': '/home/olive/workspace2/install/apriltag_msgs', 'merge_install': False, 'path': '/home/olive/workspace2/src/apriltag_msgs', 'symlink_install': False, 'test_result_base': None}
[13.225s] Level 5:colcon.colcon_core.verb:set package 'apriltag_detector' build argument 'cmake_args' from command line to 'None'
[13.226s] Level 5:colcon.colcon_core.verb:set package 'apriltag_detector' build argument 'cmake_target' from command line to 'None'
[13.227s] Level 5:colcon.colcon_core.verb:set package 'apriltag_detector' build argument 'cmake_target_skip_unavailable' from command line to 'False'
[13.228s] Level 5:colcon.colcon_core.verb:set package 'apriltag_detector' build argument 'cmake_clean_cache' from command line to 'False'
[13.228s] Level 5:colcon.colcon_core.verb:set package 'apriltag_detector' build argument 'cmake_clean_first' from command line to 'False'
[13.229s] Level 5:colcon.colcon_core.verb:set package 'apriltag_detector' build argument 'cmake_force_configure' from command line to 'False'
[13.230s] Level 5:colcon.colcon_core.verb:set package 'apriltag_detector' build argument 'ament_cmake_args' from command line to 'None'
[13.230s] Level 5:colcon.colcon_core.verb:set package 'apriltag_detector' build argument 'catkin_cmake_args' from command line to 'None'
[13.231s] Level 5:colcon.colcon_core.verb:set package 'apriltag_detector' build argument 'catkin_skip_building_tests' from command line to 'False'
[13.232s] DEBUG:colcon.colcon_core.verb:Building package 'apriltag_detector' with the following arguments: {'ament_cmake_args': None, 'build_base': '/home/olive/workspace2/build/apriltag_detector', 'catkin_cmake_args': None, 'catkin_skip_building_tests': False, 'cmake_args': None, 'cmake_clean_cache': False, 'cmake_clean_first': False, 'cmake_force_configure': False, 'cmake_target': None, 'cmake_target_skip_unavailable': False, 'install_base': '/home/olive/workspace2/install/apriltag_detector', 'merge_install': False, 'path': '/home/olive/workspace2/src/apriltag_detector', 'symlink_install': False, 'test_result_base': None}
[13.242s] INFO:colcon.colcon_core.executor:Executing jobs using 'parallel' executor
[13.306s] DEBUG:colcon.colcon_parallel_executor.executor.parallel:run_until_complete
[13.310s] INFO:colcon.colcon_ros.task.ament_cmake.build:Building ROS package in '/home/olive/workspace2/src/apriltag_msgs' with build type 'ament_cmake'
[13.312s] INFO:colcon.colcon_cmake.task.cmake.build:Building CMake package in '/home/olive/workspace2/src/apriltag_msgs'
[13.447s] INFO:colcon.colcon_core.plugin_system:Skipping extension 'colcon_core.shell.bat': Not used on non-Windows systems
[13.450s] INFO:colcon.colcon_core.shell:Skip shell extension 'powershell' for command environment: Not usable outside of PowerShell
[13.451s] DEBUG:colcon.colcon_core.shell:Skip shell extension 'dsv' for command environment
[13.529s] WARNING:colcon.colcon_core.prefix_path.colcon:The path '/home/olive/examples/install' in the environment variable COLCON_PREFIX_PATH doesn't exist
[13.537s] WARNING:colcon.colcon_ros.prefix_path.ament:The path '/opt/olive/packages/install/position_control' in the environment variable AMENT_PREFIX_PATH doesn't exist
[13.538s] WARNING:colcon.colcon_ros.prefix_path.ament:The path '/home/olive/examples/install/shake_detector' in the environment variable AMENT_PREFIX_PATH doesn't exist
[13.541s] WARNING:colcon.colcon_ros.prefix_path.ament:The path '/opt/ros2/humble/install/rqt_bag_plugins' in the environment variable AMENT_PREFIX_PATH doesn't exist
[13.545s] WARNING:colcon.colcon_ros.prefix_path.ament:The path '/opt/ros2/humble/install/rviz_visual_testing_framework' in the environment variable AMENT_PREFIX_PATH doesn't exist
[13.547s] WARNING:colcon.colcon_ros.prefix_path.ament:The path '/opt/ros2/humble/install/rviz2' in the environment variable AMENT_PREFIX_PATH doesn't exist
[13.548s] WARNING:colcon.colcon_ros.prefix_path.ament:The path '/opt/ros2/humble/install/rviz_default_plugins' in the environment variable AMENT_PREFIX_PATH doesn't exist
[13.550s] WARNING:colcon.colcon_ros.prefix_path.ament:The path '/opt/ros2/humble/install/rviz_common' in the environment variable AMENT_PREFIX_PATH doesn't exist
[13.551s] WARNING:colcon.colcon_ros.prefix_path.ament:The path '/opt/ros2/humble/install/rqt_bag' in the environment variable AMENT_PREFIX_PATH doesn't exist
[13.601s] WARNING:colcon.colcon_ros.prefix_path.ament:The path '/opt/ros2/humble/install/test_tf2' in the environment variable AMENT_PREFIX_PATH doesn't exist
[13.608s] WARNING:colcon.colcon_ros.prefix_path.ament:The path '/opt/ros2/humble/install/examples_tf2_py' in the environment variable AMENT_PREFIX_PATH doesn't exist
[13.617s] WARNING:colcon.colcon_ros.prefix_path.ament:The path '/opt/ros2/humble/install/test_msgs' in the environment variable AMENT_PREFIX_PATH doesn't exist
[13.624s] WARNING:colcon.colcon_ros.prefix_path.ament:The path '/opt/ros2/humble/install/rqt_topic' in the environment variable AMENT_PREFIX_PATH doesn't exist
[13.625s] WARNING:colcon.colcon_ros.prefix_path.ament:The path '/opt/ros2/humble/install/rqt_srv' in the environment variable AMENT_PREFIX_PATH doesn't exist
[13.626s] WARNING:colcon.colcon_ros.prefix_path.ament:The path '/opt/ros2/humble/install/rqt_shell' in the environment variable AMENT_PREFIX_PATH doesn't exist
[13.628s] WARNING:colcon.colcon_ros.prefix_path.ament:The path '/opt/ros2/humble/install/rqt_service_caller' in the environment variable AMENT_PREFIX_PATH doesn't exist
[13.629s] WARNING:colcon.colcon_ros.prefix_path.ament:The path '/opt/ros2/humble/install/rqt_reconfigure' in the environment variable AMENT_PREFIX_PATH doesn't exist
[13.630s] WARNING:colcon.colcon_ros.prefix_path.ament:The path '/opt/ros2/humble/install/rqt_py_console' in the environment variable AMENT_PREFIX_PATH doesn't exist
[13.632s] WARNING:colcon.colcon_ros.prefix_path.ament:The path '/opt/ros2/humble/install/rqt_publisher' in the environment variable AMENT_PREFIX_PATH doesn't exist
[13.633s] WARNING:colcon.colcon_ros.prefix_path.ament:The path '/opt/ros2/humble/install/rqt_plot' in the environment variable AMENT_PREFIX_PATH doesn't exist
[13.634s] WARNING:colcon.colcon_ros.prefix_path.ament:The path '/opt/ros2/humble/install/rqt_action' in the environment variable AMENT_PREFIX_PATH doesn't exist
[13.636s] WARNING:colcon.colcon_ros.prefix_path.ament:The path '/opt/ros2/humble/install/rqt_msg' in the environment variable AMENT_PREFIX_PATH doesn't exist
[13.637s] WARNING:colcon.colcon_ros.prefix_path.ament:The path '/opt/ros2/humble/install/rqt_console' in the environment variable AMENT_PREFIX_PATH doesn't exist
[13.638s] WARNING:colcon.colcon_ros.prefix_path.ament:The path '/opt/ros2/humble/install/rqt' in the environment variable AMENT_PREFIX_PATH doesn't exist
[13.640s] WARNING:colcon.colcon_ros.prefix_path.ament:The path '/opt/ros2/humble/install/rqt_py_common' in the environment variable AMENT_PREFIX_PATH doesn't exist
[13.641s] WARNING:colcon.colcon_ros.prefix_path.ament:The path '/opt/ros2/humble/install/rqt_graph' in the environment variable AMENT_PREFIX_PATH doesn't exist
[13.642s] WARNING:colcon.colcon_ros.prefix_path.ament:The path '/opt/ros2/humble/install/rqt_gui_py' in the environment variable AMENT_PREFIX_PATH doesn't exist
[13.643s] WARNING:colcon.colcon_ros.prefix_path.ament:The path '/opt/ros2/humble/install/rqt_gui' in the environment variable AMENT_PREFIX_PATH doesn't exist
[13.663s] WARNING:colcon.colcon_ros.prefix_path.ament:The path '/opt/ros2/humble/install/demo_nodes_cpp' in the environment variable AMENT_PREFIX_PATH doesn't exist
[13.667s] WARNING:colcon.colcon_ros.prefix_path.ament:The path '/opt/ros2/humble/install/examples_rclpy_pointcloud_publisher' in the environment variable AMENT_PREFIX_PATH doesn't exist
[13.668s] WARNING:colcon.colcon_ros.prefix_path.ament:The path '/opt/ros2/humble/install/examples_rclpy_minimal_subscriber' in the environment variable AMENT_PREFIX_PATH doesn't exist
[13.670s] WARNING:colcon.colcon_ros.prefix_path.ament:The path '/opt/ros2/humble/install/examples_rclpy_minimal_service' in the environment variable AMENT_PREFIX_PATH doesn't exist
[13.671s] WARNING:colcon.colcon_ros.prefix_path.ament:The path '/opt/ros2/humble/install/examples_rclpy_minimal_publisher' in the environment variable AMENT_PREFIX_PATH doesn't exist
[13.672s] WARNING:colcon.colcon_ros.prefix_path.ament:The path '/opt/ros2/humble/install/examples_rclpy_minimal_client' in the environment variable AMENT_PREFIX_PATH doesn't exist
[13.673s] WARNING:colcon.colcon_ros.prefix_path.ament:The path '/opt/ros2/humble/install/examples_rclpy_minimal_action_server' in the environment variable AMENT_PREFIX_PATH doesn't exist
[13.675s] WARNING:colcon.colcon_ros.prefix_path.ament:The path '/opt/ros2/humble/install/examples_rclpy_minimal_action_client' in the environment variable AMENT_PREFIX_PATH doesn't exist
[13.676s] WARNING:colcon.colcon_ros.prefix_path.ament:The path '/opt/ros2/humble/install/examples_rclpy_guard_conditions' in the environment variable AMENT_PREFIX_PATH doesn't exist
[13.677s] WARNING:colcon.colcon_ros.prefix_path.ament:The path '/opt/ros2/humble/install/examples_rclpy_executors' in the environment variable AMENT_PREFIX_PATH doesn't exist
[13.678s] WARNING:colcon.colcon_ros.prefix_path.ament:The path '/opt/ros2/humble/install/demo_nodes_py' in the environment variable AMENT_PREFIX_PATH doesn't exist
[13.682s] WARNING:colcon.colcon_ros.prefix_path.ament:The path '/opt/ros2/humble/install/examples_rclcpp_minimal_action_server' in the environment variable AMENT_PREFIX_PATH doesn't exist
[13.683s] WARNING:colcon.colcon_ros.prefix_path.ament:The path '/opt/ros2/humble/install/examples_rclcpp_minimal_action_client' in the environment variable AMENT_PREFIX_PATH doesn't exist
[13.687s] WARNING:colcon.colcon_ros.prefix_path.ament:The path '/opt/ros2/humble/install/examples_rclcpp_wait_set' in the environment variable AMENT_PREFIX_PATH doesn't exist
[13.689s] WARNING:colcon.colcon_ros.prefix_path.ament:The path '/opt/ros2/humble/install/examples_rclcpp_minimal_service' in the environment variable AMENT_PREFIX_PATH doesn't exist
[13.690s] WARNING:colcon.colcon_ros.prefix_path.ament:The path '/opt/ros2/humble/install/examples_rclcpp_minimal_client' in the environment variable AMENT_PREFIX_PATH doesn't exist
[13.691s] WARNING:colcon.colcon_ros.prefix_path.ament:The path '/opt/ros2/humble/install/examples_rclcpp_async_client' in the environment variable AMENT_PREFIX_PATH doesn't exist
[13.693s] WARNING:colcon.colcon_ros.prefix_path.ament:The path '/opt/ros2/humble/install/example_interfaces' in the environment variable AMENT_PREFIX_PATH doesn't exist
[13.703s] WARNING:colcon.colcon_ros.prefix_path.ament:The path '/opt/ros2/humble/install/test_tracetools' in the environment variable AMENT_PREFIX_PATH doesn't exist
[13.705s] WARNING:colcon.colcon_ros.prefix_path.ament:The path '/opt/ros2/humble/install/rqt_gui_cpp' in the environment variable AMENT_PREFIX_PATH doesn't exist
[13.711s] WARNING:colcon.colcon_ros.prefix_path.ament:The path '/opt/ros2/humble/install/examples_rclcpp_minimal_subscriber' in the environment variable AMENT_PREFIX_PATH doesn't exist
[13.712s] WARNING:colcon.colcon_ros.prefix_path.ament:The path '/opt/ros2/humble/install/examples_rclcpp_minimal_composition' in the environment variable AMENT_PREFIX_PATH doesn't exist
[13.713s] WARNING:colcon.colcon_ros.prefix_path.ament:The path '/opt/ros2/humble/install/demo_nodes_cpp_native' in the environment variable AMENT_PREFIX_PATH doesn't exist
[13.716s] WARNING:colcon.colcon_ros.prefix_path.ament:The path '/opt/ros2/humble/install/examples_rclcpp_multithreaded_executor' in the environment variable AMENT_PREFIX_PATH doesn't exist
[13.718s] WARNING:colcon.colcon_ros.prefix_path.ament:The path '/opt/ros2/humble/install/examples_rclcpp_minimal_timer' in the environment variable AMENT_PREFIX_PATH doesn't exist
[13.719s] WARNING:colcon.colcon_ros.prefix_path.ament:The path '/opt/ros2/humble/install/examples_rclcpp_minimal_publisher' in the environment variable AMENT_PREFIX_PATH doesn't exist
[13.720s] WARNING:colcon.colcon_ros.prefix_path.ament:The path '/opt/ros2/humble/install/examples_rclcpp_cbg_executor' in the environment variable AMENT_PREFIX_PATH doesn't exist
[13.734s] WARNING:colcon.colcon_ros.prefix_path.ament:The path '/opt/ros2/humble/install/qt_gui_core' in the environment variable AMENT_PREFIX_PATH doesn't exist
[13.735s] WARNING:colcon.colcon_ros.prefix_path.ament:The path '/opt/ros2/humble/install/qt_gui_cpp' in the environment variable AMENT_PREFIX_PATH doesn't exist
[13.740s] WARNING:colcon.colcon_ros.prefix_path.ament:The path '/opt/ros2/humble/install/test_tracetools_launch' in the environment variable AMENT_PREFIX_PATH doesn't exist
[13.741s] WARNING:colcon.colcon_ros.prefix_path.ament:The path '/opt/ros2/humble/install/test_security' in the environment variable AMENT_PREFIX_PATH doesn't exist
[13.742s] WARNING:colcon.colcon_ros.prefix_path.ament:The path '/opt/ros2/humble/install/test_rmw_implementation' in the environment variable AMENT_PREFIX_PATH doesn't exist
[13.744s] WARNING:colcon.colcon_ros.prefix_path.ament:The path '/opt/ros2/humble/install/test_rclcpp' in the environment variable AMENT_PREFIX_PATH doesn't exist
[13.745s] WARNING:colcon.colcon_ros.prefix_path.ament:The path '/opt/ros2/humble/install/test_quality_of_service' in the environment variable AMENT_PREFIX_PATH doesn't exist
[13.746s] WARNING:colcon.colcon_ros.prefix_path.ament:The path '/opt/ros2/humble/install/test_launch_testing' in the environment variable AMENT_PREFIX_PATH doesn't exist
[13.747s] WARNING:colcon.colcon_ros.prefix_path.ament:The path '/opt/ros2/humble/install/test_launch_ros' in the environment variable AMENT_PREFIX_PATH doesn't exist
[13.749s] WARNING:colcon.colcon_ros.prefix_path.ament:The path '/opt/ros2/humble/install/test_interface_files' in the environment variable AMENT_PREFIX_PATH doesn't exist
[13.750s] WARNING:colcon.colcon_ros.prefix_path.ament:The path '/opt/ros2/humble/install/test_communication' in the environment variable AMENT_PREFIX_PATH doesn't exist
[13.751s] WARNING:colcon.colcon_ros.prefix_path.ament:The path '/opt/ros2/humble/install/test_cli_remapping' in the environment variable AMENT_PREFIX_PATH doesn't exist
[13.753s] WARNING:colcon.colcon_ros.prefix_path.ament:The path '/opt/ros2/humble/install/test_cli' in the environment variable AMENT_PREFIX_PATH doesn't exist
[13.754s] WARNING:colcon.colcon_ros.prefix_path.ament:The path '/opt/ros2/humble/install/qt_gui_app' in the environment variable AMENT_PREFIX_PATH doesn't exist
[13.755s] WARNING:colcon.colcon_ros.prefix_path.ament:The path '/opt/ros2/humble/install/qt_gui' in the environment variable AMENT_PREFIX_PATH doesn't exist
[13.768s] WARNING:colcon.colcon_ros.prefix_path.ament:The path '/opt/ros2/humble/install/rviz_rendering_tests' in the environment variable AMENT_PREFIX_PATH doesn't exist
[13.769s] WARNING:colcon.colcon_ros.prefix_path.ament:The path '/opt/ros2/humble/install/rviz_rendering' in the environment variable AMENT_PREFIX_PATH doesn't exist
[13.771s] WARNING:colcon.colcon_ros.prefix_path.ament:The path '/opt/ros2/humble/install/rviz_ogre_vendor' in the environment variable AMENT_PREFIX_PATH doesn't exist
[13.772s] WARNING:colcon.colcon_ros.prefix_path.ament:The path '/opt/ros2/humble/install/rviz_assimp_vendor' in the environment variable AMENT_PREFIX_PATH doesn't exist
[13.806s] WARNING:colcon.colcon_ros.prefix_path.ament:The path '/opt/ros2/humble/install/qt_gui_py_common' in the environment variable AMENT_PREFIX_PATH doesn't exist
[13.807s] WARNING:colcon.colcon_ros.prefix_path.ament:The path '/opt/ros2/humble/install/qt_dotgraph' in the environment variable AMENT_PREFIX_PATH doesn't exist
[13.865s] WARNING:colcon.colcon_ros.prefix_path.catkin:The path '/opt/olive/packages/install/position_control' in the environment variable CMAKE_PREFIX_PATH doesn't exist
[13.868s] WARNING:colcon.colcon_ros.prefix_path.catkin:The path '/opt/ros2/humble/install/rviz_visual_testing_framework' in the environment variable CMAKE_PREFIX_PATH doesn't exist
[13.869s] WARNING:colcon.colcon_ros.prefix_path.catkin:The path '/opt/ros2/humble/install/rviz2' in the environment variable CMAKE_PREFIX_PATH doesn't exist
[13.870s] WARNING:colcon.colcon_ros.prefix_path.catkin:The path '/opt/ros2/humble/install/rviz_default_plugins' in the environment variable CMAKE_PREFIX_PATH doesn't exist
[13.872s] WARNING:colcon.colcon_ros.prefix_path.catkin:The path '/opt/ros2/humble/install/rviz_common' in the environment variable CMAKE_PREFIX_PATH doesn't exist
[13.876s] WARNING:colcon.colcon_ros.prefix_path.catkin:The path '/opt/ros2/humble/install/test_tf2' in the environment variable CMAKE_PREFIX_PATH doesn't exist
[13.878s] WARNING:colcon.colcon_ros.prefix_path.catkin:The path '/opt/ros2/humble/install/test_msgs' in the environment variable CMAKE_PREFIX_PATH doesn't exist
[13.880s] WARNING:colcon.colcon_ros.prefix_path.catkin:The path '/opt/ros2/humble/install/rqt_py_common' in the environment variable CMAKE_PREFIX_PATH doesn't exist
[13.882s] WARNING:colcon.colcon_ros.prefix_path.catkin:The path '/opt/ros2/humble/install/demo_nodes_cpp' in the environment variable CMAKE_PREFIX_PATH doesn't exist
[13.883s] WARNING:colcon.colcon_ros.prefix_path.catkin:The path '/opt/ros2/humble/install/examples_rclcpp_minimal_action_server' in the environment variable CMAKE_PREFIX_PATH doesn't exist
[13.885s] WARNING:colcon.colcon_ros.prefix_path.catkin:The path '/opt/ros2/humble/install/examples_rclcpp_minimal_action_client' in the environment variable CMAKE_PREFIX_PATH doesn't exist
[13.886s] WARNING:colcon.colcon_ros.prefix_path.catkin:The path '/opt/ros2/humble/install/examples_rclcpp_wait_set' in the environment variable CMAKE_PREFIX_PATH doesn't exist
[13.888s] WARNING:colcon.colcon_ros.prefix_path.catkin:The path '/opt/ros2/humble/install/examples_rclcpp_minimal_service' in the environment variable CMAKE_PREFIX_PATH doesn't exist
[13.889s] WARNING:colcon.colcon_ros.prefix_path.catkin:The path '/opt/ros2/humble/install/examples_rclcpp_minimal_client' in the environment variable CMAKE_PREFIX_PATH doesn't exist
[13.891s] WARNING:colcon.colcon_ros.prefix_path.catkin:The path '/opt/ros2/humble/install/examples_rclcpp_async_client' in the environment variable CMAKE_PREFIX_PATH doesn't exist
[13.892s] WARNING:colcon.colcon_ros.prefix_path.catkin:The path '/opt/ros2/humble/install/example_interfaces' in the environment variable CMAKE_PREFIX_PATH doesn't exist
[13.895s] WARNING:colcon.colcon_ros.prefix_path.catkin:The path '/opt/ros2/humble/install/test_tracetools' in the environment variable CMAKE_PREFIX_PATH doesn't exist
[13.896s] WARNING:colcon.colcon_ros.prefix_path.catkin:The path '/opt/ros2/humble/install/rqt_gui_cpp' in the environment variable CMAKE_PREFIX_PATH doesn't exist
[13.898s] WARNING:colcon.colcon_ros.prefix_path.catkin:The path '/opt/ros2/humble/install/examples_rclcpp_minimal_subscriber' in the environment variable CMAKE_PREFIX_PATH doesn't exist
[13.899s] WARNING:colcon.colcon_ros.prefix_path.catkin:The path '/opt/ros2/humble/install/examples_rclcpp_minimal_composition' in the environment variable CMAKE_PREFIX_PATH doesn't exist
[13.901s] WARNING:colcon.colcon_ros.prefix_path.catkin:The path '/opt/ros2/humble/install/demo_nodes_cpp_native' in the environment variable CMAKE_PREFIX_PATH doesn't exist
[13.902s] WARNING:colcon.colcon_ros.prefix_path.catkin:The path '/opt/ros2/humble/install/examples_rclcpp_multithreaded_executor' in the environment variable CMAKE_PREFIX_PATH doesn't exist
[13.903s] WARNING:colcon.colcon_ros.prefix_path.catkin:The path '/opt/ros2/humble/install/examples_rclcpp_minimal_timer' in the environment variable CMAKE_PREFIX_PATH doesn't exist
[13.905s] WARNING:colcon.colcon_ros.prefix_path.catkin:The path '/opt/ros2/humble/install/examples_rclcpp_minimal_publisher' in the environment variable CMAKE_PREFIX_PATH doesn't exist
[13.906s] WARNING:colcon.colcon_ros.prefix_path.catkin:The path '/opt/ros2/humble/install/examples_rclcpp_cbg_executor' in the environment variable CMAKE_PREFIX_PATH doesn't exist
[13.909s] WARNING:colcon.colcon_ros.prefix_path.catkin:The path '/opt/ros2/humble/install/qt_gui_core' in the environment variable CMAKE_PREFIX_PATH doesn't exist
[13.910s] WARNING:colcon.colcon_ros.prefix_path.catkin:The path '/opt/ros2/humble/install/qt_gui_cpp' in the environment variable CMAKE_PREFIX_PATH doesn't exist
[13.912s] WARNING:colcon.colcon_ros.prefix_path.catkin:The path '/opt/ros2/humble/install/test_security' in the environment variable CMAKE_PREFIX_PATH doesn't exist
[13.914s] WARNING:colcon.colcon_ros.prefix_path.catkin:The path '/opt/ros2/humble/install/test_rmw_implementation' in the environment variable CMAKE_PREFIX_PATH doesn't exist
[13.915s] WARNING:colcon.colcon_ros.prefix_path.catkin:The path '/opt/ros2/humble/install/test_rclcpp' in the environment variable CMAKE_PREFIX_PATH doesn't exist
[13.916s] WARNING:colcon.colcon_ros.prefix_path.catkin:The path '/opt/ros2/humble/install/test_quality_of_service' in the environment variable CMAKE_PREFIX_PATH doesn't exist
[13.917s] WARNING:colcon.colcon_ros.prefix_path.catkin:The path '/opt/ros2/humble/install/test_launch_testing' in the environment variable CMAKE_PREFIX_PATH doesn't exist
[13.918s] WARNING:colcon.colcon_ros.prefix_path.catkin:The path '/opt/ros2/humble/install/test_interface_files' in the environment variable CMAKE_PREFIX_PATH doesn't exist
[13.920s] WARNING:colcon.colcon_ros.prefix_path.catkin:The path '/opt/ros2/humble/install/test_communication' in the environment variable CMAKE_PREFIX_PATH doesn't exist
[13.921s] WARNING:colcon.colcon_ros.prefix_path.catkin:The path '/opt/ros2/humble/install/test_cli_remapping' in the environment variable CMAKE_PREFIX_PATH doesn't exist
[13.922s] WARNING:colcon.colcon_ros.prefix_path.catkin:The path '/opt/ros2/humble/install/test_cli' in the environment variable CMAKE_PREFIX_PATH doesn't exist
[13.924s] WARNING:colcon.colcon_ros.prefix_path.catkin:The path '/opt/ros2/humble/install/qt_gui_app' in the environment variable CMAKE_PREFIX_PATH doesn't exist
[13.925s] WARNING:colcon.colcon_ros.prefix_path.catkin:The path '/opt/ros2/humble/install/qt_gui' in the environment variable CMAKE_PREFIX_PATH doesn't exist
[13.930s] WARNING:colcon.colcon_ros.prefix_path.catkin:The path '/opt/ros2/humble/install/rviz_rendering_tests' in the environment variable CMAKE_PREFIX_PATH doesn't exist
[13.931s] WARNING:colcon.colcon_ros.prefix_path.catkin:The path '/opt/ros2/humble/install/rviz_rendering' in the environment variable CMAKE_PREFIX_PATH doesn't exist
[13.933s] WARNING:colcon.colcon_ros.prefix_path.catkin:The path '/opt/ros2/humble/install/rviz_ogre_vendor' in the environment variable CMAKE_PREFIX_PATH doesn't exist
[13.934s] WARNING:colcon.colcon_ros.prefix_path.catkin:The path '/opt/ros2/humble/install/rviz_assimp_vendor' in the environment variable CMAKE_PREFIX_PATH doesn't exist
[13.940s] WARNING:colcon.colcon_ros.prefix_path.catkin:The path '/opt/ros2/humble/install/qt_gui_py_common' in the environment variable CMAKE_PREFIX_PATH doesn't exist
[13.941s] WARNING:colcon.colcon_ros.prefix_path.catkin:The path '/opt/ros2/humble/install/qt_dotgraph' in the environment variable CMAKE_PREFIX_PATH doesn't exist
[14.369s] DEBUG:colcon.colcon_core.event_handler.log_command:Invoking command in '/home/olive/workspace2/build/apriltag_msgs': CMAKE_PREFIX_PATH=${CMAKE_PREFIX_PATH}:/home/olive/examples/install/shake_detector:/opt/ros2/humble/install/rqt_bag_plugins:/opt/ros2/humble/install/rqt_bag:/opt/ros2/humble/install/ros2bag:/opt/ros2/humble/install/tracetools_test:/opt/ros2/humble/install/tracetools_launch:/opt/ros2/humble/install/topic_monitor:/opt/ros2/humble/install/tf2_tools:/opt/ros2/humble/install/examples_tf2_py:/opt/ros2/humble/install/tf2_ros_py:/opt/ros2/humble/install/sros2:/opt/ros2/humble/install/rqt_topic:/opt/ros2/humble/install/rqt_srv:/opt/ros2/humble/install/rqt_shell:/opt/ros2/humble/install/rqt_service_caller:/opt/ros2/humble/install/rqt_reconfigure:/opt/ros2/humble/install/rqt_py_console:/opt/ros2/humble/install/rqt_publisher:/opt/ros2/humble/install/rqt_plot:/opt/ros2/humble/install/rqt_action:/opt/ros2/humble/install/rqt_msg:/opt/ros2/humble/install/rqt_console:/opt/ros2/humble/install/rqt:/opt/ros2/humble/install/rqt_graph:/opt/ros2/humble/install/rqt_gui_py:/opt/ros2/humble/install/rqt_gui:/opt/ros2/humble/install/ros2trace:/opt/ros2/humble/install/ros2topic:/opt/ros2/humble/install/ros2test:/opt/ros2/humble/install/ros2component:/opt/ros2/humble/install/ros2param:/opt/ros2/humble/install/ros2lifecycle:/opt/ros2/humble/install/ros2service:/opt/ros2/humble/install/ros2run:/opt/ros2/humble/install/ros2launch:/opt/ros2/humble/install/ros2pkg:/opt/ros2/humble/install/ros2node:/opt/ros2/humble/install/ros2multicast:/opt/ros2/humble/install/ros2interface:/opt/ros2/humble/install/ros2doctor:/opt/ros2/humble/install/ros2action:/opt/ros2/humble/install/ros2cli:/opt/ros2/humble/install/quality_of_service_demo_py:/opt/ros2/humble/install/lifecycle_py:/opt/ros2/humble/install/launch_testing_ros:/opt/ros2/humble/install/launch_ros:/opt/ros2/humble/install/examples_rclpy_pointcloud_publisher:/opt/ros2/humble/install/examples_rclpy_minimal_subscriber:/opt/ros2/humble/install/examples_rclpy_minimal_service:/opt/ros2/humble/install/examples_rclpy_minimal_publisher:/opt/ros2/humble/install/examples_rclpy_minimal_client:/opt/ros2/humble/install/examples_rclpy_minimal_action_server:/opt/ros2/humble/install/examples_rclpy_minimal_action_client:/opt/ros2/humble/install/examples_rclpy_guard_conditions:/opt/ros2/humble/install/examples_rclpy_executors:/opt/ros2/humble/install/demo_nodes_py:/opt/ros2/humble/install/action_tutorials_py:/opt/ros2/humble/install/ament_uncrustify:/opt/ros2/humble/install/tracetools_trace:/opt/ros2/humble/install/tracetools_read:/opt/ros2/humble/install/test_tracetools_launch:/opt/ros2/humble/install/test_launch_ros:/opt/ros2/humble/install/sensor_msgs_py:/opt/ros2/humble/install/rpyutils:/opt/ros2/humble/install/rosidl_runtime_py:/opt/ros2/humble/install/rosidl_cli:/opt/ros2/humble/install/launch_pytest:/opt/ros2/humble/install/launch_testing:/opt/ros2/humble/install/launch_yaml:/opt/ros2/humble/install/launch_xml:/opt/ros2/humble/install/launch:/opt/ros2/humble/install/osrf_pycommon:/opt/ros2/humble/install/launch_testing_examples:/opt/ros2/humble/install/domain_coordinator:/opt/ros2/humble/install/ament_xmllint:/opt/ros2/humble/install/ament_pyflakes:/opt/ros2/humble/install/ament_pycodestyle:/opt/ros2/humble/install/ament_pep257:/opt/ros2/humble/install/ament_pclint:/opt/ros2/humble/install/ament_package:/opt/ros2/humble/install/ament_mypy:/opt/ros2/humble/install/ament_lint_cmake:/opt/ros2/humble/install/ament_flake8:/opt/ros2/humble/install/ament_copyright:/opt/ros2/humble/install/ament_lint:/opt/ros2/humble/install/ament_index_python:/opt/ros2/humble/install/ament_cpplint:/opt/ros2/humble/install/ament_cppcheck:/opt/ros2/humble/install/ament_clang_tidy:/opt/ros2/humble/install/ament_clang_format /usr/bin/cmake --build /home/olive/workspace2/build/apriltag_msgs -- -j2 -l2
[313.885s] DEBUG:colcon.colcon_core.event_handler.log_command:Invoked command in '/home/olive/workspace2/build/apriltag_msgs' returned '0': CMAKE_PREFIX_PATH=${CMAKE_PREFIX_PATH}:/home/olive/examples/install/shake_detector:/opt/ros2/humble/install/rqt_bag_plugins:/opt/ros2/humble/install/rqt_bag:/opt/ros2/humble/install/ros2bag:/opt/ros2/humble/install/tracetools_test:/opt/ros2/humble/install/tracetools_launch:/opt/ros2/humble/install/topic_monitor:/opt/ros2/humble/install/tf2_tools:/opt/ros2/humble/install/examples_tf2_py:/opt/ros2/humble/install/tf2_ros_py:/opt/ros2/humble/install/sros2:/opt/ros2/humble/install/rqt_topic:/opt/ros2/humble/install/rqt_srv:/opt/ros2/humble/install/rqt_shell:/opt/ros2/humble/install/rqt_service_caller:/opt/ros2/humble/install/rqt_reconfigure:/opt/ros2/humble/install/rqt_py_console:/opt/ros2/humble/install/rqt_publisher:/opt/ros2/humble/install/rqt_plot:/opt/ros2/humble/install/rqt_action:/opt/ros2/humble/install/rqt_msg:/opt/ros2/humble/install/rqt_console:/opt/ros2/humble/install/rqt:/opt/ros2/humble/install/rqt_graph:/opt/ros2/humble/install/rqt_gui_py:/opt/ros2/humble/install/rqt_gui:/opt/ros2/humble/install/ros2trace:/opt/ros2/humble/install/ros2topic:/opt/ros2/humble/install/ros2test:/opt/ros2/humble/install/ros2component:/opt/ros2/humble/install/ros2param:/opt/ros2/humble/install/ros2lifecycle:/opt/ros2/humble/install/ros2service:/opt/ros2/humble/install/ros2run:/opt/ros2/humble/install/ros2launch:/opt/ros2/humble/install/ros2pkg:/opt/ros2/humble/install/ros2node:/opt/ros2/humble/install/ros2multicast:/opt/ros2/humble/install/ros2interface:/opt/ros2/humble/install/ros2doctor:/opt/ros2/humble/install/ros2action:/opt/ros2/humble/install/ros2cli:/opt/ros2/humble/install/quality_of_service_demo_py:/opt/ros2/humble/install/lifecycle_py:/opt/ros2/humble/install/launch_testing_ros:/opt/ros2/humble/install/launch_ros:/opt/ros2/humble/install/examples_rclpy_pointcloud_publisher:/opt/ros2/humble/install/examples_rclpy_minimal_subscriber:/opt/ros2/humble/install/examples_rclpy_minimal_service:/opt/ros2/humble/install/examples_rclpy_minimal_publisher:/opt/ros2/humble/install/examples_rclpy_minimal_client:/opt/ros2/humble/install/examples_rclpy_minimal_action_server:/opt/ros2/humble/install/examples_rclpy_minimal_action_client:/opt/ros2/humble/install/examples_rclpy_guard_conditions:/opt/ros2/humble/install/examples_rclpy_executors:/opt/ros2/humble/install/demo_nodes_py:/opt/ros2/humble/install/action_tutorials_py:/opt/ros2/humble/install/ament_uncrustify:/opt/ros2/humble/install/tracetools_trace:/opt/ros2/humble/install/tracetools_read:/opt/ros2/humble/install/test_tracetools_launch:/opt/ros2/humble/install/test_launch_ros:/opt/ros2/humble/install/sensor_msgs_py:/opt/ros2/humble/install/rpyutils:/opt/ros2/humble/install/rosidl_runtime_py:/opt/ros2/humble/install/rosidl_cli:/opt/ros2/humble/install/launch_pytest:/opt/ros2/humble/install/launch_testing:/opt/ros2/humble/install/launch_yaml:/opt/ros2/humble/install/launch_xml:/opt/ros2/humble/install/launch:/opt/ros2/humble/install/osrf_pycommon:/opt/ros2/humble/install/launch_testing_examples:/opt/ros2/humble/install/domain_coordinator:/opt/ros2/humble/install/ament_xmllint:/opt/ros2/humble/install/ament_pyflakes:/opt/ros2/humble/install/ament_pycodestyle:/opt/ros2/humble/install/ament_pep257:/opt/ros2/humble/install/ament_pclint:/opt/ros2/humble/install/ament_package:/opt/ros2/humble/install/ament_mypy:/opt/ros2/humble/install/ament_lint_cmake:/opt/ros2/humble/install/ament_flake8:/opt/ros2/humble/install/ament_copyright:/opt/ros2/humble/install/ament_lint:/opt/ros2/humble/install/ament_index_python:/opt/ros2/humble/install/ament_cpplint:/opt/ros2/humble/install/ament_cppcheck:/opt/ros2/humble/install/ament_clang_tidy:/opt/ros2/humble/install/ament_clang_format /usr/bin/cmake --build /home/olive/workspace2/build/apriltag_msgs -- -j2 -l2
[321.923s] DEBUG:colcon.colcon_core.event_handler.log_command:Invoking command in '/home/olive/workspace2/build/apriltag_msgs': CMAKE_PREFIX_PATH=${CMAKE_PREFIX_PATH}:/home/olive/examples/install/shake_detector:/opt/ros2/humble/install/rqt_bag_plugins:/opt/ros2/humble/install/rqt_bag:/opt/ros2/humble/install/ros2bag:/opt/ros2/humble/install/tracetools_test:/opt/ros2/humble/install/tracetools_launch:/opt/ros2/humble/install/topic_monitor:/opt/ros2/humble/install/tf2_tools:/opt/ros2/humble/install/examples_tf2_py:/opt/ros2/humble/install/tf2_ros_py:/opt/ros2/humble/install/sros2:/opt/ros2/humble/install/rqt_topic:/opt/ros2/humble/install/rqt_srv:/opt/ros2/humble/install/rqt_shell:/opt/ros2/humble/install/rqt_service_caller:/opt/ros2/humble/install/rqt_reconfigure:/opt/ros2/humble/install/rqt_py_console:/opt/ros2/humble/install/rqt_publisher:/opt/ros2/humble/install/rqt_plot:/opt/ros2/humble/install/rqt_action:/opt/ros2/humble/install/rqt_msg:/opt/ros2/humble/install/rqt_console:/opt/ros2/humble/install/rqt:/opt/ros2/humble/install/rqt_graph:/opt/ros2/humble/install/rqt_gui_py:/opt/ros2/humble/install/rqt_gui:/opt/ros2/humble/install/ros2trace:/opt/ros2/humble/install/ros2topic:/opt/ros2/humble/install/ros2test:/opt/ros2/humble/install/ros2component:/opt/ros2/humble/install/ros2param:/opt/ros2/humble/install/ros2lifecycle:/opt/ros2/humble/install/ros2service:/opt/ros2/humble/install/ros2run:/opt/ros2/humble/install/ros2launch:/opt/ros2/humble/install/ros2pkg:/opt/ros2/humble/install/ros2node:/opt/ros2/humble/install/ros2multicast:/opt/ros2/humble/install/ros2interface:/opt/ros2/humble/install/ros2doctor:/opt/ros2/humble/install/ros2action:/opt/ros2/humble/install/ros2cli:/opt/ros2/humble/install/quality_of_service_demo_py:/opt/ros2/humble/install/lifecycle_py:/opt/ros2/humble/install/launch_testing_ros:/opt/ros2/humble/install/launch_ros:/opt/ros2/humble/install/examples_rclpy_pointcloud_publisher:/opt/ros2/humble/install/examples_rclpy_minimal_subscriber:/opt/ros2/humble/install/examples_rclpy_minimal_service:/opt/ros2/humble/install/examples_rclpy_minimal_publisher:/opt/ros2/humble/install/examples_rclpy_minimal_client:/opt/ros2/humble/install/examples_rclpy_minimal_action_server:/opt/ros2/humble/install/examples_rclpy_minimal_action_client:/opt/ros2/humble/install/examples_rclpy_guard_conditions:/opt/ros2/humble/install/examples_rclpy_executors:/opt/ros2/humble/install/demo_nodes_py:/opt/ros2/humble/install/action_tutorials_py:/opt/ros2/humble/install/ament_uncrustify:/opt/ros2/humble/install/tracetools_trace:/opt/ros2/humble/install/tracetools_read:/opt/ros2/humble/install/test_tracetools_launch:/opt/ros2/humble/install/test_launch_ros:/opt/ros2/humble/install/sensor_msgs_py:/opt/ros2/humble/install/rpyutils:/opt/ros2/humble/install/rosidl_runtime_py:/opt/ros2/humble/install/rosidl_cli:/opt/ros2/humble/install/launch_pytest:/opt/ros2/humble/install/launch_testing:/opt/ros2/humble/install/launch_yaml:/opt/ros2/humble/install/launch_xml:/opt/ros2/humble/install/launch:/opt/ros2/humble/install/osrf_pycommon:/opt/ros2/humble/install/launch_testing_examples:/opt/ros2/humble/install/domain_coordinator:/opt/ros2/humble/install/ament_xmllint:/opt/ros2/humble/install/ament_pyflakes:/opt/ros2/humble/install/ament_pycodestyle:/opt/ros2/humble/install/ament_pep257:/opt/ros2/humble/install/ament_pclint:/opt/ros2/humble/install/ament_package:/opt/ros2/humble/install/ament_mypy:/opt/ros2/humble/install/ament_lint_cmake:/opt/ros2/humble/install/ament_flake8:/opt/ros2/humble/install/ament_copyright:/opt/ros2/humble/install/ament_lint:/opt/ros2/humble/install/ament_index_python:/opt/ros2/humble/install/ament_cpplint:/opt/ros2/humble/install/ament_cppcheck:/opt/ros2/humble/install/ament_clang_tidy:/opt/ros2/humble/install/ament_clang_format /usr/bin/cmake --install /home/olive/workspace2/build/apriltag_msgs
[325.940s] Level 1:colcon.colcon_core.environment:create_environment_scripts_only(apriltag_msgs)
[325.958s] DEBUG:colcon.colcon_core.event_handler.log_command:Invoked command in '/home/olive/workspace2/build/apriltag_msgs' returned '0': CMAKE_PREFIX_PATH=${CMAKE_PREFIX_PATH}:/home/olive/examples/install/shake_detector:/opt/ros2/humble/install/rqt_bag_plugins:/opt/ros2/humble/install/rqt_bag:/opt/ros2/humble/install/ros2bag:/opt/ros2/humble/install/tracetools_test:/opt/ros2/humble/install/tracetools_launch:/opt/ros2/humble/install/topic_monitor:/opt/ros2/humble/install/tf2_tools:/opt/ros2/humble/install/examples_tf2_py:/opt/ros2/humble/install/tf2_ros_py:/opt/ros2/humble/install/sros2:/opt/ros2/humble/install/rqt_topic:/opt/ros2/humble/install/rqt_srv:/opt/ros2/humble/install/rqt_shell:/opt/ros2/humble/install/rqt_service_caller:/opt/ros2/humble/install/rqt_reconfigure:/opt/ros2/humble/install/rqt_py_console:/opt/ros2/humble/install/rqt_publisher:/opt/ros2/humble/install/rqt_plot:/opt/ros2/humble/install/rqt_action:/opt/ros2/humble/install/rqt_msg:/opt/ros2/humble/install/rqt_console:/opt/ros2/humble/install/rqt:/opt/ros2/humble/install/rqt_graph:/opt/ros2/humble/install/rqt_gui_py:/opt/ros2/humble/install/rqt_gui:/opt/ros2/humble/install/ros2trace:/opt/ros2/humble/install/ros2topic:/opt/ros2/humble/install/ros2test:/opt/ros2/humble/install/ros2component:/opt/ros2/humble/install/ros2param:/opt/ros2/humble/install/ros2lifecycle:/opt/ros2/humble/install/ros2service:/opt/ros2/humble/install/ros2run:/opt/ros2/humble/install/ros2launch:/opt/ros2/humble/install/ros2pkg:/opt/ros2/humble/install/ros2node:/opt/ros2/humble/install/ros2multicast:/opt/ros2/humble/install/ros2interface:/opt/ros2/humble/install/ros2doctor:/opt/ros2/humble/install/ros2action:/opt/ros2/humble/install/ros2cli:/opt/ros2/humble/install/quality_of_service_demo_py:/opt/ros2/humble/install/lifecycle_py:/opt/ros2/humble/install/launch_testing_ros:/opt/ros2/humble/install/launch_ros:/opt/ros2/humble/install/examples_rclpy_pointcloud_publisher:/opt/ros2/humble/install/examples_rclpy_minimal_subscriber:/opt/ros2/humble/install/examples_rclpy_minimal_service:/opt/ros2/humble/install/examples_rclpy_minimal_publisher:/opt/ros2/humble/install/examples_rclpy_minimal_client:/opt/ros2/humble/install/examples_rclpy_minimal_action_server:/opt/ros2/humble/install/examples_rclpy_minimal_action_client:/opt/ros2/humble/install/examples_rclpy_guard_conditions:/opt/ros2/humble/install/examples_rclpy_executors:/opt/ros2/humble/install/demo_nodes_py:/opt/ros2/humble/install/action_tutorials_py:/opt/ros2/humble/install/ament_uncrustify:/opt/ros2/humble/install/tracetools_trace:/opt/ros2/humble/install/tracetools_read:/opt/ros2/humble/install/test_tracetools_launch:/opt/ros2/humble/install/test_launch_ros:/opt/ros2/humble/install/sensor_msgs_py:/opt/ros2/humble/install/rpyutils:/opt/ros2/humble/install/rosidl_runtime_py:/opt/ros2/humble/install/rosidl_cli:/opt/ros2/humble/install/launch_pytest:/opt/ros2/humble/install/launch_testing:/opt/ros2/humble/install/launch_yaml:/opt/ros2/humble/install/launch_xml:/opt/ros2/humble/install/launch:/opt/ros2/humble/install/osrf_pycommon:/opt/ros2/humble/install/launch_testing_examples:/opt/ros2/humble/install/domain_coordinator:/opt/ros2/humble/install/ament_xmllint:/opt/ros2/humble/install/ament_pyflakes:/opt/ros2/humble/install/ament_pycodestyle:/opt/ros2/humble/install/ament_pep257:/opt/ros2/humble/install/ament_pclint:/opt/ros2/humble/install/ament_package:/opt/ros2/humble/install/ament_mypy:/opt/ros2/humble/install/ament_lint_cmake:/opt/ros2/humble/install/ament_flake8:/opt/ros2/humble/install/ament_copyright:/opt/ros2/humble/install/ament_lint:/opt/ros2/humble/install/ament_index_python:/opt/ros2/humble/install/ament_cpplint:/opt/ros2/humble/install/ament_cppcheck:/opt/ros2/humble/install/ament_clang_tidy:/opt/ros2/humble/install/ament_clang_format /usr/bin/cmake --install /home/olive/workspace2/build/apriltag_msgs
[326.094s] Level 1:colcon.colcon_core.environment:checking '/home/olive/workspace2/install/apriltag_msgs' for CMake module files
[326.106s] Level 1:colcon.colcon_core.environment:checking '/home/olive/workspace2/install/apriltag_msgs' for CMake config files
[326.115s] Level 1:colcon.colcon_core.shell:create_environment_hook('apriltag_msgs', 'cmake_prefix_path')
[326.133s] INFO:colcon.colcon_core.shell:Creating environment hook '/home/olive/workspace2/install/apriltag_msgs/share/apriltag_msgs/hook/cmake_prefix_path.ps1'
[326.144s] INFO:colcon.colcon_core.shell:Creating environment descriptor '/home/olive/workspace2/install/apriltag_msgs/share/apriltag_msgs/hook/cmake_prefix_path.dsv'
[326.152s] INFO:colcon.colcon_core.shell:Creating environment hook '/home/olive/workspace2/install/apriltag_msgs/share/apriltag_msgs/hook/cmake_prefix_path.sh'
[326.167s] Level 1:colcon.colcon_core.environment:checking '/home/olive/workspace2/install/apriltag_msgs/lib'
[326.170s] Level 1:colcon.colcon_core.shell:create_environment_hook('apriltag_msgs', 'ld_library_path_lib')
[326.190s] INFO:colcon.colcon_core.shell:Creating environment hook '/home/olive/workspace2/install/apriltag_msgs/share/apriltag_msgs/hook/ld_library_path_lib.ps1'
[326.198s] INFO:colcon.colcon_core.shell:Creating environment descriptor '/home/olive/workspace2/install/apriltag_msgs/share/apriltag_msgs/hook/ld_library_path_lib.dsv'
[326.204s] INFO:colcon.colcon_core.shell:Creating environment hook '/home/olive/workspace2/install/apriltag_msgs/share/apriltag_msgs/hook/ld_library_path_lib.sh'
[326.211s] Level 1:colcon.colcon_core.environment:checking '/home/olive/workspace2/install/apriltag_msgs/bin'
[326.213s] Level 1:colcon.colcon_core.environment:checking '/home/olive/workspace2/install/apriltag_msgs/lib/pkgconfig/apriltag_msgs.pc'
[326.214s] Level 1:colcon.colcon_core.environment:checking '/home/olive/workspace2/install/apriltag_msgs/lib/python3.9/site-packages'
[326.215s] Level 1:colcon.colcon_core.shell:create_environment_hook('apriltag_msgs', 'pythonpath')
[326.232s] INFO:colcon.colcon_core.shell:Creating environment hook '/home/olive/workspace2/install/apriltag_msgs/share/apriltag_msgs/hook/pythonpath.ps1'
[326.238s] INFO:colcon.colcon_core.shell:Creating environment descriptor '/home/olive/workspace2/install/apriltag_msgs/share/apriltag_msgs/hook/pythonpath.dsv'
[326.245s] INFO:colcon.colcon_core.shell:Creating environment hook '/home/olive/workspace2/install/apriltag_msgs/share/apriltag_msgs/hook/pythonpath.sh'
[326.271s] INFO:colcon.colcon_core.shell:Creating package script '/home/olive/workspace2/install/apriltag_msgs/share/apriltag_msgs/package.ps1'
[326.286s] INFO:colcon.colcon_core.shell:Creating package descriptor '/home/olive/workspace2/install/apriltag_msgs/share/apriltag_msgs/package.dsv'
[326.301s] INFO:colcon.colcon_core.shell:Creating package script '/home/olive/workspace2/install/apriltag_msgs/share/apriltag_msgs/package.sh'
[326.316s] INFO:colcon.colcon_core.shell:Creating package script '/home/olive/workspace2/install/apriltag_msgs/share/apriltag_msgs/package.bash'
[326.331s] INFO:colcon.colcon_core.shell:Creating package script '/home/olive/workspace2/install/apriltag_msgs/share/apriltag_msgs/package.zsh'
[326.344s] Level 1:colcon.colcon_core.environment:create_file_with_runtime_dependencies(/home/olive/workspace2/install/apriltag_msgs/share/colcon-core/packages/apriltag_msgs)
[334.058s] Level 1:colcon.colcon_core.environment:create_environment_scripts_only(apriltag_msgs)
[334.092s] Level 1:colcon.colcon_core.environment:checking '/home/olive/workspace2/install/apriltag_msgs' for CMake module files
[334.105s] Level 1:colcon.colcon_core.environment:checking '/home/olive/workspace2/install/apriltag_msgs' for CMake config files
[334.113s] Level 1:colcon.colcon_core.shell:create_environment_hook('apriltag_msgs', 'cmake_prefix_path')
[334.130s] INFO:colcon.colcon_core.shell:Creating environment hook '/home/olive/workspace2/install/apriltag_msgs/share/apriltag_msgs/hook/cmake_prefix_path.ps1'
[334.138s] INFO:colcon.colcon_core.shell:Creating environment descriptor '/home/olive/workspace2/install/apriltag_msgs/share/apriltag_msgs/hook/cmake_prefix_path.dsv'
[334.144s] INFO:colcon.colcon_core.shell:Creating environment hook '/home/olive/workspace2/install/apriltag_msgs/share/apriltag_msgs/hook/cmake_prefix_path.sh'
[334.153s] Level 1:colcon.colcon_core.environment:checking '/home/olive/workspace2/install/apriltag_msgs/lib'
[334.155s] Level 1:colcon.colcon_core.shell:create_environment_hook('apriltag_msgs', 'ld_library_path_lib')
[334.172s] INFO:colcon.colcon_core.shell:Creating environment hook '/home/olive/workspace2/install/apriltag_msgs/share/apriltag_msgs/hook/ld_library_path_lib.ps1'
[334.178s] INFO:colcon.colcon_core.shell:Creating environment descriptor '/home/olive/workspace2/install/apriltag_msgs/share/apriltag_msgs/hook/ld_library_path_lib.dsv'
[334.186s] INFO:colcon.colcon_core.shell:Creating environment hook '/home/olive/workspace2/install/apriltag_msgs/share/apriltag_msgs/hook/ld_library_path_lib.sh'
[334.193s] Level 1:colcon.colcon_core.environment:checking '/home/olive/workspace2/install/apriltag_msgs/bin'
[334.194s] Level 1:colcon.colcon_core.environment:checking '/home/olive/workspace2/install/apriltag_msgs/lib/pkgconfig/apriltag_msgs.pc'
[334.196s] Level 1:colcon.colcon_core.environment:checking '/home/olive/workspace2/install/apriltag_msgs/lib/python3.9/site-packages'
[334.197s] Level 1:colcon.colcon_core.shell:create_environment_hook('apriltag_msgs', 'pythonpath')
[334.214s] INFO:colcon.colcon_core.shell:Creating environment hook '/home/olive/workspace2/install/apriltag_msgs/share/apriltag_msgs/hook/pythonpath.ps1'
[334.221s] INFO:colcon.colcon_core.shell:Creating environment descriptor '/home/olive/workspace2/install/apriltag_msgs/share/apriltag_msgs/hook/pythonpath.dsv'
[334.227s] INFO:colcon.colcon_core.shell:Creating environment hook '/home/olive/workspace2/install/apriltag_msgs/share/apriltag_msgs/hook/pythonpath.sh'
[334.253s] INFO:colcon.colcon_core.shell:Creating package script '/home/olive/workspace2/install/apriltag_msgs/share/apriltag_msgs/package.ps1'
[334.263s] INFO:colcon.colcon_core.shell:Creating package descriptor '/home/olive/workspace2/install/apriltag_msgs/share/apriltag_msgs/package.dsv'
[334.273s] INFO:colcon.colcon_core.shell:Creating package script '/home/olive/workspace2/install/apriltag_msgs/share/apriltag_msgs/package.sh'
[334.282s] INFO:colcon.colcon_core.shell:Creating package script '/home/olive/workspace2/install/apriltag_msgs/share/apriltag_msgs/package.bash'
[334.292s] INFO:colcon.colcon_core.shell:Creating package script '/home/olive/workspace2/install/apriltag_msgs/share/apriltag_msgs/package.zsh'
[334.299s] Level 1:colcon.colcon_core.environment:create_file_with_runtime_dependencies(/home/olive/workspace2/install/apriltag_msgs/share/colcon-core/packages/apriltag_msgs)
[334.304s] INFO:colcon.colcon_ros.task.ament_cmake.build:Building ROS package in '/home/olive/workspace2/src/apriltag_detector' with build type 'ament_cmake'
[334.306s] INFO:colcon.colcon_cmake.task.cmake.build:Building CMake package in '/home/olive/workspace2/src/apriltag_detector'
[334.327s] INFO:colcon.colcon_core.shell:Skip shell extension 'powershell' for command environment: Not usable outside of PowerShell
[334.329s] DEBUG:colcon.colcon_core.shell:Skip shell extension 'dsv' for command environment
[335.322s] DEBUG:colcon.colcon_core.event_handler.log_command:Invoking command in '/home/olive/workspace2/build/apriltag_detector': CMAKE_PREFIX_PATH=${CMAKE_PREFIX_PATH}:/home/olive/examples/install/shake_detector:/opt/ros2/humble/install/rqt_bag_plugins:/opt/ros2/humble/install/rqt_bag:/opt/ros2/humble/install/ros2bag:/opt/ros2/humble/install/tracetools_test:/opt/ros2/humble/install/tracetools_launch:/opt/ros2/humble/install/topic_monitor:/opt/ros2/humble/install/tf2_tools:/opt/ros2/humble/install/examples_tf2_py:/opt/ros2/humble/install/tf2_ros_py:/opt/ros2/humble/install/sros2:/opt/ros2/humble/install/rqt_topic:/opt/ros2/humble/install/rqt_srv:/opt/ros2/humble/install/rqt_shell:/opt/ros2/humble/install/rqt_service_caller:/opt/ros2/humble/install/rqt_reconfigure:/opt/ros2/humble/install/rqt_py_console:/opt/ros2/humble/install/rqt_publisher:/opt/ros2/humble/install/rqt_plot:/opt/ros2/humble/install/rqt_action:/opt/ros2/humble/install/rqt_msg:/opt/ros2/humble/install/rqt_console:/opt/ros2/humble/install/rqt:/opt/ros2/humble/install/rqt_graph:/opt/ros2/humble/install/rqt_gui_py:/opt/ros2/humble/install/rqt_gui:/opt/ros2/humble/install/ros2trace:/opt/ros2/humble/install/ros2topic:/opt/ros2/humble/install/ros2test:/opt/ros2/humble/install/ros2component:/opt/ros2/humble/install/ros2param:/opt/ros2/humble/install/ros2lifecycle:/opt/ros2/humble/install/ros2service:/opt/ros2/humble/install/ros2run:/opt/ros2/humble/install/ros2launch:/opt/ros2/humble/install/ros2pkg:/opt/ros2/humble/install/ros2node:/opt/ros2/humble/install/ros2multicast:/opt/ros2/humble/install/ros2interface:/opt/ros2/humble/install/ros2doctor:/opt/ros2/humble/install/ros2action:/opt/ros2/humble/install/ros2cli:/opt/ros2/humble/install/quality_of_service_demo_py:/opt/ros2/humble/install/lifecycle_py:/opt/ros2/humble/install/launch_testing_ros:/opt/ros2/humble/install/launch_ros:/opt/ros2/humble/install/examples_rclpy_pointcloud_publisher:/opt/ros2/humble/install/examples_rclpy_minimal_subscriber:/opt/ros2/humble/install/examples_rclpy_minimal_service:/opt/ros2/humble/install/examples_rclpy_minimal_publisher:/opt/ros2/humble/install/examples_rclpy_minimal_client:/opt/ros2/humble/install/examples_rclpy_minimal_action_server:/opt/ros2/humble/install/examples_rclpy_minimal_action_client:/opt/ros2/humble/install/examples_rclpy_guard_conditions:/opt/ros2/humble/install/examples_rclpy_executors:/opt/ros2/humble/install/demo_nodes_py:/opt/ros2/humble/install/action_tutorials_py:/opt/ros2/humble/install/ament_uncrustify:/opt/ros2/humble/install/tracetools_trace:/opt/ros2/humble/install/tracetools_read:/opt/ros2/humble/install/test_tracetools_launch:/opt/ros2/humble/install/test_launch_ros:/opt/ros2/humble/install/sensor_msgs_py:/opt/ros2/humble/install/rpyutils:/opt/ros2/humble/install/rosidl_runtime_py:/opt/ros2/humble/install/rosidl_cli:/opt/ros2/humble/install/launch_pytest:/opt/ros2/humble/install/launch_testing:/opt/ros2/humble/install/launch_yaml:/opt/ros2/humble/install/launch_xml:/opt/ros2/humble/install/launch:/opt/ros2/humble/install/osrf_pycommon:/opt/ros2/humble/install/launch_testing_examples:/opt/ros2/humble/install/domain_coordinator:/opt/ros2/humble/install/ament_xmllint:/opt/ros2/humble/install/ament_pyflakes:/opt/ros2/humble/install/ament_pycodestyle:/opt/ros2/humble/install/ament_pep257:/opt/ros2/humble/install/ament_pclint:/opt/ros2/humble/install/ament_package:/opt/ros2/humble/install/ament_mypy:/opt/ros2/humble/install/ament_lint_cmake:/opt/ros2/humble/install/ament_flake8:/opt/ros2/humble/install/ament_copyright:/opt/ros2/humble/install/ament_lint:/opt/ros2/humble/install/ament_index_python:/opt/ros2/humble/install/ament_cpplint:/opt/ros2/humble/install/ament_cppcheck:/opt/ros2/humble/install/ament_clang_tidy:/opt/ros2/humble/install/ament_clang_format /usr/bin/cmake --build /home/olive/workspace2/build/apriltag_detector -- -j2 -l2
[637.275s] DEBUG:colcon.colcon_core.event_handler.log_command:Invoked command in '/home/olive/workspace2/build/apriltag_detector' returned '0': CMAKE_PREFIX_PATH=${CMAKE_PREFIX_PATH}:/home/olive/examples/install/shake_detector:/opt/ros2/humble/install/rqt_bag_plugins:/opt/ros2/humble/install/rqt_bag:/opt/ros2/humble/install/ros2bag:/opt/ros2/humble/install/tracetools_test:/opt/ros2/humble/install/tracetools_launch:/opt/ros2/humble/install/topic_monitor:/opt/ros2/humble/install/tf2_tools:/opt/ros2/humble/install/examples_tf2_py:/opt/ros2/humble/install/tf2_ros_py:/opt/ros2/humble/install/sros2:/opt/ros2/humble/install/rqt_topic:/opt/ros2/humble/install/rqt_srv:/opt/ros2/humble/install/rqt_shell:/opt/ros2/humble/install/rqt_service_caller:/opt/ros2/humble/install/rqt_reconfigure:/opt/ros2/humble/install/rqt_py_console:/opt/ros2/humble/install/rqt_publisher:/opt/ros2/humble/install/rqt_plot:/opt/ros2/humble/install/rqt_action:/opt/ros2/humble/install/rqt_msg:/opt/ros2/humble/install/rqt_console:/opt/ros2/humble/install/rqt:/opt/ros2/humble/install/rqt_graph:/opt/ros2/humble/install/rqt_gui_py:/opt/ros2/humble/install/rqt_gui:/opt/ros2/humble/install/ros2trace:/opt/ros2/humble/install/ros2topic:/opt/ros2/humble/install/ros2test:/opt/ros2/humble/install/ros2component:/opt/ros2/humble/install/ros2param:/opt/ros2/humble/install/ros2lifecycle:/opt/ros2/humble/install/ros2service:/opt/ros2/humble/install/ros2run:/opt/ros2/humble/install/ros2launch:/opt/ros2/humble/install/ros2pkg:/opt/ros2/humble/install/ros2node:/opt/ros2/humble/install/ros2multicast:/opt/ros2/humble/install/ros2interface:/opt/ros2/humble/install/ros2doctor:/opt/ros2/humble/install/ros2action:/opt/ros2/humble/install/ros2cli:/opt/ros2/humble/install/quality_of_service_demo_py:/opt/ros2/humble/install/lifecycle_py:/opt/ros2/humble/install/launch_testing_ros:/opt/ros2/humble/install/launch_ros:/opt/ros2/humble/install/examples_rclpy_pointcloud_publisher:/opt/ros2/humble/install/examples_rclpy_minimal_subscriber:/opt/ros2/humble/install/examples_rclpy_minimal_service:/opt/ros2/humble/install/examples_rclpy_minimal_publisher:/opt/ros2/humble/install/examples_rclpy_minimal_client:/opt/ros2/humble/install/examples_rclpy_minimal_action_server:/opt/ros2/humble/install/examples_rclpy_minimal_action_client:/opt/ros2/humble/install/examples_rclpy_guard_conditions:/opt/ros2/humble/install/examples_rclpy_executors:/opt/ros2/humble/install/demo_nodes_py:/opt/ros2/humble/install/action_tutorials_py:/opt/ros2/humble/install/ament_uncrustify:/opt/ros2/humble/install/tracetools_trace:/opt/ros2/humble/install/tracetools_read:/opt/ros2/humble/install/test_tracetools_launch:/opt/ros2/humble/install/test_launch_ros:/opt/ros2/humble/install/sensor_msgs_py:/opt/ros2/humble/install/rpyutils:/opt/ros2/humble/install/rosidl_runtime_py:/opt/ros2/humble/install/rosidl_cli:/opt/ros2/humble/install/launch_pytest:/opt/ros2/humble/install/launch_testing:/opt/ros2/humble/install/launch_yaml:/opt/ros2/humble/install/launch_xml:/opt/ros2/humble/install/launch:/opt/ros2/humble/install/osrf_pycommon:/opt/ros2/humble/install/launch_testing_examples:/opt/ros2/humble/install/domain_coordinator:/opt/ros2/humble/install/ament_xmllint:/opt/ros2/humble/install/ament_pyflakes:/opt/ros2/humble/install/ament_pycodestyle:/opt/ros2/humble/install/ament_pep257:/opt/ros2/humble/install/ament_pclint:/opt/ros2/humble/install/ament_package:/opt/ros2/humble/install/ament_mypy:/opt/ros2/humble/install/ament_lint_cmake:/opt/ros2/humble/install/ament_flake8:/opt/ros2/humble/install/ament_copyright:/opt/ros2/humble/install/ament_lint:/opt/ros2/humble/install/ament_index_python:/opt/ros2/humble/install/ament_cpplint:/opt/ros2/humble/install/ament_cppcheck:/opt/ros2/humble/install/ament_clang_tidy:/opt/ros2/humble/install/ament_clang_format /usr/bin/cmake --build /home/olive/workspace2/build/apriltag_detector -- -j2 -l2
[640.397s] DEBUG:colcon.colcon_core.event_handler.log_command:Invoking command in '/home/olive/workspace2/build/apriltag_detector': CMAKE_PREFIX_PATH=${CMAKE_PREFIX_PATH}:/home/olive/examples/install/shake_detector:/opt/ros2/humble/install/rqt_bag_plugins:/opt/ros2/humble/install/rqt_bag:/opt/ros2/humble/install/ros2bag:/opt/ros2/humble/install/tracetools_test:/opt/ros2/humble/install/tracetools_launch:/opt/ros2/humble/install/topic_monitor:/opt/ros2/humble/install/tf2_tools:/opt/ros2/humble/install/examples_tf2_py:/opt/ros2/humble/install/tf2_ros_py:/opt/ros2/humble/install/sros2:/opt/ros2/humble/install/rqt_topic:/opt/ros2/humble/install/rqt_srv:/opt/ros2/humble/install/rqt_shell:/opt/ros2/humble/install/rqt_service_caller:/opt/ros2/humble/install/rqt_reconfigure:/opt/ros2/humble/install/rqt_py_console:/opt/ros2/humble/install/rqt_publisher:/opt/ros2/humble/install/rqt_plot:/opt/ros2/humble/install/rqt_action:/opt/ros2/humble/install/rqt_msg:/opt/ros2/humble/install/rqt_console:/opt/ros2/humble/install/rqt:/opt/ros2/humble/install/rqt_graph:/opt/ros2/humble/install/rqt_gui_py:/opt/ros2/humble/install/rqt_gui:/opt/ros2/humble/install/ros2trace:/opt/ros2/humble/install/ros2topic:/opt/ros2/humble/install/ros2test:/opt/ros2/humble/install/ros2component:/opt/ros2/humble/install/ros2param:/opt/ros2/humble/install/ros2lifecycle:/opt/ros2/humble/install/ros2service:/opt/ros2/humble/install/ros2run:/opt/ros2/humble/install/ros2launch:/opt/ros2/humble/install/ros2pkg:/opt/ros2/humble/install/ros2node:/opt/ros2/humble/install/ros2multicast:/opt/ros2/humble/install/ros2interface:/opt/ros2/humble/install/ros2doctor:/opt/ros2/humble/install/ros2action:/opt/ros2/humble/install/ros2cli:/opt/ros2/humble/install/quality_of_service_demo_py:/opt/ros2/humble/install/lifecycle_py:/opt/ros2/humble/install/launch_testing_ros:/opt/ros2/humble/install/launch_ros:/opt/ros2/humble/install/examples_rclpy_pointcloud_publisher:/opt/ros2/humble/install/examples_rclpy_minimal_subscriber:/opt/ros2/humble/install/examples_rclpy_minimal_service:/opt/ros2/humble/install/examples_rclpy_minimal_publisher:/opt/ros2/humble/install/examples_rclpy_minimal_client:/opt/ros2/humble/install/examples_rclpy_minimal_action_server:/opt/ros2/humble/install/examples_rclpy_minimal_action_client:/opt/ros2/humble/install/examples_rclpy_guard_conditions:/opt/ros2/humble/install/examples_rclpy_executors:/opt/ros2/humble/install/demo_nodes_py:/opt/ros2/humble/install/action_tutorials_py:/opt/ros2/humble/install/ament_uncrustify:/opt/ros2/humble/install/tracetools_trace:/opt/ros2/humble/install/tracetools_read:/opt/ros2/humble/install/test_tracetools_launch:/opt/ros2/humble/install/test_launch_ros:/opt/ros2/humble/install/sensor_msgs_py:/opt/ros2/humble/install/rpyutils:/opt/ros2/humble/install/rosidl_runtime_py:/opt/ros2/humble/install/rosidl_cli:/opt/ros2/humble/install/launch_pytest:/opt/ros2/humble/install/launch_testing:/opt/ros2/humble/install/launch_yaml:/opt/ros2/humble/install/launch_xml:/opt/ros2/humble/install/launch:/opt/ros2/humble/install/osrf_pycommon:/opt/ros2/humble/install/launch_testing_examples:/opt/ros2/humble/install/domain_coordinator:/opt/ros2/humble/install/ament_xmllint:/opt/ros2/humble/install/ament_pyflakes:/opt/ros2/humble/install/ament_pycodestyle:/opt/ros2/humble/install/ament_pep257:/opt/ros2/humble/install/ament_pclint:/opt/ros2/humble/install/ament_package:/opt/ros2/humble/install/ament_mypy:/opt/ros2/humble/install/ament_lint_cmake:/opt/ros2/humble/install/ament_flake8:/opt/ros2/humble/install/ament_copyright:/opt/ros2/humble/install/ament_lint:/opt/ros2/humble/install/ament_index_python:/opt/ros2/humble/install/ament_cpplint:/opt/ros2/humble/install/ament_cppcheck:/opt/ros2/humble/install/ament_clang_tidy:/opt/ros2/humble/install/ament_clang_format /usr/bin/cmake --install /home/olive/workspace2/build/apriltag_detector
[641.045s] Level 1:colcon.colcon_core.environment:create_environment_scripts_only(apriltag_detector)
[641.055s] DEBUG:colcon.colcon_core.event_handler.log_command:Invoked command in '/home/olive/workspace2/build/apriltag_detector' returned '0': CMAKE_PREFIX_PATH=${CMAKE_PREFIX_PATH}:/home/olive/examples/install/shake_detector:/opt/ros2/humble/install/rqt_bag_plugins:/opt/ros2/humble/install/rqt_bag:/opt/ros2/humble/install/ros2bag:/opt/ros2/humble/install/tracetools_test:/opt/ros2/humble/install/tracetools_launch:/opt/ros2/humble/install/topic_monitor:/opt/ros2/humble/install/tf2_tools:/opt/ros2/humble/install/examples_tf2_py:/opt/ros2/humble/install/tf2_ros_py:/opt/ros2/humble/install/sros2:/opt/ros2/humble/install/rqt_topic:/opt/ros2/humble/install/rqt_srv:/opt/ros2/humble/install/rqt_shell:/opt/ros2/humble/install/rqt_service_caller:/opt/ros2/humble/install/rqt_reconfigure:/opt/ros2/humble/install/rqt_py_console:/opt/ros2/humble/install/rqt_publisher:/opt/ros2/humble/install/rqt_plot:/opt/ros2/humble/install/rqt_action:/opt/ros2/humble/install/rqt_msg:/opt/ros2/humble/install/rqt_console:/opt/ros2/humble/install/rqt:/opt/ros2/humble/install/rqt_graph:/opt/ros2/humble/install/rqt_gui_py:/opt/ros2/humble/install/rqt_gui:/opt/ros2/humble/install/ros2trace:/opt/ros2/humble/install/ros2topic:/opt/ros2/humble/install/ros2test:/opt/ros2/humble/install/ros2component:/opt/ros2/humble/install/ros2param:/opt/ros2/humble/install/ros2lifecycle:/opt/ros2/humble/install/ros2service:/opt/ros2/humble/install/ros2run:/opt/ros2/humble/install/ros2launch:/opt/ros2/humble/install/ros2pkg:/opt/ros2/humble/install/ros2node:/opt/ros2/humble/install/ros2multicast:/opt/ros2/humble/install/ros2interface:/opt/ros2/humble/install/ros2doctor:/opt/ros2/humble/install/ros2action:/opt/ros2/humble/install/ros2cli:/opt/ros2/humble/install/quality_of_service_demo_py:/opt/ros2/humble/install/lifecycle_py:/opt/ros2/humble/install/launch_testing_ros:/opt/ros2/humble/install/launch_ros:/opt/ros2/humble/install/examples_rclpy_pointcloud_publisher:/opt/ros2/humble/install/examples_rclpy_minimal_subscriber:/opt/ros2/humble/install/examples_rclpy_minimal_service:/opt/ros2/humble/install/examples_rclpy_minimal_publisher:/opt/ros2/humble/install/examples_rclpy_minimal_client:/opt/ros2/humble/install/examples_rclpy_minimal_action_server:/opt/ros2/humble/install/examples_rclpy_minimal_action_client:/opt/ros2/humble/install/examples_rclpy_guard_conditions:/opt/ros2/humble/install/examples_rclpy_executors:/opt/ros2/humble/install/demo_nodes_py:/opt/ros2/humble/install/action_tutorials_py:/opt/ros2/humble/install/ament_uncrustify:/opt/ros2/humble/install/tracetools_trace:/opt/ros2/humble/install/tracetools_read:/opt/ros2/humble/install/test_tracetools_launch:/opt/ros2/humble/install/test_launch_ros:/opt/ros2/humble/install/sensor_msgs_py:/opt/ros2/humble/install/rpyutils:/opt/ros2/humble/install/rosidl_runtime_py:/opt/ros2/humble/install/rosidl_cli:/opt/ros2/humble/install/launch_pytest:/opt/ros2/humble/install/launch_testing:/opt/ros2/humble/install/launch_yaml:/opt/ros2/humble/install/launch_xml:/opt/ros2/humble/install/launch:/opt/ros2/humble/install/osrf_pycommon:/opt/ros2/humble/install/launch_testing_examples:/opt/ros2/humble/install/domain_coordinator:/opt/ros2/humble/install/ament_xmllint:/opt/ros2/humble/install/ament_pyflakes:/opt/ros2/humble/install/ament_pycodestyle:/opt/ros2/humble/install/ament_pep257:/opt/ros2/humble/install/ament_pclint:/opt/ros2/humble/install/ament_package:/opt/ros2/humble/install/ament_mypy:/opt/ros2/humble/install/ament_lint_cmake:/opt/ros2/humble/install/ament_flake8:/opt/ros2/humble/install/ament_copyright:/opt/ros2/humble/install/ament_lint:/opt/ros2/humble/install/ament_index_python:/opt/ros2/humble/install/ament_cpplint:/opt/ros2/humble/install/ament_cppcheck:/opt/ros2/humble/install/ament_clang_tidy:/opt/ros2/humble/install/ament_clang_format /usr/bin/cmake --install /home/olive/workspace2/build/apriltag_detector
[641.340s] Level 1:colcon.colcon_core.environment:checking '/home/olive/workspace2/install/apriltag_detector' for CMake module files
[641.370s] Level 1:colcon.colcon_core.environment:checking '/home/olive/workspace2/install/apriltag_detector' for CMake config files
[641.384s] Level 1:colcon.colcon_core.shell:create_environment_hook('apriltag_detector', 'cmake_prefix_path')
[641.421s] INFO:colcon.colcon_core.shell:Creating environment hook '/home/olive/workspace2/install/apriltag_detector/share/apriltag_detector/hook/cmake_prefix_path.ps1'
[641.651s] INFO:colcon.colcon_core.shell:Creating environment descriptor '/home/olive/workspace2/install/apriltag_detector/share/apriltag_detector/hook/cmake_prefix_path.dsv'
[641.701s] INFO:colcon.colcon_core.shell:Creating environment hook '/home/olive/workspace2/install/apriltag_detector/share/apriltag_detector/hook/cmake_prefix_path.sh'
[641.845s] Level 1:colcon.colcon_core.environment:checking '/home/olive/workspace2/install/apriltag_detector/lib'
[641.850s] Level 1:colcon.colcon_core.shell:create_environment_hook('apriltag_detector', 'ld_library_path_lib')
[641.867s] INFO:colcon.colcon_core.shell:Creating environment hook '/home/olive/workspace2/install/apriltag_detector/share/apriltag_detector/hook/ld_library_path_lib.ps1'
[641.875s] INFO:colcon.colcon_core.shell:Creating environment descriptor '/home/olive/workspace2/install/apriltag_detector/share/apriltag_detector/hook/ld_library_path_lib.dsv'
[641.883s] INFO:colcon.colcon_core.shell:Creating environment hook '/home/olive/workspace2/install/apriltag_detector/share/apriltag_detector/hook/ld_library_path_lib.sh'
[641.890s] Level 1:colcon.colcon_core.environment:checking '/home/olive/workspace2/install/apriltag_detector/bin'
[641.893s] Level 1:colcon.colcon_core.environment:checking '/home/olive/workspace2/install/apriltag_detector/lib/pkgconfig/apriltag_detector.pc'
[641.908s] Level 1:colcon.colcon_core.environment:checking '/home/olive/workspace2/install/apriltag_detector/lib/python3.9/site-packages'
[641.929s] INFO:colcon.colcon_core.shell:Creating package script '/home/olive/workspace2/install/apriltag_detector/share/apriltag_detector/package.ps1'
[641.950s] INFO:colcon.colcon_core.shell:Creating package descriptor '/home/olive/workspace2/install/apriltag_detector/share/apriltag_detector/package.dsv'
[641.962s] INFO:colcon.colcon_core.shell:Creating package script '/home/olive/workspace2/install/apriltag_detector/share/apriltag_detector/package.sh'
[641.980s] INFO:colcon.colcon_core.shell:Creating package script '/home/olive/workspace2/install/apriltag_detector/share/apriltag_detector/package.bash'
[642.046s] INFO:colcon.colcon_core.shell:Creating package script '/home/olive/workspace2/install/apriltag_detector/share/apriltag_detector/package.zsh'
[642.078s] Level 1:colcon.colcon_core.environment:create_file_with_runtime_dependencies(/home/olive/workspace2/install/apriltag_detector/share/colcon-core/packages/apriltag_detector)
[644.806s] Level 1:colcon.colcon_core.environment:create_environment_scripts_only(apriltag_detector)
[644.840s] Level 1:colcon.colcon_core.environment:checking '/home/olive/workspace2/install/apriltag_detector' for CMake module files
[644.851s] Level 1:colcon.colcon_core.environment:checking '/home/olive/workspace2/install/apriltag_detector' for CMake config files
[644.857s] Level 1:colcon.colcon_core.shell:create_environment_hook('apriltag_detector', 'cmake_prefix_path')
[644.874s] INFO:colcon.colcon_core.shell:Creating environment hook '/home/olive/workspace2/install/apriltag_detector/share/apriltag_detector/hook/cmake_prefix_path.ps1'
[644.882s] INFO:colcon.colcon_core.shell:Creating environment descriptor '/home/olive/workspace2/install/apriltag_detector/share/apriltag_detector/hook/cmake_prefix_path.dsv'
[644.888s] INFO:colcon.colcon_core.shell:Creating environment hook '/home/olive/workspace2/install/apriltag_detector/share/apriltag_detector/hook/cmake_prefix_path.sh'
[644.899s] Level 1:colcon.colcon_core.environment:checking '/home/olive/workspace2/install/apriltag_detector/lib'
[644.901s] Level 1:colcon.colcon_core.shell:create_environment_hook('apriltag_detector', 'ld_library_path_lib')
[644.918s] INFO:colcon.colcon_core.shell:Creating environment hook '/home/olive/workspace2/install/apriltag_detector/share/apriltag_detector/hook/ld_library_path_lib.ps1'
[644.925s] INFO:colcon.colcon_core.shell:Creating environment descriptor '/home/olive/workspace2/install/apriltag_detector/share/apriltag_detector/hook/ld_library_path_lib.dsv'
[644.931s] INFO:colcon.colcon_core.shell:Creating environment hook '/home/olive/workspace2/install/apriltag_detector/share/apriltag_detector/hook/ld_library_path_lib.sh'
[644.938s] Level 1:colcon.colcon_core.environment:checking '/home/olive/workspace2/install/apriltag_detector/bin'
[644.940s] Level 1:colcon.colcon_core.environment:checking '/home/olive/workspace2/install/apriltag_detector/lib/pkgconfig/apriltag_detector.pc'
[644.941s] Level 1:colcon.colcon_core.environment:checking '/home/olive/workspace2/install/apriltag_detector/lib/python3.9/site-packages'
[644.963s] INFO:colcon.colcon_core.shell:Creating package script '/home/olive/workspace2/install/apriltag_detector/share/apriltag_detector/package.ps1'
[644.973s] INFO:colcon.colcon_core.shell:Creating package descriptor '/home/olive/workspace2/install/apriltag_detector/share/apriltag_detector/package.dsv'
[644.983s] INFO:colcon.colcon_core.shell:Creating package script '/home/olive/workspace2/install/apriltag_detector/share/apriltag_detector/package.sh'
[644.992s] INFO:colcon.colcon_core.shell:Creating package script '/home/olive/workspace2/install/apriltag_detector/share/apriltag_detector/package.bash'
[645.000s] INFO:colcon.colcon_core.shell:Creating package script '/home/olive/workspace2/install/apriltag_detector/share/apriltag_detector/package.zsh'
[645.007s] Level 1:colcon.colcon_core.environment:create_file_with_runtime_dependencies(/home/olive/workspace2/install/apriltag_detector/share/colcon-core/packages/apriltag_detector)
[645.082s] DEBUG:colcon.colcon_parallel_executor.executor.parallel:closing loop
[645.140s] DEBUG:colcon.colcon_parallel_executor.executor.parallel:loop closed
[645.145s] DEBUG:colcon.colcon_parallel_executor.executor.parallel:run_until_complete finished with '0'
[645.155s] DEBUG:colcon.colcon_core.event_reactor:joining thread
[650.099s] INFO:colcon.colcon_core.plugin_system:Skipping extension 'colcon_notification.desktop_notification.notify_send': Could not find 'notify-send'
[650.101s] INFO:colcon.colcon_core.plugin_system:Skipping extension 'colcon_notification.desktop_notification.terminal_notifier': Not used on non-Darwin systems
[650.103s] INFO:colcon.colcon_core.plugin_system:Skipping extension 'colcon_notification.desktop_notification.win32': Not used on non-Windows systems
[650.104s] INFO:colcon.colcon_notification.desktop_notification:Sending desktop notification using 'notify2'
[650.105s] DEBUG:colcon.colcon_notification.desktop_notification.notify2:Failed to initialize notify2: org.freedesktop.DBus.Error.NotSupported: Unable to autolaunch a dbus-daemon without a $DISPLAY for X11
[650.106s] DEBUG:colcon.colcon_core.event_reactor:joined thread
[650.124s] INFO:colcon.colcon_core.shell:Creating prefix script '/home/olive/workspace2/install/local_setup.ps1'
[650.143s] INFO:colcon.colcon_core.shell:Creating prefix util module '/home/olive/workspace2/install/_local_setup_util_ps1.py'
[650.204s] INFO:colcon.colcon_core.shell:Creating prefix chain script '/home/olive/workspace2/install/setup.ps1'
[650.652s] INFO:colcon.colcon_core.shell:Creating prefix script '/home/olive/workspace2/install/local_setup.sh'
[650.664s] INFO:colcon.colcon_core.shell:Creating prefix util module '/home/olive/workspace2/install/_local_setup_util_sh.py'
[650.675s] INFO:colcon.colcon_core.shell:Creating prefix chain script '/home/olive/workspace2/install/setup.sh'
[650.970s] INFO:colcon.colcon_core.shell:Creating prefix script '/home/olive/workspace2/install/local_setup.bash'
[650.986s] INFO:colcon.colcon_core.shell:Creating prefix chain script '/home/olive/workspace2/install/setup.bash'
[651.270s] INFO:colcon.colcon_core.shell:Creating prefix script '/home/olive/workspace2/install/local_setup.zsh'
[651.281s] INFO:colcon.colcon_core.shell:Creating prefix chain script '/home/olive/workspace2/install/setup.zsh'
