[1.042s] Invoking command in '/home/olive/workspace2/build/apriltag_msgs': CMAKE_PREFIX_PATH=${CMAKE_PREFIX_PATH}:/home/olive/examples/install/shake_detector:/opt/ros2/humble/install/rqt_bag_plugins:/opt/ros2/humble/install/rqt_bag:/opt/ros2/humble/install/ros2bag:/opt/ros2/humble/install/tracetools_test:/opt/ros2/humble/install/tracetools_launch:/opt/ros2/humble/install/topic_monitor:/opt/ros2/humble/install/tf2_tools:/opt/ros2/humble/install/examples_tf2_py:/opt/ros2/humble/install/tf2_ros_py:/opt/ros2/humble/install/sros2:/opt/ros2/humble/install/rqt_topic:/opt/ros2/humble/install/rqt_srv:/opt/ros2/humble/install/rqt_shell:/opt/ros2/humble/install/rqt_service_caller:/opt/ros2/humble/install/rqt_reconfigure:/opt/ros2/humble/install/rqt_py_console:/opt/ros2/humble/install/rqt_publisher:/opt/ros2/humble/install/rqt_plot:/opt/ros2/humble/install/rqt_action:/opt/ros2/humble/install/rqt_msg:/opt/ros2/humble/install/rqt_console:/opt/ros2/humble/install/rqt:/opt/ros2/humble/install/rqt_graph:/opt/ros2/humble/install/rqt_gui_py:/opt/ros2/humble/install/rqt_gui:/opt/ros2/humble/install/ros2trace:/opt/ros2/humble/install/ros2topic:/opt/ros2/humble/install/ros2test:/opt/ros2/humble/install/ros2component:/opt/ros2/humble/install/ros2param:/opt/ros2/humble/install/ros2lifecycle:/opt/ros2/humble/install/ros2service:/opt/ros2/humble/install/ros2run:/opt/ros2/humble/install/ros2launch:/opt/ros2/humble/install/ros2pkg:/opt/ros2/humble/install/ros2node:/opt/ros2/humble/install/ros2multicast:/opt/ros2/humble/install/ros2interface:/opt/ros2/humble/install/ros2doctor:/opt/ros2/humble/install/ros2action:/opt/ros2/humble/install/ros2cli:/opt/ros2/humble/install/quality_of_service_demo_py:/opt/ros2/humble/install/lifecycle_py:/opt/ros2/humble/install/launch_testing_ros:/opt/ros2/humble/install/launch_ros:/opt/ros2/humble/install/examples_rclpy_pointcloud_publisher:/opt/ros2/humble/install/examples_rclpy_minimal_subscriber:/opt/ros2/humble/install/examples_rclpy_minimal_service:/opt/ros2/humble/install/examples_rclpy_minimal_publisher:/opt/ros2/humble/install/examples_rclpy_minimal_client:/opt/ros2/humble/install/examples_rclpy_minimal_action_server:/opt/ros2/humble/install/examples_rclpy_minimal_action_client:/opt/ros2/humble/install/examples_rclpy_guard_conditions:/opt/ros2/humble/install/examples_rclpy_executors:/opt/ros2/humble/install/demo_nodes_py:/opt/ros2/humble/install/action_tutorials_py:/opt/ros2/humble/install/ament_uncrustify:/opt/ros2/humble/install/tracetools_trace:/opt/ros2/humble/install/tracetools_read:/opt/ros2/humble/install/test_tracetools_launch:/opt/ros2/humble/install/test_launch_ros:/opt/ros2/humble/install/sensor_msgs_py:/opt/ros2/humble/install/rpyutils:/opt/ros2/humble/install/rosidl_runtime_py:/opt/ros2/humble/install/rosidl_cli:/opt/ros2/humble/install/launch_pytest:/opt/ros2/humble/install/launch_testing:/opt/ros2/humble/install/launch_yaml:/opt/ros2/humble/install/launch_xml:/opt/ros2/humble/install/launch:/opt/ros2/humble/install/osrf_pycommon:/opt/ros2/humble/install/launch_testing_examples:/opt/ros2/humble/install/domain_coordinator:/opt/ros2/humble/install/ament_xmllint:/opt/ros2/humble/install/ament_pyflakes:/opt/ros2/humble/install/ament_pycodestyle:/opt/ros2/humble/install/ament_pep257:/opt/ros2/humble/install/ament_pclint:/opt/ros2/humble/install/ament_package:/opt/ros2/humble/install/ament_mypy:/opt/ros2/humble/install/ament_lint_cmake:/opt/ros2/humble/install/ament_flake8:/opt/ros2/humble/install/ament_copyright:/opt/ros2/humble/install/ament_lint:/opt/ros2/humble/install/ament_index_python:/opt/ros2/humble/install/ament_cpplint:/opt/ros2/humble/install/ament_cppcheck:/opt/ros2/humble/install/ament_clang_tidy:/opt/ros2/humble/install/ament_clang_format /usr/bin/cmake --build /home/olive/workspace2/build/apriltag_msgs -- -j2 -l2
[2.043s] -- Found ament_cmake: 1.3.2 (/opt/ros2/humble/install/ament_cmake/share/ament_cmake/cmake)
[9.581s] -- Found rosidl_default_generators: 1.2.0 (/opt/ros2/humble/install/rosidl_default_generators/share/rosidl_default_generators/cmake)
[12.422s] -- Using all available rosidl_typesupport_c: rosidl_typesupport_introspection_c;rosidl_typesupport_fastrtps_c
[12.505s] -- Found rosidl_adapter: 3.1.3 (/opt/ros2/humble/install/rosidl_adapter/share/rosidl_adapter/cmake)
[14.052s] -- Using all available rosidl_typesupport_cpp: rosidl_typesupport_introspection_cpp;rosidl_typesupport_fastrtps_cpp
[14.874s] -- Found std_msgs: 4.2.2 (/opt/ros2/humble/install/std_msgs/share/std_msgs/cmake)
[32.121s] -- Found ament_cmake_ros: 0.10.0 (/opt/ros2/humble/install/ament_cmake_ros/share/ament_cmake_ros/cmake)
[37.784s] -- Using all available rosidl_typesupport_c: rosidl_typesupport_introspection_c;rosidl_typesupport_fastrtps_c
[48.316s] -- Using all available rosidl_typesupport_cpp: rosidl_typesupport_introspection_cpp;rosidl_typesupport_fastrtps_cpp
[50.155s] -- Found python_cmake_module: 0.10.0 (/opt/ros2/humble/install/python_cmake_module/share/python_cmake_module/cmake)
[51.994s] -- Using PYTHON_EXECUTABLE: /usr/bin/python3
[51.997s] -- Using PYTHON_INCLUDE_DIRS: /usr/include/python3.9
[51.999s] -- Using PYTHON_LIBRARIES: /usr/lib/arm-linux-gnueabihf/libpython3.9.so
[62.107s] -- Found ament_lint_auto: 0.12.4 (/opt/ros2/humble/install/ament_lint_auto/share/ament_lint_auto/cmake)
[62.354s] -- Added test 'lint_cmake' to check CMake code style
[62.405s] -- Added test 'xmllint' to check XML markup files
[62.525s] -- Configuring done
[63.352s] -- Generating done
[63.434s] -- Build files have been written to: /home/olive/workspace2/build/apriltag_msgs
[63.986s] gmake[2]: Warning: File '/opt/ros2/humble/install/builtin_interfaces/share/builtin_interfaces/msg/Time.idl' has modification time 8940477 s in the future
[64.354s] [  2%] [34m[1mGenerating C code for ROS interfaces[0m
[64.474s] gmake[2]: Warning: File '/opt/ros2/humble/install/builtin_interfaces/share/builtin_interfaces/msg/Time.idl' has modification time 8940476 s in the future
[64.856s] [  4%] [34m[1mGenerating C++ code for ROS interfaces[0m
[80.834s] gmake[2]: warning:  Clock skew detected.  Your build may be incomplete.
[81.176s] [35m[1mScanning dependencies of target apriltag_msgs__rosidl_generator_c[0m
[81.230s] gmake[2]: warning:  Clock skew detected.  Your build may be incomplete.
[81.236s] [  4%] Built target apriltag_msgs__cpp
[81.332s] gmake[2]: Warning: File '/opt/ros2/humble/install/builtin_interfaces/share/builtin_interfaces/msg/Time.idl' has modification time 8940459 s in the future
[81.726s] [  4%] [34m[1mGenerating C code for ROS interfaces[0m
[82.564s] [  4%] Built target ament_cmake_python_copy_apriltag_msgs
[82.674s] gmake[2]: Warning: File '/opt/ros2/humble/install/builtin_interfaces/share/builtin_interfaces/msg/Time.idl' has modification time 8940458 s in the future
[83.065s] [  6%] [34m[1mGenerating C++ introspection for ROS interfaces[0m
[96.242s] [35m[1mScanning dependencies of target apriltag_msgs__rosidl_typesupport_introspection_cpp[0m
[96.306s] gmake[2]: warning:  Clock skew detected.  Your build may be incomplete.
[96.405s] gmake[2]: Warning: File '/opt/ros2/humble/install/builtin_interfaces/share/builtin_interfaces/msg/Time.idl' has modification time 8940444 s in the future
[96.833s] [  6%] [34m[1mGenerating C++ introspection for ROS interfaces[0m
[97.384s] [  8%] [32mBuilding C object CMakeFiles/apriltag_msgs__rosidl_generator_c.dir/rosidl_generator_c/apriltag_msgs/msg/detail/point__functions.c.o[0m
[98.801s] [ 10%] [32mBuilding C object CMakeFiles/apriltag_msgs__rosidl_generator_c.dir/rosidl_generator_c/apriltag_msgs/msg/detail/april_tag_detection__functions.c.o[0m
[100.275s] [ 12%] [32mBuilding C object CMakeFiles/apriltag_msgs__rosidl_generator_c.dir/rosidl_generator_c/apriltag_msgs/msg/detail/april_tag_detection_array__functions.c.o[0m
[101.736s] [ 14%] [32m[1mLinking C shared library libapriltag_msgs__rosidl_generator_c.so[0m
[102.594s] gmake[2]: warning:  Clock skew detected.  Your build may be incomplete.
[103.020s] [ 14%] Built target apriltag_msgs__rosidl_generator_c
[103.119s] gmake[2]: Warning: File '/opt/ros2/humble/install/builtin_interfaces/share/builtin_interfaces/msg/Time.idl' has modification time 8940437 s in the future
[103.495s] [ 17%] [34m[1mGenerating C++ type support for eProsima Fast-RTPS[0m
[109.546s] [ 19%] [32mBuilding CXX object CMakeFiles/apriltag_msgs__rosidl_typesupport_introspection_cpp.dir/rosidl_typesupport_introspection_cpp/apriltag_msgs/msg/detail/point__type_support.cpp.o[0m
[116.970s] [35m[1mScanning dependencies of target apriltag_msgs__rosidl_typesupport_fastrtps_cpp[0m
[117.064s] gmake[2]: warning:  Clock skew detected.  Your build may be incomplete.
[117.160s] gmake[2]: Warning: File '/opt/ros2/humble/install/builtin_interfaces/share/builtin_interfaces/msg/Time.idl' has modification time 8940423 s in the future
[117.591s] [ 19%] [34m[1mGenerating C++ type support for eProsima Fast-RTPS[0m
[118.748s] [ 21%] [32mBuilding CXX object CMakeFiles/apriltag_msgs__rosidl_typesupport_introspection_cpp.dir/rosidl_typesupport_introspection_cpp/apriltag_msgs/msg/detail/april_tag_detection__type_support.cpp.o[0m
[128.121s] [ 23%] [32mBuilding CXX object CMakeFiles/apriltag_msgs__rosidl_typesupport_introspection_cpp.dir/rosidl_typesupport_introspection_cpp/apriltag_msgs/msg/detail/april_tag_detection_array__type_support.cpp.o[0m
[131.931s] [ 25%] [32mBuilding CXX object CMakeFiles/apriltag_msgs__rosidl_typesupport_fastrtps_cpp.dir/rosidl_typesupport_fastrtps_cpp/apriltag_msgs/msg/detail/dds_fastrtps/point__type_support.cpp.o[0m
[138.124s] [ 27%] [32m[1mLinking CXX shared library libapriltag_msgs__rosidl_typesupport_introspection_cpp.so[0m
[139.808s] gmake[2]: warning:  Clock skew detected.  Your build may be incomplete.
[140.219s] [ 27%] Built target apriltag_msgs__rosidl_typesupport_introspection_cpp
[140.335s] gmake[2]: Warning: File '/opt/ros2/humble/install/builtin_interfaces/share/builtin_interfaces/msg/Time.idl' has modification time 8940400 s in the future
[140.779s] [ 29%] [34m[1mGenerating C type support for eProsima Fast-RTPS[0m
[140.995s] [ 31%] [32mBuilding CXX object CMakeFiles/apriltag_msgs__rosidl_typesupport_fastrtps_cpp.dir/rosidl_typesupport_fastrtps_cpp/apriltag_msgs/msg/detail/dds_fastrtps/april_tag_detection__type_support.cpp.o[0m
[150.109s] [ 34%] [32mBuilding CXX object CMakeFiles/apriltag_msgs__rosidl_typesupport_fastrtps_cpp.dir/rosidl_typesupport_fastrtps_cpp/apriltag_msgs/msg/detail/dds_fastrtps/april_tag_detection_array__type_support.cpp.o[0m
[155.319s] [35m[1mScanning dependencies of target apriltag_msgs__rosidl_typesupport_fastrtps_c[0m
[155.429s] gmake[2]: warning:  Clock skew detected.  Your build may be incomplete.
[155.527s] gmake[2]: Warning: File '/opt/ros2/humble/install/builtin_interfaces/share/builtin_interfaces/msg/Time.idl' has modification time 8940385 s in the future
[155.926s] [ 34%] [34m[1mGenerating C type support for eProsima Fast-RTPS[0m
[158.741s] In file included from [01m[K/usr/include/c++/10/memory:66[m[K,
[158.744s]                  from [01m[K/home/olive/workspace2/build/apriltag_msgs/rosidl_generator_cpp/apriltag_msgs/msg/detail/april_tag_detection_array__struct.hpp:10[m[K,
[158.746s]                  from [01m[K/home/olive/workspace2/build/apriltag_msgs/rosidl_typesupport_fastrtps_cpp/apriltag_msgs/msg/detail/april_tag_detection_array__rosidl_typesupport_fastrtps_cpp.hpp:11[m[K,
[158.760s]                  from [01m[K/home/olive/workspace2/build/apriltag_msgs/rosidl_typesupport_fastrtps_cpp/apriltag_msgs/msg/detail/dds_fastrtps/april_tag_detection_array__type_support.cpp:4[m[K:
[158.762s] [01m[K/usr/include/c++/10/bits/stl_uninitialized.h:[m[K In function ‘[01m[K_ForwardIterator std::__uninitialized_move_if_noexcept_a(_InputIterator, _InputIterator, _ForwardIterator, _Allocator&) [with _InputIterator = apriltag_msgs::msg::AprilTagDetection_<std::allocator<void> >*; _ForwardIterator = apriltag_msgs::msg::AprilTagDetection_<std::allocator<void> >*; _Allocator = std::allocator<apriltag_msgs::msg::AprilTagDetection_<std::allocator<void> > >][m[K’:
[158.764s] [01m[K/usr/include/c++/10/bits/stl_uninitialized.h:347:2:[m[K [01;36m[Knote: [m[Kparameter passing for argument of type ‘[01m[Kstd::move_iterator<apriltag_msgs::msg::AprilTagDetection_<std::allocator<void> >*>[m[K’ changed in GCC 7.1
[158.766s]   346 |       return [01;36m[Kstd::__uninitialized_copy_a[m[K
[158.768s]       |              [01;36m[K~~~~~~~~~~~~~~~~~~~~~~~~~~~[m[K
[158.780s]   347 | [01;36m[K (_GLIBCXX_MAKE_MOVE_IF_NOEXCEPT_ITERATOR(__first),[m[K
[158.782s]       |  [01;36m[K^~~~~~~~~~~~~~~~~~~~~~~~~~~~~~~~~~~~~~~~~~~~~~~~~~[m[K
[158.784s]   348 | [01;36m[K  _GLIBCXX_MAKE_MOVE_IF_NOEXCEPT_ITERATOR(__last), __result, __alloc)[m[K;
[158.786s]       |   [01;36m[K~~~~~~~~~~~~~~~~~~~~~~~~~~~~~~~~~~~~~~~~~~~~~~~~~~~~~~~~~~~~~~~~~~~[m[K
[158.853s] [01m[K/usr/include/c++/10/bits/stl_uninitialized.h:[m[K In function ‘[01m[K_ForwardIterator std::__uninitialized_copy_a(_InputIterator, _InputIterator, _ForwardIterator, std::allocator<_Tp>&) [with _InputIterator = std::move_iterator<apriltag_msgs::msg::AprilTagDetection_<std::allocator<void> >*>; _ForwardIterator = apriltag_msgs::msg::AprilTagDetection_<std::allocator<void> >*; _Tp = apriltag_msgs::msg::AprilTagDetection_<std::allocator<void> >][m[K’:
[158.856s] [01m[K/usr/include/c++/10/bits/stl_uninitialized.h:323:5:[m[K [01;36m[Knote: [m[Kparameter passing for argument of type ‘[01m[Kstd::move_iterator<apriltag_msgs::msg::AprilTagDetection_<std::allocator<void> >*>[m[K’ changed in GCC 7.1
[158.859s]   323 |     [01;36m[K__uninitialized_copy_a[m[K(_InputIterator __first, _InputIterator __last,
[158.864s]       |     [01;36m[K^~~~~~~~~~~~~~~~~~~~~~[m[K
[158.866s] [01m[K/usr/include/c++/10/bits/stl_uninitialized.h:323:5:[m[K [01;36m[Knote: [m[Kparameter passing for argument of type ‘[01m[Kstd::move_iterator<apriltag_msgs::msg::AprilTagDetection_<std::allocator<void> >*>[m[K’ changed in GCC 7.1
[158.880s] [01m[K/usr/include/c++/10/bits/stl_uninitialized.h:325:37:[m[K [01;36m[Knote: [m[Kparameter passing for argument of type ‘[01m[Kstd::move_iterator<apriltag_msgs::msg::AprilTagDetection_<std::allocator<void> >*>[m[K’ changed in GCC 7.1
[158.883s]   325 |     { return [01;36m[Kstd::uninitialized_copy(__first, __last, __result)[m[K; }
[158.885s]       |              [01;36m[K~~~~~~~~~~~~~~~~~~~~~~~^~~~~~~~~~~~~~~~~~~~~~~~~~~[m[K
[158.943s] [01m[K/usr/include/c++/10/bits/stl_uninitialized.h:[m[K In function ‘[01m[K_ForwardIterator std::uninitialized_copy(_InputIterator, _InputIterator, _ForwardIterator) [with _InputIterator = std::move_iterator<apriltag_msgs::msg::AprilTagDetection_<std::allocator<void> >*>; _ForwardIterator = apriltag_msgs::msg::AprilTagDetection_<std::allocator<void> >*][m[K’:
[158.947s] [01m[K/usr/include/c++/10/bits/stl_uninitialized.h:125:5:[m[K [01;36m[Knote: [m[Kparameter passing for argument of type ‘[01m[Kstd::move_iterator<apriltag_msgs::msg::AprilTagDetection_<std::allocator<void> >*>[m[K’ changed in GCC 7.1
[158.949s]   125 |     [01;36m[Kuninitialized_copy[m[K(_InputIterator __first, _InputIterator __last,
[158.959s]       |     [01;36m[K^~~~~~~~~~~~~~~~~~[m[K
[158.961s] [01m[K/usr/include/c++/10/bits/stl_uninitialized.h:125:5:[m[K [01;36m[Knote: [m[Kparameter passing for argument of type ‘[01m[Kstd::move_iterator<apriltag_msgs::msg::AprilTagDetection_<std::allocator<void> >*>[m[K’ changed in GCC 7.1
[158.963s] [01m[K/usr/include/c++/10/bits/stl_uninitialized.h:150:15:[m[K [01;36m[Knote: [m[Kparameter passing for argument of type ‘[01m[Kstd::move_iterator<apriltag_msgs::msg::AprilTagDetection_<std::allocator<void> >*>[m[K’ changed in GCC 7.1
[158.966s]   147 |       return [01;36m[Kstd::__uninitialized_copy<__is_trivial(_ValueType1)[m[K
[158.968s]       |              [01;36m[K~~~~~~~~~~~~~~~~~~~~~~~~~~~~~~~~~~~~~~~~~~~~~~~~~~~[m[K
[158.981s]   148 | [01;36m[K           && __is_trivial(_ValueType2)[m[K
[158.983s]       |            [01;36m[K~~~~~~~~~~~~~~~~~~~~~~~~~~~~[m[K
[158.985s]   149 | [01;36m[K           && __assignable>::[m[K
[158.987s]       |            [01;36m[K~~~~~~~~~~~~~~~~~~[m[K
[158.998s]   150 | [01;36m[K __uninit_copy(__first, __last, __result)[m[K;
[159.003s]       |  [01;36m[K~~~~~~~~~~~~~^~~~~~~~~~~~~~~~~~~~~~~~~~~[m[K
[159.020s] [01m[K/usr/include/c++/10/bits/stl_uninitialized.h:[m[K In static member function ‘[01m[Kstatic _ForwardIterator std::__uninitialized_copy<_TrivialValueTypes>::__uninit_copy(_InputIterator, _InputIterator, _ForwardIterator) [with _InputIterator = std::move_iterator<apriltag_msgs::msg::AprilTagDetection_<std::allocator<void> >*>; _ForwardIterator = apriltag_msgs::msg::AprilTagDetection_<std::allocator<void> >*; bool _TrivialValueTypes = false][m[K’:
[159.022s] [01m[K/usr/include/c++/10/bits/stl_uninitialized.h:84:9:[m[K [01;36m[Knote: [m[Kparameter passing for argument of type ‘[01m[Kstd::move_iterator<apriltag_msgs::msg::AprilTagDetection_<std::allocator<void> >*>[m[K’ changed in GCC 7.1
[159.024s]    84 |         [01;36m[K__uninit_copy[m[K(_InputIterator __first, _InputIterator __last,
[159.026s]       |         [01;36m[K^~~~~~~~~~~~~[m[K
[159.028s] [01m[K/usr/include/c++/10/bits/stl_uninitialized.h:84:9:[m[K [01;36m[Knote: [m[Kparameter passing for argument of type ‘[01m[Kstd::move_iterator<apriltag_msgs::msg::AprilTagDetection_<std::allocator<void> >*>[m[K’ changed in GCC 7.1
[160.051s] [ 36%] [32m[1mLinking CXX shared library libapriltag_msgs__rosidl_typesupport_fastrtps_cpp.so[0m
[161.656s] gmake[2]: warning:  Clock skew detected.  Your build may be incomplete.
[162.039s] [ 36%] Built target apriltag_msgs__rosidl_typesupport_fastrtps_cpp
[162.142s] gmake[2]: Warning: File '/opt/ros2/humble/install/builtin_interfaces/share/builtin_interfaces/msg/Time.idl' has modification time 8940378 s in the future
[162.511s] [ 38%] [34m[1mGenerating C++ type support dispatch for ROS interfaces[0m
[170.273s] [ 40%] [32mBuilding CXX object CMakeFiles/apriltag_msgs__rosidl_typesupport_fastrtps_c.dir/rosidl_typesupport_fastrtps_c/apriltag_msgs/msg/detail/point__type_support_c.cpp.o[0m
[174.077s] [35m[1mScanning dependencies of target apriltag_msgs__rosidl_typesupport_cpp[0m
[174.136s] gmake[2]: warning:  Clock skew detected.  Your build may be incomplete.
[174.242s] gmake[2]: Warning: File '/opt/ros2/humble/install/builtin_interfaces/share/builtin_interfaces/msg/Time.idl' has modification time 8940366 s in the future
[174.639s] [ 40%] [34m[1mGenerating C++ type support dispatch for ROS interfaces[0m
[177.788s] [ 42%] [32mBuilding CXX object CMakeFiles/apriltag_msgs__rosidl_typesupport_fastrtps_c.dir/rosidl_typesupport_fastrtps_c/apriltag_msgs/msg/detail/april_tag_detection__type_support_c.cpp.o[0m
[185.652s] [ 44%] [32mBuilding CXX object CMakeFiles/apriltag_msgs__rosidl_typesupport_cpp.dir/rosidl_typesupport_cpp/apriltag_msgs/msg/point__type_support.cpp.o[0m
[185.732s] [ 46%] [32mBuilding CXX object CMakeFiles/apriltag_msgs__rosidl_typesupport_fastrtps_c.dir/rosidl_typesupport_fastrtps_c/apriltag_msgs/msg/detail/april_tag_detection_array__type_support_c.cpp.o[0m
[192.513s] [ 48%] [32mBuilding CXX object CMakeFiles/apriltag_msgs__rosidl_typesupport_cpp.dir/rosidl_typesupport_cpp/apriltag_msgs/msg/april_tag_detection__type_support.cpp.o[0m
[193.375s] [ 51%] [32m[1mLinking CXX shared library libapriltag_msgs__rosidl_typesupport_fastrtps_c.so[0m
[194.829s] gmake[2]: warning:  Clock skew detected.  Your build may be incomplete.
[195.273s] [ 51%] Built target apriltag_msgs__rosidl_typesupport_fastrtps_c
[198.381s] [ 53%] [32mBuilding CXX object CMakeFiles/apriltag_msgs__rosidl_typesupport_cpp.dir/rosidl_typesupport_cpp/apriltag_msgs/msg/april_tag_detection_array__type_support.cpp.o[0m
[203.740s] [ 55%] [32m[1mLinking CXX shared library libapriltag_msgs__rosidl_typesupport_cpp.so[0m
[204.598s] gmake[2]: warning:  Clock skew detected.  Your build may be incomplete.
[204.947s] [ 55%] Built target apriltag_msgs__rosidl_typesupport_cpp
[205.051s] gmake[2]: Warning: File '/opt/ros2/humble/install/builtin_interfaces/share/builtin_interfaces/msg/Time.idl' has modification time 8940336 s in the future
[205.487s] [ 57%] [34m[1mGenerating C introspection for ROS interfaces[0m
[215.550s] running egg_info
[215.567s] writing apriltag_msgs.egg-info/PKG-INFO
[215.574s] writing dependency_links to apriltag_msgs.egg-info/dependency_links.txt
[215.584s] writing top-level names to apriltag_msgs.egg-info/top_level.txt
[216.637s] reading manifest file 'apriltag_msgs.egg-info/SOURCES.txt'
[216.651s] writing manifest file 'apriltag_msgs.egg-info/SOURCES.txt'
[217.344s] [ 57%] Built target ament_cmake_python_build_apriltag_msgs_egg
[217.562s] gmake[2]: Warning: File '/opt/ros2/humble/install/builtin_interfaces/share/builtin_interfaces/msg/Time.idl' has modification time 8940323 s in the future
[217.985s] [ 59%] [34m[1mGenerating C type support dispatch for ROS interfaces[0m
[219.048s] [35m[1mScanning dependencies of target apriltag_msgs__rosidl_typesupport_introspection_c[0m
[219.112s] gmake[2]: warning:  Clock skew detected.  Your build may be incomplete.
[219.206s] gmake[2]: Warning: File '/opt/ros2/humble/install/builtin_interfaces/share/builtin_interfaces/msg/Time.idl' has modification time 8940321 s in the future
[219.592s] [ 59%] [34m[1mGenerating C introspection for ROS interfaces[0m
[229.557s] [35m[1mScanning dependencies of target apriltag_msgs__rosidl_typesupport_c[0m
[229.603s] gmake[2]: warning:  Clock skew detected.  Your build may be incomplete.
[229.706s] gmake[2]: Warning: File '/opt/ros2/humble/install/builtin_interfaces/share/builtin_interfaces/msg/Time.idl' has modification time 8940311 s in the future
[230.102s] [ 59%] [34m[1mGenerating C type support dispatch for ROS interfaces[0m
[232.323s] [ 61%] [32mBuilding C object CMakeFiles/apriltag_msgs__rosidl_typesupport_introspection_c.dir/rosidl_typesupport_introspection_c/apriltag_msgs/msg/detail/point__type_support.c.o[0m
[233.456s] [ 63%] [32mBuilding C object CMakeFiles/apriltag_msgs__rosidl_typesupport_introspection_c.dir/rosidl_typesupport_introspection_c/apriltag_msgs/msg/detail/april_tag_detection__type_support.c.o[0m
[234.708s] [ 65%] [32mBuilding C object CMakeFiles/apriltag_msgs__rosidl_typesupport_introspection_c.dir/rosidl_typesupport_introspection_c/apriltag_msgs/msg/detail/april_tag_detection_array__type_support.c.o[0m
[235.874s] [ 68%] [32m[1mLinking C shared library libapriltag_msgs__rosidl_typesupport_introspection_c.so[0m
[236.748s] gmake[2]: warning:  Clock skew detected.  Your build may be incomplete.
[237.143s] [ 68%] Built target apriltag_msgs__rosidl_typesupport_introspection_c
[240.792s] [ 70%] [32mBuilding CXX object CMakeFiles/apriltag_msgs__rosidl_typesupport_c.dir/rosidl_typesupport_c/apriltag_msgs/msg/point__type_support.cpp.o[0m
[242.364s] [ 72%] [32mBuilding CXX object CMakeFiles/apriltag_msgs__rosidl_typesupport_c.dir/rosidl_typesupport_c/apriltag_msgs/msg/april_tag_detection__type_support.cpp.o[0m
[243.365s] [ 74%] [32mBuilding CXX object CMakeFiles/apriltag_msgs__rosidl_typesupport_c.dir/rosidl_typesupport_c/apriltag_msgs/msg/april_tag_detection_array__type_support.cpp.o[0m
[244.365s] [ 76%] [32m[1mLinking CXX shared library libapriltag_msgs__rosidl_typesupport_c.so[0m
[245.247s] gmake[2]: warning:  Clock skew detected.  Your build may be incomplete.
[245.596s] [ 76%] Built target apriltag_msgs__rosidl_typesupport_c
[246.127s] gmake[2]: Warning: File '/opt/ros2/humble/install/std_msgs/share/std_msgs/msg/Bool.idl' has modification time 8940304 s in the future
[246.130s] gmake[2]: warning:  Clock skew detected.  Your build may be incomplete.
[246.473s] [ 76%] Built target apriltag_msgs
[246.994s] gmake[2]: Warning: File '/opt/ros2/humble/install/builtin_interfaces/share/builtin_interfaces/msg/Time.idl' has modification time 8940294 s in the future
[247.373s] [ 78%] [34m[1mGenerating Python code for ROS interfaces[0m
[266.133s] gmake[2]: warning:  Clock skew detected.  Your build may be incomplete.
[266.476s] [ 78%] Built target apriltag_msgs__py
[266.937s] [35m[1mScanning dependencies of target apriltag_msgs__rosidl_generator_py[0m
[267.171s] gmake[2]: Warning: File '/opt/ros2/humble/install/rosidl_runtime_c/include/rosidl_runtime_c/rosidl_runtime_c/visibility_control.h' has modification time 8941959 s in the future
[267.554s] [ 80%] [32mBuilding C object CMakeFiles/apriltag_msgs__rosidl_generator_py.dir/rosidl_generator_py/apriltag_msgs/msg/_point_s.c.o[0m
[267.643s] [ 82%] [32mBuilding C object CMakeFiles/apriltag_msgs__rosidl_generator_py.dir/rosidl_generator_py/apriltag_msgs/msg/_april_tag_detection_s.c.o[0m
[269.964s] [ 85%] [32mBuilding C object CMakeFiles/apriltag_msgs__rosidl_generator_py.dir/rosidl_generator_py/apriltag_msgs/msg/_april_tag_detection_array_s.c.o[0m
[272.196s] [ 87%] [32m[1mLinking C shared library rosidl_generator_py/apriltag_msgs/libapriltag_msgs__rosidl_generator_py.so[0m
[273.081s] gmake[2]: warning:  Clock skew detected.  Your build may be incomplete.
[273.427s] [ 87%] Built target apriltag_msgs__rosidl_generator_py
[273.894s] [35m[1mScanning dependencies of target apriltag_msgs__rosidl_typesupport_fastrtps_c__pyext[0m
[273.935s] [35m[1mScanning dependencies of target apriltag_msgs__rosidl_typesupport_introspection_c__pyext[0m
[274.124s] gmake[2]: Warning: File '/opt/ros2/humble/install/builtin_interfaces/include/builtin_interfaces/builtin_interfaces/msg/detail/time__struct.h' has modification time 8940266 s in the future
[274.171s] gmake[2]: Warning: File '/opt/ros2/humble/install/builtin_interfaces/include/builtin_interfaces/builtin_interfaces/msg/detail/time__struct.h' has modification time 8940266 s in the future
[274.509s] [ 89%] [32mBuilding C object CMakeFiles/apriltag_msgs__rosidl_typesupport_fastrtps_c__pyext.dir/rosidl_generator_py/apriltag_msgs/_apriltag_msgs_s.ep.rosidl_typesupport_fastrtps_c.c.o[0m
[274.574s] [ 91%] [32mBuilding C object CMakeFiles/apriltag_msgs__rosidl_typesupport_introspection_c__pyext.dir/rosidl_generator_py/apriltag_msgs/_apriltag_msgs_s.ep.rosidl_typesupport_introspection_c.c.o[0m
[276.893s] [ 93%] [32m[1mLinking C shared library rosidl_generator_py/apriltag_msgs/apriltag_msgs_s__rosidl_typesupport_fastrtps_c.cpython-39-arm-linux-gnueabihf.so[0m
[277.086s] [ 95%] [32m[1mLinking C shared library rosidl_generator_py/apriltag_msgs/apriltag_msgs_s__rosidl_typesupport_introspection_c.cpython-39-arm-linux-gnueabihf.so[0m
[277.953s] gmake[2]: warning:  Clock skew detected.  Your build may be incomplete.
[278.137s] gmake[2]: warning:  Clock skew detected.  Your build may be incomplete.
[278.383s] [ 95%] Built target apriltag_msgs__rosidl_typesupport_fastrtps_c__pyext
[278.563s] [ 95%] Built target apriltag_msgs__rosidl_typesupport_introspection_c__pyext
[278.856s] [35m[1mScanning dependencies of target apriltag_msgs__rosidl_typesupport_c__pyext[0m
[279.027s] gmake[2]: Warning: File '/opt/ros2/humble/install/builtin_interfaces/include/builtin_interfaces/builtin_interfaces/msg/detail/time__struct.h' has modification time 8940262 s in the future
[279.375s] [ 97%] [32mBuilding C object CMakeFiles/apriltag_msgs__rosidl_typesupport_c__pyext.dir/rosidl_generator_py/apriltag_msgs/_apriltag_msgs_s.ep.rosidl_typesupport_c.c.o[0m
[281.592s] [100%] [32m[1mLinking C shared library rosidl_generator_py/apriltag_msgs/apriltag_msgs_s__rosidl_typesupport_c.cpython-39-arm-linux-gnueabihf.so[0m
[282.506s] gmake[2]: warning:  Clock skew detected.  Your build may be incomplete.
[282.849s] [100%] Built target apriltag_msgs__rosidl_typesupport_c__pyext
[283.187s] Invoked command in '/home/olive/workspace2/build/apriltag_msgs' returned '0': CMAKE_PREFIX_PATH=${CMAKE_PREFIX_PATH}:/home/olive/examples/install/shake_detector:/opt/ros2/humble/install/rqt_bag_plugins:/opt/ros2/humble/install/rqt_bag:/opt/ros2/humble/install/ros2bag:/opt/ros2/humble/install/tracetools_test:/opt/ros2/humble/install/tracetools_launch:/opt/ros2/humble/install/topic_monitor:/opt/ros2/humble/install/tf2_tools:/opt/ros2/humble/install/examples_tf2_py:/opt/ros2/humble/install/tf2_ros_py:/opt/ros2/humble/install/sros2:/opt/ros2/humble/install/rqt_topic:/opt/ros2/humble/install/rqt_srv:/opt/ros2/humble/install/rqt_shell:/opt/ros2/humble/install/rqt_service_caller:/opt/ros2/humble/install/rqt_reconfigure:/opt/ros2/humble/install/rqt_py_console:/opt/ros2/humble/install/rqt_publisher:/opt/ros2/humble/install/rqt_plot:/opt/ros2/humble/install/rqt_action:/opt/ros2/humble/install/rqt_msg:/opt/ros2/humble/install/rqt_console:/opt/ros2/humble/install/rqt:/opt/ros2/humble/install/rqt_graph:/opt/ros2/humble/install/rqt_gui_py:/opt/ros2/humble/install/rqt_gui:/opt/ros2/humble/install/ros2trace:/opt/ros2/humble/install/ros2topic:/opt/ros2/humble/install/ros2test:/opt/ros2/humble/install/ros2component:/opt/ros2/humble/install/ros2param:/opt/ros2/humble/install/ros2lifecycle:/opt/ros2/humble/install/ros2service:/opt/ros2/humble/install/ros2run:/opt/ros2/humble/install/ros2launch:/opt/ros2/humble/install/ros2pkg:/opt/ros2/humble/install/ros2node:/opt/ros2/humble/install/ros2multicast:/opt/ros2/humble/install/ros2interface:/opt/ros2/humble/install/ros2doctor:/opt/ros2/humble/install/ros2action:/opt/ros2/humble/install/ros2cli:/opt/ros2/humble/install/quality_of_service_demo_py:/opt/ros2/humble/install/lifecycle_py:/opt/ros2/humble/install/launch_testing_ros:/opt/ros2/humble/install/launch_ros:/opt/ros2/humble/install/examples_rclpy_pointcloud_publisher:/opt/ros2/humble/install/examples_rclpy_minimal_subscriber:/opt/ros2/humble/install/examples_rclpy_minimal_service:/opt/ros2/humble/install/examples_rclpy_minimal_publisher:/opt/ros2/humble/install/examples_rclpy_minimal_client:/opt/ros2/humble/install/examples_rclpy_minimal_action_server:/opt/ros2/humble/install/examples_rclpy_minimal_action_client:/opt/ros2/humble/install/examples_rclpy_guard_conditions:/opt/ros2/humble/install/examples_rclpy_executors:/opt/ros2/humble/install/demo_nodes_py:/opt/ros2/humble/install/action_tutorials_py:/opt/ros2/humble/install/ament_uncrustify:/opt/ros2/humble/install/tracetools_trace:/opt/ros2/humble/install/tracetools_read:/opt/ros2/humble/install/test_tracetools_launch:/opt/ros2/humble/install/test_launch_ros:/opt/ros2/humble/install/sensor_msgs_py:/opt/ros2/humble/install/rpyutils:/opt/ros2/humble/install/rosidl_runtime_py:/opt/ros2/humble/install/rosidl_cli:/opt/ros2/humble/install/launch_pytest:/opt/ros2/humble/install/launch_testing:/opt/ros2/humble/install/launch_yaml:/opt/ros2/humble/install/launch_xml:/opt/ros2/humble/install/launch:/opt/ros2/humble/install/osrf_pycommon:/opt/ros2/humble/install/launch_testing_examples:/opt/ros2/humble/install/domain_coordinator:/opt/ros2/humble/install/ament_xmllint:/opt/ros2/humble/install/ament_pyflakes:/opt/ros2/humble/install/ament_pycodestyle:/opt/ros2/humble/install/ament_pep257:/opt/ros2/humble/install/ament_pclint:/opt/ros2/humble/install/ament_package:/opt/ros2/humble/install/ament_mypy:/opt/ros2/humble/install/ament_lint_cmake:/opt/ros2/humble/install/ament_flake8:/opt/ros2/humble/install/ament_copyright:/opt/ros2/humble/install/ament_lint:/opt/ros2/humble/install/ament_index_python:/opt/ros2/humble/install/ament_cpplint:/opt/ros2/humble/install/ament_cppcheck:/opt/ros2/humble/install/ament_clang_tidy:/opt/ros2/humble/install/ament_clang_format /usr/bin/cmake --build /home/olive/workspace2/build/apriltag_msgs -- -j2 -l2
[290.925s] Invoking command in '/home/olive/workspace2/build/apriltag_msgs': CMAKE_PREFIX_PATH=${CMAKE_PREFIX_PATH}:/home/olive/examples/install/shake_detector:/opt/ros2/humble/install/rqt_bag_plugins:/opt/ros2/humble/install/rqt_bag:/opt/ros2/humble/install/ros2bag:/opt/ros2/humble/install/tracetools_test:/opt/ros2/humble/install/tracetools_launch:/opt/ros2/humble/install/topic_monitor:/opt/ros2/humble/install/tf2_tools:/opt/ros2/humble/install/examples_tf2_py:/opt/ros2/humble/install/tf2_ros_py:/opt/ros2/humble/install/sros2:/opt/ros2/humble/install/rqt_topic:/opt/ros2/humble/install/rqt_srv:/opt/ros2/humble/install/rqt_shell:/opt/ros2/humble/install/rqt_service_caller:/opt/ros2/humble/install/rqt_reconfigure:/opt/ros2/humble/install/rqt_py_console:/opt/ros2/humble/install/rqt_publisher:/opt/ros2/humble/install/rqt_plot:/opt/ros2/humble/install/rqt_action:/opt/ros2/humble/install/rqt_msg:/opt/ros2/humble/install/rqt_console:/opt/ros2/humble/install/rqt:/opt/ros2/humble/install/rqt_graph:/opt/ros2/humble/install/rqt_gui_py:/opt/ros2/humble/install/rqt_gui:/opt/ros2/humble/install/ros2trace:/opt/ros2/humble/install/ros2topic:/opt/ros2/humble/install/ros2test:/opt/ros2/humble/install/ros2component:/opt/ros2/humble/install/ros2param:/opt/ros2/humble/install/ros2lifecycle:/opt/ros2/humble/install/ros2service:/opt/ros2/humble/install/ros2run:/opt/ros2/humble/install/ros2launch:/opt/ros2/humble/install/ros2pkg:/opt/ros2/humble/install/ros2node:/opt/ros2/humble/install/ros2multicast:/opt/ros2/humble/install/ros2interface:/opt/ros2/humble/install/ros2doctor:/opt/ros2/humble/install/ros2action:/opt/ros2/humble/install/ros2cli:/opt/ros2/humble/install/quality_of_service_demo_py:/opt/ros2/humble/install/lifecycle_py:/opt/ros2/humble/install/launch_testing_ros:/opt/ros2/humble/install/launch_ros:/opt/ros2/humble/install/examples_rclpy_pointcloud_publisher:/opt/ros2/humble/install/examples_rclpy_minimal_subscriber:/opt/ros2/humble/install/examples_rclpy_minimal_service:/opt/ros2/humble/install/examples_rclpy_minimal_publisher:/opt/ros2/humble/install/examples_rclpy_minimal_client:/opt/ros2/humble/install/examples_rclpy_minimal_action_server:/opt/ros2/humble/install/examples_rclpy_minimal_action_client:/opt/ros2/humble/install/examples_rclpy_guard_conditions:/opt/ros2/humble/install/examples_rclpy_executors:/opt/ros2/humble/install/demo_nodes_py:/opt/ros2/humble/install/action_tutorials_py:/opt/ros2/humble/install/ament_uncrustify:/opt/ros2/humble/install/tracetools_trace:/opt/ros2/humble/install/tracetools_read:/opt/ros2/humble/install/test_tracetools_launch:/opt/ros2/humble/install/test_launch_ros:/opt/ros2/humble/install/sensor_msgs_py:/opt/ros2/humble/install/rpyutils:/opt/ros2/humble/install/rosidl_runtime_py:/opt/ros2/humble/install/rosidl_cli:/opt/ros2/humble/install/launch_pytest:/opt/ros2/humble/install/launch_testing:/opt/ros2/humble/install/launch_yaml:/opt/ros2/humble/install/launch_xml:/opt/ros2/humble/install/launch:/opt/ros2/humble/install/osrf_pycommon:/opt/ros2/humble/install/launch_testing_examples:/opt/ros2/humble/install/domain_coordinator:/opt/ros2/humble/install/ament_xmllint:/opt/ros2/humble/install/ament_pyflakes:/opt/ros2/humble/install/ament_pycodestyle:/opt/ros2/humble/install/ament_pep257:/opt/ros2/humble/install/ament_pclint:/opt/ros2/humble/install/ament_package:/opt/ros2/humble/install/ament_mypy:/opt/ros2/humble/install/ament_lint_cmake:/opt/ros2/humble/install/ament_flake8:/opt/ros2/humble/install/ament_copyright:/opt/ros2/humble/install/ament_lint:/opt/ros2/humble/install/ament_index_python:/opt/ros2/humble/install/ament_cpplint:/opt/ros2/humble/install/ament_cppcheck:/opt/ros2/humble/install/ament_clang_tidy:/opt/ros2/humble/install/ament_clang_format /usr/bin/cmake --install /home/olive/workspace2/build/apriltag_msgs
[291.242s] -- Install configuration: ""
[291.246s] -- Up-to-date: /home/olive/workspace2/install/apriltag_msgs/share/ament_index/resource_index/rosidl_interfaces/apriltag_msgs
[291.254s] -- Up-to-date: /home/olive/workspace2/install/apriltag_msgs/include/apriltag_msgs/apriltag_msgs
[291.257s] -- Up-to-date: /home/olive/workspace2/install/apriltag_msgs/include/apriltag_msgs/apriltag_msgs/msg
[291.260s] -- Installing: /home/olive/workspace2/install/apriltag_msgs/include/apriltag_msgs/apriltag_msgs/msg/april_tag_detection.h
[291.263s] -- Up-to-date: /home/olive/workspace2/install/apriltag_msgs/include/apriltag_msgs/apriltag_msgs/msg/rosidl_generator_c__visibility_control.h
[291.266s] -- Installing: /home/olive/workspace2/install/apriltag_msgs/include/apriltag_msgs/apriltag_msgs/msg/april_tag_detection_array.h
[291.269s] -- Up-to-date: /home/olive/workspace2/install/apriltag_msgs/include/apriltag_msgs/apriltag_msgs/msg/detail
[291.272s] -- Installing: /home/olive/workspace2/install/apriltag_msgs/include/apriltag_msgs/apriltag_msgs/msg/detail/april_tag_detection_array__functions.h
[291.275s] -- Installing: /home/olive/workspace2/install/apriltag_msgs/include/apriltag_msgs/apriltag_msgs/msg/detail/april_tag_detection_array__type_support.h
[291.279s] -- Installing: /home/olive/workspace2/install/apriltag_msgs/include/apriltag_msgs/apriltag_msgs/msg/detail/point__functions.h
[291.282s] -- Installing: /home/olive/workspace2/install/apriltag_msgs/include/apriltag_msgs/apriltag_msgs/msg/detail/april_tag_detection_array__functions.c
[291.285s] -- Installing: /home/olive/workspace2/install/apriltag_msgs/include/apriltag_msgs/apriltag_msgs/msg/detail/point__struct.h
[291.287s] -- Installing: /home/olive/workspace2/install/apriltag_msgs/include/apriltag_msgs/apriltag_msgs/msg/detail/april_tag_detection__functions.c
[291.294s] -- Installing: /home/olive/workspace2/install/apriltag_msgs/include/apriltag_msgs/apriltag_msgs/msg/detail/april_tag_detection__type_support.h
[291.297s] -- Installing: /home/olive/workspace2/install/apriltag_msgs/include/apriltag_msgs/apriltag_msgs/msg/detail/point__type_support.h
[291.299s] -- Installing: /home/olive/workspace2/install/apriltag_msgs/include/apriltag_msgs/apriltag_msgs/msg/detail/april_tag_detection__functions.h
[291.302s] -- Installing: /home/olive/workspace2/install/apriltag_msgs/include/apriltag_msgs/apriltag_msgs/msg/detail/april_tag_detection_array__struct.h
[291.306s] -- Installing: /home/olive/workspace2/install/apriltag_msgs/include/apriltag_msgs/apriltag_msgs/msg/detail/april_tag_detection__struct.h
[291.308s] -- Installing: /home/olive/workspace2/install/apriltag_msgs/include/apriltag_msgs/apriltag_msgs/msg/detail/point__functions.c
[291.311s] -- Installing: /home/olive/workspace2/install/apriltag_msgs/include/apriltag_msgs/apriltag_msgs/msg/point.h
[291.314s] -- Up-to-date: /home/olive/workspace2/install/apriltag_msgs/share/apriltag_msgs/environment/library_path.sh
[291.317s] -- Installing: /home/olive/workspace2/install/apriltag_msgs/share/apriltag_msgs/environment/library_path.dsv
[291.320s] -- Installing: /home/olive/workspace2/install/apriltag_msgs/lib/libapriltag_msgs__rosidl_generator_c.so
[291.322s] -- Set runtime path of "/home/olive/workspace2/install/apriltag_msgs/lib/libapriltag_msgs__rosidl_generator_c.so" to ""
[291.325s] -- Up-to-date: /home/olive/workspace2/install/apriltag_msgs/include/apriltag_msgs/apriltag_msgs
[291.328s] -- Up-to-date: /home/olive/workspace2/install/apriltag_msgs/include/apriltag_msgs/apriltag_msgs/msg
[291.330s] -- Up-to-date: /home/olive/workspace2/install/apriltag_msgs/include/apriltag_msgs/apriltag_msgs/msg/detail
[291.332s] -- Installing: /home/olive/workspace2/install/apriltag_msgs/include/apriltag_msgs/apriltag_msgs/msg/detail/april_tag_detection_array__type_support.c
[291.335s] -- Installing: /home/olive/workspace2/install/apriltag_msgs/include/apriltag_msgs/apriltag_msgs/msg/detail/point__type_support.c
[291.339s] -- Installing: /home/olive/workspace2/install/apriltag_msgs/include/apriltag_msgs/apriltag_msgs/msg/detail/april_tag_detection_array__rosidl_typesupport_introspection_c.h
[291.342s] -- Installing: /home/olive/workspace2/install/apriltag_msgs/include/apriltag_msgs/apriltag_msgs/msg/detail/april_tag_detection__type_support.c
[291.345s] -- Installing: /home/olive/workspace2/install/apriltag_msgs/include/apriltag_msgs/apriltag_msgs/msg/detail/point__rosidl_typesupport_introspection_c.h
[291.347s] -- Installing: /home/olive/workspace2/install/apriltag_msgs/include/apriltag_msgs/apriltag_msgs/msg/detail/april_tag_detection__rosidl_typesupport_introspection_c.h
[291.350s] -- Up-to-date: /home/olive/workspace2/install/apriltag_msgs/include/apriltag_msgs/apriltag_msgs/msg/rosidl_typesupport_introspection_c__visibility_control.h
[291.362s] -- Installing: /home/olive/workspace2/install/apriltag_msgs/lib/libapriltag_msgs__rosidl_typesupport_introspection_c.so
[291.364s] -- Set runtime path of "/home/olive/workspace2/install/apriltag_msgs/lib/libapriltag_msgs__rosidl_typesupport_introspection_c.so" to ""
[291.366s] -- Up-to-date: /home/olive/workspace2/install/apriltag_msgs/include/apriltag_msgs/apriltag_msgs
[291.370s] -- Up-to-date: /home/olive/workspace2/install/apriltag_msgs/include/apriltag_msgs/apriltag_msgs/msg
[291.373s] -- Up-to-date: /home/olive/workspace2/install/apriltag_msgs/include/apriltag_msgs/apriltag_msgs/msg/rosidl_typesupport_fastrtps_c__visibility_control.h
[291.376s] -- Up-to-date: /home/olive/workspace2/install/apriltag_msgs/include/apriltag_msgs/apriltag_msgs/msg/detail
[291.379s] -- Installing: /home/olive/workspace2/install/apriltag_msgs/include/apriltag_msgs/apriltag_msgs/msg/detail/april_tag_detection__rosidl_typesupport_fastrtps_c.h
[291.382s] -- Installing: /home/olive/workspace2/install/apriltag_msgs/include/apriltag_msgs/apriltag_msgs/msg/detail/point__rosidl_typesupport_fastrtps_c.h
[291.384s] -- Installing: /home/olive/workspace2/install/apriltag_msgs/include/apriltag_msgs/apriltag_msgs/msg/detail/april_tag_detection_array__rosidl_typesupport_fastrtps_c.h
[291.387s] -- Installing: /home/olive/workspace2/install/apriltag_msgs/lib/libapriltag_msgs__rosidl_typesupport_fastrtps_c.so
[291.390s] -- Set runtime path of "/home/olive/workspace2/install/apriltag_msgs/lib/libapriltag_msgs__rosidl_typesupport_fastrtps_c.so" to ""
[291.396s] -- Installing: /home/olive/workspace2/install/apriltag_msgs/lib/libapriltag_msgs__rosidl_typesupport_c.so
[291.399s] -- Set runtime path of "/home/olive/workspace2/install/apriltag_msgs/lib/libapriltag_msgs__rosidl_typesupport_c.so" to ""
[291.401s] -- Up-to-date: /home/olive/workspace2/install/apriltag_msgs/include/apriltag_msgs/apriltag_msgs
[291.404s] -- Up-to-date: /home/olive/workspace2/install/apriltag_msgs/include/apriltag_msgs/apriltag_msgs/msg
[291.408s] -- Installing: /home/olive/workspace2/install/apriltag_msgs/include/apriltag_msgs/apriltag_msgs/msg/point.hpp
[291.411s] -- Up-to-date: /home/olive/workspace2/install/apriltag_msgs/include/apriltag_msgs/apriltag_msgs/msg/detail
[291.413s] -- Installing: /home/olive/workspace2/install/apriltag_msgs/include/apriltag_msgs/apriltag_msgs/msg/detail/point__struct.hpp
[291.416s] -- Installing: /home/olive/workspace2/install/apriltag_msgs/include/apriltag_msgs/apriltag_msgs/msg/detail/april_tag_detection__traits.hpp
[291.420s] -- Installing: /home/olive/workspace2/install/apriltag_msgs/include/apriltag_msgs/apriltag_msgs/msg/detail/point__builder.hpp
[291.423s] -- Installing: /home/olive/workspace2/install/apriltag_msgs/include/apriltag_msgs/apriltag_msgs/msg/detail/point__traits.hpp
[291.425s] -- Installing: /home/olive/workspace2/install/apriltag_msgs/include/apriltag_msgs/apriltag_msgs/msg/detail/april_tag_detection__builder.hpp
[291.427s] -- Installing: /home/olive/workspace2/install/apriltag_msgs/include/apriltag_msgs/apriltag_msgs/msg/detail/april_tag_detection_array__struct.hpp
[291.430s] -- Installing: /home/olive/workspace2/install/apriltag_msgs/include/apriltag_msgs/apriltag_msgs/msg/detail/april_tag_detection_array__builder.hpp
[291.432s] -- Installing: /home/olive/workspace2/install/apriltag_msgs/include/apriltag_msgs/apriltag_msgs/msg/detail/april_tag_detection__struct.hpp
[291.434s] -- Installing: /home/olive/workspace2/install/apriltag_msgs/include/apriltag_msgs/apriltag_msgs/msg/detail/april_tag_detection_array__traits.hpp
[291.436s] -- Installing: /home/olive/workspace2/install/apriltag_msgs/include/apriltag_msgs/apriltag_msgs/msg/april_tag_detection.hpp
[291.441s] -- Installing: /home/olive/workspace2/install/apriltag_msgs/include/apriltag_msgs/apriltag_msgs/msg/april_tag_detection_array.hpp
[291.444s] -- Up-to-date: /home/olive/workspace2/install/apriltag_msgs/include/apriltag_msgs/apriltag_msgs
[291.447s] -- Up-to-date: /home/olive/workspace2/install/apriltag_msgs/include/apriltag_msgs/apriltag_msgs/msg
[291.450s] -- Up-to-date: /home/olive/workspace2/install/apriltag_msgs/include/apriltag_msgs/apriltag_msgs/msg/detail
[291.452s] -- Installing: /home/olive/workspace2/install/apriltag_msgs/include/apriltag_msgs/apriltag_msgs/msg/detail/april_tag_detection_array__type_support.cpp
[291.455s] -- Installing: /home/olive/workspace2/install/apriltag_msgs/include/apriltag_msgs/apriltag_msgs/msg/detail/april_tag_detection__type_support.cpp
[291.457s] -- Installing: /home/olive/workspace2/install/apriltag_msgs/include/apriltag_msgs/apriltag_msgs/msg/detail/point__type_support.cpp
[291.464s] -- Installing: /home/olive/workspace2/install/apriltag_msgs/include/apriltag_msgs/apriltag_msgs/msg/detail/point__rosidl_typesupport_introspection_cpp.hpp
[291.467s] -- Installing: /home/olive/workspace2/install/apriltag_msgs/include/apriltag_msgs/apriltag_msgs/msg/detail/april_tag_detection_array__rosidl_typesupport_introspection_cpp.hpp
[291.470s] -- Installing: /home/olive/workspace2/install/apriltag_msgs/include/apriltag_msgs/apriltag_msgs/msg/detail/april_tag_detection__rosidl_typesupport_introspection_cpp.hpp
[291.472s] -- Installing: /home/olive/workspace2/install/apriltag_msgs/lib/libapriltag_msgs__rosidl_typesupport_introspection_cpp.so
[291.475s] -- Set runtime path of "/home/olive/workspace2/install/apriltag_msgs/lib/libapriltag_msgs__rosidl_typesupport_introspection_cpp.so" to ""
[291.478s] -- Up-to-date: /home/olive/workspace2/install/apriltag_msgs/include/apriltag_msgs/apriltag_msgs
[291.482s] -- Up-to-date: /home/olive/workspace2/install/apriltag_msgs/include/apriltag_msgs/apriltag_msgs/msg
[291.485s] -- Up-to-date: /home/olive/workspace2/install/apriltag_msgs/include/apriltag_msgs/apriltag_msgs/msg/detail
[291.487s] -- Installing: /home/olive/workspace2/install/apriltag_msgs/include/apriltag_msgs/apriltag_msgs/msg/detail/april_tag_detection_array__rosidl_typesupport_fastrtps_cpp.hpp
[291.490s] -- Installing: /home/olive/workspace2/install/apriltag_msgs/include/apriltag_msgs/apriltag_msgs/msg/detail/point__rosidl_typesupport_fastrtps_cpp.hpp
[291.493s] -- Installing: /home/olive/workspace2/install/apriltag_msgs/include/apriltag_msgs/apriltag_msgs/msg/detail/april_tag_detection__rosidl_typesupport_fastrtps_cpp.hpp
[291.499s] -- Up-to-date: /home/olive/workspace2/install/apriltag_msgs/include/apriltag_msgs/apriltag_msgs/msg/detail/dds_fastrtps
[291.502s] -- Up-to-date: /home/olive/workspace2/install/apriltag_msgs/include/apriltag_msgs/apriltag_msgs/msg/rosidl_typesupport_fastrtps_cpp__visibility_control.h
[291.505s] -- Installing: /home/olive/workspace2/install/apriltag_msgs/lib/libapriltag_msgs__rosidl_typesupport_fastrtps_cpp.so
[291.507s] -- Set runtime path of "/home/olive/workspace2/install/apriltag_msgs/lib/libapriltag_msgs__rosidl_typesupport_fastrtps_cpp.so" to ""
[291.510s] -- Installing: /home/olive/workspace2/install/apriltag_msgs/lib/libapriltag_msgs__rosidl_typesupport_cpp.so
[291.513s] -- Set runtime path of "/home/olive/workspace2/install/apriltag_msgs/lib/libapriltag_msgs__rosidl_typesupport_cpp.so" to ""
[291.516s] -- Up-to-date: /home/olive/workspace2/install/apriltag_msgs/share/apriltag_msgs/environment/pythonpath.sh
[291.519s] -- Installing: /home/olive/workspace2/install/apriltag_msgs/share/apriltag_msgs/environment/pythonpath.dsv
[291.521s] -- Up-to-date: /home/olive/workspace2/install/apriltag_msgs/lib/python3.9/site-packages/apriltag_msgs-2.0.1-py3.9.egg-info
[291.524s] -- Installing: /home/olive/workspace2/install/apriltag_msgs/lib/python3.9/site-packages/apriltag_msgs-2.0.1-py3.9.egg-info/SOURCES.txt
[291.527s] -- Installing: /home/olive/workspace2/install/apriltag_msgs/lib/python3.9/site-packages/apriltag_msgs-2.0.1-py3.9.egg-info/dependency_links.txt
[291.530s] -- Installing: /home/olive/workspace2/install/apriltag_msgs/lib/python3.9/site-packages/apriltag_msgs-2.0.1-py3.9.egg-info/top_level.txt
[291.533s] -- Installing: /home/olive/workspace2/install/apriltag_msgs/lib/python3.9/site-packages/apriltag_msgs-2.0.1-py3.9.egg-info/PKG-INFO
[291.535s] -- Up-to-date: /home/olive/workspace2/install/apriltag_msgs/lib/python3.9/site-packages/apriltag_msgs
[291.538s] -- Installing: /home/olive/workspace2/install/apriltag_msgs/lib/python3.9/site-packages/apriltag_msgs/libapriltag_msgs__rosidl_generator_py.so
[291.541s] -- Installing: /home/olive/workspace2/install/apriltag_msgs/lib/python3.9/site-packages/apriltag_msgs/apriltag_msgs_s__rosidl_typesupport_fastrtps_c.cpython-39-arm-linux-gnueabihf.so
[291.543s] -- Installing: /home/olive/workspace2/install/apriltag_msgs/lib/python3.9/site-packages/apriltag_msgs/apriltag_msgs_s__rosidl_typesupport_c.cpython-39-arm-linux-gnueabihf.so
[291.546s] -- Installing: /home/olive/workspace2/install/apriltag_msgs/lib/python3.9/site-packages/apriltag_msgs/_apriltag_msgs_s.ep.rosidl_typesupport_c.c
[291.548s] -- Installing: /home/olive/workspace2/install/apriltag_msgs/lib/python3.9/site-packages/apriltag_msgs/_apriltag_msgs_s.ep.rosidl_typesupport_introspection_c.c
[291.550s] -- Installing: /home/olive/workspace2/install/apriltag_msgs/lib/python3.9/site-packages/apriltag_msgs/apriltag_msgs_s__rosidl_typesupport_introspection_c.cpython-39-arm-linux-gnueabihf.so
[291.552s] -- Up-to-date: /home/olive/workspace2/install/apriltag_msgs/lib/python3.9/site-packages/apriltag_msgs/msg
[291.554s] -- Installing: /home/olive/workspace2/install/apriltag_msgs/lib/python3.9/site-packages/apriltag_msgs/msg/_point_s.c
[291.556s] -- Installing: /home/olive/workspace2/install/apriltag_msgs/lib/python3.9/site-packages/apriltag_msgs/msg/_april_tag_detection_array.py
[291.558s] -- Installing: /home/olive/workspace2/install/apriltag_msgs/lib/python3.9/site-packages/apriltag_msgs/msg/_april_tag_detection.py
[291.560s] -- Installing: /home/olive/workspace2/install/apriltag_msgs/lib/python3.9/site-packages/apriltag_msgs/msg/_april_tag_detection_array_s.c
[291.562s] -- Installing: /home/olive/workspace2/install/apriltag_msgs/lib/python3.9/site-packages/apriltag_msgs/msg/_april_tag_detection_s.c
[291.568s] -- Installing: /home/olive/workspace2/install/apriltag_msgs/lib/python3.9/site-packages/apriltag_msgs/msg/__init__.py
[291.570s] -- Installing: /home/olive/workspace2/install/apriltag_msgs/lib/python3.9/site-packages/apriltag_msgs/msg/_point.py
[291.572s] -- Installing: /home/olive/workspace2/install/apriltag_msgs/lib/python3.9/site-packages/apriltag_msgs/_apriltag_msgs_s.ep.rosidl_typesupport_fastrtps_c.c
[291.574s] -- Installing: /home/olive/workspace2/install/apriltag_msgs/lib/python3.9/site-packages/apriltag_msgs/__init__.py
[294.613s] Listing '/home/olive/workspace2/install/apriltag_msgs/lib/python3.9/site-packages/apriltag_msgs'...
[294.615s] Compiling '/home/olive/workspace2/install/apriltag_msgs/lib/python3.9/site-packages/apriltag_msgs/__init__.py'...
[294.618s] Listing '/home/olive/workspace2/install/apriltag_msgs/lib/python3.9/site-packages/apriltag_msgs/msg'...
[294.621s] Compiling '/home/olive/workspace2/install/apriltag_msgs/lib/python3.9/site-packages/apriltag_msgs/msg/__init__.py'...
[294.624s] Compiling '/home/olive/workspace2/install/apriltag_msgs/lib/python3.9/site-packages/apriltag_msgs/msg/_april_tag_detection.py'...
[294.626s] Compiling '/home/olive/workspace2/install/apriltag_msgs/lib/python3.9/site-packages/apriltag_msgs/msg/_april_tag_detection_array.py'...
[294.629s] Compiling '/home/olive/workspace2/install/apriltag_msgs/lib/python3.9/site-packages/apriltag_msgs/msg/_point.py'...
[294.703s] -- Installing: /home/olive/workspace2/install/apriltag_msgs/lib/python3.9/site-packages/apriltag_msgs/apriltag_msgs_s__rosidl_typesupport_introspection_c.cpython-39-arm-linux-gnueabihf.so
[294.733s] -- Set runtime path of "/home/olive/workspace2/install/apriltag_msgs/lib/python3.9/site-packages/apriltag_msgs/apriltag_msgs_s__rosidl_typesupport_introspection_c.cpython-39-arm-linux-gnueabihf.so" to ""
[294.739s] -- Installing: /home/olive/workspace2/install/apriltag_msgs/lib/python3.9/site-packages/apriltag_msgs/apriltag_msgs_s__rosidl_typesupport_fastrtps_c.cpython-39-arm-linux-gnueabihf.so
[294.749s] -- Set runtime path of "/home/olive/workspace2/install/apriltag_msgs/lib/python3.9/site-packages/apriltag_msgs/apriltag_msgs_s__rosidl_typesupport_fastrtps_c.cpython-39-arm-linux-gnueabihf.so" to ""
[294.756s] -- Installing: /home/olive/workspace2/install/apriltag_msgs/lib/python3.9/site-packages/apriltag_msgs/apriltag_msgs_s__rosidl_typesupport_c.cpython-39-arm-linux-gnueabihf.so
[294.764s] -- Set runtime path of "/home/olive/workspace2/install/apriltag_msgs/lib/python3.9/site-packages/apriltag_msgs/apriltag_msgs_s__rosidl_typesupport_c.cpython-39-arm-linux-gnueabihf.so" to ""
[294.768s] -- Installing: /home/olive/workspace2/install/apriltag_msgs/lib/libapriltag_msgs__rosidl_generator_py.so
[294.776s] -- Set runtime path of "/home/olive/workspace2/install/apriltag_msgs/lib/libapriltag_msgs__rosidl_generator_py.so" to ""
[294.780s] -- Up-to-date: /home/olive/workspace2/install/apriltag_msgs/share/apriltag_msgs/msg/Point.idl
[294.783s] -- Up-to-date: /home/olive/workspace2/install/apriltag_msgs/share/apriltag_msgs/msg/AprilTagDetection.idl
[294.785s] -- Up-to-date: /home/olive/workspace2/install/apriltag_msgs/share/apriltag_msgs/msg/AprilTagDetectionArray.idl
[294.789s] -- Up-to-date: /home/olive/workspace2/install/apriltag_msgs/share/apriltag_msgs/msg/Point.msg
[294.791s] -- Up-to-date: /home/olive/workspace2/install/apriltag_msgs/share/apriltag_msgs/msg/AprilTagDetection.msg
[294.794s] -- Up-to-date: /home/olive/workspace2/install/apriltag_msgs/share/apriltag_msgs/msg/AprilTagDetectionArray.msg
[294.796s] -- Up-to-date: /home/olive/workspace2/install/apriltag_msgs/share/ament_index/resource_index/package_run_dependencies/apriltag_msgs
[294.803s] -- Up-to-date: /home/olive/workspace2/install/apriltag_msgs/share/ament_index/resource_index/parent_prefix_path/apriltag_msgs
[294.806s] -- Installing: /home/olive/workspace2/install/apriltag_msgs/share/apriltag_msgs/environment/ament_prefix_path.dsv
[294.809s] -- Installing: /home/olive/workspace2/install/apriltag_msgs/share/apriltag_msgs/environment/path.dsv
[294.812s] -- Up-to-date: /home/olive/workspace2/install/apriltag_msgs/share/apriltag_msgs/local_setup.bash
[294.815s] -- Up-to-date: /home/olive/workspace2/install/apriltag_msgs/share/apriltag_msgs/local_setup.sh
[294.817s] -- Up-to-date: /home/olive/workspace2/install/apriltag_msgs/share/apriltag_msgs/local_setup.zsh
[294.820s] -- Installing: /home/olive/workspace2/install/apriltag_msgs/share/apriltag_msgs/local_setup.dsv
[294.822s] -- Installing: /home/olive/workspace2/install/apriltag_msgs/share/apriltag_msgs/package.dsv
[294.825s] -- Up-to-date: /home/olive/workspace2/install/apriltag_msgs/share/ament_index/resource_index/packages/apriltag_msgs
[294.827s] -- Up-to-date: /home/olive/workspace2/install/apriltag_msgs/share/apriltag_msgs/cmake/export_apriltag_msgs__rosidl_generator_cExport.cmake
[294.830s] -- Installing: /home/olive/workspace2/install/apriltag_msgs/share/apriltag_msgs/cmake/export_apriltag_msgs__rosidl_generator_cExport-noconfig.cmake
[294.833s] -- Up-to-date: /home/olive/workspace2/install/apriltag_msgs/share/apriltag_msgs/cmake/apriltag_msgs__rosidl_typesupport_introspection_cExport.cmake
[294.835s] -- Installing: /home/olive/workspace2/install/apriltag_msgs/share/apriltag_msgs/cmake/apriltag_msgs__rosidl_typesupport_introspection_cExport-noconfig.cmake
[294.841s] -- Up-to-date: /home/olive/workspace2/install/apriltag_msgs/share/apriltag_msgs/cmake/export_apriltag_msgs__rosidl_typesupport_fastrtps_cExport.cmake
[294.843s] -- Installing: /home/olive/workspace2/install/apriltag_msgs/share/apriltag_msgs/cmake/export_apriltag_msgs__rosidl_typesupport_fastrtps_cExport-noconfig.cmake
[294.849s] -- Up-to-date: /home/olive/workspace2/install/apriltag_msgs/share/apriltag_msgs/cmake/apriltag_msgs__rosidl_typesupport_cExport.cmake
[294.851s] -- Installing: /home/olive/workspace2/install/apriltag_msgs/share/apriltag_msgs/cmake/apriltag_msgs__rosidl_typesupport_cExport-noconfig.cmake
[294.856s] -- Up-to-date: /home/olive/workspace2/install/apriltag_msgs/share/apriltag_msgs/cmake/export_apriltag_msgs__rosidl_generator_cppExport.cmake
[294.861s] -- Up-to-date: /home/olive/workspace2/install/apriltag_msgs/share/apriltag_msgs/cmake/apriltag_msgs__rosidl_typesupport_introspection_cppExport.cmake
[294.863s] -- Installing: /home/olive/workspace2/install/apriltag_msgs/share/apriltag_msgs/cmake/apriltag_msgs__rosidl_typesupport_introspection_cppExport-noconfig.cmake
[294.868s] -- Up-to-date: /home/olive/workspace2/install/apriltag_msgs/share/apriltag_msgs/cmake/export_apriltag_msgs__rosidl_typesupport_fastrtps_cppExport.cmake
[294.870s] -- Installing: /home/olive/workspace2/install/apriltag_msgs/share/apriltag_msgs/cmake/export_apriltag_msgs__rosidl_typesupport_fastrtps_cppExport-noconfig.cmake
[294.876s] -- Up-to-date: /home/olive/workspace2/install/apriltag_msgs/share/apriltag_msgs/cmake/apriltag_msgs__rosidl_typesupport_cppExport.cmake
[294.879s] -- Installing: /home/olive/workspace2/install/apriltag_msgs/share/apriltag_msgs/cmake/apriltag_msgs__rosidl_typesupport_cppExport-noconfig.cmake
[294.883s] -- Up-to-date: /home/olive/workspace2/install/apriltag_msgs/share/apriltag_msgs/cmake/export_apriltag_msgs__rosidl_generator_pyExport.cmake
[294.886s] -- Installing: /home/olive/workspace2/install/apriltag_msgs/share/apriltag_msgs/cmake/export_apriltag_msgs__rosidl_generator_pyExport-noconfig.cmake
[294.890s] -- Up-to-date: /home/olive/workspace2/install/apriltag_msgs/share/apriltag_msgs/cmake/rosidl_cmake-extras.cmake
[294.894s] -- Up-to-date: /home/olive/workspace2/install/apriltag_msgs/share/apriltag_msgs/cmake/ament_cmake_export_dependencies-extras.cmake
[294.897s] -- Up-to-date: /home/olive/workspace2/install/apriltag_msgs/share/apriltag_msgs/cmake/ament_cmake_export_include_directories-extras.cmake
[294.900s] -- Up-to-date: /home/olive/workspace2/install/apriltag_msgs/share/apriltag_msgs/cmake/ament_cmake_export_libraries-extras.cmake
[294.902s] -- Up-to-date: /home/olive/workspace2/install/apriltag_msgs/share/apriltag_msgs/cmake/ament_cmake_export_targets-extras.cmake
[294.909s] -- Up-to-date: /home/olive/workspace2/install/apriltag_msgs/share/apriltag_msgs/cmake/rosidl_cmake_export_typesupport_targets-extras.cmake
[294.912s] -- Up-to-date: /home/olive/workspace2/install/apriltag_msgs/share/apriltag_msgs/cmake/rosidl_cmake_export_typesupport_libraries-extras.cmake
[294.914s] -- Up-to-date: /home/olive/workspace2/install/apriltag_msgs/share/apriltag_msgs/cmake/apriltag_msgsConfig.cmake
[294.916s] -- Up-to-date: /home/olive/workspace2/install/apriltag_msgs/share/apriltag_msgs/cmake/apriltag_msgsConfig-version.cmake
[294.921s] -- Up-to-date: /home/olive/workspace2/install/apriltag_msgs/share/apriltag_msgs/package.xml
[294.941s] Invoked command in '/home/olive/workspace2/build/apriltag_msgs' returned '0': CMAKE_PREFIX_PATH=${CMAKE_PREFIX_PATH}:/home/olive/examples/install/shake_detector:/opt/ros2/humble/install/rqt_bag_plugins:/opt/ros2/humble/install/rqt_bag:/opt/ros2/humble/install/ros2bag:/opt/ros2/humble/install/tracetools_test:/opt/ros2/humble/install/tracetools_launch:/opt/ros2/humble/install/topic_monitor:/opt/ros2/humble/install/tf2_tools:/opt/ros2/humble/install/examples_tf2_py:/opt/ros2/humble/install/tf2_ros_py:/opt/ros2/humble/install/sros2:/opt/ros2/humble/install/rqt_topic:/opt/ros2/humble/install/rqt_srv:/opt/ros2/humble/install/rqt_shell:/opt/ros2/humble/install/rqt_service_caller:/opt/ros2/humble/install/rqt_reconfigure:/opt/ros2/humble/install/rqt_py_console:/opt/ros2/humble/install/rqt_publisher:/opt/ros2/humble/install/rqt_plot:/opt/ros2/humble/install/rqt_action:/opt/ros2/humble/install/rqt_msg:/opt/ros2/humble/install/rqt_console:/opt/ros2/humble/install/rqt:/opt/ros2/humble/install/rqt_graph:/opt/ros2/humble/install/rqt_gui_py:/opt/ros2/humble/install/rqt_gui:/opt/ros2/humble/install/ros2trace:/opt/ros2/humble/install/ros2topic:/opt/ros2/humble/install/ros2test:/opt/ros2/humble/install/ros2component:/opt/ros2/humble/install/ros2param:/opt/ros2/humble/install/ros2lifecycle:/opt/ros2/humble/install/ros2service:/opt/ros2/humble/install/ros2run:/opt/ros2/humble/install/ros2launch:/opt/ros2/humble/install/ros2pkg:/opt/ros2/humble/install/ros2node:/opt/ros2/humble/install/ros2multicast:/opt/ros2/humble/install/ros2interface:/opt/ros2/humble/install/ros2doctor:/opt/ros2/humble/install/ros2action:/opt/ros2/humble/install/ros2cli:/opt/ros2/humble/install/quality_of_service_demo_py:/opt/ros2/humble/install/lifecycle_py:/opt/ros2/humble/install/launch_testing_ros:/opt/ros2/humble/install/launch_ros:/opt/ros2/humble/install/examples_rclpy_pointcloud_publisher:/opt/ros2/humble/install/examples_rclpy_minimal_subscriber:/opt/ros2/humble/install/examples_rclpy_minimal_service:/opt/ros2/humble/install/examples_rclpy_minimal_publisher:/opt/ros2/humble/install/examples_rclpy_minimal_client:/opt/ros2/humble/install/examples_rclpy_minimal_action_server:/opt/ros2/humble/install/examples_rclpy_minimal_action_client:/opt/ros2/humble/install/examples_rclpy_guard_conditions:/opt/ros2/humble/install/examples_rclpy_executors:/opt/ros2/humble/install/demo_nodes_py:/opt/ros2/humble/install/action_tutorials_py:/opt/ros2/humble/install/ament_uncrustify:/opt/ros2/humble/install/tracetools_trace:/opt/ros2/humble/install/tracetools_read:/opt/ros2/humble/install/test_tracetools_launch:/opt/ros2/humble/install/test_launch_ros:/opt/ros2/humble/install/sensor_msgs_py:/opt/ros2/humble/install/rpyutils:/opt/ros2/humble/install/rosidl_runtime_py:/opt/ros2/humble/install/rosidl_cli:/opt/ros2/humble/install/launch_pytest:/opt/ros2/humble/install/launch_testing:/opt/ros2/humble/install/launch_yaml:/opt/ros2/humble/install/launch_xml:/opt/ros2/humble/install/launch:/opt/ros2/humble/install/osrf_pycommon:/opt/ros2/humble/install/launch_testing_examples:/opt/ros2/humble/install/domain_coordinator:/opt/ros2/humble/install/ament_xmllint:/opt/ros2/humble/install/ament_pyflakes:/opt/ros2/humble/install/ament_pycodestyle:/opt/ros2/humble/install/ament_pep257:/opt/ros2/humble/install/ament_pclint:/opt/ros2/humble/install/ament_package:/opt/ros2/humble/install/ament_mypy:/opt/ros2/humble/install/ament_lint_cmake:/opt/ros2/humble/install/ament_flake8:/opt/ros2/humble/install/ament_copyright:/opt/ros2/humble/install/ament_lint:/opt/ros2/humble/install/ament_index_python:/opt/ros2/humble/install/ament_cpplint:/opt/ros2/humble/install/ament_cppcheck:/opt/ros2/humble/install/ament_clang_tidy:/opt/ros2/humble/install/ament_clang_format /usr/bin/cmake --install /home/olive/workspace2/build/apriltag_msgs
