[11.313s] DEBUG:colcon:Command line arguments: ['/usr/bin/colcon', 'build']
[11.315s] DEBUG:colcon:Parsed command line arguments: Namespace(log_base=None, log_level=None, verb_name='build', build_base='build', install_base='install', merge_install=False, symlink_install=False, test_result_base=None, continue_on_error=False, executor='parallel', parallel_workers=2, event_handlers=None, ignore_user_meta=False, metas=['./colcon.meta'], base_paths=['.'], packages_ignore=None, packages_ignore_regex=None, paths=None, packages_up_to=None, packages_up_to_regex=None, packages_above=None, packages_above_and_dependencies=None, packages_above_depth=None, packages_select_by_dep=None, packages_skip_by_dep=None, packages_skip_up_to=None, packages_select_build_failed=False, packages_skip_build_finished=False, packages_select_test_failures=False, packages_skip_test_passed=False, packages_select=None, packages_skip=None, packages_select_regex=None, packages_skip_regex=None, packages_start=None, packages_end=None, cmake_args=None, cmake_target=None, cmake_target_skip_unavailable=False, cmake_clean_cache=False, cmake_clean_first=False, cmake_force_configure=False, ament_cmake_args=None, catkin_cmake_args=None, catkin_skip_building_tests=False, verb_parser=<colcon_defaults.argument_parser.defaults.DefaultArgumentsDecorator object at 0xb6069040>, verb_extension=<colcon_core.verb.build.BuildVerb object at 0xb6055c58>, main=<bound method BuildVerb.main of <colcon_core.verb.build.BuildVerb object at 0xb6055c58>>)
[11.580s] Level 1:colcon.colcon_core.package_discovery:discover_packages(colcon_meta) check parameters
[11.582s] Level 1:colcon.colcon_core.package_discovery:discover_packages(recursive) check parameters
[11.582s] Level 1:colcon.colcon_core.package_discovery:discover_packages(ignore) check parameters
[11.583s] Level 1:colcon.colcon_core.package_discovery:discover_packages(path) check parameters
[11.584s] Level 1:colcon.colcon_core.package_discovery:discover_packages(colcon_meta) discover
[11.585s] Level 1:colcon.colcon_core.package_discovery:discover_packages(recursive) discover
[11.585s] INFO:colcon.colcon_core.package_discovery:Crawling recursively for packages in '/home/olive/workspace/apriltag_detector'
[11.587s] Level 1:colcon.colcon_core.package_identification:_identify(.) by extensions ['ignore', 'ignore_ament_install']
[11.589s] Level 1:colcon.colcon_core.package_identification:_identify(.) by extension 'ignore'
[11.590s] Level 1:colcon.colcon_core.package_identification:_identify(.) by extension 'ignore_ament_install'
[11.592s] Level 1:colcon.colcon_core.package_identification:_identify(.) by extensions ['colcon_pkg']
[11.592s] Level 1:colcon.colcon_core.package_identification:_identify(.) by extension 'colcon_pkg'
[11.593s] Level 1:colcon.colcon_core.package_identification:_identify(.) by extensions ['colcon_meta']
[11.594s] Level 1:colcon.colcon_core.package_identification:_identify(.) by extension 'colcon_meta'
[11.595s] Level 1:colcon.colcon_core.package_identification:_identify(.) by extensions ['ros']
[11.596s] Level 1:colcon.colcon_core.package_identification:_identify(.) by extension 'ros'
[12.138s] DEBUG:colcon.colcon_core.package_identification:Package '.' with type 'ros.ament_cmake' and name 'apriltag_detector'
[12.139s] Level 1:colcon.colcon_core.package_discovery:discover_packages(recursive) using defaults
[12.140s] Level 1:colcon.colcon_core.package_discovery:discover_packages(ignore) discover
[12.141s] Level 1:colcon.colcon_core.package_discovery:discover_packages(ignore) using defaults
[12.141s] Level 1:colcon.colcon_core.package_discovery:discover_packages(path) discover
[12.142s] Level 1:colcon.colcon_core.package_discovery:discover_packages(path) using defaults
[13.058s] Level 5:colcon.colcon_core.verb:set package 'apriltag_detector' build argument 'cmake_args' from command line to 'None'
[13.059s] Level 5:colcon.colcon_core.verb:set package 'apriltag_detector' build argument 'cmake_target' from command line to 'None'
[13.060s] Level 5:colcon.colcon_core.verb:set package 'apriltag_detector' build argument 'cmake_target_skip_unavailable' from command line to 'False'
[13.061s] Level 5:colcon.colcon_core.verb:set package 'apriltag_detector' build argument 'cmake_clean_cache' from command line to 'False'
[13.062s] Level 5:colcon.colcon_core.verb:set package 'apriltag_detector' build argument 'cmake_clean_first' from command line to 'False'
[13.062s] Level 5:colcon.colcon_core.verb:set package 'apriltag_detector' build argument 'cmake_force_configure' from command line to 'False'
[13.063s] Level 5:colcon.colcon_core.verb:set package 'apriltag_detector' build argument 'ament_cmake_args' from command line to 'None'
[13.064s] Level 5:colcon.colcon_core.verb:set package 'apriltag_detector' build argument 'catkin_cmake_args' from command line to 'None'
[13.064s] Level 5:colcon.colcon_core.verb:set package 'apriltag_detector' build argument 'catkin_skip_building_tests' from command line to 'False'
[13.065s] DEBUG:colcon.colcon_core.verb:Building package 'apriltag_detector' with the following arguments: {'ament_cmake_args': None, 'build_base': '/home/olive/workspace/apriltag_detector/build/apriltag_detector', 'catkin_cmake_args': None, 'catkin_skip_building_tests': False, 'cmake_args': None, 'cmake_clean_cache': False, 'cmake_clean_first': False, 'cmake_force_configure': False, 'cmake_target': None, 'cmake_target_skip_unavailable': False, 'install_base': '/home/olive/workspace/apriltag_detector/install/apriltag_detector', 'merge_install': False, 'path': '/home/olive/workspace/apriltag_detector', 'symlink_install': False, 'test_result_base': None}
[13.075s] INFO:colcon.colcon_core.executor:Executing jobs using 'parallel' executor
[13.136s] DEBUG:colcon.colcon_parallel_executor.executor.parallel:run_until_complete
[13.140s] INFO:colcon.colcon_ros.task.ament_cmake.build:Building ROS package in '/home/olive/workspace/apriltag_detector' with build type 'ament_cmake'
[13.142s] INFO:colcon.colcon_cmake.task.cmake.build:Building CMake package in '/home/olive/workspace/apriltag_detector'
[13.288s] INFO:colcon.colcon_core.plugin_system:Skipping extension 'colcon_core.shell.bat': Not used on non-Windows systems
[13.291s] INFO:colcon.colcon_core.shell:Skip shell extension 'powershell' for command environment: Not usable outside of PowerShell
[13.292s] DEBUG:colcon.colcon_core.shell:Skip shell extension 'dsv' for command environment
[13.372s] WARNING:colcon.colcon_core.prefix_path.colcon:The path '/home/olive/examples/install' in the environment variable COLCON_PREFIX_PATH doesn't exist
[13.375s] WARNING:colcon.colcon_ros.prefix_path.ament:The path '/opt/olive/packages/install/position_control' in the environment variable AMENT_PREFIX_PATH doesn't exist
[13.376s] WARNING:colcon.colcon_ros.prefix_path.ament:The path '/home/olive/examples/install/shake_detector' in the environment variable AMENT_PREFIX_PATH doesn't exist
[13.379s] WARNING:colcon.colcon_ros.prefix_path.ament:The path '/opt/ros2/humble/install/rqt_bag_plugins' in the environment variable AMENT_PREFIX_PATH doesn't exist
[13.383s] WARNING:colcon.colcon_ros.prefix_path.ament:The path '/opt/ros2/humble/install/rviz_visual_testing_framework' in the environment variable AMENT_PREFIX_PATH doesn't exist
[13.385s] WARNING:colcon.colcon_ros.prefix_path.ament:The path '/opt/ros2/humble/install/rviz2' in the environment variable AMENT_PREFIX_PATH doesn't exist
[13.386s] WARNING:colcon.colcon_ros.prefix_path.ament:The path '/opt/ros2/humble/install/rviz_default_plugins' in the environment variable AMENT_PREFIX_PATH doesn't exist
[13.388s] WARNING:colcon.colcon_ros.prefix_path.ament:The path '/opt/ros2/humble/install/rviz_common' in the environment variable AMENT_PREFIX_PATH doesn't exist
[13.389s] WARNING:colcon.colcon_ros.prefix_path.ament:The path '/opt/ros2/humble/install/rqt_bag' in the environment variable AMENT_PREFIX_PATH doesn't exist
[13.410s] WARNING:colcon.colcon_ros.prefix_path.ament:The path '/opt/ros2/humble/install/test_tf2' in the environment variable AMENT_PREFIX_PATH doesn't exist
[13.414s] WARNING:colcon.colcon_ros.prefix_path.ament:The path '/opt/ros2/humble/install/examples_tf2_py' in the environment variable AMENT_PREFIX_PATH doesn't exist
[13.420s] WARNING:colcon.colcon_ros.prefix_path.ament:The path '/opt/ros2/humble/install/test_msgs' in the environment variable AMENT_PREFIX_PATH doesn't exist
[13.424s] WARNING:colcon.colcon_ros.prefix_path.ament:The path '/opt/ros2/humble/install/rqt_topic' in the environment variable AMENT_PREFIX_PATH doesn't exist
[13.426s] WARNING:colcon.colcon_ros.prefix_path.ament:The path '/opt/ros2/humble/install/rqt_srv' in the environment variable AMENT_PREFIX_PATH doesn't exist
[13.427s] WARNING:colcon.colcon_ros.prefix_path.ament:The path '/opt/ros2/humble/install/rqt_shell' in the environment variable AMENT_PREFIX_PATH doesn't exist
[13.429s] WARNING:colcon.colcon_ros.prefix_path.ament:The path '/opt/ros2/humble/install/rqt_service_caller' in the environment variable AMENT_PREFIX_PATH doesn't exist
[13.431s] WARNING:colcon.colcon_ros.prefix_path.ament:The path '/opt/ros2/humble/install/rqt_reconfigure' in the environment variable AMENT_PREFIX_PATH doesn't exist
[13.432s] WARNING:colcon.colcon_ros.prefix_path.ament:The path '/opt/ros2/humble/install/rqt_py_console' in the environment variable AMENT_PREFIX_PATH doesn't exist
[13.433s] WARNING:colcon.colcon_ros.prefix_path.ament:The path '/opt/ros2/humble/install/rqt_publisher' in the environment variable AMENT_PREFIX_PATH doesn't exist
[13.435s] WARNING:colcon.colcon_ros.prefix_path.ament:The path '/opt/ros2/humble/install/rqt_plot' in the environment variable AMENT_PREFIX_PATH doesn't exist
[13.436s] WARNING:colcon.colcon_ros.prefix_path.ament:The path '/opt/ros2/humble/install/rqt_action' in the environment variable AMENT_PREFIX_PATH doesn't exist
[13.437s] WARNING:colcon.colcon_ros.prefix_path.ament:The path '/opt/ros2/humble/install/rqt_msg' in the environment variable AMENT_PREFIX_PATH doesn't exist
[13.439s] WARNING:colcon.colcon_ros.prefix_path.ament:The path '/opt/ros2/humble/install/rqt_console' in the environment variable AMENT_PREFIX_PATH doesn't exist
[13.441s] WARNING:colcon.colcon_ros.prefix_path.ament:The path '/opt/ros2/humble/install/rqt' in the environment variable AMENT_PREFIX_PATH doesn't exist
[13.442s] WARNING:colcon.colcon_ros.prefix_path.ament:The path '/opt/ros2/humble/install/rqt_py_common' in the environment variable AMENT_PREFIX_PATH doesn't exist
[13.443s] WARNING:colcon.colcon_ros.prefix_path.ament:The path '/opt/ros2/humble/install/rqt_graph' in the environment variable AMENT_PREFIX_PATH doesn't exist
[13.445s] WARNING:colcon.colcon_ros.prefix_path.ament:The path '/opt/ros2/humble/install/rqt_gui_py' in the environment variable AMENT_PREFIX_PATH doesn't exist
[13.446s] WARNING:colcon.colcon_ros.prefix_path.ament:The path '/opt/ros2/humble/install/rqt_gui' in the environment variable AMENT_PREFIX_PATH doesn't exist
[13.469s] WARNING:colcon.colcon_ros.prefix_path.ament:The path '/opt/ros2/humble/install/demo_nodes_cpp' in the environment variable AMENT_PREFIX_PATH doesn't exist
[13.473s] WARNING:colcon.colcon_ros.prefix_path.ament:The path '/opt/ros2/humble/install/examples_rclpy_pointcloud_publisher' in the environment variable AMENT_PREFIX_PATH doesn't exist
[13.475s] WARNING:colcon.colcon_ros.prefix_path.ament:The path '/opt/ros2/humble/install/examples_rclpy_minimal_subscriber' in the environment variable AMENT_PREFIX_PATH doesn't exist
[13.476s] WARNING:colcon.colcon_ros.prefix_path.ament:The path '/opt/ros2/humble/install/examples_rclpy_minimal_service' in the environment variable AMENT_PREFIX_PATH doesn't exist
[13.478s] WARNING:colcon.colcon_ros.prefix_path.ament:The path '/opt/ros2/humble/install/examples_rclpy_minimal_publisher' in the environment variable AMENT_PREFIX_PATH doesn't exist
[13.479s] WARNING:colcon.colcon_ros.prefix_path.ament:The path '/opt/ros2/humble/install/examples_rclpy_minimal_client' in the environment variable AMENT_PREFIX_PATH doesn't exist
[13.481s] WARNING:colcon.colcon_ros.prefix_path.ament:The path '/opt/ros2/humble/install/examples_rclpy_minimal_action_server' in the environment variable AMENT_PREFIX_PATH doesn't exist
[13.482s] WARNING:colcon.colcon_ros.prefix_path.ament:The path '/opt/ros2/humble/install/examples_rclpy_minimal_action_client' in the environment variable AMENT_PREFIX_PATH doesn't exist
[13.484s] WARNING:colcon.colcon_ros.prefix_path.ament:The path '/opt/ros2/humble/install/examples_rclpy_guard_conditions' in the environment variable AMENT_PREFIX_PATH doesn't exist
[13.485s] WARNING:colcon.colcon_ros.prefix_path.ament:The path '/opt/ros2/humble/install/examples_rclpy_executors' in the environment variable AMENT_PREFIX_PATH doesn't exist
[13.486s] WARNING:colcon.colcon_ros.prefix_path.ament:The path '/opt/ros2/humble/install/demo_nodes_py' in the environment variable AMENT_PREFIX_PATH doesn't exist
[13.490s] WARNING:colcon.colcon_ros.prefix_path.ament:The path '/opt/ros2/humble/install/examples_rclcpp_minimal_action_server' in the environment variable AMENT_PREFIX_PATH doesn't exist
[13.492s] WARNING:colcon.colcon_ros.prefix_path.ament:The path '/opt/ros2/humble/install/examples_rclcpp_minimal_action_client' in the environment variable AMENT_PREFIX_PATH doesn't exist
[13.496s] WARNING:colcon.colcon_ros.prefix_path.ament:The path '/opt/ros2/humble/install/examples_rclcpp_wait_set' in the environment variable AMENT_PREFIX_PATH doesn't exist
[13.497s] WARNING:colcon.colcon_ros.prefix_path.ament:The path '/opt/ros2/humble/install/examples_rclcpp_minimal_service' in the environment variable AMENT_PREFIX_PATH doesn't exist
[13.499s] WARNING:colcon.colcon_ros.prefix_path.ament:The path '/opt/ros2/humble/install/examples_rclcpp_minimal_client' in the environment variable AMENT_PREFIX_PATH doesn't exist
[13.501s] WARNING:colcon.colcon_ros.prefix_path.ament:The path '/opt/ros2/humble/install/examples_rclcpp_async_client' in the environment variable AMENT_PREFIX_PATH doesn't exist
[13.502s] WARNING:colcon.colcon_ros.prefix_path.ament:The path '/opt/ros2/humble/install/example_interfaces' in the environment variable AMENT_PREFIX_PATH doesn't exist
[13.514s] WARNING:colcon.colcon_ros.prefix_path.ament:The path '/opt/ros2/humble/install/test_tracetools' in the environment variable AMENT_PREFIX_PATH doesn't exist
[13.515s] WARNING:colcon.colcon_ros.prefix_path.ament:The path '/opt/ros2/humble/install/rqt_gui_cpp' in the environment variable AMENT_PREFIX_PATH doesn't exist
[13.524s] WARNING:colcon.colcon_ros.prefix_path.ament:The path '/opt/ros2/humble/install/examples_rclcpp_minimal_subscriber' in the environment variable AMENT_PREFIX_PATH doesn't exist
[13.526s] WARNING:colcon.colcon_ros.prefix_path.ament:The path '/opt/ros2/humble/install/examples_rclcpp_minimal_composition' in the environment variable AMENT_PREFIX_PATH doesn't exist
[13.536s] WARNING:colcon.colcon_ros.prefix_path.ament:The path '/opt/ros2/humble/install/demo_nodes_cpp_native' in the environment variable AMENT_PREFIX_PATH doesn't exist
[13.550s] WARNING:colcon.colcon_ros.prefix_path.ament:The path '/opt/ros2/humble/install/examples_rclcpp_multithreaded_executor' in the environment variable AMENT_PREFIX_PATH doesn't exist
[13.552s] WARNING:colcon.colcon_ros.prefix_path.ament:The path '/opt/ros2/humble/install/examples_rclcpp_minimal_timer' in the environment variable AMENT_PREFIX_PATH doesn't exist
[13.554s] WARNING:colcon.colcon_ros.prefix_path.ament:The path '/opt/ros2/humble/install/examples_rclcpp_minimal_publisher' in the environment variable AMENT_PREFIX_PATH doesn't exist
[13.556s] WARNING:colcon.colcon_ros.prefix_path.ament:The path '/opt/ros2/humble/install/examples_rclcpp_cbg_executor' in the environment variable AMENT_PREFIX_PATH doesn't exist
[13.580s] WARNING:colcon.colcon_ros.prefix_path.ament:The path '/opt/ros2/humble/install/qt_gui_core' in the environment variable AMENT_PREFIX_PATH doesn't exist
[13.583s] WARNING:colcon.colcon_ros.prefix_path.ament:The path '/opt/ros2/humble/install/qt_gui_cpp' in the environment variable AMENT_PREFIX_PATH doesn't exist
[13.587s] WARNING:colcon.colcon_ros.prefix_path.ament:The path '/opt/ros2/humble/install/test_tracetools_launch' in the environment variable AMENT_PREFIX_PATH doesn't exist
[13.616s] WARNING:colcon.colcon_ros.prefix_path.ament:The path '/opt/ros2/humble/install/test_security' in the environment variable AMENT_PREFIX_PATH doesn't exist
[13.619s] WARNING:colcon.colcon_ros.prefix_path.ament:The path '/opt/ros2/humble/install/test_rmw_implementation' in the environment variable AMENT_PREFIX_PATH doesn't exist
[13.620s] WARNING:colcon.colcon_ros.prefix_path.ament:The path '/opt/ros2/humble/install/test_rclcpp' in the environment variable AMENT_PREFIX_PATH doesn't exist
[13.622s] WARNING:colcon.colcon_ros.prefix_path.ament:The path '/opt/ros2/humble/install/test_quality_of_service' in the environment variable AMENT_PREFIX_PATH doesn't exist
[13.623s] WARNING:colcon.colcon_ros.prefix_path.ament:The path '/opt/ros2/humble/install/test_launch_testing' in the environment variable AMENT_PREFIX_PATH doesn't exist
[13.625s] WARNING:colcon.colcon_ros.prefix_path.ament:The path '/opt/ros2/humble/install/test_launch_ros' in the environment variable AMENT_PREFIX_PATH doesn't exist
[13.626s] WARNING:colcon.colcon_ros.prefix_path.ament:The path '/opt/ros2/humble/install/test_interface_files' in the environment variable AMENT_PREFIX_PATH doesn't exist
[13.628s] WARNING:colcon.colcon_ros.prefix_path.ament:The path '/opt/ros2/humble/install/test_communication' in the environment variable AMENT_PREFIX_PATH doesn't exist
[13.630s] WARNING:colcon.colcon_ros.prefix_path.ament:The path '/opt/ros2/humble/install/test_cli_remapping' in the environment variable AMENT_PREFIX_PATH doesn't exist
[13.631s] WARNING:colcon.colcon_ros.prefix_path.ament:The path '/opt/ros2/humble/install/test_cli' in the environment variable AMENT_PREFIX_PATH doesn't exist
[13.633s] WARNING:colcon.colcon_ros.prefix_path.ament:The path '/opt/ros2/humble/install/qt_gui_app' in the environment variable AMENT_PREFIX_PATH doesn't exist
[13.634s] WARNING:colcon.colcon_ros.prefix_path.ament:The path '/opt/ros2/humble/install/qt_gui' in the environment variable AMENT_PREFIX_PATH doesn't exist
[13.649s] WARNING:colcon.colcon_ros.prefix_path.ament:The path '/opt/ros2/humble/install/rviz_rendering_tests' in the environment variable AMENT_PREFIX_PATH doesn't exist
[13.651s] WARNING:colcon.colcon_ros.prefix_path.ament:The path '/opt/ros2/humble/install/rviz_rendering' in the environment variable AMENT_PREFIX_PATH doesn't exist
[13.653s] WARNING:colcon.colcon_ros.prefix_path.ament:The path '/opt/ros2/humble/install/rviz_ogre_vendor' in the environment variable AMENT_PREFIX_PATH doesn't exist
[13.654s] WARNING:colcon.colcon_ros.prefix_path.ament:The path '/opt/ros2/humble/install/rviz_assimp_vendor' in the environment variable AMENT_PREFIX_PATH doesn't exist
[13.690s] WARNING:colcon.colcon_ros.prefix_path.ament:The path '/opt/ros2/humble/install/qt_gui_py_common' in the environment variable AMENT_PREFIX_PATH doesn't exist
[13.692s] WARNING:colcon.colcon_ros.prefix_path.ament:The path '/opt/ros2/humble/install/qt_dotgraph' in the environment variable AMENT_PREFIX_PATH doesn't exist
[13.747s] WARNING:colcon.colcon_ros.prefix_path.catkin:The path '/opt/olive/packages/install/position_control' in the environment variable CMAKE_PREFIX_PATH doesn't exist
[13.750s] WARNING:colcon.colcon_ros.prefix_path.catkin:The path '/opt/ros2/humble/install/rviz_visual_testing_framework' in the environment variable CMAKE_PREFIX_PATH doesn't exist
[13.752s] WARNING:colcon.colcon_ros.prefix_path.catkin:The path '/opt/ros2/humble/install/rviz2' in the environment variable CMAKE_PREFIX_PATH doesn't exist
[13.753s] WARNING:colcon.colcon_ros.prefix_path.catkin:The path '/opt/ros2/humble/install/rviz_default_plugins' in the environment variable CMAKE_PREFIX_PATH doesn't exist
[13.755s] WARNING:colcon.colcon_ros.prefix_path.catkin:The path '/opt/ros2/humble/install/rviz_common' in the environment variable CMAKE_PREFIX_PATH doesn't exist
[13.760s] WARNING:colcon.colcon_ros.prefix_path.catkin:The path '/opt/ros2/humble/install/test_tf2' in the environment variable CMAKE_PREFIX_PATH doesn't exist
[13.763s] WARNING:colcon.colcon_ros.prefix_path.catkin:The path '/opt/ros2/humble/install/test_msgs' in the environment variable CMAKE_PREFIX_PATH doesn't exist
[13.765s] WARNING:colcon.colcon_ros.prefix_path.catkin:The path '/opt/ros2/humble/install/rqt_py_common' in the environment variable CMAKE_PREFIX_PATH doesn't exist
[13.767s] WARNING:colcon.colcon_ros.prefix_path.catkin:The path '/opt/ros2/humble/install/demo_nodes_cpp' in the environment variable CMAKE_PREFIX_PATH doesn't exist
[13.772s] WARNING:colcon.colcon_ros.prefix_path.catkin:The path '/opt/ros2/humble/install/examples_rclcpp_minimal_action_server' in the environment variable CMAKE_PREFIX_PATH doesn't exist
[13.774s] WARNING:colcon.colcon_ros.prefix_path.catkin:The path '/opt/ros2/humble/install/examples_rclcpp_minimal_action_client' in the environment variable CMAKE_PREFIX_PATH doesn't exist
[13.776s] WARNING:colcon.colcon_ros.prefix_path.catkin:The path '/opt/ros2/humble/install/examples_rclcpp_wait_set' in the environment variable CMAKE_PREFIX_PATH doesn't exist
[13.777s] WARNING:colcon.colcon_ros.prefix_path.catkin:The path '/opt/ros2/humble/install/examples_rclcpp_minimal_service' in the environment variable CMAKE_PREFIX_PATH doesn't exist
[13.779s] WARNING:colcon.colcon_ros.prefix_path.catkin:The path '/opt/ros2/humble/install/examples_rclcpp_minimal_client' in the environment variable CMAKE_PREFIX_PATH doesn't exist
[13.780s] WARNING:colcon.colcon_ros.prefix_path.catkin:The path '/opt/ros2/humble/install/examples_rclcpp_async_client' in the environment variable CMAKE_PREFIX_PATH doesn't exist
[13.782s] WARNING:colcon.colcon_ros.prefix_path.catkin:The path '/opt/ros2/humble/install/example_interfaces' in the environment variable CMAKE_PREFIX_PATH doesn't exist
[13.785s] WARNING:colcon.colcon_ros.prefix_path.catkin:The path '/opt/ros2/humble/install/test_tracetools' in the environment variable CMAKE_PREFIX_PATH doesn't exist
[13.786s] WARNING:colcon.colcon_ros.prefix_path.catkin:The path '/opt/ros2/humble/install/rqt_gui_cpp' in the environment variable CMAKE_PREFIX_PATH doesn't exist
[13.789s] WARNING:colcon.colcon_ros.prefix_path.catkin:The path '/opt/ros2/humble/install/examples_rclcpp_minimal_subscriber' in the environment variable CMAKE_PREFIX_PATH doesn't exist
[13.790s] WARNING:colcon.colcon_ros.prefix_path.catkin:The path '/opt/ros2/humble/install/examples_rclcpp_minimal_composition' in the environment variable CMAKE_PREFIX_PATH doesn't exist
[13.792s] WARNING:colcon.colcon_ros.prefix_path.catkin:The path '/opt/ros2/humble/install/demo_nodes_cpp_native' in the environment variable CMAKE_PREFIX_PATH doesn't exist
[13.794s] WARNING:colcon.colcon_ros.prefix_path.catkin:The path '/opt/ros2/humble/install/examples_rclcpp_multithreaded_executor' in the environment variable CMAKE_PREFIX_PATH doesn't exist
[13.795s] WARNING:colcon.colcon_ros.prefix_path.catkin:The path '/opt/ros2/humble/install/examples_rclcpp_minimal_timer' in the environment variable CMAKE_PREFIX_PATH doesn't exist
[13.797s] WARNING:colcon.colcon_ros.prefix_path.catkin:The path '/opt/ros2/humble/install/examples_rclcpp_minimal_publisher' in the environment variable CMAKE_PREFIX_PATH doesn't exist
[13.798s] WARNING:colcon.colcon_ros.prefix_path.catkin:The path '/opt/ros2/humble/install/examples_rclcpp_cbg_executor' in the environment variable CMAKE_PREFIX_PATH doesn't exist
[13.802s] WARNING:colcon.colcon_ros.prefix_path.catkin:The path '/opt/ros2/humble/install/qt_gui_core' in the environment variable CMAKE_PREFIX_PATH doesn't exist
[13.803s] WARNING:colcon.colcon_ros.prefix_path.catkin:The path '/opt/ros2/humble/install/qt_gui_cpp' in the environment variable CMAKE_PREFIX_PATH doesn't exist
[13.806s] WARNING:colcon.colcon_ros.prefix_path.catkin:The path '/opt/ros2/humble/install/test_security' in the environment variable CMAKE_PREFIX_PATH doesn't exist
[13.807s] WARNING:colcon.colcon_ros.prefix_path.catkin:The path '/opt/ros2/humble/install/test_rmw_implementation' in the environment variable CMAKE_PREFIX_PATH doesn't exist
[13.809s] WARNING:colcon.colcon_ros.prefix_path.catkin:The path '/opt/ros2/humble/install/test_rclcpp' in the environment variable CMAKE_PREFIX_PATH doesn't exist
[13.810s] WARNING:colcon.colcon_ros.prefix_path.catkin:The path '/opt/ros2/humble/install/test_quality_of_service' in the environment variable CMAKE_PREFIX_PATH doesn't exist
[13.812s] WARNING:colcon.colcon_ros.prefix_path.catkin:The path '/opt/ros2/humble/install/test_launch_testing' in the environment variable CMAKE_PREFIX_PATH doesn't exist
[13.813s] WARNING:colcon.colcon_ros.prefix_path.catkin:The path '/opt/ros2/humble/install/test_interface_files' in the environment variable CMAKE_PREFIX_PATH doesn't exist
[13.815s] WARNING:colcon.colcon_ros.prefix_path.catkin:The path '/opt/ros2/humble/install/test_communication' in the environment variable CMAKE_PREFIX_PATH doesn't exist
[13.816s] WARNING:colcon.colcon_ros.prefix_path.catkin:The path '/opt/ros2/humble/install/test_cli_remapping' in the environment variable CMAKE_PREFIX_PATH doesn't exist
[13.818s] WARNING:colcon.colcon_ros.prefix_path.catkin:The path '/opt/ros2/humble/install/test_cli' in the environment variable CMAKE_PREFIX_PATH doesn't exist
[13.819s] WARNING:colcon.colcon_ros.prefix_path.catkin:The path '/opt/ros2/humble/install/qt_gui_app' in the environment variable CMAKE_PREFIX_PATH doesn't exist
[13.821s] WARNING:colcon.colcon_ros.prefix_path.catkin:The path '/opt/ros2/humble/install/qt_gui' in the environment variable CMAKE_PREFIX_PATH doesn't exist
[13.824s] WARNING:colcon.colcon_ros.prefix_path.catkin:The path '/opt/ros2/humble/install/rviz_rendering_tests' in the environment variable CMAKE_PREFIX_PATH doesn't exist
[13.826s] WARNING:colcon.colcon_ros.prefix_path.catkin:The path '/opt/ros2/humble/install/rviz_rendering' in the environment variable CMAKE_PREFIX_PATH doesn't exist
[13.827s] WARNING:colcon.colcon_ros.prefix_path.catkin:The path '/opt/ros2/humble/install/rviz_ogre_vendor' in the environment variable CMAKE_PREFIX_PATH doesn't exist
[13.829s] WARNING:colcon.colcon_ros.prefix_path.catkin:The path '/opt/ros2/humble/install/rviz_assimp_vendor' in the environment variable CMAKE_PREFIX_PATH doesn't exist
[13.837s] WARNING:colcon.colcon_ros.prefix_path.catkin:The path '/opt/ros2/humble/install/qt_gui_py_common' in the environment variable CMAKE_PREFIX_PATH doesn't exist
[13.838s] WARNING:colcon.colcon_ros.prefix_path.catkin:The path '/opt/ros2/humble/install/qt_dotgraph' in the environment variable CMAKE_PREFIX_PATH doesn't exist
[14.287s] DEBUG:colcon.colcon_core.event_handler.log_command:Invoking command in '/home/olive/workspace/apriltag_detector/build/apriltag_detector': CMAKE_PREFIX_PATH=${CMAKE_PREFIX_PATH}:/home/olive/examples/install/shake_detector:/opt/ros2/humble/install/rqt_bag_plugins:/opt/ros2/humble/install/rqt_bag:/opt/ros2/humble/install/ros2bag:/opt/ros2/humble/install/tracetools_test:/opt/ros2/humble/install/tracetools_launch:/opt/ros2/humble/install/topic_monitor:/opt/ros2/humble/install/tf2_tools:/opt/ros2/humble/install/examples_tf2_py:/opt/ros2/humble/install/tf2_ros_py:/opt/ros2/humble/install/sros2:/opt/ros2/humble/install/rqt_topic:/opt/ros2/humble/install/rqt_srv:/opt/ros2/humble/install/rqt_shell:/opt/ros2/humble/install/rqt_service_caller:/opt/ros2/humble/install/rqt_reconfigure:/opt/ros2/humble/install/rqt_py_console:/opt/ros2/humble/install/rqt_publisher:/opt/ros2/humble/install/rqt_plot:/opt/ros2/humble/install/rqt_action:/opt/ros2/humble/install/rqt_msg:/opt/ros2/humble/install/rqt_console:/opt/ros2/humble/install/rqt:/opt/ros2/humble/install/rqt_graph:/opt/ros2/humble/install/rqt_gui_py:/opt/ros2/humble/install/rqt_gui:/opt/ros2/humble/install/ros2trace:/opt/ros2/humble/install/ros2topic:/opt/ros2/humble/install/ros2test:/opt/ros2/humble/install/ros2component:/opt/ros2/humble/install/ros2param:/opt/ros2/humble/install/ros2lifecycle:/opt/ros2/humble/install/ros2service:/opt/ros2/humble/install/ros2run:/opt/ros2/humble/install/ros2launch:/opt/ros2/humble/install/ros2pkg:/opt/ros2/humble/install/ros2node:/opt/ros2/humble/install/ros2multicast:/opt/ros2/humble/install/ros2interface:/opt/ros2/humble/install/ros2doctor:/opt/ros2/humble/install/ros2action:/opt/ros2/humble/install/ros2cli:/opt/ros2/humble/install/quality_of_service_demo_py:/opt/ros2/humble/install/lifecycle_py:/opt/ros2/humble/install/launch_testing_ros:/opt/ros2/humble/install/launch_ros:/opt/ros2/humble/install/examples_rclpy_pointcloud_publisher:/opt/ros2/humble/install/examples_rclpy_minimal_subscriber:/opt/ros2/humble/install/examples_rclpy_minimal_service:/opt/ros2/humble/install/examples_rclpy_minimal_publisher:/opt/ros2/humble/install/examples_rclpy_minimal_client:/opt/ros2/humble/install/examples_rclpy_minimal_action_server:/opt/ros2/humble/install/examples_rclpy_minimal_action_client:/opt/ros2/humble/install/examples_rclpy_guard_conditions:/opt/ros2/humble/install/examples_rclpy_executors:/opt/ros2/humble/install/demo_nodes_py:/opt/ros2/humble/install/action_tutorials_py:/opt/ros2/humble/install/ament_uncrustify:/opt/ros2/humble/install/tracetools_trace:/opt/ros2/humble/install/tracetools_read:/opt/ros2/humble/install/test_tracetools_launch:/opt/ros2/humble/install/test_launch_ros:/opt/ros2/humble/install/sensor_msgs_py:/opt/ros2/humble/install/rpyutils:/opt/ros2/humble/install/rosidl_runtime_py:/opt/ros2/humble/install/rosidl_cli:/opt/ros2/humble/install/launch_pytest:/opt/ros2/humble/install/launch_testing:/opt/ros2/humble/install/launch_yaml:/opt/ros2/humble/install/launch_xml:/opt/ros2/humble/install/launch:/opt/ros2/humble/install/osrf_pycommon:/opt/ros2/humble/install/launch_testing_examples:/opt/ros2/humble/install/domain_coordinator:/opt/ros2/humble/install/ament_xmllint:/opt/ros2/humble/install/ament_pyflakes:/opt/ros2/humble/install/ament_pycodestyle:/opt/ros2/humble/install/ament_pep257:/opt/ros2/humble/install/ament_pclint:/opt/ros2/humble/install/ament_package:/opt/ros2/humble/install/ament_mypy:/opt/ros2/humble/install/ament_lint_cmake:/opt/ros2/humble/install/ament_flake8:/opt/ros2/humble/install/ament_copyright:/opt/ros2/humble/install/ament_lint:/opt/ros2/humble/install/ament_index_python:/opt/ros2/humble/install/ament_cpplint:/opt/ros2/humble/install/ament_cppcheck:/opt/ros2/humble/install/ament_clang_tidy:/opt/ros2/humble/install/ament_clang_format /usr/bin/cmake /home/olive/workspace/apriltag_detector -DCMAKE_INSTALL_PREFIX=/home/olive/workspace/apriltag_detector/install/apriltag_detector
[23.051s] DEBUG:colcon.colcon_core.event_handler.log_command:Invoked command in '/home/olive/workspace/apriltag_detector/build/apriltag_detector' returned '1': CMAKE_PREFIX_PATH=${CMAKE_PREFIX_PATH}:/home/olive/examples/install/shake_detector:/opt/ros2/humble/install/rqt_bag_plugins:/opt/ros2/humble/install/rqt_bag:/opt/ros2/humble/install/ros2bag:/opt/ros2/humble/install/tracetools_test:/opt/ros2/humble/install/tracetools_launch:/opt/ros2/humble/install/topic_monitor:/opt/ros2/humble/install/tf2_tools:/opt/ros2/humble/install/examples_tf2_py:/opt/ros2/humble/install/tf2_ros_py:/opt/ros2/humble/install/sros2:/opt/ros2/humble/install/rqt_topic:/opt/ros2/humble/install/rqt_srv:/opt/ros2/humble/install/rqt_shell:/opt/ros2/humble/install/rqt_service_caller:/opt/ros2/humble/install/rqt_reconfigure:/opt/ros2/humble/install/rqt_py_console:/opt/ros2/humble/install/rqt_publisher:/opt/ros2/humble/install/rqt_plot:/opt/ros2/humble/install/rqt_action:/opt/ros2/humble/install/rqt_msg:/opt/ros2/humble/install/rqt_console:/opt/ros2/humble/install/rqt:/opt/ros2/humble/install/rqt_graph:/opt/ros2/humble/install/rqt_gui_py:/opt/ros2/humble/install/rqt_gui:/opt/ros2/humble/install/ros2trace:/opt/ros2/humble/install/ros2topic:/opt/ros2/humble/install/ros2test:/opt/ros2/humble/install/ros2component:/opt/ros2/humble/install/ros2param:/opt/ros2/humble/install/ros2lifecycle:/opt/ros2/humble/install/ros2service:/opt/ros2/humble/install/ros2run:/opt/ros2/humble/install/ros2launch:/opt/ros2/humble/install/ros2pkg:/opt/ros2/humble/install/ros2node:/opt/ros2/humble/install/ros2multicast:/opt/ros2/humble/install/ros2interface:/opt/ros2/humble/install/ros2doctor:/opt/ros2/humble/install/ros2action:/opt/ros2/humble/install/ros2cli:/opt/ros2/humble/install/quality_of_service_demo_py:/opt/ros2/humble/install/lifecycle_py:/opt/ros2/humble/install/launch_testing_ros:/opt/ros2/humble/install/launch_ros:/opt/ros2/humble/install/examples_rclpy_pointcloud_publisher:/opt/ros2/humble/install/examples_rclpy_minimal_subscriber:/opt/ros2/humble/install/examples_rclpy_minimal_service:/opt/ros2/humble/install/examples_rclpy_minimal_publisher:/opt/ros2/humble/install/examples_rclpy_minimal_client:/opt/ros2/humble/install/examples_rclpy_minimal_action_server:/opt/ros2/humble/install/examples_rclpy_minimal_action_client:/opt/ros2/humble/install/examples_rclpy_guard_conditions:/opt/ros2/humble/install/examples_rclpy_executors:/opt/ros2/humble/install/demo_nodes_py:/opt/ros2/humble/install/action_tutorials_py:/opt/ros2/humble/install/ament_uncrustify:/opt/ros2/humble/install/tracetools_trace:/opt/ros2/humble/install/tracetools_read:/opt/ros2/humble/install/test_tracetools_launch:/opt/ros2/humble/install/test_launch_ros:/opt/ros2/humble/install/sensor_msgs_py:/opt/ros2/humble/install/rpyutils:/opt/ros2/humble/install/rosidl_runtime_py:/opt/ros2/humble/install/rosidl_cli:/opt/ros2/humble/install/launch_pytest:/opt/ros2/humble/install/launch_testing:/opt/ros2/humble/install/launch_yaml:/opt/ros2/humble/install/launch_xml:/opt/ros2/humble/install/launch:/opt/ros2/humble/install/osrf_pycommon:/opt/ros2/humble/install/launch_testing_examples:/opt/ros2/humble/install/domain_coordinator:/opt/ros2/humble/install/ament_xmllint:/opt/ros2/humble/install/ament_pyflakes:/opt/ros2/humble/install/ament_pycodestyle:/opt/ros2/humble/install/ament_pep257:/opt/ros2/humble/install/ament_pclint:/opt/ros2/humble/install/ament_package:/opt/ros2/humble/install/ament_mypy:/opt/ros2/humble/install/ament_lint_cmake:/opt/ros2/humble/install/ament_flake8:/opt/ros2/humble/install/ament_copyright:/opt/ros2/humble/install/ament_lint:/opt/ros2/humble/install/ament_index_python:/opt/ros2/humble/install/ament_cpplint:/opt/ros2/humble/install/ament_cppcheck:/opt/ros2/humble/install/ament_clang_tidy:/opt/ros2/humble/install/ament_clang_format /usr/bin/cmake /home/olive/workspace/apriltag_detector -DCMAKE_INSTALL_PREFIX=/home/olive/workspace/apriltag_detector/install/apriltag_detector
[23.425s] Level 1:colcon.colcon_core.environment:create_environment_scripts_only(apriltag_detector)
[23.563s] Level 1:colcon.colcon_core.environment:checking '/home/olive/workspace/apriltag_detector/install/apriltag_detector' for CMake module files
[23.571s] Level 1:colcon.colcon_core.environment:checking '/home/olive/workspace/apriltag_detector/install/apriltag_detector' for CMake config files
[23.578s] Level 1:colcon.colcon_core.environment:checking '/home/olive/workspace/apriltag_detector/install/apriltag_detector/bin'
[23.579s] Level 1:colcon.colcon_core.environment:checking '/home/olive/workspace/apriltag_detector/install/apriltag_detector/lib/pkgconfig/apriltag_detector.pc'
[23.581s] Level 1:colcon.colcon_core.environment:checking '/home/olive/workspace/apriltag_detector/install/apriltag_detector/lib/python3.9/site-packages'
[23.601s] INFO:colcon.colcon_core.shell:Creating package script '/home/olive/workspace/apriltag_detector/install/apriltag_detector/share/apriltag_detector/package.ps1'
[23.616s] INFO:colcon.colcon_core.shell:Creating package descriptor '/home/olive/workspace/apriltag_detector/install/apriltag_detector/share/apriltag_detector/package.dsv'
[23.624s] INFO:colcon.colcon_core.shell:Creating package script '/home/olive/workspace/apriltag_detector/install/apriltag_detector/share/apriltag_detector/package.sh'
[23.637s] INFO:colcon.colcon_core.shell:Creating package script '/home/olive/workspace/apriltag_detector/install/apriltag_detector/share/apriltag_detector/package.bash'
[23.714s] INFO:colcon.colcon_core.shell:Creating package script '/home/olive/workspace/apriltag_detector/install/apriltag_detector/share/apriltag_detector/package.zsh'
[23.757s] Level 1:colcon.colcon_core.environment:create_file_with_runtime_dependencies(/home/olive/workspace/apriltag_detector/install/apriltag_detector/share/colcon-core/packages/apriltag_detector)
[23.774s] DEBUG:colcon.colcon_parallel_executor.executor.parallel:closing loop
[23.775s] DEBUG:colcon.colcon_parallel_executor.executor.parallel:loop closed
[23.777s] DEBUG:colcon.colcon_parallel_executor.executor.parallel:run_until_complete finished with '1'
[23.778s] DEBUG:colcon.colcon_core.event_reactor:joining thread
[24.024s] INFO:colcon.colcon_core.plugin_system:Skipping extension 'colcon_notification.desktop_notification.notify_send': Could not find 'notify-send'
[24.026s] INFO:colcon.colcon_core.plugin_system:Skipping extension 'colcon_notification.desktop_notification.terminal_notifier': Not used on non-Darwin systems
[24.027s] INFO:colcon.colcon_core.plugin_system:Skipping extension 'colcon_notification.desktop_notification.win32': Not used on non-Windows systems
[24.028s] INFO:colcon.colcon_notification.desktop_notification:Sending desktop notification using 'notify2'
[24.030s] DEBUG:colcon.colcon_notification.desktop_notification.notify2:Failed to initialize notify2: org.freedesktop.DBus.Error.NotSupported: Unable to autolaunch a dbus-daemon without a $DISPLAY for X11
[24.031s] DEBUG:colcon.colcon_core.event_reactor:joined thread
[24.049s] INFO:colcon.colcon_core.shell:Creating prefix script '/home/olive/workspace/apriltag_detector/install/local_setup.ps1'
[24.066s] INFO:colcon.colcon_core.shell:Creating prefix util module '/home/olive/workspace/apriltag_detector/install/_local_setup_util_ps1.py'
[24.090s] INFO:colcon.colcon_core.shell:Creating prefix chain script '/home/olive/workspace/apriltag_detector/install/setup.ps1'
[24.371s] INFO:colcon.colcon_core.shell:Creating prefix script '/home/olive/workspace/apriltag_detector/install/local_setup.sh'
[24.381s] INFO:colcon.colcon_core.shell:Creating prefix util module '/home/olive/workspace/apriltag_detector/install/_local_setup_util_sh.py'
[24.400s] INFO:colcon.colcon_core.shell:Creating prefix chain script '/home/olive/workspace/apriltag_detector/install/setup.sh'
[24.682s] INFO:colcon.colcon_core.shell:Creating prefix script '/home/olive/workspace/apriltag_detector/install/local_setup.bash'
[24.691s] INFO:colcon.colcon_core.shell:Creating prefix chain script '/home/olive/workspace/apriltag_detector/install/setup.bash'
[24.969s] INFO:colcon.colcon_core.shell:Creating prefix script '/home/olive/workspace/apriltag_detector/install/local_setup.zsh'
[24.977s] INFO:colcon.colcon_core.shell:Creating prefix chain script '/home/olive/workspace/apriltag_detector/install/setup.zsh'
